<?xml version="1.0" encoding="UTF-8"?>
<!-- Generated by org.testng.reporters.JUnitReportReporter -->
<testsuite hostname="MOT-32333-L" failures="0" tests="1" name="practiseTestNg.New_test1" time="0.004" errors="0" timestamp="2024-11-24T12:29:29 IST" skipped="0">
  <testcase classname="practiseTestNg.New_test1" name="f" time="0.004"/>
</testsuite> <!-- practiseTestNg.New_test1 -->
