<?xml version="1.0" encoding="UTF-8"?>
<!-- Generated by org.testng.reporters.JUnitReportReporter -->
<testsuite hostname="MOT-32333-L" failures="0" tests="1" name="taskParallelExecution.meesho" time="2.013" errors="0" timestamp="2024-12-01T13:05:00 IST" skipped="0">
  <testcase classname="taskParallelExecution.meesho" name="T" time="2.013"/>
</testsuite> <!-- taskParallelExecution.meesho -->
