<?xml version="1.0" encoding="UTF-8"?>
<!-- Generated by org.testng.reporters.JUnitReportReporter -->
<testsuite hostname="MOT-32333-L" failures="0" tests="3" name="selenium_practise3455.taskDemo" time="10.770" errors="0" timestamp="2024-12-01T11:49:33 IST" skipped="0">
  <testcase classname="selenium_practise3455.taskDemo" name="Search" time="0.859"/>
  <testcase classname="selenium_practise3455.taskDemo" name="clickOnFirstLink" time="7.527"/>
  <testcase classname="selenium_practise3455.taskDemo" name="GoToGoogle" time="2.384"/>
</testsuite> <!-- selenium_practise3455.taskDemo -->
