<?xml version="1.0" encoding="UTF-8"?>
<!-- Generated by org.testng.reporters.JUnitReportReporter -->
<testsuite hostname="MOT-32333-L" failures="0" tests="2" name="a_Nadeem.BuyOrder" time="188.123" errors="0" timestamp="2025-01-27T17:22:11 IST" skipped="0">
  <testcase classname="a_Nadeem.BuyOrder" name="Verify_user_login_and_clicks_on_RDD" time="25.176"/>
  <testcase classname="a_Nadeem.BuyOrder" name="VerifyUserPlaceBuyOrder" time="162.947">
    <system-out>
      <![CDATA[<h3>Buy Order</h3>
<table border='1' style='border-collapse: collapse; width: 75%; text-align: center;'>
<tr><th>Sr. No</th><th>Test Case</th><th>Status</th><th>Time Taken (ms)</th></tr>
<tr><td>1</td><td>Buy Order</td><td style='background-color: green;color: white; font-weight: bold;'>Pass</td><td>15410</td></tr>
<h3>Modify Buy Order</h3>
<table border='1' style='border-collapse: collapse; width: 75%; text-align: center;'>
<tr><th>Sr. No</th><th>Test Case</th><th>Status</th><th>Time Taken (ms)</th></tr>
<tr><td>1</td><td>Modify Buy Order</td><td style='background-color: green;color: white; font-weight: bold;'>Pass</td><td>0</td></tr>
<h3>Buy Order</h3>
<table border='1' style='border-collapse: collapse; width: 75%; text-align: center;'>
<tr><th>Sr. No</th><th>Test Case</th><th>Status</th><th>Time Taken (ms)</th></tr>
<tr><td>1</td><td>Cancel Buy Order</td><td style='background-color: green;color: white; font-weight: bold;'>Pass</td><td>0</td></tr>
<tr><td>2</td><td>Buy Order</td><td style='background-color: green;color: white; font-weight: bold;'>Pass</td><td>18898</td></tr>
<h3>Modify Buy Order</h3>
<table border='1' style='border-collapse: collapse; width: 75%; text-align: center;'>
<tr><th>Sr. No</th><th>Test Case</th><th>Status</th><th>Time Taken (ms)</th></tr>
<tr><td>2</td><td>Modify Buy Order</td><td style='background-color: green;color: white; font-weight: bold;'>Pass</td><td>0</td></tr>
<h3>Buy Order</h3>
<table border='1' style='border-collapse: collapse; width: 75%; text-align: center;'>
<tr><th>Sr. No</th><th>Test Case</th><th>Status</th><th>Time Taken (ms)</th></tr>
<tr><td>2</td><td>Cancel Buy Order</td><td style='background-color: green;color: white; font-weight: bold;'>Pass</td><td>0</td></tr>
<tr><td>3</td><td>Buy Order</td><td style='background-color: green;color: white; font-weight: bold;'>Pass</td><td>11907</td></tr>
<h3>Modify Buy Order</h3>
<table border='1' style='border-collapse: collapse; width: 75%; text-align: center;'>
<tr><th>Sr. No</th><th>Test Case</th><th>Status</th><th>Time Taken (ms)</th></tr>
<tr><td>3</td><td>Modify Buy Order</td><td style='background-color: green;color: white; font-weight: bold;'>Pass</td><td>0</td></tr>
<h3>Buy Order</h3>
<table border='1' style='border-collapse: collapse; width: 75%; text-align: center;'>
<tr><th>Sr. No</th><th>Test Case</th><th>Status</th><th>Time Taken (ms)</th></tr>
<tr><td>3</td><td>Cancel Buy Order</td><td style='background-color: green;color: white; font-weight: bold;'>Pass</td><td>0</td></tr>
<tr><td>4</td><td>Buy Order</td><td style='background-color: green;color: white; font-weight: bold;'>Pass</td><td>16054</td></tr>
<h3>Modify Buy Order</h3>
<table border='1' style='border-collapse: collapse; width: 75%; text-align: center;'>
<tr><th>Sr. No</th><th>Test Case</th><th>Status</th><th>Time Taken (ms)</th></tr>
<tr><td>4</td><td>Modify Buy Order</td><td style='background-color: green;color: white; font-weight: bold;'>Pass</td><td>0</td></tr>
<h3>Buy Order</h3>
<table border='1' style='border-collapse: collapse; width: 75%; text-align: center;'>
<tr><th>Sr. No</th><th>Test Case</th><th>Status</th><th>Time Taken (ms)</th></tr>
<tr><td>4</td><td>Cancel Buy Order</td><td style='background-color: green;color: white; font-weight: bold;'>Pass</td><td>1</td></tr>
<tr><td>5</td><td>Buy Order</td><td style='background-color: green;color: white; font-weight: bold;'>Pass</td><td>15463</td></tr>
<h3>Modify Buy Order</h3>
<table border='1' style='border-collapse: collapse; width: 75%; text-align: center;'>
<tr><th>Sr. No</th><th>Test Case</th><th>Status</th><th>Time Taken (ms)</th></tr>
<tr><td>5</td><td>Modify Buy Order</td><td style='background-color: green;color: white; font-weight: bold;'>Pass</td><td>0</td></tr>
<h3>Buy Order</h3>
<table border='1' style='border-collapse: collapse; width: 75%; text-align: center;'>
<tr><th>Sr. No</th><th>Test Case</th><th>Status</th><th>Time Taken (ms)</th></tr>
<tr><td>5</td><td>Cancel Buy Order</td><td style='background-color: green;color: white; font-weight: bold;'>Pass</td><td>0</td></tr>]]>
    </system-out>
  </testcase> <!-- VerifyUserPlaceBuyOrder -->
  <system-out>
    <![CDATA[<h3>Buy Order</h3>
<table border='1' style='border-collapse: collapse; width: 75%; text-align: center;'>
<tr><th>Sr. No</th><th>Test Case</th><th>Status</th><th>Time Taken (ms)</th></tr>
<tr><td>1</td><td>Buy Order</td><td style='background-color: green;color: white; font-weight: bold;'>Pass</td><td>15410</td></tr>
<h3>Modify Buy Order</h3>
<table border='1' style='border-collapse: collapse; width: 75%; text-align: center;'>
<tr><th>Sr. No</th><th>Test Case</th><th>Status</th><th>Time Taken (ms)</th></tr>
<tr><td>1</td><td>Modify Buy Order</td><td style='background-color: green;color: white; font-weight: bold;'>Pass</td><td>0</td></tr>
<h3>Buy Order</h3>
<table border='1' style='border-collapse: collapse; width: 75%; text-align: center;'>
<tr><th>Sr. No</th><th>Test Case</th><th>Status</th><th>Time Taken (ms)</th></tr>
<tr><td>1</td><td>Cancel Buy Order</td><td style='background-color: green;color: white; font-weight: bold;'>Pass</td><td>0</td></tr>
<tr><td>2</td><td>Buy Order</td><td style='background-color: green;color: white; font-weight: bold;'>Pass</td><td>18898</td></tr>
<h3>Modify Buy Order</h3>
<table border='1' style='border-collapse: collapse; width: 75%; text-align: center;'>
<tr><th>Sr. No</th><th>Test Case</th><th>Status</th><th>Time Taken (ms)</th></tr>
<tr><td>2</td><td>Modify Buy Order</td><td style='background-color: green;color: white; font-weight: bold;'>Pass</td><td>0</td></tr>
<h3>Buy Order</h3>
<table border='1' style='border-collapse: collapse; width: 75%; text-align: center;'>
<tr><th>Sr. No</th><th>Test Case</th><th>Status</th><th>Time Taken (ms)</th></tr>
<tr><td>2</td><td>Cancel Buy Order</td><td style='background-color: green;color: white; font-weight: bold;'>Pass</td><td>0</td></tr>
<tr><td>3</td><td>Buy Order</td><td style='background-color: green;color: white; font-weight: bold;'>Pass</td><td>11907</td></tr>
<h3>Modify Buy Order</h3>
<table border='1' style='border-collapse: collapse; width: 75%; text-align: center;'>
<tr><th>Sr. No</th><th>Test Case</th><th>Status</th><th>Time Taken (ms)</th></tr>
<tr><td>3</td><td>Modify Buy Order</td><td style='background-color: green;color: white; font-weight: bold;'>Pass</td><td>0</td></tr>
<h3>Buy Order</h3>
<table border='1' style='border-collapse: collapse; width: 75%; text-align: center;'>
<tr><th>Sr. No</th><th>Test Case</th><th>Status</th><th>Time Taken (ms)</th></tr>
<tr><td>3</td><td>Cancel Buy Order</td><td style='background-color: green;color: white; font-weight: bold;'>Pass</td><td>0</td></tr>
<tr><td>4</td><td>Buy Order</td><td style='background-color: green;color: white; font-weight: bold;'>Pass</td><td>16054</td></tr>
<h3>Modify Buy Order</h3>
<table border='1' style='border-collapse: collapse; width: 75%; text-align: center;'>
<tr><th>Sr. No</th><th>Test Case</th><th>Status</th><th>Time Taken (ms)</th></tr>
<tr><td>4</td><td>Modify Buy Order</td><td style='background-color: green;color: white; font-weight: bold;'>Pass</td><td>0</td></tr>
<h3>Buy Order</h3>
<table border='1' style='border-collapse: collapse; width: 75%; text-align: center;'>
<tr><th>Sr. No</th><th>Test Case</th><th>Status</th><th>Time Taken (ms)</th></tr>
<tr><td>4</td><td>Cancel Buy Order</td><td style='background-color: green;color: white; font-weight: bold;'>Pass</td><td>1</td></tr>
<tr><td>5</td><td>Buy Order</td><td style='background-color: green;color: white; font-weight: bold;'>Pass</td><td>15463</td></tr>
<h3>Modify Buy Order</h3>
<table border='1' style='border-collapse: collapse; width: 75%; text-align: center;'>
<tr><th>Sr. No</th><th>Test Case</th><th>Status</th><th>Time Taken (ms)</th></tr>
<tr><td>5</td><td>Modify Buy Order</td><td style='background-color: green;color: white; font-weight: bold;'>Pass</td><td>0</td></tr>
<h3>Buy Order</h3>
<table border='1' style='border-collapse: collapse; width: 75%; text-align: center;'>
<tr><th>Sr. No</th><th>Test Case</th><th>Status</th><th>Time Taken (ms)</th></tr>
<tr><td>5</td><td>Cancel Buy Order</td><td style='background-color: green;color: white; font-weight: bold;'>Pass</td><td>0</td></tr>]]>
  </system-out>
</testsuite> <!-- a_Nadeem.BuyOrder -->
