<?xml version="1.0" encoding="UTF-8"?>
<!-- Generated by org.testng.reporters.JUnitReportReporter -->
<testsuite hostname="MOT-32333-L" failures="0" tests="1" name="a_Nadeem.forloopesty" time="0.007" errors="0" timestamp="2024-12-19T17:48:49 IST" skipped="0">
  <testcase classname="a_Nadeem.forloopesty" name="f" time="0.007"/>
</testsuite> <!-- a_Nadeem.forloopesty -->
