<?xml version="1.0" encoding="UTF-8"?>
<!-- Generated by org.testng.reporters.JUnitReportReporter -->
<testsuite hostname="MOT-32333-L" failures="0" tests="1" name="investmotilaloswal.Portfolio_All" time="0.000" errors="0" timestamp="2024-11-26T15:43:54 IST" skipped="1">
  <testcase classname="investmotilaloswal.Portfolio_All" name="All_Portfolio" time="0.000">
    <skipped/>
  </testcase> <!-- All_Portfolio -->
</testsuite> <!-- investmotilaloswal.Portfolio_All -->
