<?xml version="1.0" encoding="UTF-8"?>
<!-- Generated by org.testng.reporters.JUnitReportReporter -->
<testsuite hostname="MOT-32333-L" failures="0" tests="1" name="practiseTestNg.Portfolio_All" time="206.275" errors="0" timestamp="2024-11-25T15:10:20 IST" skipped="0">
  <testcase classname="practiseTestNg.Portfolio_All" name="All_Portfolio" time="206.275">
    <system-out>
      <![CDATA[<table border='1' style='border-collapse: collapse; width: 75%; text-align: center;'><tr><th>Iteration Count</th><th>Time Taken (ms)</th><th>Status</th></tr><tr><td>0</td><td>10070</td><td>Pass</td></tr></table>
<table border='1' style='border-collapse: collapse; width: 75%; text-align: center;'><tr><th>Iteration Count</th><th>Time Taken (ms)</th><th>Status</th></tr><tr><td>1</td><td>10061</td><td>Pass</td></tr></table>
<table border='1' style='border-collapse: collapse; width: 75%; text-align: center;'><tr><th>Iteration Count</th><th>Time Taken (ms)</th><th>Status</th></tr><tr><td>2</td><td>10065</td><td>Pass</td></tr></table>
<table border='1' style='border-collapse: collapse; width: 75%; text-align: center;'><tr><th>Iteration Count</th><th>Time Taken (ms)</th><th>Status</th></tr><tr><td>3</td><td>10052</td><td>Pass</td></tr></table>
<table border='1' style='border-collapse: collapse; width: 75%; text-align: center;'><tr><th>Iteration Count</th><th>Time Taken (ms)</th><th>Status</th></tr><tr><td>4</td><td>10061</td><td>Pass</td></tr></table>
<table border='1' style='border-collapse: collapse; width: 75%; text-align: center;'><tr><th>Iteration Count</th><th>Time Taken (ms)</th><th>Status</th></tr><tr><td>5</td><td>10052</td><td>Pass</td></tr></table>
<table border='1' style='border-collapse: collapse; width: 75%; text-align: center;'><tr><th>Iteration Count</th><th>Time Taken (ms)</th><th>Status</th></tr><tr><td>6</td><td>10054</td><td>Pass</td></tr></table>
<table border='1' style='border-collapse: collapse; width: 75%; text-align: center;'><tr><th>Iteration Count</th><th>Time Taken (ms)</th><th>Status</th></tr><tr><td>7</td><td>10053</td><td>Pass</td></tr></table>
<table border='1' style='border-collapse: collapse; width: 75%; text-align: center;'><tr><th>Iteration Count</th><th>Time Taken (ms)</th><th>Status</th></tr><tr><td>8</td><td>10071</td><td>Pass</td></tr></table>
<table border='1' style='border-collapse: collapse; width: 75%; text-align: center;'><tr><th>Iteration Count</th><th>Time Taken (ms)</th><th>Status</th></tr><tr><td>9</td><td>10054</td><td>Pass</td></tr></table>]]>
    </system-out>
  </testcase> <!-- All_Portfolio -->
  <system-out>
    <![CDATA[<table border='1' style='border-collapse: collapse; width: 75%; text-align: center;'><tr><th>Iteration Count</th><th>Time Taken (ms)</th><th>Status</th></tr><tr><td>0</td><td>10070</td><td>Pass</td></tr></table>
<table border='1' style='border-collapse: collapse; width: 75%; text-align: center;'><tr><th>Iteration Count</th><th>Time Taken (ms)</th><th>Status</th></tr><tr><td>1</td><td>10061</td><td>Pass</td></tr></table>
<table border='1' style='border-collapse: collapse; width: 75%; text-align: center;'><tr><th>Iteration Count</th><th>Time Taken (ms)</th><th>Status</th></tr><tr><td>2</td><td>10065</td><td>Pass</td></tr></table>
<table border='1' style='border-collapse: collapse; width: 75%; text-align: center;'><tr><th>Iteration Count</th><th>Time Taken (ms)</th><th>Status</th></tr><tr><td>3</td><td>10052</td><td>Pass</td></tr></table>
<table border='1' style='border-collapse: collapse; width: 75%; text-align: center;'><tr><th>Iteration Count</th><th>Time Taken (ms)</th><th>Status</th></tr><tr><td>4</td><td>10061</td><td>Pass</td></tr></table>
<table border='1' style='border-collapse: collapse; width: 75%; text-align: center;'><tr><th>Iteration Count</th><th>Time Taken (ms)</th><th>Status</th></tr><tr><td>5</td><td>10052</td><td>Pass</td></tr></table>
<table border='1' style='border-collapse: collapse; width: 75%; text-align: center;'><tr><th>Iteration Count</th><th>Time Taken (ms)</th><th>Status</th></tr><tr><td>6</td><td>10054</td><td>Pass</td></tr></table>
<table border='1' style='border-collapse: collapse; width: 75%; text-align: center;'><tr><th>Iteration Count</th><th>Time Taken (ms)</th><th>Status</th></tr><tr><td>7</td><td>10053</td><td>Pass</td></tr></table>
<table border='1' style='border-collapse: collapse; width: 75%; text-align: center;'><tr><th>Iteration Count</th><th>Time Taken (ms)</th><th>Status</th></tr><tr><td>8</td><td>10071</td><td>Pass</td></tr></table>
<table border='1' style='border-collapse: collapse; width: 75%; text-align: center;'><tr><th>Iteration Count</th><th>Time Taken (ms)</th><th>Status</th></tr><tr><td>9</td><td>10054</td><td>Pass</td></tr></table>]]>
  </system-out>
</testsuite> <!-- practiseTestNg.Portfolio_All -->
