<?xml version="1.0" encoding="UTF-8"?>
<!-- Generated by org.testng.reporters.JUnitReportReporter -->
<testsuite hostname="MOT-32333-L" failures="0" tests="2" name="a_Nadeem.BuyOrderModify" time="140.730" errors="0" timestamp="2024-12-18T12:30:08 IST" skipped="0">
  <testcase classname="a_Nadeem.BuyOrderModify" name="Verify_user_login_and_RDD_" time="59.360"/>
  <testcase classname="a_Nadeem.BuyOrderModify" name="VerifyUserPlaceBuyOrder" time="81.370">
    <system-out>
      <![CDATA[<h3>Buy Orders</h3>
<table border='1' style='border-collapse: collapse; width: 75%; text-align: center;'>
<tr><th>Iteration Count</th><th>Time Taken (ms)</th><th>Status</th></tr>
<h3>Modify Buy Orders</h3>
<table border='1' style='border-collapse: collapse; width: 75%; text-align: center;'>
<tr><th>Iteration Count</th><th>Time Taken (ms)</th><th>Status</th></tr>
<h3>Modify Buy Orders</h3>
<table border='1' style='border-collapse: collapse; width: 75%; text-align: center;'>
<tr><th>Iteration Count</th><th>Time Taken (ms)</th><th>Status</th></tr>
<tr><td>1</td><td>18963</td><td>Pass</td></tr>
<tr><td>1</td><td>15455</td><td>Pass</td></tr>
<tr><td>2</td><td>17793</td><td>Pass</td></tr>
<tr><td>2</td><td>15173</td><td>Pass</td></tr>
</table>
</table>
</table>]]>
    </system-out>
  </testcase> <!-- VerifyUserPlaceBuyOrder -->
  <system-out>
    <![CDATA[<h3>Buy Orders</h3>
<table border='1' style='border-collapse: collapse; width: 75%; text-align: center;'>
<tr><th>Iteration Count</th><th>Time Taken (ms)</th><th>Status</th></tr>
<h3>Modify Buy Orders</h3>
<table border='1' style='border-collapse: collapse; width: 75%; text-align: center;'>
<tr><th>Iteration Count</th><th>Time Taken (ms)</th><th>Status</th></tr>
<h3>Modify Buy Orders</h3>
<table border='1' style='border-collapse: collapse; width: 75%; text-align: center;'>
<tr><th>Iteration Count</th><th>Time Taken (ms)</th><th>Status</th></tr>
<tr><td>1</td><td>18963</td><td>Pass</td></tr>
<tr><td>1</td><td>15455</td><td>Pass</td></tr>
<tr><td>2</td><td>17793</td><td>Pass</td></tr>
<tr><td>2</td><td>15173</td><td>Pass</td></tr>
</table>
</table>
</table>]]>
  </system-out>
</testsuite> <!-- a_Nadeem.BuyOrderModify -->
