<?xml version="1.0" encoding="UTF-8"?>
<!-- Generated by org.testng.reporters.JUnitReportReporter -->
<testsuite hostname="MOT-32333-L" failures="0" tests="2" name="a_Nadeem.ahtmltabltes" time="147.508" errors="0" timestamp="2024-12-23T12:20:19 IST" skipped="0">
  <testcase classname="a_Nadeem.ahtmltabltes" name="Verify_user_login_and_clicks_on_RDD" time="39.467"/>
  <testcase classname="a_Nadeem.ahtmltabltes" name="App_Regression" time="108.041">
    <system-out>
      <![CDATA[<h3>Execution Report</h3>
<table border='1' style='border-collapse: collapse; width: 75%; text-align: center;'>
<tr><th>Sr. No</th><th>Test Case</th><th>Status</th><th>Time Taken (ms)</th></tr>
<tr><td>1</td><td>Global Search</td><td>Pass</td><td>2187</td></tr>
<tr><td>2</td><td>homepageportfolio</td><td>Pass</td><td>32466</td></tr>
<tr><td>3</td><td>TestCase2</td><td>Fail</td><td>2000</td></tr>
</table>]]>
    </system-out>
  </testcase> <!-- App_Regression -->
  <system-out>
    <![CDATA[<h3>Execution Report</h3>
<table border='1' style='border-collapse: collapse; width: 75%; text-align: center;'>
<tr><th>Sr. No</th><th>Test Case</th><th>Status</th><th>Time Taken (ms)</th></tr>
<tr><td>1</td><td>Global Search</td><td>Pass</td><td>2187</td></tr>
<tr><td>2</td><td>homepageportfolio</td><td>Pass</td><td>32466</td></tr>
<tr><td>3</td><td>TestCase2</td><td>Fail</td><td>2000</td></tr>
</table>]]>
  </system-out>
</testsuite> <!-- a_Nadeem.ahtmltabltes -->
