<?xml version="1.0" encoding="UTF-8"?>
<!-- Generated by org.testng.reporters.JUnitReportReporter -->
<testsuite hostname="MOT-32333-L" failures="0" tests="5" name="a_Nadeem.itetest" time="329.108" errors="0" timestamp="2024-12-06T13:39:04 IST" skipped="0">
  <testcase classname="a_Nadeem.itetest" name="Verify_user_login_and_RDD_" time="40.888"/>
  <testcase classname="a_Nadeem.itetest" name="start_loop" time="280.996">
    <system-out>
      <![CDATA[<h3>Loop Test Results</h3>
<table border='1' style='border-collapse: collapse; width: 75%; text-align: center;'>
<tr><th>Iteration Count</th><th>Time Taken (ms)</th><th>Status</th></tr>
<tr><td>1</td><td>33941</td><td>Fail</td></tr>
<tr><td>1</td><td>3354</td><td>Fail</td></tr>
<tr><td>1</td><td>6430</td><td>Fail</td></tr>
<tr><td>2</td><td>19959</td><td>Pass</td></tr>
<tr><td>2</td><td>10467</td><td>Pass</td></tr>
<tr><td>2</td><td>15594</td><td>Pass</td></tr>
<tr><td>3</td><td>5068</td><td>Fail</td></tr>
<tr><td>3</td><td>3429</td><td>Fail</td></tr>
<tr><td>3</td><td>6102</td><td>Fail</td></tr>
<tr><td>4</td><td>4966</td><td>Fail</td></tr>
<tr><td>4</td><td>2015</td><td>Fail</td></tr>
<tr><td>4</td><td>2055</td><td>Fail</td></tr>
<tr><td>5</td><td>28048</td><td>Pass</td></tr>
<tr><td>5</td><td>22142</td><td>Pass</td></tr>
<tr><td>5</td><td>9229</td><td>Pass</td></tr>
<tr><td>6</td><td>3984</td><td>Fail</td></tr>
<tr><td>6</td><td>2514</td><td>Fail</td></tr>
<tr><td>6</td><td>4035</td><td>Fail</td></tr>
<tr><td>7</td><td>21208</td><td>Pass</td></tr>
<tr><td>7</td><td>7153</td><td>Pass</td></tr>
<tr><td>7</td><td>8241</td><td>Pass</td></tr>
<tr><td>8</td><td>8453</td><td>Fail</td></tr>
<tr><td>8</td><td>2854</td><td>Fail</td></tr>
<tr><td>8</td><td>3178</td><td>Fail</td></tr>
<tr><td>9</td><td>33481</td><td>Pass</td></tr>
<tr><td>9</td><td>3880</td><td>Fail</td></tr>
<tr><td>9</td><td>2076</td><td>Fail</td></tr>
<tr><td>10</td><td>2071</td><td>Fail</td></tr>
<tr><td>10</td><td>2995</td><td>Fail</td></tr>
<tr><td>10</td><td>2067</td><td>Fail</td></tr>
</table>]]>
    </system-out>
  </testcase> <!-- start_loop -->
  <testcase classname="a_Nadeem.itetest" name="Place_Buy_order" time="2.511">
    <system-out>
      <![CDATA[<tr><td>11</td><td>2509</td><td>Fail</td></tr>]]>
    </system-out>
  </testcase> <!-- Place_Buy_order -->
  <testcase classname="a_Nadeem.itetest" name="Modify_Buy_order" time="2.614">
    <system-out>
      <![CDATA[<tr><td>11</td><td>2613</td><td>Fail</td></tr>]]>
    </system-out>
  </testcase> <!-- Modify_Buy_order -->
  <testcase classname="a_Nadeem.itetest" name="Cancel_Buy_order" time="2.099">
    <system-out>
      <![CDATA[<tr><td>11</td><td>2097</td><td>Fail</td></tr>]]>
    </system-out>
  </testcase> <!-- Cancel_Buy_order -->
  <system-out>
    <![CDATA[<h3>Loop Test Results</h3>
<table border='1' style='border-collapse: collapse; width: 75%; text-align: center;'>
<tr><th>Iteration Count</th><th>Time Taken (ms)</th><th>Status</th></tr>
<tr><td>1</td><td>33941</td><td>Fail</td></tr>
<tr><td>1</td><td>3354</td><td>Fail</td></tr>
<tr><td>1</td><td>6430</td><td>Fail</td></tr>
<tr><td>2</td><td>19959</td><td>Pass</td></tr>
<tr><td>2</td><td>10467</td><td>Pass</td></tr>
<tr><td>2</td><td>15594</td><td>Pass</td></tr>
<tr><td>3</td><td>5068</td><td>Fail</td></tr>
<tr><td>3</td><td>3429</td><td>Fail</td></tr>
<tr><td>3</td><td>6102</td><td>Fail</td></tr>
<tr><td>4</td><td>4966</td><td>Fail</td></tr>
<tr><td>4</td><td>2015</td><td>Fail</td></tr>
<tr><td>4</td><td>2055</td><td>Fail</td></tr>
<tr><td>5</td><td>28048</td><td>Pass</td></tr>
<tr><td>5</td><td>22142</td><td>Pass</td></tr>
<tr><td>5</td><td>9229</td><td>Pass</td></tr>
<tr><td>6</td><td>3984</td><td>Fail</td></tr>
<tr><td>6</td><td>2514</td><td>Fail</td></tr>
<tr><td>6</td><td>4035</td><td>Fail</td></tr>
<tr><td>7</td><td>21208</td><td>Pass</td></tr>
<tr><td>7</td><td>7153</td><td>Pass</td></tr>
<tr><td>7</td><td>8241</td><td>Pass</td></tr>
<tr><td>8</td><td>8453</td><td>Fail</td></tr>
<tr><td>8</td><td>2854</td><td>Fail</td></tr>
<tr><td>8</td><td>3178</td><td>Fail</td></tr>
<tr><td>9</td><td>33481</td><td>Pass</td></tr>
<tr><td>9</td><td>3880</td><td>Fail</td></tr>
<tr><td>9</td><td>2076</td><td>Fail</td></tr>
<tr><td>10</td><td>2071</td><td>Fail</td></tr>
<tr><td>10</td><td>2995</td><td>Fail</td></tr>
<tr><td>10</td><td>2067</td><td>Fail</td></tr>
</table>
<tr><td>11</td><td>2509</td><td>Fail</td></tr>
<tr><td>11</td><td>2613</td><td>Fail</td></tr>
<tr><td>11</td><td>2097</td><td>Fail</td></tr>]]>
  </system-out>
</testsuite> <!-- a_Nadeem.itetest -->
