<?xml version="1.0" encoding="UTF-8"?>
<!-- Generated by org.testng.reporters.JUnitReportReporter -->
<testsuite hostname="MOT-32333-L" failures="0" tests="1" name="a_Nadeem.gittest" time="0.006" errors="0" timestamp="2025-02-19T23:40:12 IST" skipped="0">
  <testcase classname="a_Nadeem.gittest" name="f" time="0.006"/>
</testsuite> <!-- a_Nadeem.gittest -->
