<?xml version="1.0" encoding="UTF-8"?>
<!-- Generated by org.testng.reporters.JUnitReportReporter -->
<testsuite hostname="MOT-32333-L" failures="0" tests="3" name="a_Nadeem.Rise_Regression" time="2635.720" errors="0" timestamp="2025-02-06T15:20:53 IST" skipped="1">
  <testcase classname="a_Nadeem.Rise_Regression" name="Verify_user_login_and_clicks_on_RDD" time="32.674"/>
  <testcase classname="a_Nadeem.Rise_Regression" name="App_Regression" time="2603.046">
    <system-out>
      <![CDATA[<h3>Execution Report</h3>
<table border='1' style='border-collapse: collapse; width: 75%; text-align: center;'>
<tr><th>Sr. No</th><th>Test Case</th><th>Status</th><th>Time Taken (ms)</th></tr>
<tr><td>1</td><td>Global Search Result</td><td style='background-color: red;color: white; font-weight: bold;'>Fail</td><td>3400</td></tr>
<tr><td>2</td><td>Get quote fut tab</td><td style='background-color: green;color: white; font-weight: bold;'>Pass</td><td>4020</td></tr>
<tr><td>3</td><td>Get quote opt tab</td><td style='background-color: green;color: white; font-weight: bold;'>Pass</td><td>6197</td></tr>
<tr><td>4</td><td>Get quote cash tab</td><td style='background-color: green;color: white; font-weight: bold;'>Pass</td><td>1388</td></tr>
<tr><td>5</td><td>Get quote Nse switch delivery buy order form</td><td style='background-color: green;color: white; font-weight: bold;'>Pass</td><td>4375</td></tr>
<tr><td>6</td><td>Get quote Nse switch delivery Sell order form</td><td style='background-color: green;color: white; font-weight: bold;'>Pass</td><td>3709</td></tr>
<tr><td>7</td><td>Get quote Bse switch delivery buy order form</td><td style='background-color: green;color: white; font-weight: bold;'>Pass</td><td>3699</td></tr>
<tr><td>8</td><td>Get quote Bse switch delivery sell order form</td><td style='background-color: green;color: white; font-weight: bold;'>Pass</td><td>8757</td></tr>
<tr><td>9</td><td>Get quote charts button</td><td style='background-color: green;color: white; font-weight: bold;'>Pass</td><td>6838</td></tr>
<tr><td>10</td><td>Get quote optionchain button</td><td style='background-color: green;color: white; font-weight: bold;'>Pass</td><td>4698</td></tr>
<tr><td>11</td><td>Get quote Fundamental Tab</td><td style='background-color: green;color: white; font-weight: bold;'>Pass</td><td>9845</td></tr>
<tr><td>12</td><td>Get quote Technical Tab</td><td style='background-color: green;color: white; font-weight: bold;'>Pass</td><td>21926</td></tr>
<tr><td>13</td><td>Get quote News Tab</td><td style='background-color: green;color: white; font-weight: bold;'>Pass</td><td>2662</td></tr>
<tr><td>14</td><td>Get quote Transactions Tab</td><td style='background-color: green;color: white; font-weight: bold;'>Pass</td><td>15794</td></tr>
<tr><td>15</td><td>Order Form quantity toggle</td><td style='background-color: green;color: white; font-weight: bold;'>Pass</td><td>6576</td></tr>
<tr><td>16</td><td>Order Form amount toggle</td><td style='background-color: green;color: white; font-weight: bold;'>Pass</td><td>8857</td></tr>
<tr><td>17</td><td>Homescreen portfolio hide mark</td><td style='background-color: green;color: white; font-weight: bold;'>Pass</td><td>49471</td></tr>
<tr><td>18</td><td>Homescreen portfolio overall value</td><td style='background-color: green;color: white; font-weight: bold;'>Pass</td><td>14572</td></tr>
<tr><td>19</td><td>Homescreen portfolio expand button</td><td style='background-color: green;color: white; font-weight: bold;'>Pass</td><td>63818</td></tr>
<tr><td>20</td><td>Homescreen portfolio collapse button</td><td style='background-color: green;color: white; font-weight: bold;'>Pass</td><td>71027</td></tr>
<tr><td>21</td><td>Homescreen Research idea I button</td><td style='background-color: green;color: white; font-weight: bold;'>Pass</td><td>31769</td></tr>
<tr><td>22</td><td>Homescreen IPO button</td><td style='background-color: green;color: white; font-weight: bold;'>Pass</td><td>25549</td></tr>
<tr><td>23</td><td>Homescreen Research Idea button</td><td style='background-color: green;color: white; font-weight: bold;'>Pass</td><td>32142</td></tr>
<tr><td>24</td><td>Homescreen IAP button</td><td style='background-color: green;color: white; font-weight: bold;'>Pass</td><td>24197</td></tr>
<tr><td>25</td><td>Homescreen Bonds button</td><td style='background-color: red;color: white; font-weight: bold;'>Fail</td><td>47560</td></tr>
<tr><td>26</td><td>Homescreen Option Store button</td><td style='background-color: green;color: white; font-weight: bold;'>Pass</td><td>36126</td></tr>
<tr><td>27</td><td>Homescreen Stock Basket button</td><td style='background-color: green;color: white; font-weight: bold;'>Pass</td><td>22471</td></tr>
<tr><td>28</td><td>Homescreen Insurance button</td><td style='background-color: green;color: white; font-weight: bold;'>Pass</td><td>32339</td></tr>
<tr><td>29</td><td>Homescreen Fixed Deposit button</td><td style='background-color: green;color: white; font-weight: bold;'>Pass</td><td>35303</td></tr>
<tr><td>30</td><td>Homescreen Smallcase button</td><td style='background-color: green;color: white; font-weight: bold;'>Pass</td><td>77849</td></tr>
<tr><td>31</td><td>Homescreen Teji Mandi button</td><td style='background-color: green;color: white; font-weight: bold;'>Pass</td><td>11444</td></tr>
<tr><td>32</td><td>Homescreen TGS button</td><td style='background-color: green;color: white; font-weight: bold;'>Pass</td><td>41320</td></tr>
<tr><td>33</td><td>Homescreen Intra options button</td><td style='background-color: green;color: white; font-weight: bold;'>Pass</td><td>6985</td></tr>
<tr><td>34</td><td>Homescreen MF High Returns button</td><td style='background-color: green;color: white; font-weight: bold;'>Pass</td><td>3358</td></tr>
<tr><td>35</td><td>Homescreen MF SIP with 500 button</td><td style='background-color: green;color: white; font-weight: bold;'>Pass</td><td>6184</td></tr>
<tr><td>36</td><td>Homescreen MF Tax Saver button</td><td style='background-color: green;color: white; font-weight: bold;'>Pass</td><td>5047</td></tr>
<tr><td>37</td><td>Homescreen MF MO Recommended button</td><td style='background-color: green;color: white; font-weight: bold;'>Pass</td><td>6885</td></tr>
<tr><td>38</td><td>Homescreen MF Highest rated Fund button</td><td style='background-color: green;color: white; font-weight: bold;'>Pass</td><td>5924</td></tr>
<tr><td>39</td><td>Homescreen MF International Fund button</td><td style='background-color: green;color: white; font-weight: bold;'>Pass</td><td>13697</td></tr>
<tr><td>40</td><td>Homescreen IPO I button</td><td style='background-color: green;color: white; font-weight: bold;'>Pass</td><td>35371</td></tr>
<tr><td>41</td><td>Homescreen IPO view All button</td><td style='background-color: green;color: white; font-weight: bold;'>Pass</td><td>8460</td></tr>
<tr><td>42</td><td>Homescreen IPO button</td><td style='background-color: green;color: white; font-weight: bold;'>Pass</td><td>28946</td></tr>
<tr><td>43</td><td>Homescreen NFO button</td><td style='background-color: green;color: white; font-weight: bold;'>Pass</td><td>20004</td></tr>
<tr><td>44</td><td>Homescreen Stock sip button</td><td style='background-color: green;color: white; font-weight: bold;'>Pass</td><td>2486</td></tr>
<tr><td>45</td><td>Homescreen MF sip button</td><td style='background-color: green;color: white; font-weight: bold;'>Pass</td><td>7550</td></tr>
<tr><td>46</td><td>Homescreen Reports button</td><td style='background-color: green;color: white; font-weight: bold;'>Pass</td><td>8457</td></tr>
<tr><td>47</td><td>Homescreen PNL Summary button</td><td style='background-color: green;color: white; font-weight: bold;'>Pass</td><td>11511</td></tr>
<tr><td>48</td><td>Homescreen Alerts button</td><td style='background-color: green;color: white; font-weight: bold;'>Pass</td><td>5804</td></tr>
<tr><td>49</td><td>Homescreen margin cal button</td><td style='background-color: green;color: white; font-weight: bold;'>Pass</td><td>15873</td></tr>
<tr><td>50</td><td>Homescreen MO API button</td><td style='background-color: green;color: white; font-weight: bold;'>Pass</td><td>13990</td></tr>
<tr><td>51</td><td>Mutual Fund View All Returns</td><td style='background-color: green;color: white; font-weight: bold;'>Pass</td><td>30406</td></tr>
<tr><td>52</td><td>Portfolio View Analysis button</td><td style='background-color: green;color: white; font-weight: bold;'>Pass</td><td>24025</td></tr>
<tr><td>53</td><td>Portfolio swipe Stocks Tab verification</td><td style='background-color: green;color: white; font-weight: bold;'>Pass</td><td>134322</td></tr>
<tr><td>54</td><td>Portfolio swipe MF Tab verification</td><td style='background-color: green;color: white; font-weight: bold;'>Pass</td><td>55913</td></tr>
<tr><td>55</td><td>Portfolio swipe PMS Tab verification</td><td style='background-color: green;color: white; font-weight: bold;'>Pass</td><td>48051</td></tr>
<tr><td>56</td><td>Portfolio swipe Basket Tab verification</td><td style='background-color: green;color: white; font-weight: bold;'>Pass</td><td>47501</td></tr>
<tr><td>57</td><td>Add Watchlist</td><td style='background-color: green;color: white; font-weight: bold;'>Pass</td><td>26248</td></tr>
<tr><td>58</td><td>Add Script in watchlist</td><td style='background-color: green;color: white; font-weight: bold;'>Pass</td><td>11198</td></tr>
<tr><td>59</td><td>MTF in script in watchlist</td><td style='background-color: green;color: white; font-weight: bold;'>Pass</td><td>2897</td></tr>
<tr><td>60</td><td>Delete script from watchlist</td><td style='background-color: green;color: white; font-weight: bold;'>Pass</td><td>22546</td></tr>
<tr><td>61</td><td>Delete watchlist</td><td style='background-color: green;color: white; font-weight: bold;'>Pass</td><td>18557</td></tr>
<tr><td>62</td><td>Profile asba switch</td><td style='background-color: green;color: white; font-weight: bold;'>Pass</td><td>729</td></tr>
</table>]]>
    </system-out>
  </testcase> <!-- App_Regression -->
  <testcase classname="a_Nadeem.Rise_Regression" name="orderrouting">
    <skipped/>
  </testcase> <!-- orderrouting -->
  <system-out>
    <![CDATA[<h3>Execution Report</h3>
<table border='1' style='border-collapse: collapse; width: 75%; text-align: center;'>
<tr><th>Sr. No</th><th>Test Case</th><th>Status</th><th>Time Taken (ms)</th></tr>
<tr><td>1</td><td>Global Search Result</td><td style='background-color: red;color: white; font-weight: bold;'>Fail</td><td>3400</td></tr>
<tr><td>2</td><td>Get quote fut tab</td><td style='background-color: green;color: white; font-weight: bold;'>Pass</td><td>4020</td></tr>
<tr><td>3</td><td>Get quote opt tab</td><td style='background-color: green;color: white; font-weight: bold;'>Pass</td><td>6197</td></tr>
<tr><td>4</td><td>Get quote cash tab</td><td style='background-color: green;color: white; font-weight: bold;'>Pass</td><td>1388</td></tr>
<tr><td>5</td><td>Get quote Nse switch delivery buy order form</td><td style='background-color: green;color: white; font-weight: bold;'>Pass</td><td>4375</td></tr>
<tr><td>6</td><td>Get quote Nse switch delivery Sell order form</td><td style='background-color: green;color: white; font-weight: bold;'>Pass</td><td>3709</td></tr>
<tr><td>7</td><td>Get quote Bse switch delivery buy order form</td><td style='background-color: green;color: white; font-weight: bold;'>Pass</td><td>3699</td></tr>
<tr><td>8</td><td>Get quote Bse switch delivery sell order form</td><td style='background-color: green;color: white; font-weight: bold;'>Pass</td><td>8757</td></tr>
<tr><td>9</td><td>Get quote charts button</td><td style='background-color: green;color: white; font-weight: bold;'>Pass</td><td>6838</td></tr>
<tr><td>10</td><td>Get quote optionchain button</td><td style='background-color: green;color: white; font-weight: bold;'>Pass</td><td>4698</td></tr>
<tr><td>11</td><td>Get quote Fundamental Tab</td><td style='background-color: green;color: white; font-weight: bold;'>Pass</td><td>9845</td></tr>
<tr><td>12</td><td>Get quote Technical Tab</td><td style='background-color: green;color: white; font-weight: bold;'>Pass</td><td>21926</td></tr>
<tr><td>13</td><td>Get quote News Tab</td><td style='background-color: green;color: white; font-weight: bold;'>Pass</td><td>2662</td></tr>
<tr><td>14</td><td>Get quote Transactions Tab</td><td style='background-color: green;color: white; font-weight: bold;'>Pass</td><td>15794</td></tr>
<tr><td>15</td><td>Order Form quantity toggle</td><td style='background-color: green;color: white; font-weight: bold;'>Pass</td><td>6576</td></tr>
<tr><td>16</td><td>Order Form amount toggle</td><td style='background-color: green;color: white; font-weight: bold;'>Pass</td><td>8857</td></tr>
<tr><td>17</td><td>Homescreen portfolio hide mark</td><td style='background-color: green;color: white; font-weight: bold;'>Pass</td><td>49471</td></tr>
<tr><td>18</td><td>Homescreen portfolio overall value</td><td style='background-color: green;color: white; font-weight: bold;'>Pass</td><td>14572</td></tr>
<tr><td>19</td><td>Homescreen portfolio expand button</td><td style='background-color: green;color: white; font-weight: bold;'>Pass</td><td>63818</td></tr>
<tr><td>20</td><td>Homescreen portfolio collapse button</td><td style='background-color: green;color: white; font-weight: bold;'>Pass</td><td>71027</td></tr>
<tr><td>21</td><td>Homescreen Research idea I button</td><td style='background-color: green;color: white; font-weight: bold;'>Pass</td><td>31769</td></tr>
<tr><td>22</td><td>Homescreen IPO button</td><td style='background-color: green;color: white; font-weight: bold;'>Pass</td><td>25549</td></tr>
<tr><td>23</td><td>Homescreen Research Idea button</td><td style='background-color: green;color: white; font-weight: bold;'>Pass</td><td>32142</td></tr>
<tr><td>24</td><td>Homescreen IAP button</td><td style='background-color: green;color: white; font-weight: bold;'>Pass</td><td>24197</td></tr>
<tr><td>25</td><td>Homescreen Bonds button</td><td style='background-color: red;color: white; font-weight: bold;'>Fail</td><td>47560</td></tr>
<tr><td>26</td><td>Homescreen Option Store button</td><td style='background-color: green;color: white; font-weight: bold;'>Pass</td><td>36126</td></tr>
<tr><td>27</td><td>Homescreen Stock Basket button</td><td style='background-color: green;color: white; font-weight: bold;'>Pass</td><td>22471</td></tr>
<tr><td>28</td><td>Homescreen Insurance button</td><td style='background-color: green;color: white; font-weight: bold;'>Pass</td><td>32339</td></tr>
<tr><td>29</td><td>Homescreen Fixed Deposit button</td><td style='background-color: green;color: white; font-weight: bold;'>Pass</td><td>35303</td></tr>
<tr><td>30</td><td>Homescreen Smallcase button</td><td style='background-color: green;color: white; font-weight: bold;'>Pass</td><td>77849</td></tr>
<tr><td>31</td><td>Homescreen Teji Mandi button</td><td style='background-color: green;color: white; font-weight: bold;'>Pass</td><td>11444</td></tr>
<tr><td>32</td><td>Homescreen TGS button</td><td style='background-color: green;color: white; font-weight: bold;'>Pass</td><td>41320</td></tr>
<tr><td>33</td><td>Homescreen Intra options button</td><td style='background-color: green;color: white; font-weight: bold;'>Pass</td><td>6985</td></tr>
<tr><td>34</td><td>Homescreen MF High Returns button</td><td style='background-color: green;color: white; font-weight: bold;'>Pass</td><td>3358</td></tr>
<tr><td>35</td><td>Homescreen MF SIP with 500 button</td><td style='background-color: green;color: white; font-weight: bold;'>Pass</td><td>6184</td></tr>
<tr><td>36</td><td>Homescreen MF Tax Saver button</td><td style='background-color: green;color: white; font-weight: bold;'>Pass</td><td>5047</td></tr>
<tr><td>37</td><td>Homescreen MF MO Recommended button</td><td style='background-color: green;color: white; font-weight: bold;'>Pass</td><td>6885</td></tr>
<tr><td>38</td><td>Homescreen MF Highest rated Fund button</td><td style='background-color: green;color: white; font-weight: bold;'>Pass</td><td>5924</td></tr>
<tr><td>39</td><td>Homescreen MF International Fund button</td><td style='background-color: green;color: white; font-weight: bold;'>Pass</td><td>13697</td></tr>
<tr><td>40</td><td>Homescreen IPO I button</td><td style='background-color: green;color: white; font-weight: bold;'>Pass</td><td>35371</td></tr>
<tr><td>41</td><td>Homescreen IPO view All button</td><td style='background-color: green;color: white; font-weight: bold;'>Pass</td><td>8460</td></tr>
<tr><td>42</td><td>Homescreen IPO button</td><td style='background-color: green;color: white; font-weight: bold;'>Pass</td><td>28946</td></tr>
<tr><td>43</td><td>Homescreen NFO button</td><td style='background-color: green;color: white; font-weight: bold;'>Pass</td><td>20004</td></tr>
<tr><td>44</td><td>Homescreen Stock sip button</td><td style='background-color: green;color: white; font-weight: bold;'>Pass</td><td>2486</td></tr>
<tr><td>45</td><td>Homescreen MF sip button</td><td style='background-color: green;color: white; font-weight: bold;'>Pass</td><td>7550</td></tr>
<tr><td>46</td><td>Homescreen Reports button</td><td style='background-color: green;color: white; font-weight: bold;'>Pass</td><td>8457</td></tr>
<tr><td>47</td><td>Homescreen PNL Summary button</td><td style='background-color: green;color: white; font-weight: bold;'>Pass</td><td>11511</td></tr>
<tr><td>48</td><td>Homescreen Alerts button</td><td style='background-color: green;color: white; font-weight: bold;'>Pass</td><td>5804</td></tr>
<tr><td>49</td><td>Homescreen margin cal button</td><td style='background-color: green;color: white; font-weight: bold;'>Pass</td><td>15873</td></tr>
<tr><td>50</td><td>Homescreen MO API button</td><td style='background-color: green;color: white; font-weight: bold;'>Pass</td><td>13990</td></tr>
<tr><td>51</td><td>Mutual Fund View All Returns</td><td style='background-color: green;color: white; font-weight: bold;'>Pass</td><td>30406</td></tr>
<tr><td>52</td><td>Portfolio View Analysis button</td><td style='background-color: green;color: white; font-weight: bold;'>Pass</td><td>24025</td></tr>
<tr><td>53</td><td>Portfolio swipe Stocks Tab verification</td><td style='background-color: green;color: white; font-weight: bold;'>Pass</td><td>134322</td></tr>
<tr><td>54</td><td>Portfolio swipe MF Tab verification</td><td style='background-color: green;color: white; font-weight: bold;'>Pass</td><td>55913</td></tr>
<tr><td>55</td><td>Portfolio swipe PMS Tab verification</td><td style='background-color: green;color: white; font-weight: bold;'>Pass</td><td>48051</td></tr>
<tr><td>56</td><td>Portfolio swipe Basket Tab verification</td><td style='background-color: green;color: white; font-weight: bold;'>Pass</td><td>47501</td></tr>
<tr><td>57</td><td>Add Watchlist</td><td style='background-color: green;color: white; font-weight: bold;'>Pass</td><td>26248</td></tr>
<tr><td>58</td><td>Add Script in watchlist</td><td style='background-color: green;color: white; font-weight: bold;'>Pass</td><td>11198</td></tr>
<tr><td>59</td><td>MTF in script in watchlist</td><td style='background-color: green;color: white; font-weight: bold;'>Pass</td><td>2897</td></tr>
<tr><td>60</td><td>Delete script from watchlist</td><td style='background-color: green;color: white; font-weight: bold;'>Pass</td><td>22546</td></tr>
<tr><td>61</td><td>Delete watchlist</td><td style='background-color: green;color: white; font-weight: bold;'>Pass</td><td>18557</td></tr>
<tr><td>62</td><td>Profile asba switch</td><td style='background-color: green;color: white; font-weight: bold;'>Pass</td><td>729</td></tr>
</table>]]>
  </system-out>
</testsuite> <!-- a_Nadeem.Rise_Regression -->
