<?xml version="1.0" encoding="UTF-8"?>
<!-- Generated by org.testng.reporters.JUnitReportReporter -->
<testsuite hostname="MOT-32333-L" failures="0" tests="3" name="a_Nadeem.Rise_Regression" time="1127.444" errors="0" timestamp="2025-02-06T16:46:05 IST" skipped="1">
  <testcase classname="a_Nadeem.Rise_Regression" name="Verify_user_login_and_clicks_on_RDD" time="26.272"/>
  <testcase classname="a_Nadeem.Rise_Regression" name="App_Regression" time="1101.172">
    <system-out>
      <![CDATA[<h3>Execution Report</h3>
<table border='1' style='border-collapse: collapse; width: 75%; text-align: center;'>
<tr><th>Sr. No</th><th>Test Case</th><th>Status</th><th>Time Taken (ms)</th></tr>
<tr><td>1</td><td>Global Search Result</td><td style='background-color: red;color: white; font-weight: bold;'>Fail</td><td>1327</td></tr>
<tr><td>2</td><td>Get quote fut tab</td><td style='background-color: green;color: white; font-weight: bold;'>Pass</td><td>3886</td></tr>
<tr><td>3</td><td>Get quote opt tab</td><td style='background-color: green;color: white; font-weight: bold;'>Pass</td><td>5729</td></tr>
<tr><td>4</td><td>Get quote cash tab</td><td style='background-color: green;color: white; font-weight: bold;'>Pass</td><td>1664</td></tr>
<tr><td>5</td><td>Get quote Nse switch delivery buy order form</td><td style='background-color: green;color: white; font-weight: bold;'>Pass</td><td>3140</td></tr>
<tr><td>6</td><td>Get quote Nse switch delivery Sell order form</td><td style='background-color: green;color: white; font-weight: bold;'>Pass</td><td>5329</td></tr>
<tr><td>7</td><td>Get quote Bse switch delivery buy order form</td><td style='background-color: green;color: white; font-weight: bold;'>Pass</td><td>9293</td></tr>
<tr><td>8</td><td>Get quote Bse switch delivery sell order form</td><td style='background-color: green;color: white; font-weight: bold;'>Pass</td><td>6018</td></tr>
<tr><td>9</td><td>Get quote charts button</td><td style='background-color: green;color: white; font-weight: bold;'>Pass</td><td>2743</td></tr>
<tr><td>10</td><td>Get quote optionchain button</td><td style='background-color: green;color: white; font-weight: bold;'>Pass</td><td>7218</td></tr>
<tr><td>11</td><td>Get quote Fundamental Tab</td><td style='background-color: red;color: white; font-weight: bold;'>Fail</td><td>2510</td></tr>
<tr><td>12</td><td>Get quote Technical Tab</td><td style='background-color: green;color: white; font-weight: bold;'>Pass</td><td>4013</td></tr>
<tr><td>13</td><td>Get quote News Tab</td><td style='background-color: green;color: white; font-weight: bold;'>Pass</td><td>2055</td></tr>
<tr><td>14</td><td>Get quote Transactions Tab</td><td style='background-color: green;color: white; font-weight: bold;'>Pass</td><td>12533</td></tr>
<tr><td>15</td><td>Order Form quantity toggle</td><td style='background-color: green;color: white; font-weight: bold;'>Pass</td><td>8625</td></tr>
<tr><td>16</td><td>Order Form amount toggle</td><td style='background-color: green;color: white; font-weight: bold;'>Pass</td><td>13514</td></tr>
<tr><td>17</td><td>Homescreen portfolio hide mark</td><td style='background-color: green;color: white; font-weight: bold;'>Pass</td><td>6379</td></tr>
<tr><td>18</td><td>Homescreen portfolio overall value</td><td style='background-color: green;color: white; font-weight: bold;'>Pass</td><td>2254</td></tr>
<tr><td>19</td><td>Homescreen portfolio expand button</td><td style='background-color: green;color: white; font-weight: bold;'>Pass</td><td>13461</td></tr>
<tr><td>20</td><td>Homescreen portfolio collapse button</td><td style='background-color: green;color: white; font-weight: bold;'>Pass</td><td>2015</td></tr>
<tr><td>21</td><td>Homescreen Research idea I button</td><td style='background-color: green;color: white; font-weight: bold;'>Pass</td><td>1307</td></tr>
<tr><td>22</td><td>Homescreen IPO button</td><td style='background-color: green;color: white; font-weight: bold;'>Pass</td><td>3088</td></tr>
<tr><td>23</td><td>Homescreen Research Idea button</td><td style='background-color: green;color: white; font-weight: bold;'>Pass</td><td>5357</td></tr>
<tr><td>24</td><td>Homescreen IAP button</td><td style='background-color: green;color: white; font-weight: bold;'>Pass</td><td>2620</td></tr>
<tr><td>25</td><td>Homescreen Bonds button</td><td style='background-color: green;color: white; font-weight: bold;'>Pass</td><td>13827</td></tr>
<tr><td>26</td><td>Homescreen Option Store button</td><td style='background-color: green;color: white; font-weight: bold;'>Pass</td><td>3002</td></tr>
<tr><td>27</td><td>Homescreen Stock Basket button</td><td style='background-color: green;color: white; font-weight: bold;'>Pass</td><td>3584</td></tr>
<tr><td>28</td><td>Homescreen Insurance button</td><td style='background-color: green;color: white; font-weight: bold;'>Pass</td><td>2121</td></tr>
<tr><td>29</td><td>Homescreen Fixed Deposit button</td><td style='background-color: green;color: white; font-weight: bold;'>Pass</td><td>3927</td></tr>
<tr><td>30</td><td>Homescreen Smallcase button</td><td style='background-color: green;color: white; font-weight: bold;'>Pass</td><td>2435</td></tr>
<tr><td>31</td><td>Homescreen Teji Mandi button</td><td style='background-color: green;color: white; font-weight: bold;'>Pass</td><td>4178</td></tr>
<tr><td>32</td><td>Homescreen TGS button</td><td style='background-color: green;color: white; font-weight: bold;'>Pass</td><td>6550</td></tr>
<tr><td>33</td><td>Homescreen Intra options button</td><td style='background-color: green;color: white; font-weight: bold;'>Pass</td><td>5500</td></tr>
<tr><td>34</td><td>Homescreen MF High Returns button</td><td style='background-color: green;color: white; font-weight: bold;'>Pass</td><td>2767</td></tr>
<tr><td>35</td><td>Homescreen MF SIP with 500 button</td><td style='background-color: green;color: white; font-weight: bold;'>Pass</td><td>2851</td></tr>
<tr><td>36</td><td>Homescreen MF Tax Saver button</td><td style='background-color: green;color: white; font-weight: bold;'>Pass</td><td>3432</td></tr>
<tr><td>37</td><td>Homescreen MF MO Recommended button</td><td style='background-color: green;color: white; font-weight: bold;'>Pass</td><td>3276</td></tr>
<tr><td>38</td><td>Homescreen MF Highest rated Fund button</td><td style='background-color: green;color: white; font-weight: bold;'>Pass</td><td>5374</td></tr>
<tr><td>39</td><td>Homescreen MF International Fund button</td><td style='background-color: green;color: white; font-weight: bold;'>Pass</td><td>10398</td></tr>
<tr><td>40</td><td>Homescreen IPO I button</td><td style='background-color: green;color: white; font-weight: bold;'>Pass</td><td>9062</td></tr>
<tr><td>41</td><td>Homescreen IPO view All button</td><td style='background-color: green;color: white; font-weight: bold;'>Pass</td><td>2837</td></tr>
<tr><td>42</td><td>Homescreen IPO button</td><td style='background-color: green;color: white; font-weight: bold;'>Pass</td><td>2741</td></tr>
<tr><td>43</td><td>Homescreen NFO button</td><td style='background-color: green;color: white; font-weight: bold;'>Pass</td><td>1073</td></tr>
<tr><td>44</td><td>Homescreen Stock sip button</td><td style='background-color: green;color: white; font-weight: bold;'>Pass</td><td>5119</td></tr>
<tr><td>45</td><td>Homescreen MF sip button</td><td style='background-color: green;color: white; font-weight: bold;'>Pass</td><td>4355</td></tr>
<tr><td>46</td><td>Homescreen Reports button</td><td style='background-color: green;color: white; font-weight: bold;'>Pass</td><td>2187</td></tr>
<tr><td>47</td><td>Homescreen PNL Summary button</td><td style='background-color: green;color: white; font-weight: bold;'>Pass</td><td>12832</td></tr>
<tr><td>48</td><td>Homescreen Alerts button</td><td style='background-color: green;color: white; font-weight: bold;'>Pass</td><td>8842</td></tr>
<tr><td>49</td><td>Homescreen margin cal button</td><td style='background-color: green;color: white; font-weight: bold;'>Pass</td><td>10755</td></tr>
<tr><td>50</td><td>Homescreen MO API button</td><td style='background-color: red;color: white; font-weight: bold;'>Fail</td><td>34100</td></tr>
<tr><td>51</td><td>Mutual Fund View All Returns</td><td style='background-color: green;color: white; font-weight: bold;'>Pass</td><td>25959</td></tr>
<tr><td>52</td><td>Portfolio View Analysis button</td><td style='background-color: red;color: white; font-weight: bold;'>Fail</td><td>31502</td></tr>
<tr><td>53</td><td>Portfolio swipe Stocks Tab verification</td><td style='background-color: green;color: white; font-weight: bold;'>Pass</td><td>46945</td></tr>
<tr><td>54</td><td>Portfolio swipe MF Tab verification</td><td style='background-color: green;color: white; font-weight: bold;'>Pass</td><td>52062</td></tr>
<tr><td>55</td><td>Portfolio swipe PMS Tab verification</td><td style='background-color: green;color: white; font-weight: bold;'>Pass</td><td>47014</td></tr>
<tr><td>56</td><td>Portfolio swipe Basket Tab verification</td><td style='background-color: green;color: white; font-weight: bold;'>Pass</td><td>44113</td></tr>
<tr><td>57</td><td>Add Watchlist</td><td style='background-color: green;color: white; font-weight: bold;'>Pass</td><td>18078</td></tr>
<tr><td>58</td><td>Add Script in watchlist</td><td style='background-color: green;color: white; font-weight: bold;'>Pass</td><td>10067</td></tr>
<tr><td>59</td><td>MTF in script in watchlist</td><td style='background-color: green;color: white; font-weight: bold;'>Pass</td><td>698</td></tr>
<tr><td>60</td><td>Delete script from watchlist</td><td style='background-color: green;color: white; font-weight: bold;'>Pass</td><td>10335</td></tr>
<tr><td>61</td><td>Delete watchlist</td><td style='background-color: green;color: white; font-weight: bold;'>Pass</td><td>10974</td></tr>
<tr><td>62</td><td>Profile asba switch</td><td style='background-color: green;color: white; font-weight: bold;'>Pass</td><td>790</td></tr>
</table>]]>
    </system-out>
  </testcase> <!-- App_Regression -->
  <testcase classname="a_Nadeem.Rise_Regression" name="orderrouting">
    <skipped/>
  </testcase> <!-- orderrouting -->
  <system-out>
    <![CDATA[<h3>Execution Report</h3>
<table border='1' style='border-collapse: collapse; width: 75%; text-align: center;'>
<tr><th>Sr. No</th><th>Test Case</th><th>Status</th><th>Time Taken (ms)</th></tr>
<tr><td>1</td><td>Global Search Result</td><td style='background-color: red;color: white; font-weight: bold;'>Fail</td><td>1327</td></tr>
<tr><td>2</td><td>Get quote fut tab</td><td style='background-color: green;color: white; font-weight: bold;'>Pass</td><td>3886</td></tr>
<tr><td>3</td><td>Get quote opt tab</td><td style='background-color: green;color: white; font-weight: bold;'>Pass</td><td>5729</td></tr>
<tr><td>4</td><td>Get quote cash tab</td><td style='background-color: green;color: white; font-weight: bold;'>Pass</td><td>1664</td></tr>
<tr><td>5</td><td>Get quote Nse switch delivery buy order form</td><td style='background-color: green;color: white; font-weight: bold;'>Pass</td><td>3140</td></tr>
<tr><td>6</td><td>Get quote Nse switch delivery Sell order form</td><td style='background-color: green;color: white; font-weight: bold;'>Pass</td><td>5329</td></tr>
<tr><td>7</td><td>Get quote Bse switch delivery buy order form</td><td style='background-color: green;color: white; font-weight: bold;'>Pass</td><td>9293</td></tr>
<tr><td>8</td><td>Get quote Bse switch delivery sell order form</td><td style='background-color: green;color: white; font-weight: bold;'>Pass</td><td>6018</td></tr>
<tr><td>9</td><td>Get quote charts button</td><td style='background-color: green;color: white; font-weight: bold;'>Pass</td><td>2743</td></tr>
<tr><td>10</td><td>Get quote optionchain button</td><td style='background-color: green;color: white; font-weight: bold;'>Pass</td><td>7218</td></tr>
<tr><td>11</td><td>Get quote Fundamental Tab</td><td style='background-color: red;color: white; font-weight: bold;'>Fail</td><td>2510</td></tr>
<tr><td>12</td><td>Get quote Technical Tab</td><td style='background-color: green;color: white; font-weight: bold;'>Pass</td><td>4013</td></tr>
<tr><td>13</td><td>Get quote News Tab</td><td style='background-color: green;color: white; font-weight: bold;'>Pass</td><td>2055</td></tr>
<tr><td>14</td><td>Get quote Transactions Tab</td><td style='background-color: green;color: white; font-weight: bold;'>Pass</td><td>12533</td></tr>
<tr><td>15</td><td>Order Form quantity toggle</td><td style='background-color: green;color: white; font-weight: bold;'>Pass</td><td>8625</td></tr>
<tr><td>16</td><td>Order Form amount toggle</td><td style='background-color: green;color: white; font-weight: bold;'>Pass</td><td>13514</td></tr>
<tr><td>17</td><td>Homescreen portfolio hide mark</td><td style='background-color: green;color: white; font-weight: bold;'>Pass</td><td>6379</td></tr>
<tr><td>18</td><td>Homescreen portfolio overall value</td><td style='background-color: green;color: white; font-weight: bold;'>Pass</td><td>2254</td></tr>
<tr><td>19</td><td>Homescreen portfolio expand button</td><td style='background-color: green;color: white; font-weight: bold;'>Pass</td><td>13461</td></tr>
<tr><td>20</td><td>Homescreen portfolio collapse button</td><td style='background-color: green;color: white; font-weight: bold;'>Pass</td><td>2015</td></tr>
<tr><td>21</td><td>Homescreen Research idea I button</td><td style='background-color: green;color: white; font-weight: bold;'>Pass</td><td>1307</td></tr>
<tr><td>22</td><td>Homescreen IPO button</td><td style='background-color: green;color: white; font-weight: bold;'>Pass</td><td>3088</td></tr>
<tr><td>23</td><td>Homescreen Research Idea button</td><td style='background-color: green;color: white; font-weight: bold;'>Pass</td><td>5357</td></tr>
<tr><td>24</td><td>Homescreen IAP button</td><td style='background-color: green;color: white; font-weight: bold;'>Pass</td><td>2620</td></tr>
<tr><td>25</td><td>Homescreen Bonds button</td><td style='background-color: green;color: white; font-weight: bold;'>Pass</td><td>13827</td></tr>
<tr><td>26</td><td>Homescreen Option Store button</td><td style='background-color: green;color: white; font-weight: bold;'>Pass</td><td>3002</td></tr>
<tr><td>27</td><td>Homescreen Stock Basket button</td><td style='background-color: green;color: white; font-weight: bold;'>Pass</td><td>3584</td></tr>
<tr><td>28</td><td>Homescreen Insurance button</td><td style='background-color: green;color: white; font-weight: bold;'>Pass</td><td>2121</td></tr>
<tr><td>29</td><td>Homescreen Fixed Deposit button</td><td style='background-color: green;color: white; font-weight: bold;'>Pass</td><td>3927</td></tr>
<tr><td>30</td><td>Homescreen Smallcase button</td><td style='background-color: green;color: white; font-weight: bold;'>Pass</td><td>2435</td></tr>
<tr><td>31</td><td>Homescreen Teji Mandi button</td><td style='background-color: green;color: white; font-weight: bold;'>Pass</td><td>4178</td></tr>
<tr><td>32</td><td>Homescreen TGS button</td><td style='background-color: green;color: white; font-weight: bold;'>Pass</td><td>6550</td></tr>
<tr><td>33</td><td>Homescreen Intra options button</td><td style='background-color: green;color: white; font-weight: bold;'>Pass</td><td>5500</td></tr>
<tr><td>34</td><td>Homescreen MF High Returns button</td><td style='background-color: green;color: white; font-weight: bold;'>Pass</td><td>2767</td></tr>
<tr><td>35</td><td>Homescreen MF SIP with 500 button</td><td style='background-color: green;color: white; font-weight: bold;'>Pass</td><td>2851</td></tr>
<tr><td>36</td><td>Homescreen MF Tax Saver button</td><td style='background-color: green;color: white; font-weight: bold;'>Pass</td><td>3432</td></tr>
<tr><td>37</td><td>Homescreen MF MO Recommended button</td><td style='background-color: green;color: white; font-weight: bold;'>Pass</td><td>3276</td></tr>
<tr><td>38</td><td>Homescreen MF Highest rated Fund button</td><td style='background-color: green;color: white; font-weight: bold;'>Pass</td><td>5374</td></tr>
<tr><td>39</td><td>Homescreen MF International Fund button</td><td style='background-color: green;color: white; font-weight: bold;'>Pass</td><td>10398</td></tr>
<tr><td>40</td><td>Homescreen IPO I button</td><td style='background-color: green;color: white; font-weight: bold;'>Pass</td><td>9062</td></tr>
<tr><td>41</td><td>Homescreen IPO view All button</td><td style='background-color: green;color: white; font-weight: bold;'>Pass</td><td>2837</td></tr>
<tr><td>42</td><td>Homescreen IPO button</td><td style='background-color: green;color: white; font-weight: bold;'>Pass</td><td>2741</td></tr>
<tr><td>43</td><td>Homescreen NFO button</td><td style='background-color: green;color: white; font-weight: bold;'>Pass</td><td>1073</td></tr>
<tr><td>44</td><td>Homescreen Stock sip button</td><td style='background-color: green;color: white; font-weight: bold;'>Pass</td><td>5119</td></tr>
<tr><td>45</td><td>Homescreen MF sip button</td><td style='background-color: green;color: white; font-weight: bold;'>Pass</td><td>4355</td></tr>
<tr><td>46</td><td>Homescreen Reports button</td><td style='background-color: green;color: white; font-weight: bold;'>Pass</td><td>2187</td></tr>
<tr><td>47</td><td>Homescreen PNL Summary button</td><td style='background-color: green;color: white; font-weight: bold;'>Pass</td><td>12832</td></tr>
<tr><td>48</td><td>Homescreen Alerts button</td><td style='background-color: green;color: white; font-weight: bold;'>Pass</td><td>8842</td></tr>
<tr><td>49</td><td>Homescreen margin cal button</td><td style='background-color: green;color: white; font-weight: bold;'>Pass</td><td>10755</td></tr>
<tr><td>50</td><td>Homescreen MO API button</td><td style='background-color: red;color: white; font-weight: bold;'>Fail</td><td>34100</td></tr>
<tr><td>51</td><td>Mutual Fund View All Returns</td><td style='background-color: green;color: white; font-weight: bold;'>Pass</td><td>25959</td></tr>
<tr><td>52</td><td>Portfolio View Analysis button</td><td style='background-color: red;color: white; font-weight: bold;'>Fail</td><td>31502</td></tr>
<tr><td>53</td><td>Portfolio swipe Stocks Tab verification</td><td style='background-color: green;color: white; font-weight: bold;'>Pass</td><td>46945</td></tr>
<tr><td>54</td><td>Portfolio swipe MF Tab verification</td><td style='background-color: green;color: white; font-weight: bold;'>Pass</td><td>52062</td></tr>
<tr><td>55</td><td>Portfolio swipe PMS Tab verification</td><td style='background-color: green;color: white; font-weight: bold;'>Pass</td><td>47014</td></tr>
<tr><td>56</td><td>Portfolio swipe Basket Tab verification</td><td style='background-color: green;color: white; font-weight: bold;'>Pass</td><td>44113</td></tr>
<tr><td>57</td><td>Add Watchlist</td><td style='background-color: green;color: white; font-weight: bold;'>Pass</td><td>18078</td></tr>
<tr><td>58</td><td>Add Script in watchlist</td><td style='background-color: green;color: white; font-weight: bold;'>Pass</td><td>10067</td></tr>
<tr><td>59</td><td>MTF in script in watchlist</td><td style='background-color: green;color: white; font-weight: bold;'>Pass</td><td>698</td></tr>
<tr><td>60</td><td>Delete script from watchlist</td><td style='background-color: green;color: white; font-weight: bold;'>Pass</td><td>10335</td></tr>
<tr><td>61</td><td>Delete watchlist</td><td style='background-color: green;color: white; font-weight: bold;'>Pass</td><td>10974</td></tr>
<tr><td>62</td><td>Profile asba switch</td><td style='background-color: green;color: white; font-weight: bold;'>Pass</td><td>790</td></tr>
</table>]]>
  </system-out>
</testsuite> <!-- a_Nadeem.Rise_Regression -->
