<?xml version="1.0" encoding="UTF-8"?>
<!-- Generated by org.testng.reporters.JUnitReportReporter -->
<testsuite hostname="MOT-32333-L" failures="0" tests="3" name="a_Nadeem.Rise_Regression" time="1144.757" errors="0" timestamp="2025-02-04T18:08:59 IST" skipped="1">
  <testcase classname="a_Nadeem.Rise_Regression" name="Verify_user_login_and_clicks_on_RDD" time="26.257"/>
  <testcase classname="a_Nadeem.Rise_Regression" name="App_Regression" time="1118.500">
    <system-out>
      <![CDATA[<h3>Execution Report</h3>
<table border='1' style='border-collapse: collapse; width: 75%; text-align: center;'>
<tr><th>Sr. No</th><th>Test Case</th><th>Status</th><th>Time Taken (ms)</th></tr>
<tr><td>1</td><td>Global Search Result</td><td style='background-color: green;color: white; font-weight: bold;'>Pass</td><td>3015</td></tr>
<tr><td>2</td><td>Get quote fut tab</td><td style='background-color: green;color: white; font-weight: bold;'>Pass</td><td>2058</td></tr>
<tr><td>3</td><td>Get quote opt tab</td><td style='background-color: green;color: white; font-weight: bold;'>Pass</td><td>1580</td></tr>
<tr><td>4</td><td>Get quote cash tab</td><td style='background-color: green;color: white; font-weight: bold;'>Pass</td><td>1194</td></tr>
<tr><td>5</td><td>Get quote Nse switch delivery buy order form</td><td style='background-color: green;color: white; font-weight: bold;'>Pass</td><td>2400</td></tr>
<tr><td>6</td><td>Get quote Nse switch delivery Sell order form</td><td style='background-color: green;color: white; font-weight: bold;'>Pass</td><td>2735</td></tr>
<tr><td>7</td><td>Get quote Bse switch delivery buy order form</td><td style='background-color: green;color: white; font-weight: bold;'>Pass</td><td>9128</td></tr>
<tr><td>8</td><td>Get quote Bse switch delivery sell order form</td><td style='background-color: green;color: white; font-weight: bold;'>Pass</td><td>5491</td></tr>
<tr><td>9</td><td>Get quote charts button</td><td style='background-color: green;color: white; font-weight: bold;'>Pass</td><td>7070</td></tr>
<tr><td>10</td><td>Get quote optionchain button</td><td style='background-color: green;color: white; font-weight: bold;'>Pass</td><td>7133</td></tr>
<tr><td>11</td><td>Get quote Fundamental Tab</td><td style='background-color: green;color: white; font-weight: bold;'>Pass</td><td>6892</td></tr>
<tr><td>12</td><td>Get quote Technical Tab</td><td style='background-color: green;color: white; font-weight: bold;'>Pass</td><td>3212</td></tr>
<tr><td>13</td><td>Get quote News Tab</td><td style='background-color: green;color: white; font-weight: bold;'>Pass</td><td>2479</td></tr>
<tr><td>14</td><td>Get quote Transactions Tab</td><td style='background-color: green;color: white; font-weight: bold;'>Pass</td><td>12260</td></tr>
<tr><td>15</td><td>Order Form quantity toggle</td><td style='background-color: green;color: white; font-weight: bold;'>Pass</td><td>11313</td></tr>
<tr><td>16</td><td>Order Form amount toggle</td><td style='background-color: green;color: white; font-weight: bold;'>Pass</td><td>5294</td></tr>
<tr><td>17</td><td>Homescreen portfolio hide mark</td><td style='background-color: green;color: white; font-weight: bold;'>Pass</td><td>990</td></tr>
<tr><td>18</td><td>Homescreen portfolio overall value</td><td style='background-color: green;color: white; font-weight: bold;'>Pass</td><td>2417</td></tr>
<tr><td>19</td><td>Homescreen portfolio expand button</td><td style='background-color: green;color: white; font-weight: bold;'>Pass</td><td>2546</td></tr>
<tr><td>20</td><td>Homescreen portfolio collapse button</td><td style='background-color: green;color: white; font-weight: bold;'>Pass</td><td>2894</td></tr>
<tr><td>21</td><td>Homescreen Research idea I button</td><td style='background-color: green;color: white; font-weight: bold;'>Pass</td><td>4671</td></tr>
<tr><td>22</td><td>Homescreen IPO button</td><td style='background-color: green;color: white; font-weight: bold;'>Pass</td><td>2006</td></tr>
<tr><td>23</td><td>Homescreen Research Idea button</td><td style='background-color: green;color: white; font-weight: bold;'>Pass</td><td>7882</td></tr>
<tr><td>24</td><td>Homescreen IAP button</td><td style='background-color: green;color: white; font-weight: bold;'>Pass</td><td>4819</td></tr>
<tr><td>25</td><td>Homescreen Bonds button</td><td style='background-color: green;color: white; font-weight: bold;'>Pass</td><td>11548</td></tr>
<tr><td>26</td><td>Homescreen Option Store button</td><td style='background-color: green;color: white; font-weight: bold;'>Pass</td><td>15481</td></tr>
<tr><td>27</td><td>Homescreen Stock Basket button</td><td style='background-color: green;color: white; font-weight: bold;'>Pass</td><td>12185</td></tr>
<tr><td>28</td><td>Homescreen Insurance button</td><td style='background-color: green;color: white; font-weight: bold;'>Pass</td><td>3067</td></tr>
<tr><td>29</td><td>Homescreen Fixed Deposit button</td><td style='background-color: green;color: white; font-weight: bold;'>Pass</td><td>8089</td></tr>
<tr><td>30</td><td>Homescreen Smallcase button</td><td style='background-color: red;color: white; font-weight: bold;'>Fail</td><td>3410</td></tr>
<tr><td>31</td><td>Homescreen Teji Mandi button</td><td style='background-color: red;color: white; font-weight: bold;'>Fail</td><td>3201</td></tr>
<tr><td>32</td><td>Homescreen TGS button</td><td style='background-color: green;color: white; font-weight: bold;'>Pass</td><td>2761</td></tr>
<tr><td>33</td><td>Homescreen Intra options button</td><td style='background-color: green;color: white; font-weight: bold;'>Pass</td><td>1737</td></tr>
<tr><td>34</td><td>Homescreen MF High Returns button</td><td style='background-color: green;color: white; font-weight: bold;'>Pass</td><td>1731</td></tr>
<tr><td>35</td><td>Homescreen MF SIP with 500 button</td><td style='background-color: green;color: white; font-weight: bold;'>Pass</td><td>2561</td></tr>
<tr><td>36</td><td>Homescreen MF Tax Saver button</td><td style='background-color: green;color: white; font-weight: bold;'>Pass</td><td>3396</td></tr>
<tr><td>37</td><td>Homescreen MF MO Recommended button</td><td style='background-color: green;color: white; font-weight: bold;'>Pass</td><td>7741</td></tr>
<tr><td>38</td><td>Homescreen MF Highest rated Fund button</td><td style='background-color: green;color: white; font-weight: bold;'>Pass</td><td>3000</td></tr>
<tr><td>39</td><td>Homescreen MF International Fund button</td><td style='background-color: green;color: white; font-weight: bold;'>Pass</td><td>6484</td></tr>
<tr><td>40</td><td>Homescreen IPO I button</td><td style='background-color: red;color: white; font-weight: bold;'>Fail</td><td>45446</td></tr>
<tr><td>41</td><td>Homescreen IPO view All button</td><td style='background-color: green;color: white; font-weight: bold;'>Pass</td><td>20315</td></tr>
<tr><td>42</td><td>Homescreen IPO button</td><td style='background-color: green;color: white; font-weight: bold;'>Pass</td><td>552</td></tr>
<tr><td>43</td><td>Homescreen NFO button</td><td style='background-color: green;color: white; font-weight: bold;'>Pass</td><td>1732</td></tr>
<tr><td>44</td><td>Homescreen Stock sip button</td><td style='background-color: green;color: white; font-weight: bold;'>Pass</td><td>4058</td></tr>
<tr><td>45</td><td>Homescreen MF sip button</td><td style='background-color: green;color: white; font-weight: bold;'>Pass</td><td>2831</td></tr>
<tr><td>46</td><td>Homescreen Reports button</td><td style='background-color: green;color: white; font-weight: bold;'>Pass</td><td>1191</td></tr>
<tr><td>47</td><td>Homescreen PNL Summary button</td><td style='background-color: green;color: white; font-weight: bold;'>Pass</td><td>11510</td></tr>
<tr><td>48</td><td>Homescreen Alerts button</td><td style='background-color: green;color: white; font-weight: bold;'>Pass</td><td>7884</td></tr>
<tr><td>49</td><td>Homescreen margin cal button</td><td style='background-color: green;color: white; font-weight: bold;'>Pass</td><td>3308</td></tr>
<tr><td>50</td><td>Homescreen MO API button</td><td style='background-color: green;color: white; font-weight: bold;'>Pass</td><td>5201</td></tr>
<tr><td>51</td><td>Mutual Fund View All Returns</td><td style='background-color: green;color: white; font-weight: bold;'>Pass</td><td>19992</td></tr>
<tr><td>52</td><td>Portfolio View Analysis button</td><td style='background-color: green;color: white; font-weight: bold;'>Pass</td><td>5716</td></tr>
<tr><td>53</td><td>Portfolio swipe Stocks Tab verification</td><td style='background-color: green;color: white; font-weight: bold;'>Pass</td><td>43120</td></tr>
<tr><td>54</td><td>Portfolio swipe MF Tab verification</td><td style='background-color: green;color: white; font-weight: bold;'>Pass</td><td>51227</td></tr>
<tr><td>55</td><td>Portfolio swipe PMS Tab verification</td><td style='background-color: green;color: white; font-weight: bold;'>Pass</td><td>49744</td></tr>
<tr><td>56</td><td>Portfolio swipe Basket Tab verification</td><td style='background-color: green;color: white; font-weight: bold;'>Pass</td><td>49715</td></tr>
<tr><td>57</td><td>Add Watchlist</td><td style='background-color: green;color: white; font-weight: bold;'>Pass</td><td>20136</td></tr>
<tr><td>58</td><td>Add Script in watchlist</td><td style='background-color: green;color: white; font-weight: bold;'>Pass</td><td>15936</td></tr>
<tr><td>59</td><td>MTF in script in watchlist</td><td style='background-color: green;color: white; font-weight: bold;'>Pass</td><td>145</td></tr>
<tr><td>60</td><td>Delete script from watchlist</td><td style='background-color: green;color: white; font-weight: bold;'>Pass</td><td>4456</td></tr>
<tr><td>61</td><td>Delete watchlist</td><td style='background-color: green;color: white; font-weight: bold;'>Pass</td><td>11233</td></tr>
<tr><td>62</td><td>Profile asba switch</td><td style='background-color: green;color: white; font-weight: bold;'>Pass</td><td>666</td></tr>
</table>]]>
    </system-out>
  </testcase> <!-- App_Regression -->
  <testcase classname="a_Nadeem.Rise_Regression" name="orderrouting">
    <skipped/>
  </testcase> <!-- orderrouting -->
  <system-out>
    <![CDATA[<h3>Execution Report</h3>
<table border='1' style='border-collapse: collapse; width: 75%; text-align: center;'>
<tr><th>Sr. No</th><th>Test Case</th><th>Status</th><th>Time Taken (ms)</th></tr>
<tr><td>1</td><td>Global Search Result</td><td style='background-color: green;color: white; font-weight: bold;'>Pass</td><td>3015</td></tr>
<tr><td>2</td><td>Get quote fut tab</td><td style='background-color: green;color: white; font-weight: bold;'>Pass</td><td>2058</td></tr>
<tr><td>3</td><td>Get quote opt tab</td><td style='background-color: green;color: white; font-weight: bold;'>Pass</td><td>1580</td></tr>
<tr><td>4</td><td>Get quote cash tab</td><td style='background-color: green;color: white; font-weight: bold;'>Pass</td><td>1194</td></tr>
<tr><td>5</td><td>Get quote Nse switch delivery buy order form</td><td style='background-color: green;color: white; font-weight: bold;'>Pass</td><td>2400</td></tr>
<tr><td>6</td><td>Get quote Nse switch delivery Sell order form</td><td style='background-color: green;color: white; font-weight: bold;'>Pass</td><td>2735</td></tr>
<tr><td>7</td><td>Get quote Bse switch delivery buy order form</td><td style='background-color: green;color: white; font-weight: bold;'>Pass</td><td>9128</td></tr>
<tr><td>8</td><td>Get quote Bse switch delivery sell order form</td><td style='background-color: green;color: white; font-weight: bold;'>Pass</td><td>5491</td></tr>
<tr><td>9</td><td>Get quote charts button</td><td style='background-color: green;color: white; font-weight: bold;'>Pass</td><td>7070</td></tr>
<tr><td>10</td><td>Get quote optionchain button</td><td style='background-color: green;color: white; font-weight: bold;'>Pass</td><td>7133</td></tr>
<tr><td>11</td><td>Get quote Fundamental Tab</td><td style='background-color: green;color: white; font-weight: bold;'>Pass</td><td>6892</td></tr>
<tr><td>12</td><td>Get quote Technical Tab</td><td style='background-color: green;color: white; font-weight: bold;'>Pass</td><td>3212</td></tr>
<tr><td>13</td><td>Get quote News Tab</td><td style='background-color: green;color: white; font-weight: bold;'>Pass</td><td>2479</td></tr>
<tr><td>14</td><td>Get quote Transactions Tab</td><td style='background-color: green;color: white; font-weight: bold;'>Pass</td><td>12260</td></tr>
<tr><td>15</td><td>Order Form quantity toggle</td><td style='background-color: green;color: white; font-weight: bold;'>Pass</td><td>11313</td></tr>
<tr><td>16</td><td>Order Form amount toggle</td><td style='background-color: green;color: white; font-weight: bold;'>Pass</td><td>5294</td></tr>
<tr><td>17</td><td>Homescreen portfolio hide mark</td><td style='background-color: green;color: white; font-weight: bold;'>Pass</td><td>990</td></tr>
<tr><td>18</td><td>Homescreen portfolio overall value</td><td style='background-color: green;color: white; font-weight: bold;'>Pass</td><td>2417</td></tr>
<tr><td>19</td><td>Homescreen portfolio expand button</td><td style='background-color: green;color: white; font-weight: bold;'>Pass</td><td>2546</td></tr>
<tr><td>20</td><td>Homescreen portfolio collapse button</td><td style='background-color: green;color: white; font-weight: bold;'>Pass</td><td>2894</td></tr>
<tr><td>21</td><td>Homescreen Research idea I button</td><td style='background-color: green;color: white; font-weight: bold;'>Pass</td><td>4671</td></tr>
<tr><td>22</td><td>Homescreen IPO button</td><td style='background-color: green;color: white; font-weight: bold;'>Pass</td><td>2006</td></tr>
<tr><td>23</td><td>Homescreen Research Idea button</td><td style='background-color: green;color: white; font-weight: bold;'>Pass</td><td>7882</td></tr>
<tr><td>24</td><td>Homescreen IAP button</td><td style='background-color: green;color: white; font-weight: bold;'>Pass</td><td>4819</td></tr>
<tr><td>25</td><td>Homescreen Bonds button</td><td style='background-color: green;color: white; font-weight: bold;'>Pass</td><td>11548</td></tr>
<tr><td>26</td><td>Homescreen Option Store button</td><td style='background-color: green;color: white; font-weight: bold;'>Pass</td><td>15481</td></tr>
<tr><td>27</td><td>Homescreen Stock Basket button</td><td style='background-color: green;color: white; font-weight: bold;'>Pass</td><td>12185</td></tr>
<tr><td>28</td><td>Homescreen Insurance button</td><td style='background-color: green;color: white; font-weight: bold;'>Pass</td><td>3067</td></tr>
<tr><td>29</td><td>Homescreen Fixed Deposit button</td><td style='background-color: green;color: white; font-weight: bold;'>Pass</td><td>8089</td></tr>
<tr><td>30</td><td>Homescreen Smallcase button</td><td style='background-color: red;color: white; font-weight: bold;'>Fail</td><td>3410</td></tr>
<tr><td>31</td><td>Homescreen Teji Mandi button</td><td style='background-color: red;color: white; font-weight: bold;'>Fail</td><td>3201</td></tr>
<tr><td>32</td><td>Homescreen TGS button</td><td style='background-color: green;color: white; font-weight: bold;'>Pass</td><td>2761</td></tr>
<tr><td>33</td><td>Homescreen Intra options button</td><td style='background-color: green;color: white; font-weight: bold;'>Pass</td><td>1737</td></tr>
<tr><td>34</td><td>Homescreen MF High Returns button</td><td style='background-color: green;color: white; font-weight: bold;'>Pass</td><td>1731</td></tr>
<tr><td>35</td><td>Homescreen MF SIP with 500 button</td><td style='background-color: green;color: white; font-weight: bold;'>Pass</td><td>2561</td></tr>
<tr><td>36</td><td>Homescreen MF Tax Saver button</td><td style='background-color: green;color: white; font-weight: bold;'>Pass</td><td>3396</td></tr>
<tr><td>37</td><td>Homescreen MF MO Recommended button</td><td style='background-color: green;color: white; font-weight: bold;'>Pass</td><td>7741</td></tr>
<tr><td>38</td><td>Homescreen MF Highest rated Fund button</td><td style='background-color: green;color: white; font-weight: bold;'>Pass</td><td>3000</td></tr>
<tr><td>39</td><td>Homescreen MF International Fund button</td><td style='background-color: green;color: white; font-weight: bold;'>Pass</td><td>6484</td></tr>
<tr><td>40</td><td>Homescreen IPO I button</td><td style='background-color: red;color: white; font-weight: bold;'>Fail</td><td>45446</td></tr>
<tr><td>41</td><td>Homescreen IPO view All button</td><td style='background-color: green;color: white; font-weight: bold;'>Pass</td><td>20315</td></tr>
<tr><td>42</td><td>Homescreen IPO button</td><td style='background-color: green;color: white; font-weight: bold;'>Pass</td><td>552</td></tr>
<tr><td>43</td><td>Homescreen NFO button</td><td style='background-color: green;color: white; font-weight: bold;'>Pass</td><td>1732</td></tr>
<tr><td>44</td><td>Homescreen Stock sip button</td><td style='background-color: green;color: white; font-weight: bold;'>Pass</td><td>4058</td></tr>
<tr><td>45</td><td>Homescreen MF sip button</td><td style='background-color: green;color: white; font-weight: bold;'>Pass</td><td>2831</td></tr>
<tr><td>46</td><td>Homescreen Reports button</td><td style='background-color: green;color: white; font-weight: bold;'>Pass</td><td>1191</td></tr>
<tr><td>47</td><td>Homescreen PNL Summary button</td><td style='background-color: green;color: white; font-weight: bold;'>Pass</td><td>11510</td></tr>
<tr><td>48</td><td>Homescreen Alerts button</td><td style='background-color: green;color: white; font-weight: bold;'>Pass</td><td>7884</td></tr>
<tr><td>49</td><td>Homescreen margin cal button</td><td style='background-color: green;color: white; font-weight: bold;'>Pass</td><td>3308</td></tr>
<tr><td>50</td><td>Homescreen MO API button</td><td style='background-color: green;color: white; font-weight: bold;'>Pass</td><td>5201</td></tr>
<tr><td>51</td><td>Mutual Fund View All Returns</td><td style='background-color: green;color: white; font-weight: bold;'>Pass</td><td>19992</td></tr>
<tr><td>52</td><td>Portfolio View Analysis button</td><td style='background-color: green;color: white; font-weight: bold;'>Pass</td><td>5716</td></tr>
<tr><td>53</td><td>Portfolio swipe Stocks Tab verification</td><td style='background-color: green;color: white; font-weight: bold;'>Pass</td><td>43120</td></tr>
<tr><td>54</td><td>Portfolio swipe MF Tab verification</td><td style='background-color: green;color: white; font-weight: bold;'>Pass</td><td>51227</td></tr>
<tr><td>55</td><td>Portfolio swipe PMS Tab verification</td><td style='background-color: green;color: white; font-weight: bold;'>Pass</td><td>49744</td></tr>
<tr><td>56</td><td>Portfolio swipe Basket Tab verification</td><td style='background-color: green;color: white; font-weight: bold;'>Pass</td><td>49715</td></tr>
<tr><td>57</td><td>Add Watchlist</td><td style='background-color: green;color: white; font-weight: bold;'>Pass</td><td>20136</td></tr>
<tr><td>58</td><td>Add Script in watchlist</td><td style='background-color: green;color: white; font-weight: bold;'>Pass</td><td>15936</td></tr>
<tr><td>59</td><td>MTF in script in watchlist</td><td style='background-color: green;color: white; font-weight: bold;'>Pass</td><td>145</td></tr>
<tr><td>60</td><td>Delete script from watchlist</td><td style='background-color: green;color: white; font-weight: bold;'>Pass</td><td>4456</td></tr>
<tr><td>61</td><td>Delete watchlist</td><td style='background-color: green;color: white; font-weight: bold;'>Pass</td><td>11233</td></tr>
<tr><td>62</td><td>Profile asba switch</td><td style='background-color: green;color: white; font-weight: bold;'>Pass</td><td>666</td></tr>
</table>]]>
  </system-out>
</testsuite> <!-- a_Nadeem.Rise_Regression -->
