<?xml version="1.0" encoding="UTF-8"?>
<!-- Generated by org.testng.reporters.JUnitReportReporter -->
<testsuite hostname="MOT-32183-L" failures="0" tests="1" name="Bharat.NewTest" time="0.011" errors="0" timestamp="2025-02-13T11:12:22 IST" skipped="0">
  <testcase classname="Bharat.NewTest" name="f" time="0.011"/>
  <system-out/>
</testsuite> <!-- Bharat.NewTest -->
