<?xml version="1.0" encoding="UTF-8"?>
<!-- Generated by org.testng.reporters.JUnitReportReporter -->
<testsuite hostname="MOT-32333-L" failures="0" tests="2" name="a_Nadeem.Rise_Regression" time="633.596" errors="1" timestamp="2025-01-12T01:20:07 IST" skipped="0">
  <testcase classname="a_Nadeem.Rise_Regression" name="Verify_user_login_and_clicks_on_RDD" time="30.313"/>
  <testcase classname="a_Nadeem.Rise_Regression" name="App_Regression" time="603.283">
    <error message="Unsupported CSS selector &#039;*[name=&#039;deleteicon&#039;]&#039;. Reason: &#039;Error: &#039;name&#039; is not a valid attribute. Supported attributes are &#039;checkable, checked, clickable, enabled, focusable, focused, long-clickable, scrollable, selected, index, instance, description, resource-id, text, class-name, package-name&#039;&#039;
For documentation on this error, please visit: https://www.selenium.dev/documentation/webdriver/troubleshooting/errors#invalid-selector-exception
Build info: version: &#039;4.21.0&#039;, revision: &#039;79ed462ef4&#039;
System info: os.name: &#039;Windows 10&#039;, os.arch: &#039;amd64&#039;, os.version: &#039;10.0&#039;, java.version: &#039;17.0.10&#039;
Driver info: io.appium.java_client.android.AndroidDriver
Command: [72f09e30-cdd4-4a02-ba27-ae693c987737, findElement {using=css selector, value=*[name=&#039;deleteicon&#039;]}]
Capabilities {appium:appActivity: mosl.supperfina.com.MainAct..., appium:appPackage: com.mosl.mobile, appium:autoGrantPermissions: true, appium:automationName: UiAutomator2, appium:databaseEnabled: false, appium:desired: {appActivity: mosl.supperfina.com.MainAct..., appPackage: com.mosl.mobile, autoGrantPermissions: true, automationName: UiAutomator2, deviceName: CPH2467, noReset: true, platformName: ANDROID, platformVersion: 13, udid: 97957054}, appium:deviceApiLevel: 33, appium:deviceManufacturer: OnePlus, appium:deviceModel: CPH2467, appium:deviceName: 97957054, appium:deviceScreenDensity: 408, appium:deviceScreenSize: 1080x2400, appium:deviceUDID: 97957054, appium:javascriptEnabled: true, appium:locationContextEnabled: false, appium:networkConnectionEnabled: true, appium:noReset: true, appium:pixelRatio: 2.55, appium:platformVersion: 13, appium:statBarHeight: 107, appium:takesScreenshot: true, appium:udid: 97957054, appium:viewportRect: {height: 2074, left: 0, top: 107, width: 1080}, appium:warnings: {}, appium:webStorageEnabled: false, platformName: ANDROID}
Session ID: 72f09e30-cdd4-4a02-ba27-ae693c987737" type="org.openqa.selenium.InvalidSelectorException">
      <![CDATA[org.openqa.selenium.InvalidSelectorException: Unsupported CSS selector '*[name='deleteicon']'. Reason: 'Error: 'name' is not a valid attribute. Supported attributes are 'checkable, checked, clickable, enabled, focusable, focused, long-clickable, scrollable, selected, index, instance, description, resource-id, text, class-name, package-name''
For documentation on this error, please visit: https://www.selenium.dev/documentation/webdriver/troubleshooting/errors#invalid-selector-exception
Build info: version: '4.21.0', revision: '79ed462ef4'
System info: os.name: 'Windows 10', os.arch: 'amd64', os.version: '10.0', java.version: '17.0.10'
Driver info: io.appium.java_client.android.AndroidDriver
Command: [72f09e30-cdd4-4a02-ba27-ae693c987737, findElement {using=css selector, value=*[name='deleteicon']}]
Capabilities {appium:appActivity: mosl.supperfina.com.MainAct..., appium:appPackage: com.mosl.mobile, appium:autoGrantPermissions: true, appium:automationName: UiAutomator2, appium:databaseEnabled: false, appium:desired: {appActivity: mosl.supperfina.com.MainAct..., appPackage: com.mosl.mobile, autoGrantPermissions: true, automationName: UiAutomator2, deviceName: CPH2467, noReset: true, platformName: ANDROID, platformVersion: 13, udid: 97957054}, appium:deviceApiLevel: 33, appium:deviceManufacturer: OnePlus, appium:deviceModel: CPH2467, appium:deviceName: 97957054, appium:deviceScreenDensity: 408, appium:deviceScreenSize: 1080x2400, appium:deviceUDID: 97957054, appium:javascriptEnabled: true, appium:locationContextEnabled: false, appium:networkConnectionEnabled: true, appium:noReset: true, appium:pixelRatio: 2.55, appium:platformVersion: 13, appium:statBarHeight: 107, appium:takesScreenshot: true, appium:udid: 97957054, appium:viewportRect: {height: 2074, left: 0, top: 107, width: 1080}, appium:warnings: {}, appium:webStorageEnabled: false, platformName: ANDROID}
Session ID: 72f09e30-cdd4-4a02-ba27-ae693c987737
at java.base/jdk.internal.reflect.NativeConstructorAccessorImpl.newInstance0(Native Method)
at java.base/jdk.internal.reflect.NativeConstructorAccessorImpl.newInstance(NativeConstructorAccessorImpl.java:77)
at java.base/jdk.internal.reflect.DelegatingConstructorAccessorImpl.newInstance(DelegatingConstructorAccessorImpl.java:45)
at java.base/java.lang.reflect.Constructor.newInstanceWithCaller(Constructor.java:499)
at java.base/java.lang.reflect.Constructor.newInstance(Constructor.java:480)
at org.openqa.selenium.remote.ErrorCodec.decode(ErrorCodec.java:167)
at org.openqa.selenium.remote.codec.w3c.W3CHttpResponseCodec.decode(W3CHttpResponseCodec.java:138)
at org.openqa.selenium.remote.codec.w3c.W3CHttpResponseCodec.decode(W3CHttpResponseCodec.java:50)
at org.openqa.selenium.remote.HttpCommandExecutor.execute(HttpCommandExecutor.java:190)
at io.appium.java_client.remote.AppiumCommandExecutor.execute(AppiumCommandExecutor.java:237)
at org.openqa.selenium.remote.RemoteWebDriver.execute(RemoteWebDriver.java:518)
at org.openqa.selenium.remote.ElementLocation$ElementFinder$2.findElement(ElementLocation.java:165)
at org.openqa.selenium.remote.ElementLocation.findElement(ElementLocation.java:59)
at org.openqa.selenium.remote.RemoteWebDriver.findElement(RemoteWebDriver.java:355)
at org.openqa.selenium.remote.RemoteWebDriver.findElement(RemoteWebDriver.java:349)
at org.openqa.selenium.By$PreW3CLocator.findElement(By.java:430)
at org.openqa.selenium.By$ByName.findElement(By.java:237)
at org.openqa.selenium.support.ByIdOrName.findElement(ByIdOrName.java:49)
at org.openqa.selenium.remote.ElementLocation$ElementFinder$1.findElement(ElementLocation.java:139)
at org.openqa.selenium.remote.ElementLocation.findElement(ElementLocation.java:81)
at org.openqa.selenium.remote.RemoteWebDriver.findElement(RemoteWebDriver.java:355)
at org.openqa.selenium.remote.RemoteWebDriver.findElement(RemoteWebDriver.java:349)
at org.openqa.selenium.support.pagefactory.DefaultElementLocator.findElement(DefaultElementLocator.java:68)
at org.openqa.selenium.support.pagefactory.internal.LocatingElementHandler.invoke(LocatingElementHandler.java:38)
at jdk.proxy2/jdk.proxy2.$Proxy12.click(Unknown Source)
at a_Nadeem.Rise_Regression.Delete_watchlist(Rise_Regression.java:654)
at a_Nadeem.Rise_Regression.App_Regression(Rise_Regression.java:117)
at java.base/jdk.internal.reflect.NativeMethodAccessorImpl.invoke0(Native Method)
at java.base/jdk.internal.reflect.NativeMethodAccessorImpl.invoke(NativeMethodAccessorImpl.java:77)
at java.base/jdk.internal.reflect.DelegatingMethodAccessorImpl.invoke(DelegatingMethodAccessorImpl.java:43)
at java.base/java.lang.reflect.Method.invoke(Method.java:568)
at org.testng.internal.invokers.MethodInvocationHelper.invokeMethod(MethodInvocationHelper.java:141)
at org.testng.internal.invokers.TestInvoker.invokeMethod(TestInvoker.java:686)
at org.testng.internal.invokers.TestInvoker.invokeTestMethod(TestInvoker.java:230)
at org.testng.internal.invokers.MethodRunner.runInSequence(MethodRunner.java:63)
at org.testng.internal.invokers.TestInvoker$MethodInvocationAgent.invoke(TestInvoker.java:992)
at org.testng.internal.invokers.TestInvoker.invokeTestMethods(TestInvoker.java:203)
at org.testng.internal.invokers.TestMethodWorker.invokeTestMethods(TestMethodWorker.java:154)
at org.testng.internal.invokers.TestMethodWorker.run(TestMethodWorker.java:134)
at java.base/java.util.ArrayList.forEach(ArrayList.java:1511)
at org.testng.TestRunner.privateRun(TestRunner.java:739)
at org.testng.TestRunner.run(TestRunner.java:614)
at org.testng.SuiteRunner.runTest(SuiteRunner.java:421)
at org.testng.SuiteRunner.runSequentially(SuiteRunner.java:413)
at org.testng.SuiteRunner.privateRun(SuiteRunner.java:373)
at org.testng.SuiteRunner.run(SuiteRunner.java:312)
at org.testng.SuiteRunnerWorker.runSuite(SuiteRunnerWorker.java:52)
at org.testng.SuiteRunnerWorker.run(SuiteRunnerWorker.java:95)
at org.testng.TestNG.runSuitesSequentially(TestNG.java:1274)
at org.testng.TestNG.runSuitesLocally(TestNG.java:1208)
at org.testng.TestNG.runSuites(TestNG.java:1112)
at org.testng.TestNG.run(TestNG.java:1079)
at org.testng.remote.AbstractRemoteTestNG.run(AbstractRemoteTestNG.java:115)
at org.testng.remote.RemoteTestNG.initAndRun(RemoteTestNG.java:293)
at org.testng.remote.RemoteTestNG.main(RemoteTestNG.java:91)
]]>
    </error>
    <system-out>
      <![CDATA[<h3>Execution Report</h3>
<table border='1' style='border-collapse: collapse; width: 75%; text-align: center;'>
<tr><th>Sr. No</th><th>Test Case</th><th>Status</th><th>Time Taken (ms)</th></tr>
<tr><td>1</td><td>Global Search Result</td><td>Pass</td><td>6393</td></tr>
<tr><td>2</td><td>Get quote fut tab</td><td>Pass</td><td>1502</td></tr>
<tr><td>3</td><td>Get quote opt tab</td><td>Pass</td><td>4226</td></tr>
<tr><td>4</td><td>Get quote cash tab</td><td>Pass</td><td>1402</td></tr>
<tr><td>5</td><td>Get quote Nse switch delivery buy order form</td><td>Pass</td><td>5927</td></tr>
<tr><td>6</td><td>Get quote Nse switch delivery Sell order form</td><td>Pass</td><td>11807</td></tr>
<tr><td>7</td><td>Get quote Bse switch delivery buy order form</td><td>Pass</td><td>8043</td></tr>
<tr><td>8</td><td>Get quote Bse switch delivery order form</td><td>Pass</td><td>11914</td></tr>
<tr><td>9</td><td>Get quote charts button</td><td>Pass</td><td>11788</td></tr>
<tr><td>10</td><td>Get quote optionchain button</td><td>Pass</td><td>5828</td></tr>
<tr><td>11</td><td>Get quote Fundamental Tab</td><td>Pass</td><td>5221</td></tr>
<tr><td>12</td><td>Get quote Technical Tab</td><td>Pass</td><td>2782</td></tr>
<tr><td>13</td><td>Get quote News Tab</td><td>Pass</td><td>2267</td></tr>
<tr><td>14</td><td>Get quote Transactions Tab</td><td>Pass</td><td>11170</td></tr>
<tr><td>15</td><td>Order Form quantity toggle</td><td>Pass</td><td>2398</td></tr>
<tr><td>16</td><td>Order Form amount toggle</td><td>Pass</td><td>6053</td></tr>
<tr><td>17</td><td>Homescreen portfolio hide mark</td><td>Pass</td><td>3281</td></tr>
<tr><td>18</td><td>Homescreen portfolio expand button</td><td>Pass</td><td>2497</td></tr>
<tr><td>19</td><td>Homescreen portfolio collapse button</td><td>Pass</td><td>1181</td></tr>
<tr><td>20</td><td>Homescreen Research idea I button</td><td>Pass</td><td>5911</td></tr>
<tr><td>21</td><td>Homescreen IPO CTA</td><td>Pass</td><td>3412</td></tr>
<tr><td>22</td><td>Homescreen Research Idea CTA</td><td>Pass</td><td>5244</td></tr>
<tr><td>23</td><td>Homescreen IAP CTA</td><td>Pass</td><td>2132</td></tr>
<tr><td>24</td><td>Homescreen Bonds CTA</td><td>Pass</td><td>10990</td></tr>
<tr><td>25</td><td>Homescreen Option Store CTA</td><td>Pass</td><td>3218</td></tr>
<tr><td>26</td><td>Homescreen Stock Basket CTA</td><td>Pass</td><td>3172</td></tr>
<tr><td>27</td><td>Mutual Fund View All Returns</td><td>Pass</td><td>15372</td></tr>
<tr><td>28</td><td>Portfolio View Analysis</td><td>Pass</td><td>9542</td></tr>
<tr><td>29</td><td>Portfolio swipe Stocks Tab verification</td><td>Pass</td><td>48433</td></tr>
<tr><td>30</td><td>Portfolio swipe MF Tab verification</td><td>Pass</td><td>44141</td></tr>
<tr><td>31</td><td>Portfolio swipe PMS Tab verification</td><td>Pass</td><td>2594</td></tr>
<tr><td>32</td><td>Portfolio swipe Basket Tab verification</td><td>Pass</td><td>86632</td></tr>
<tr><td>33</td><td>Add Watchlist</td><td>Pass</td><td>16782</td></tr>
<tr><td>34</td><td>Add Script in watchlist</td><td>Pass</td><td>12318</td></tr>
<tr><td>35</td><td>Delete script from watchlist</td><td>Pass</td><td>8592</td></tr>]]>
    </system-out>
  </testcase> <!-- App_Regression -->
  <system-out>
    <![CDATA[<h3>Execution Report</h3>
<table border='1' style='border-collapse: collapse; width: 75%; text-align: center;'>
<tr><th>Sr. No</th><th>Test Case</th><th>Status</th><th>Time Taken (ms)</th></tr>
<tr><td>1</td><td>Global Search Result</td><td>Pass</td><td>6393</td></tr>
<tr><td>2</td><td>Get quote fut tab</td><td>Pass</td><td>1502</td></tr>
<tr><td>3</td><td>Get quote opt tab</td><td>Pass</td><td>4226</td></tr>
<tr><td>4</td><td>Get quote cash tab</td><td>Pass</td><td>1402</td></tr>
<tr><td>5</td><td>Get quote Nse switch delivery buy order form</td><td>Pass</td><td>5927</td></tr>
<tr><td>6</td><td>Get quote Nse switch delivery Sell order form</td><td>Pass</td><td>11807</td></tr>
<tr><td>7</td><td>Get quote Bse switch delivery buy order form</td><td>Pass</td><td>8043</td></tr>
<tr><td>8</td><td>Get quote Bse switch delivery order form</td><td>Pass</td><td>11914</td></tr>
<tr><td>9</td><td>Get quote charts button</td><td>Pass</td><td>11788</td></tr>
<tr><td>10</td><td>Get quote optionchain button</td><td>Pass</td><td>5828</td></tr>
<tr><td>11</td><td>Get quote Fundamental Tab</td><td>Pass</td><td>5221</td></tr>
<tr><td>12</td><td>Get quote Technical Tab</td><td>Pass</td><td>2782</td></tr>
<tr><td>13</td><td>Get quote News Tab</td><td>Pass</td><td>2267</td></tr>
<tr><td>14</td><td>Get quote Transactions Tab</td><td>Pass</td><td>11170</td></tr>
<tr><td>15</td><td>Order Form quantity toggle</td><td>Pass</td><td>2398</td></tr>
<tr><td>16</td><td>Order Form amount toggle</td><td>Pass</td><td>6053</td></tr>
<tr><td>17</td><td>Homescreen portfolio hide mark</td><td>Pass</td><td>3281</td></tr>
<tr><td>18</td><td>Homescreen portfolio expand button</td><td>Pass</td><td>2497</td></tr>
<tr><td>19</td><td>Homescreen portfolio collapse button</td><td>Pass</td><td>1181</td></tr>
<tr><td>20</td><td>Homescreen Research idea I button</td><td>Pass</td><td>5911</td></tr>
<tr><td>21</td><td>Homescreen IPO CTA</td><td>Pass</td><td>3412</td></tr>
<tr><td>22</td><td>Homescreen Research Idea CTA</td><td>Pass</td><td>5244</td></tr>
<tr><td>23</td><td>Homescreen IAP CTA</td><td>Pass</td><td>2132</td></tr>
<tr><td>24</td><td>Homescreen Bonds CTA</td><td>Pass</td><td>10990</td></tr>
<tr><td>25</td><td>Homescreen Option Store CTA</td><td>Pass</td><td>3218</td></tr>
<tr><td>26</td><td>Homescreen Stock Basket CTA</td><td>Pass</td><td>3172</td></tr>
<tr><td>27</td><td>Mutual Fund View All Returns</td><td>Pass</td><td>15372</td></tr>
<tr><td>28</td><td>Portfolio View Analysis</td><td>Pass</td><td>9542</td></tr>
<tr><td>29</td><td>Portfolio swipe Stocks Tab verification</td><td>Pass</td><td>48433</td></tr>
<tr><td>30</td><td>Portfolio swipe MF Tab verification</td><td>Pass</td><td>44141</td></tr>
<tr><td>31</td><td>Portfolio swipe PMS Tab verification</td><td>Pass</td><td>2594</td></tr>
<tr><td>32</td><td>Portfolio swipe Basket Tab verification</td><td>Pass</td><td>86632</td></tr>
<tr><td>33</td><td>Add Watchlist</td><td>Pass</td><td>16782</td></tr>
<tr><td>34</td><td>Add Script in watchlist</td><td>Pass</td><td>12318</td></tr>
<tr><td>35</td><td>Delete script from watchlist</td><td>Pass</td><td>8592</td></tr>]]>
  </system-out>
</testsuite> <!-- a_Nadeem.Rise_Regression -->
