<?xml version="1.0" encoding="UTF-8"?>
<!-- Generated by org.testng.reporters.JUnitReportReporter -->
<testsuite hostname="MOT-32183-L" failures="0" tests="1" name="Bharat.MoWebsite" time="37.738" errors="0" timestamp="2025-02-19T16:33:19 IST" skipped="0">
  <testcase classname="Bharat.MoWebsite" name="Websitetest" time="37.738"/>
  <system-out>
    <![CDATA[<h3>Execution Report</h3>
<table border='1' style='border-collapse: collapse; width: 75%; text-align: center;'>
<tr><th>Sr. No</th><th>Test Case</th><th>Status</th><th>Time Taken (ms)</th></tr>
<tr><td>1</td><td>Validpassword</td><td style='background-color:green;color: white; font-weight: bold;'>Pass</td><td>3302</td></tr>
<tr><td>2</td><td>Search Field test</td><td style='background-color:green;color: white; font-weight: bold;'>Pass</td><td>911</td></tr>
</table>]]>
  </system-out>
</testsuite> <!-- Bharat.MoWebsite -->
