<?xml version="1.0" encoding="UTF-8"?>
<!-- Generated by org.testng.reporters.JUnitReportReporter -->
<testsuite hostname="MOT-32333-L" failures="0" tests="1" name="investmotilaloswal.Mutual_Fund_Portfolio" time="0.000" errors="0" timestamp="2024-11-26T15:43:54 IST" skipped="1">
  <testcase classname="investmotilaloswal.Mutual_Fund_Portfolio" name="Portfolio_Mutual_fund" time="0.000">
    <skipped/>
  </testcase> <!-- Portfolio_Mutual_fund -->
</testsuite> <!-- investmotilaloswal.Mutual_Fund_Portfolio -->
