<?xml version="1.0" encoding="UTF-8"?>
<!-- Generated by org.testng.reporters.JUnitReportReporter -->
<testsuite hostname="MOT-32333-L" failures="0" tests="3" name="a_Nadeem.Rise_Regression" time="644.039" errors="1" timestamp="2025-02-13T14:24:03 IST" skipped="1">
  <testcase classname="a_Nadeem.Rise_Regression" name="Verify_user_login_and_clicks_on_RDD" time="27.739"/>
  <testcase classname="a_Nadeem.Rise_Regression" name="orderrouting" time="616.300">
    <error message="Cannot invoke &quot;org.openqa.selenium.WebDriver.getClass()&quot; because &quot;exceptionDriver&quot; is null" type="java.lang.NullPointerException">
      <![CDATA[java.lang.NullPointerException: Cannot invoke "org.openqa.selenium.WebDriver.getClass()" because "exceptionDriver" is null
at org.openqa.selenium.support.ui.WebDriverWait.timeoutException(WebDriverWait.java:85)
at org.openqa.selenium.support.ui.FluentWait.until(FluentWait.java:228)
at a_Nadeem.Rise_Regression.buyorder(Rise_Regression.java:1695)
at a_Nadeem.Rise_Regression.orderrouting(Rise_Regression.java:173)
at java.base/jdk.internal.reflect.NativeMethodAccessorImpl.invoke0(Native Method)
at java.base/jdk.internal.reflect.NativeMethodAccessorImpl.invoke(NativeMethodAccessorImpl.java:77)
at java.base/jdk.internal.reflect.DelegatingMethodAccessorImpl.invoke(DelegatingMethodAccessorImpl.java:43)
at java.base/java.lang.reflect.Method.invoke(Method.java:568)
at org.testng.internal.invokers.MethodInvocationHelper.invokeMethod(MethodInvocationHelper.java:141)
at org.testng.internal.invokers.TestInvoker.invokeMethod(TestInvoker.java:686)
at org.testng.internal.invokers.TestInvoker.invokeTestMethod(TestInvoker.java:230)
at org.testng.internal.invokers.MethodRunner.runInSequence(MethodRunner.java:63)
at org.testng.internal.invokers.TestInvoker$MethodInvocationAgent.invoke(TestInvoker.java:992)
at org.testng.internal.invokers.TestInvoker.invokeTestMethods(TestInvoker.java:203)
at org.testng.internal.invokers.TestMethodWorker.invokeTestMethods(TestMethodWorker.java:154)
at org.testng.internal.invokers.TestMethodWorker.run(TestMethodWorker.java:134)
at java.base/java.util.ArrayList.forEach(ArrayList.java:1511)
at org.testng.TestRunner.privateRun(TestRunner.java:739)
at org.testng.TestRunner.run(TestRunner.java:614)
at org.testng.SuiteRunner.runTest(SuiteRunner.java:421)
at org.testng.SuiteRunner.runSequentially(SuiteRunner.java:413)
at org.testng.SuiteRunner.privateRun(SuiteRunner.java:373)
at org.testng.SuiteRunner.run(SuiteRunner.java:312)
at org.testng.SuiteRunnerWorker.runSuite(SuiteRunnerWorker.java:52)
at org.testng.SuiteRunnerWorker.run(SuiteRunnerWorker.java:95)
at org.testng.TestNG.runSuitesSequentially(TestNG.java:1274)
at org.testng.TestNG.runSuitesLocally(TestNG.java:1208)
at org.testng.TestNG.runSuites(TestNG.java:1112)
at org.testng.TestNG.run(TestNG.java:1079)
at org.testng.remote.AbstractRemoteTestNG.run(AbstractRemoteTestNG.java:115)
at org.testng.remote.RemoteTestNG.initAndRun(RemoteTestNG.java:293)
at org.testng.remote.RemoteTestNG.main(RemoteTestNG.java:91)
]]>
    </error>
    <system-out>
      <![CDATA[<h3>Order Routing timestamp study  Report</h3>
<table border='1' style='border-collapse: collapse; width: 75%; text-align: center;'>
<tr><th>Sr. No</th><th>Test Case</th><th>Status</th><th>Time Taken (ms)</th></tr>
<tr><td>1</td><td>Buy Order</td><td style='background-color: green;color: white; font-weight: bold;'>Pass</td><td>9321</td></tr>
<tr><td>2</td><td>Modify Buy Order</td><td style='background-color: green;color: white; font-weight: bold;'>Pass</td><td>13197</td></tr>
<tr><td>3</td><td>Cancel Order</td><td style='background-color: green;color: white; font-weight: bold;'>Pass</td><td>5131</td></tr>
<tr><td>4</td><td>Buy Order</td><td style='background-color: green;color: white; font-weight: bold;'>Pass</td><td>5123</td></tr>
<tr><td>5</td><td>Modify Buy Order</td><td style='background-color: green;color: white; font-weight: bold;'>Pass</td><td>4393</td></tr>
<tr><td>6</td><td>Cancel Order</td><td style='background-color: green;color: white; font-weight: bold;'>Pass</td><td>2132</td></tr>
<tr><td>7</td><td>Buy Order</td><td style='background-color: green;color: white; font-weight: bold;'>Pass</td><td>15384</td></tr>
<tr><td>8</td><td>Modify Buy Order</td><td style='background-color: green;color: white; font-weight: bold;'>Pass</td><td>17010</td></tr>
<tr><td>9</td><td>Cancel Order</td><td style='background-color: green;color: white; font-weight: bold;'>Pass</td><td>5186</td></tr>
<tr><td>10</td><td>Buy Order</td><td style='background-color: green;color: white; font-weight: bold;'>Pass</td><td>9822</td></tr>
<tr><td>11</td><td>Modify Buy Order</td><td style='background-color: green;color: white; font-weight: bold;'>Pass</td><td>13135</td></tr>
<tr><td>12</td><td>Cancel Order</td><td style='background-color: green;color: white; font-weight: bold;'>Pass</td><td>5238</td></tr>
<tr><td>13</td><td>Buy Order</td><td style='background-color: green;color: white; font-weight: bold;'>Pass</td><td>5904</td></tr>
<tr><td>14</td><td>Modify Buy Order</td><td style='background-color: green;color: white; font-weight: bold;'>Pass</td><td>6371</td></tr>
<tr><td>15</td><td>Cancel Order</td><td style='background-color: green;color: white; font-weight: bold;'>Pass</td><td>5190</td></tr>
<tr><td>16</td><td>Buy Order</td><td style='background-color: green;color: white; font-weight: bold;'>Pass</td><td>3360</td></tr>
<tr><td>17</td><td>Modify Buy Order</td><td style='background-color: green;color: white; font-weight: bold;'>Pass</td><td>3440</td></tr>
<tr><td>18</td><td>Cancel Order</td><td style='background-color: green;color: white; font-weight: bold;'>Pass</td><td>2665</td></tr>
<tr><td>19</td><td>Buy Order</td><td style='background-color: green;color: white; font-weight: bold;'>Pass</td><td>21387</td></tr>
<tr><td>20</td><td>Modify Buy Order</td><td style='background-color: green;color: white; font-weight: bold;'>Pass</td><td>8082</td></tr>
<tr><td>21</td><td>Cancel Order</td><td style='background-color: green;color: white; font-weight: bold;'>Pass</td><td>2655</td></tr>
<tr><td>22</td><td>Buy Order</td><td style='background-color: green;color: white; font-weight: bold;'>Pass</td><td>21397</td></tr>
<tr><td>23</td><td>Modify Buy Order</td><td style='background-color: green;color: white; font-weight: bold;'>Pass</td><td>12021</td></tr>
<tr><td>24</td><td>Cancel Order</td><td style='background-color: green;color: white; font-weight: bold;'>Pass</td><td>5179</td></tr>
<tr><td>25</td><td>Buy Order</td><td style='background-color: green;color: white; font-weight: bold;'>Pass</td><td>17719</td></tr>
<tr><td>26</td><td>Modify Buy Order</td><td style='background-color: green;color: white; font-weight: bold;'>Pass</td><td>13142</td></tr>
<tr><td>27</td><td>Cancel Order</td><td style='background-color: green;color: white; font-weight: bold;'>Pass</td><td>6219</td></tr>
<tr><td>28</td><td>Buy Order</td><td style='background-color: green;color: white; font-weight: bold;'>Pass</td><td>3934</td></tr>
<tr><td>29</td><td>Modify Buy Order</td><td style='background-color: green;color: white; font-weight: bold;'>Pass</td><td>9717</td></tr>
<tr><td>30</td><td>Cancel Order</td><td style='background-color: green;color: white; font-weight: bold;'>Pass</td><td>2330</td></tr>]]>
    </system-out>
  </testcase> <!-- orderrouting -->
  <testcase classname="a_Nadeem.Rise_Regression" name="App_Regression">
    <skipped/>
  </testcase> <!-- App_Regression -->
  <system-out>
    <![CDATA[<h3>Order Routing timestamp study  Report</h3>
<table border='1' style='border-collapse: collapse; width: 75%; text-align: center;'>
<tr><th>Sr. No</th><th>Test Case</th><th>Status</th><th>Time Taken (ms)</th></tr>
<tr><td>1</td><td>Buy Order</td><td style='background-color: green;color: white; font-weight: bold;'>Pass</td><td>9321</td></tr>
<tr><td>2</td><td>Modify Buy Order</td><td style='background-color: green;color: white; font-weight: bold;'>Pass</td><td>13197</td></tr>
<tr><td>3</td><td>Cancel Order</td><td style='background-color: green;color: white; font-weight: bold;'>Pass</td><td>5131</td></tr>
<tr><td>4</td><td>Buy Order</td><td style='background-color: green;color: white; font-weight: bold;'>Pass</td><td>5123</td></tr>
<tr><td>5</td><td>Modify Buy Order</td><td style='background-color: green;color: white; font-weight: bold;'>Pass</td><td>4393</td></tr>
<tr><td>6</td><td>Cancel Order</td><td style='background-color: green;color: white; font-weight: bold;'>Pass</td><td>2132</td></tr>
<tr><td>7</td><td>Buy Order</td><td style='background-color: green;color: white; font-weight: bold;'>Pass</td><td>15384</td></tr>
<tr><td>8</td><td>Modify Buy Order</td><td style='background-color: green;color: white; font-weight: bold;'>Pass</td><td>17010</td></tr>
<tr><td>9</td><td>Cancel Order</td><td style='background-color: green;color: white; font-weight: bold;'>Pass</td><td>5186</td></tr>
<tr><td>10</td><td>Buy Order</td><td style='background-color: green;color: white; font-weight: bold;'>Pass</td><td>9822</td></tr>
<tr><td>11</td><td>Modify Buy Order</td><td style='background-color: green;color: white; font-weight: bold;'>Pass</td><td>13135</td></tr>
<tr><td>12</td><td>Cancel Order</td><td style='background-color: green;color: white; font-weight: bold;'>Pass</td><td>5238</td></tr>
<tr><td>13</td><td>Buy Order</td><td style='background-color: green;color: white; font-weight: bold;'>Pass</td><td>5904</td></tr>
<tr><td>14</td><td>Modify Buy Order</td><td style='background-color: green;color: white; font-weight: bold;'>Pass</td><td>6371</td></tr>
<tr><td>15</td><td>Cancel Order</td><td style='background-color: green;color: white; font-weight: bold;'>Pass</td><td>5190</td></tr>
<tr><td>16</td><td>Buy Order</td><td style='background-color: green;color: white; font-weight: bold;'>Pass</td><td>3360</td></tr>
<tr><td>17</td><td>Modify Buy Order</td><td style='background-color: green;color: white; font-weight: bold;'>Pass</td><td>3440</td></tr>
<tr><td>18</td><td>Cancel Order</td><td style='background-color: green;color: white; font-weight: bold;'>Pass</td><td>2665</td></tr>
<tr><td>19</td><td>Buy Order</td><td style='background-color: green;color: white; font-weight: bold;'>Pass</td><td>21387</td></tr>
<tr><td>20</td><td>Modify Buy Order</td><td style='background-color: green;color: white; font-weight: bold;'>Pass</td><td>8082</td></tr>
<tr><td>21</td><td>Cancel Order</td><td style='background-color: green;color: white; font-weight: bold;'>Pass</td><td>2655</td></tr>
<tr><td>22</td><td>Buy Order</td><td style='background-color: green;color: white; font-weight: bold;'>Pass</td><td>21397</td></tr>
<tr><td>23</td><td>Modify Buy Order</td><td style='background-color: green;color: white; font-weight: bold;'>Pass</td><td>12021</td></tr>
<tr><td>24</td><td>Cancel Order</td><td style='background-color: green;color: white; font-weight: bold;'>Pass</td><td>5179</td></tr>
<tr><td>25</td><td>Buy Order</td><td style='background-color: green;color: white; font-weight: bold;'>Pass</td><td>17719</td></tr>
<tr><td>26</td><td>Modify Buy Order</td><td style='background-color: green;color: white; font-weight: bold;'>Pass</td><td>13142</td></tr>
<tr><td>27</td><td>Cancel Order</td><td style='background-color: green;color: white; font-weight: bold;'>Pass</td><td>6219</td></tr>
<tr><td>28</td><td>Buy Order</td><td style='background-color: green;color: white; font-weight: bold;'>Pass</td><td>3934</td></tr>
<tr><td>29</td><td>Modify Buy Order</td><td style='background-color: green;color: white; font-weight: bold;'>Pass</td><td>9717</td></tr>
<tr><td>30</td><td>Cancel Order</td><td style='background-color: green;color: white; font-weight: bold;'>Pass</td><td>2330</td></tr>]]>
  </system-out>
</testsuite> <!-- a_Nadeem.Rise_Regression -->
