<?xml version="1.0" encoding="UTF-8"?>
<!-- Generated by org.testng.reporters.JUnitReportReporter -->
<testsuite hostname="MOT-32333-L" failures="0" tests="2" name="a_Nadeem.Rise_Regression" time="283.566" errors="0" timestamp="2025-01-08T00:41:20 IST" skipped="0">
  <testcase classname="a_Nadeem.Rise_Regression" name="Verify_user_login_and_clicks_on_RDD" time="20.715"/>
  <testcase classname="a_Nadeem.Rise_Regression" name="App_Regression" time="262.851">
    <system-out>
      <![CDATA[<h3>Execution Report</h3>
<table border='1' style='border-collapse: collapse; width: 75%; text-align: center;'>
<tr><th>Sr. No</th><th>Test Case</th><th>Status</th><th>Time Taken (ms)</th></tr>
<tr><td>1</td><td>Global Search Result</td><td>Pass</td><td>4470</td></tr>
<tr><td>2</td><td>Get quote fut tab</td><td>Pass</td><td>1879</td></tr>
<tr><td>3</td><td>Get quote opt tab</td><td>Pass</td><td>2916</td></tr>
<tr><td>4</td><td>Get quote cash tab</td><td>Pass</td><td>3852</td></tr>
<tr><td>5</td><td>Get quote Nse switch buy order form</td><td>Pass</td><td>3897</td></tr>
<tr><td>6</td><td>Get quote Nse switch Sell order form</td><td>Pass</td><td>7901</td></tr>
<tr><td>7</td><td>Get quote Bse switch buy order form</td><td>Pass</td><td>7236</td></tr>
<tr><td>8</td><td>Get quote Nse switch Bse order form</td><td>Pass</td><td>7717</td></tr>
<tr><td>9</td><td>Order Form quantity toggle</td><td>Pass</td><td>10533</td></tr>
<tr><td>10</td><td>Order Form amount toggle</td><td>Pass</td><td>8093</td></tr>
<tr><td>11</td><td>Mutual Fund View All Returns</td><td>Pass</td><td>30660</td></tr>
<tr><td>12</td><td>Portfolio View Analysis</td><td>Pass</td><td>14061</td></tr>
<tr><td>13</td><td>Portfolio swipe Stocks Tab verification</td><td>Pass</td><td>3800</td></tr>
<tr><td>14</td><td>Portfolio swipe MF Tab verification</td><td>Pass</td><td>1819</td></tr>
<tr><td>15</td><td>Portfolio swipe PMS Tab verification</td><td>Pass</td><td>6304</td></tr>
<tr><td>16</td><td>Portfolio swipe Basket Tab verification</td><td>Pass</td><td>1890</td></tr>
<tr><td>17</td><td>Add Watchlist</td><td>Pass</td><td>17153</td></tr>
<tr><td>18</td><td>Add Script in watchlist</td><td>Pass</td><td>11839</td></tr>
<tr><td>19</td><td>Delete script from watchlist</td><td>Pass</td><td>10745</td></tr>
</table>]]>
    </system-out>
  </testcase> <!-- App_Regression -->
  <system-out>
    <![CDATA[<h3>Execution Report</h3>
<table border='1' style='border-collapse: collapse; width: 75%; text-align: center;'>
<tr><th>Sr. No</th><th>Test Case</th><th>Status</th><th>Time Taken (ms)</th></tr>
<tr><td>1</td><td>Global Search Result</td><td>Pass</td><td>4470</td></tr>
<tr><td>2</td><td>Get quote fut tab</td><td>Pass</td><td>1879</td></tr>
<tr><td>3</td><td>Get quote opt tab</td><td>Pass</td><td>2916</td></tr>
<tr><td>4</td><td>Get quote cash tab</td><td>Pass</td><td>3852</td></tr>
<tr><td>5</td><td>Get quote Nse switch buy order form</td><td>Pass</td><td>3897</td></tr>
<tr><td>6</td><td>Get quote Nse switch Sell order form</td><td>Pass</td><td>7901</td></tr>
<tr><td>7</td><td>Get quote Bse switch buy order form</td><td>Pass</td><td>7236</td></tr>
<tr><td>8</td><td>Get quote Nse switch Bse order form</td><td>Pass</td><td>7717</td></tr>
<tr><td>9</td><td>Order Form quantity toggle</td><td>Pass</td><td>10533</td></tr>
<tr><td>10</td><td>Order Form amount toggle</td><td>Pass</td><td>8093</td></tr>
<tr><td>11</td><td>Mutual Fund View All Returns</td><td>Pass</td><td>30660</td></tr>
<tr><td>12</td><td>Portfolio View Analysis</td><td>Pass</td><td>14061</td></tr>
<tr><td>13</td><td>Portfolio swipe Stocks Tab verification</td><td>Pass</td><td>3800</td></tr>
<tr><td>14</td><td>Portfolio swipe MF Tab verification</td><td>Pass</td><td>1819</td></tr>
<tr><td>15</td><td>Portfolio swipe PMS Tab verification</td><td>Pass</td><td>6304</td></tr>
<tr><td>16</td><td>Portfolio swipe Basket Tab verification</td><td>Pass</td><td>1890</td></tr>
<tr><td>17</td><td>Add Watchlist</td><td>Pass</td><td>17153</td></tr>
<tr><td>18</td><td>Add Script in watchlist</td><td>Pass</td><td>11839</td></tr>
<tr><td>19</td><td>Delete script from watchlist</td><td>Pass</td><td>10745</td></tr>
</table>]]>
  </system-out>
</testsuite> <!-- a_Nadeem.Rise_Regression -->
