<?xml version="1.0" encoding="UTF-8"?>
<!-- Generated by org.testng.reporters.JUnitReportReporter -->
<testsuite hostname="MOT-32333-L" failures="0" tests="5" name="investmotilaloswal.WebsiteTest" time="26.352" errors="0" timestamp="2024-11-27T15:08:50 IST" skipped="0">
  <testcase classname="investmotilaloswal.WebsiteTest" name="Global_Search_Results" time="22.747">
    <system-out>
      <![CDATA[<h3>Global_Search_Results</h3>
<table border='1' style='border-collapse: collapse; width: 75%; text-align: center;'>
<tr><th>Iteration Count</th><th>Time Taken (ms)</th><th>Status</th></tr>
<tr><td>1</td><td>726</td><td>Pass</td></tr>
<tr><td>2</td><td>717</td><td>Pass</td></tr>
<tr><td>3</td><td>812</td><td>Pass</td></tr>
<tr><td>4</td><td>678</td><td>Pass</td></tr>
<tr><td>5</td><td>912</td><td>Pass</td></tr>
<tr><td>6</td><td>822</td><td>Pass</td></tr>
<tr><td>7</td><td>859</td><td>Pass</td></tr>
<tr><td>8</td><td>964</td><td>Pass</td></tr>
<tr><td>9</td><td>889</td><td>Pass</td></tr>
<tr><td>10</td><td>871</td><td>Pass</td></tr>
</table>]]>
    </system-out>
  </testcase> <!-- Global_Search_Results -->
  <testcase classname="investmotilaloswal.WebsiteTest" name="Portfolio_Mutual_fund" time="1.106">
    <system-out>
      <![CDATA[<h3>Portfolio_Mutual_fund</h3>
<table border='1' style='border-collapse: collapse; width: 75%; text-align: center;'>
<tr><th>Iteration Count</th><th>Time Taken (ms)</th><th>Status</th></tr>
</table>]]>
    </system-out>
  </testcase> <!-- Portfolio_Mutual_fund -->
  <testcase classname="investmotilaloswal.WebsiteTest" name="Portfolio_Equity" time="0.969">
    <system-out>
      <![CDATA[<h3>Portfolio_Equity</h3>
<table border='1' style='border-collapse: collapse; width: 75%; text-align: center;'>
<tr><th>Iteration Count</th><th>Time Taken (ms)</th><th>Status</th></tr>
</table>]]>
    </system-out>
  </testcase> <!-- Portfolio_Equity -->
  <testcase classname="investmotilaloswal.WebsiteTest" name="All_Portfolio" time="0.417">
    <system-out>
      <![CDATA[<h3>All_Portfolio</h3>
<table border='1' style='border-collapse: collapse; width: 75%; text-align: center;'>
<tr><th>Iteration Count</th><th>Time Taken (ms)</th><th>Status</th></tr>
</table>]]>
    </system-out>
  </testcase> <!-- All_Portfolio -->
  <testcase classname="investmotilaloswal.WebsiteTest" name="Positions_all" time="1.113">
    <system-out>
      <![CDATA[<h3>Positions_all</h3>
<table border='1' style='border-collapse: collapse; width: 75%; text-align: center;'>
<tr><th>Iteration Count</th><th>Time Taken (ms)</th><th>Status</th></tr>
</table>]]>
    </system-out>
  </testcase> <!-- Positions_all -->
  <system-out>
    <![CDATA[<h3>Global_Search_Results</h3>
<table border='1' style='border-collapse: collapse; width: 75%; text-align: center;'>
<tr><th>Iteration Count</th><th>Time Taken (ms)</th><th>Status</th></tr>
<tr><td>1</td><td>726</td><td>Pass</td></tr>
<tr><td>2</td><td>717</td><td>Pass</td></tr>
<tr><td>3</td><td>812</td><td>Pass</td></tr>
<tr><td>4</td><td>678</td><td>Pass</td></tr>
<tr><td>5</td><td>912</td><td>Pass</td></tr>
<tr><td>6</td><td>822</td><td>Pass</td></tr>
<tr><td>7</td><td>859</td><td>Pass</td></tr>
<tr><td>8</td><td>964</td><td>Pass</td></tr>
<tr><td>9</td><td>889</td><td>Pass</td></tr>
<tr><td>10</td><td>871</td><td>Pass</td></tr>
</table>
<h3>Portfolio_Mutual_fund</h3>
<table border='1' style='border-collapse: collapse; width: 75%; text-align: center;'>
<tr><th>Iteration Count</th><th>Time Taken (ms)</th><th>Status</th></tr>
</table>
<h3>Portfolio_Equity</h3>
<table border='1' style='border-collapse: collapse; width: 75%; text-align: center;'>
<tr><th>Iteration Count</th><th>Time Taken (ms)</th><th>Status</th></tr>
</table>
<h3>All_Portfolio</h3>
<table border='1' style='border-collapse: collapse; width: 75%; text-align: center;'>
<tr><th>Iteration Count</th><th>Time Taken (ms)</th><th>Status</th></tr>
</table>
<h3>Positions_all</h3>
<table border='1' style='border-collapse: collapse; width: 75%; text-align: center;'>
<tr><th>Iteration Count</th><th>Time Taken (ms)</th><th>Status</th></tr>
</table>]]>
  </system-out>
</testsuite> <!-- investmotilaloswal.WebsiteTest -->
