<?xml version="1.0" encoding="UTF-8"?>
<!-- Generated by org.testng.reporters.JUnitReportReporter -->
<testsuite hostname="MOT-32333-L" failures="0" tests="3" name="a_Nadeem.Rise_Regression" time="1148.434" errors="1" timestamp="2025-01-29T14:08:01 IST" skipped="1">
  <testcase classname="a_Nadeem.Rise_Regression" name="Verify_user_login_and_clicks_on_RDD" time="25.515"/>
  <testcase classname="a_Nadeem.Rise_Regression" name="orderrouting" time="1122.919">
    <error message="Cannot invoke &quot;org.openqa.selenium.WebDriver.getClass()&quot; because &quot;exceptionDriver&quot; is null" type="java.lang.NullPointerException">
      <![CDATA[java.lang.NullPointerException: Cannot invoke "org.openqa.selenium.WebDriver.getClass()" because "exceptionDriver" is null
at org.openqa.selenium.support.ui.WebDriverWait.timeoutException(WebDriverWait.java:85)
at org.openqa.selenium.support.ui.FluentWait.until(FluentWait.java:228)
at a_Nadeem.Rise_Regression.buyorder(Rise_Regression.java:1604)
at a_Nadeem.Rise_Regression.orderrouting(Rise_Regression.java:173)
at java.base/jdk.internal.reflect.NativeMethodAccessorImpl.invoke0(Native Method)
at java.base/jdk.internal.reflect.NativeMethodAccessorImpl.invoke(NativeMethodAccessorImpl.java:77)
at java.base/jdk.internal.reflect.DelegatingMethodAccessorImpl.invoke(DelegatingMethodAccessorImpl.java:43)
at java.base/java.lang.reflect.Method.invoke(Method.java:568)
at org.testng.internal.invokers.MethodInvocationHelper.invokeMethod(MethodInvocationHelper.java:141)
at org.testng.internal.invokers.TestInvoker.invokeMethod(TestInvoker.java:686)
at org.testng.internal.invokers.TestInvoker.invokeTestMethod(TestInvoker.java:230)
at org.testng.internal.invokers.MethodRunner.runInSequence(MethodRunner.java:63)
at org.testng.internal.invokers.TestInvoker$MethodInvocationAgent.invoke(TestInvoker.java:992)
at org.testng.internal.invokers.TestInvoker.invokeTestMethods(TestInvoker.java:203)
at org.testng.internal.invokers.TestMethodWorker.invokeTestMethods(TestMethodWorker.java:154)
at org.testng.internal.invokers.TestMethodWorker.run(TestMethodWorker.java:134)
at java.base/java.util.ArrayList.forEach(ArrayList.java:1511)
at org.testng.TestRunner.privateRun(TestRunner.java:739)
at org.testng.TestRunner.run(TestRunner.java:614)
at org.testng.SuiteRunner.runTest(SuiteRunner.java:421)
at org.testng.SuiteRunner.runSequentially(SuiteRunner.java:413)
at org.testng.SuiteRunner.privateRun(SuiteRunner.java:373)
at org.testng.SuiteRunner.run(SuiteRunner.java:312)
at org.testng.SuiteRunnerWorker.runSuite(SuiteRunnerWorker.java:52)
at org.testng.SuiteRunnerWorker.run(SuiteRunnerWorker.java:95)
at org.testng.TestNG.runSuitesSequentially(TestNG.java:1274)
at org.testng.TestNG.runSuitesLocally(TestNG.java:1208)
at org.testng.TestNG.runSuites(TestNG.java:1112)
at org.testng.TestNG.run(TestNG.java:1079)
at org.testng.remote.AbstractRemoteTestNG.run(AbstractRemoteTestNG.java:115)
at org.testng.remote.RemoteTestNG.initAndRun(RemoteTestNG.java:293)
at org.testng.remote.RemoteTestNG.main(RemoteTestNG.java:91)
]]>
    </error>
    <system-out>
      <![CDATA[<h3>Order Routing timestamp study  Report</h3>
<table border='1' style='border-collapse: collapse; width: 75%; text-align: center;'>
<tr><th>Sr. No</th><th>Test Case</th><th>Status</th><th>Time Taken (ms)</th></tr>
<tr><td>1</td><td>Buy Order</td><td style='background-color: green;color: white; font-weight: bold;'>Pass</td><td>20054</td></tr>
<tr><td>2</td><td>Modify Buy Order</td><td style='background-color: green;color: white; font-weight: bold;'>Pass</td><td>2261</td></tr>
<tr><td>3</td><td>Cancel Order</td><td style='background-color: green;color: white; font-weight: bold;'>Pass</td><td>8561</td></tr>
<tr><td>4</td><td>Buy Order</td><td style='background-color: green;color: white; font-weight: bold;'>Pass</td><td>4271</td></tr>
<tr><td>5</td><td>Modify Buy Order</td><td style='background-color: green;color: white; font-weight: bold;'>Pass</td><td>3107</td></tr>
<tr><td>6</td><td>Cancel Order</td><td style='background-color: green;color: white; font-weight: bold;'>Pass</td><td>5938</td></tr>
<tr><td>7</td><td>Buy Order</td><td style='background-color: green;color: white; font-weight: bold;'>Pass</td><td>11616</td></tr>
<tr><td>8</td><td>Modify Buy Order</td><td style='background-color: green;color: white; font-weight: bold;'>Pass</td><td>4225</td></tr>
<tr><td>9</td><td>Cancel Order</td><td style='background-color: green;color: white; font-weight: bold;'>Pass</td><td>5959</td></tr>
<tr><td>10</td><td>Buy Order</td><td style='background-color: green;color: white; font-weight: bold;'>Pass</td><td>3255</td></tr>
<tr><td>11</td><td>Modify Buy Order</td><td style='background-color: green;color: white; font-weight: bold;'>Pass</td><td>3406</td></tr>
<tr><td>12</td><td>Cancel Order</td><td style='background-color: green;color: white; font-weight: bold;'>Pass</td><td>5011</td></tr>
<tr><td>13</td><td>Buy Order</td><td style='background-color: green;color: white; font-weight: bold;'>Pass</td><td>7256</td></tr>
<tr><td>14</td><td>Modify Buy Order</td><td style='background-color: green;color: white; font-weight: bold;'>Pass</td><td>10966</td></tr>
<tr><td>15</td><td>Cancel Order</td><td style='background-color: green;color: white; font-weight: bold;'>Pass</td><td>8283</td></tr>
<tr><td>16</td><td>Buy Order</td><td style='background-color: green;color: white; font-weight: bold;'>Pass</td><td>3590</td></tr>
<tr><td>17</td><td>Modify Buy Order</td><td style='background-color: green;color: white; font-weight: bold;'>Pass</td><td>9418</td></tr>
<tr><td>18</td><td>Cancel Order</td><td style='background-color: green;color: white; font-weight: bold;'>Pass</td><td>10936</td></tr>
<tr><td>19</td><td>Buy Order</td><td style='background-color: green;color: white; font-weight: bold;'>Pass</td><td>11814</td></tr>
<tr><td>20</td><td>Modify Buy Order</td><td style='background-color: green;color: white; font-weight: bold;'>Pass</td><td>3099</td></tr>
<tr><td>21</td><td>Cancel Order</td><td style='background-color: green;color: white; font-weight: bold;'>Pass</td><td>8932</td></tr>
<tr><td>22</td><td>Buy Order</td><td style='background-color: green;color: white; font-weight: bold;'>Pass</td><td>16463</td></tr>
<tr><td>23</td><td>Modify Buy Order</td><td style='background-color: green;color: white; font-weight: bold;'>Pass</td><td>9820</td></tr>
<tr><td>24</td><td>Cancel Order</td><td style='background-color: green;color: white; font-weight: bold;'>Pass</td><td>12525</td></tr>
<tr><td>25</td><td>Buy Order</td><td style='background-color: green;color: white; font-weight: bold;'>Pass</td><td>10334</td></tr>
<tr><td>26</td><td>Modify Buy Order</td><td style='background-color: green;color: white; font-weight: bold;'>Pass</td><td>3107</td></tr>
<tr><td>27</td><td>Cancel Order</td><td style='background-color: green;color: white; font-weight: bold;'>Pass</td><td>12127</td></tr>
<tr><td>28</td><td>Buy Order</td><td style='background-color: green;color: white; font-weight: bold;'>Pass</td><td>10825</td></tr>
<tr><td>29</td><td>Modify Buy Order</td><td style='background-color: green;color: white; font-weight: bold;'>Pass</td><td>10428</td></tr>
<tr><td>30</td><td>Cancel Order</td><td style='background-color: green;color: white; font-weight: bold;'>Pass</td><td>11194</td></tr>
<tr><td>31</td><td>Buy Order</td><td style='background-color: green;color: white; font-weight: bold;'>Pass</td><td>5931</td></tr>
<tr><td>32</td><td>Modify Buy Order</td><td style='background-color: green;color: white; font-weight: bold;'>Pass</td><td>11668</td></tr>
<tr><td>33</td><td>Cancel Order</td><td style='background-color: green;color: white; font-weight: bold;'>Pass</td><td>9466</td></tr>
<tr><td>34</td><td>Buy Order</td><td style='background-color: green;color: white; font-weight: bold;'>Pass</td><td>11819</td></tr>
<tr><td>35</td><td>Modify Buy Order</td><td style='background-color: green;color: white; font-weight: bold;'>Pass</td><td>3414</td></tr>
<tr><td>36</td><td>Cancel Order</td><td style='background-color: green;color: white; font-weight: bold;'>Pass</td><td>12740</td></tr>
<tr><td>37</td><td>Buy Order</td><td style='background-color: green;color: white; font-weight: bold;'>Pass</td><td>11422</td></tr>
<tr><td>38</td><td>Modify Buy Order</td><td style='background-color: green;color: white; font-weight: bold;'>Pass</td><td>12249</td></tr>
<tr><td>39</td><td>Cancel Order</td><td style='background-color: green;color: white; font-weight: bold;'>Pass</td><td>11243</td></tr>
<tr><td>40</td><td>Buy Order</td><td style='background-color: green;color: white; font-weight: bold;'>Pass</td><td>9902</td></tr>
<tr><td>41</td><td>Modify Buy Order</td><td style='background-color: green;color: white; font-weight: bold;'>Pass</td><td>12967</td></tr>
<tr><td>42</td><td>Cancel Order</td><td style='background-color: green;color: white; font-weight: bold;'>Pass</td><td>10137</td></tr>
<tr><td>43</td><td>Buy Order</td><td style='background-color: green;color: white; font-weight: bold;'>Pass</td><td>5011</td></tr>
<tr><td>44</td><td>Modify Buy Order</td><td style='background-color: green;color: white; font-weight: bold;'>Pass</td><td>2155</td></tr>
<tr><td>45</td><td>Cancel Order</td><td style='background-color: green;color: white; font-weight: bold;'>Pass</td><td>13725</td></tr>
<tr><td>46</td><td>Buy Order</td><td style='background-color: green;color: white; font-weight: bold;'>Pass</td><td>21813</td></tr>
<tr><td>47</td><td>Modify Buy Order</td><td style='background-color: green;color: white; font-weight: bold;'>Pass</td><td>4284</td></tr>
<tr><td>48</td><td>Cancel Order</td><td style='background-color: green;color: white; font-weight: bold;'>Pass</td><td>8341</td></tr>
<tr><td>49</td><td>Buy Order</td><td style='background-color: green;color: white; font-weight: bold;'>Pass</td><td>9917</td></tr>
<tr><td>50</td><td>Modify Buy Order</td><td style='background-color: green;color: white; font-weight: bold;'>Pass</td><td>3057</td></tr>
<tr><td>51</td><td>Cancel Order</td><td style='background-color: green;color: white; font-weight: bold;'>Pass</td><td>10228</td></tr>
<tr><td>52</td><td>Buy Order</td><td style='background-color: green;color: white; font-weight: bold;'>Pass</td><td>8922</td></tr>
<tr><td>53</td><td>Modify Buy Order</td><td style='background-color: green;color: white; font-weight: bold;'>Pass</td><td>10272</td></tr>
<tr><td>54</td><td>Cancel Order</td><td style='background-color: green;color: white; font-weight: bold;'>Pass</td><td>11054</td></tr>]]>
    </system-out>
  </testcase> <!-- orderrouting -->
  <testcase classname="a_Nadeem.Rise_Regression" name="App_Regression">
    <skipped/>
  </testcase> <!-- App_Regression -->
  <system-out>
    <![CDATA[<h3>Order Routing timestamp study  Report</h3>
<table border='1' style='border-collapse: collapse; width: 75%; text-align: center;'>
<tr><th>Sr. No</th><th>Test Case</th><th>Status</th><th>Time Taken (ms)</th></tr>
<tr><td>1</td><td>Buy Order</td><td style='background-color: green;color: white; font-weight: bold;'>Pass</td><td>20054</td></tr>
<tr><td>2</td><td>Modify Buy Order</td><td style='background-color: green;color: white; font-weight: bold;'>Pass</td><td>2261</td></tr>
<tr><td>3</td><td>Cancel Order</td><td style='background-color: green;color: white; font-weight: bold;'>Pass</td><td>8561</td></tr>
<tr><td>4</td><td>Buy Order</td><td style='background-color: green;color: white; font-weight: bold;'>Pass</td><td>4271</td></tr>
<tr><td>5</td><td>Modify Buy Order</td><td style='background-color: green;color: white; font-weight: bold;'>Pass</td><td>3107</td></tr>
<tr><td>6</td><td>Cancel Order</td><td style='background-color: green;color: white; font-weight: bold;'>Pass</td><td>5938</td></tr>
<tr><td>7</td><td>Buy Order</td><td style='background-color: green;color: white; font-weight: bold;'>Pass</td><td>11616</td></tr>
<tr><td>8</td><td>Modify Buy Order</td><td style='background-color: green;color: white; font-weight: bold;'>Pass</td><td>4225</td></tr>
<tr><td>9</td><td>Cancel Order</td><td style='background-color: green;color: white; font-weight: bold;'>Pass</td><td>5959</td></tr>
<tr><td>10</td><td>Buy Order</td><td style='background-color: green;color: white; font-weight: bold;'>Pass</td><td>3255</td></tr>
<tr><td>11</td><td>Modify Buy Order</td><td style='background-color: green;color: white; font-weight: bold;'>Pass</td><td>3406</td></tr>
<tr><td>12</td><td>Cancel Order</td><td style='background-color: green;color: white; font-weight: bold;'>Pass</td><td>5011</td></tr>
<tr><td>13</td><td>Buy Order</td><td style='background-color: green;color: white; font-weight: bold;'>Pass</td><td>7256</td></tr>
<tr><td>14</td><td>Modify Buy Order</td><td style='background-color: green;color: white; font-weight: bold;'>Pass</td><td>10966</td></tr>
<tr><td>15</td><td>Cancel Order</td><td style='background-color: green;color: white; font-weight: bold;'>Pass</td><td>8283</td></tr>
<tr><td>16</td><td>Buy Order</td><td style='background-color: green;color: white; font-weight: bold;'>Pass</td><td>3590</td></tr>
<tr><td>17</td><td>Modify Buy Order</td><td style='background-color: green;color: white; font-weight: bold;'>Pass</td><td>9418</td></tr>
<tr><td>18</td><td>Cancel Order</td><td style='background-color: green;color: white; font-weight: bold;'>Pass</td><td>10936</td></tr>
<tr><td>19</td><td>Buy Order</td><td style='background-color: green;color: white; font-weight: bold;'>Pass</td><td>11814</td></tr>
<tr><td>20</td><td>Modify Buy Order</td><td style='background-color: green;color: white; font-weight: bold;'>Pass</td><td>3099</td></tr>
<tr><td>21</td><td>Cancel Order</td><td style='background-color: green;color: white; font-weight: bold;'>Pass</td><td>8932</td></tr>
<tr><td>22</td><td>Buy Order</td><td style='background-color: green;color: white; font-weight: bold;'>Pass</td><td>16463</td></tr>
<tr><td>23</td><td>Modify Buy Order</td><td style='background-color: green;color: white; font-weight: bold;'>Pass</td><td>9820</td></tr>
<tr><td>24</td><td>Cancel Order</td><td style='background-color: green;color: white; font-weight: bold;'>Pass</td><td>12525</td></tr>
<tr><td>25</td><td>Buy Order</td><td style='background-color: green;color: white; font-weight: bold;'>Pass</td><td>10334</td></tr>
<tr><td>26</td><td>Modify Buy Order</td><td style='background-color: green;color: white; font-weight: bold;'>Pass</td><td>3107</td></tr>
<tr><td>27</td><td>Cancel Order</td><td style='background-color: green;color: white; font-weight: bold;'>Pass</td><td>12127</td></tr>
<tr><td>28</td><td>Buy Order</td><td style='background-color: green;color: white; font-weight: bold;'>Pass</td><td>10825</td></tr>
<tr><td>29</td><td>Modify Buy Order</td><td style='background-color: green;color: white; font-weight: bold;'>Pass</td><td>10428</td></tr>
<tr><td>30</td><td>Cancel Order</td><td style='background-color: green;color: white; font-weight: bold;'>Pass</td><td>11194</td></tr>
<tr><td>31</td><td>Buy Order</td><td style='background-color: green;color: white; font-weight: bold;'>Pass</td><td>5931</td></tr>
<tr><td>32</td><td>Modify Buy Order</td><td style='background-color: green;color: white; font-weight: bold;'>Pass</td><td>11668</td></tr>
<tr><td>33</td><td>Cancel Order</td><td style='background-color: green;color: white; font-weight: bold;'>Pass</td><td>9466</td></tr>
<tr><td>34</td><td>Buy Order</td><td style='background-color: green;color: white; font-weight: bold;'>Pass</td><td>11819</td></tr>
<tr><td>35</td><td>Modify Buy Order</td><td style='background-color: green;color: white; font-weight: bold;'>Pass</td><td>3414</td></tr>
<tr><td>36</td><td>Cancel Order</td><td style='background-color: green;color: white; font-weight: bold;'>Pass</td><td>12740</td></tr>
<tr><td>37</td><td>Buy Order</td><td style='background-color: green;color: white; font-weight: bold;'>Pass</td><td>11422</td></tr>
<tr><td>38</td><td>Modify Buy Order</td><td style='background-color: green;color: white; font-weight: bold;'>Pass</td><td>12249</td></tr>
<tr><td>39</td><td>Cancel Order</td><td style='background-color: green;color: white; font-weight: bold;'>Pass</td><td>11243</td></tr>
<tr><td>40</td><td>Buy Order</td><td style='background-color: green;color: white; font-weight: bold;'>Pass</td><td>9902</td></tr>
<tr><td>41</td><td>Modify Buy Order</td><td style='background-color: green;color: white; font-weight: bold;'>Pass</td><td>12967</td></tr>
<tr><td>42</td><td>Cancel Order</td><td style='background-color: green;color: white; font-weight: bold;'>Pass</td><td>10137</td></tr>
<tr><td>43</td><td>Buy Order</td><td style='background-color: green;color: white; font-weight: bold;'>Pass</td><td>5011</td></tr>
<tr><td>44</td><td>Modify Buy Order</td><td style='background-color: green;color: white; font-weight: bold;'>Pass</td><td>2155</td></tr>
<tr><td>45</td><td>Cancel Order</td><td style='background-color: green;color: white; font-weight: bold;'>Pass</td><td>13725</td></tr>
<tr><td>46</td><td>Buy Order</td><td style='background-color: green;color: white; font-weight: bold;'>Pass</td><td>21813</td></tr>
<tr><td>47</td><td>Modify Buy Order</td><td style='background-color: green;color: white; font-weight: bold;'>Pass</td><td>4284</td></tr>
<tr><td>48</td><td>Cancel Order</td><td style='background-color: green;color: white; font-weight: bold;'>Pass</td><td>8341</td></tr>
<tr><td>49</td><td>Buy Order</td><td style='background-color: green;color: white; font-weight: bold;'>Pass</td><td>9917</td></tr>
<tr><td>50</td><td>Modify Buy Order</td><td style='background-color: green;color: white; font-weight: bold;'>Pass</td><td>3057</td></tr>
<tr><td>51</td><td>Cancel Order</td><td style='background-color: green;color: white; font-weight: bold;'>Pass</td><td>10228</td></tr>
<tr><td>52</td><td>Buy Order</td><td style='background-color: green;color: white; font-weight: bold;'>Pass</td><td>8922</td></tr>
<tr><td>53</td><td>Modify Buy Order</td><td style='background-color: green;color: white; font-weight: bold;'>Pass</td><td>10272</td></tr>
<tr><td>54</td><td>Cancel Order</td><td style='background-color: green;color: white; font-weight: bold;'>Pass</td><td>11054</td></tr>]]>
  </system-out>
</testsuite> <!-- a_Nadeem.Rise_Regression -->
