<?xml version="1.0" encoding="UTF-8"?>
<!-- Generated by org.testng.reporters.JUnitReportReporter -->
<testsuite hostname="MOT-32333-L" failures="0" tests="19" name="a_Nadeem.MoRise" time="1002.542" errors="0" timestamp="2025-01-30T15:48:57 IST" skipped="11">
  <testcase classname="a_Nadeem.MoRise" name="Verify_user_login_and_clicks_on_RDD" time="25.208"/>
  <testcase classname="a_Nadeem.MoRise" name="Verify_user_clicks_portfolio_all" time="136.648">
    <system-out>
      <![CDATA[<h3>portfolio All</h3>
<table border='1' style='border-collapse: collapse; width: 75%; text-align: center;'>
<tr><th>Iteration Count</th><th>Time Taken (ms)</th><th>Status</th></tr>
<tr><td>1</td><td>3369</td><td style='background-color: green;color: white; font-weight: bold;'>Pass</td></tr>
<tr><td>2</td><td>1952</td><td style='background-color: green;color: white; font-weight: bold;'>Pass</td></tr>
<tr><td>3</td><td>1760</td><td style='background-color: green;color: white; font-weight: bold;'>Pass</td></tr>
<tr><td>4</td><td>1125</td><td style='background-color: green;color: white; font-weight: bold;'>Pass</td></tr>
<tr><td>5</td><td>213</td><td style='background-color: green;color: white; font-weight: bold;'>Pass</td></tr>
<tr><td>6</td><td>1829</td><td style='background-color: green;color: white; font-weight: bold;'>Pass</td></tr>
<tr><td>7</td><td>2053</td><td style='background-color: green;color: white; font-weight: bold;'>Pass</td></tr>
<tr><td>8</td><td>2025</td><td style='background-color: green;color: white; font-weight: bold;'>Pass</td></tr>
<tr><td>9</td><td>744</td><td style='background-color: green;color: white; font-weight: bold;'>Pass</td></tr>
<tr><td>10</td><td>727</td><td style='background-color: green;color: white; font-weight: bold;'>Pass</td></tr>
<tr><td>11</td><td>337</td><td style='background-color: green;color: white; font-weight: bold;'>Pass</td></tr>
<tr><td>12</td><td>1989</td><td style='background-color: green;color: white; font-weight: bold;'>Pass</td></tr>
<tr><td>13</td><td>2096</td><td style='background-color: green;color: white; font-weight: bold;'>Pass</td></tr>
<tr><td>14</td><td>1319</td><td style='background-color: green;color: white; font-weight: bold;'>Pass</td></tr>
<tr><td>15</td><td>1990</td><td style='background-color: green;color: white; font-weight: bold;'>Pass</td></tr>
<tr><td>16</td><td>197</td><td style='background-color: green;color: white; font-weight: bold;'>Pass</td></tr>
<tr><td>17</td><td>702</td><td style='background-color: green;color: white; font-weight: bold;'>Pass</td></tr>
<tr><td>18</td><td>161</td><td style='background-color: green;color: white; font-weight: bold;'>Pass</td></tr>
<tr><td>19</td><td>2062</td><td style='background-color: green;color: white; font-weight: bold;'>Pass</td></tr>
<tr><td>20</td><td>1864</td><td style='background-color: green;color: white; font-weight: bold;'>Pass</td></tr>
<tr><td>21</td><td>1816</td><td style='background-color: green;color: white; font-weight: bold;'>Pass</td></tr>
<tr><td>22</td><td>822</td><td style='background-color: green;color: white; font-weight: bold;'>Pass</td></tr>
<tr><td>23</td><td>1120</td><td style='background-color: green;color: white; font-weight: bold;'>Pass</td></tr>
<tr><td>24</td><td>1244</td><td style='background-color: green;color: white; font-weight: bold;'>Pass</td></tr>
<tr><td>25</td><td>565</td><td style='background-color: green;color: white; font-weight: bold;'>Pass</td></tr>
<tr><td>26</td><td>1295</td><td style='background-color: green;color: white; font-weight: bold;'>Pass</td></tr>
<tr><td>27</td><td>1371</td><td style='background-color: green;color: white; font-weight: bold;'>Pass</td></tr>
<tr><td>28</td><td>1675</td><td style='background-color: green;color: white; font-weight: bold;'>Pass</td></tr>
<tr><td>29</td><td>1340</td><td style='background-color: green;color: white; font-weight: bold;'>Pass</td></tr>
<tr><td>30</td><td>182</td><td style='background-color: green;color: white; font-weight: bold;'>Pass</td></tr>
<tr><td>31</td><td>900</td><td style='background-color: green;color: white; font-weight: bold;'>Pass</td></tr>
<tr><td>32</td><td>1617</td><td style='background-color: green;color: white; font-weight: bold;'>Pass</td></tr>
<tr><td>33</td><td>301</td><td style='background-color: green;color: white; font-weight: bold;'>Pass</td></tr>
</table>]]>
    </system-out>
  </testcase> <!-- Verify_user_clicks_portfolio_all -->
  <testcase classname="a_Nadeem.MoRise" name="Verify_user_clicks_portfolio_stocks" time="139.941">
    <system-out>
      <![CDATA[<h3>portfolio stocks</h3>
<table border='1' style='border-collapse: collapse; width: 75%; text-align: center;'>
<tr><th>Iteration Count</th><th>Time Taken (ms)</th><th>Status</th></tr>
<tr><td>1</td><td>614</td><td style='background-color: green;color: white; font-weight: bold;'>Pass</td></tr>
<tr><td>2</td><td>2418</td><td style='background-color: green;color: white; font-weight: bold;'>Pass</td></tr>
<tr><td>3</td><td>167</td><td style='background-color: green;color: white; font-weight: bold;'>Pass</td></tr>
<tr><td>4</td><td>952</td><td style='background-color: green;color: white; font-weight: bold;'>Pass</td></tr>
<tr><td>5</td><td>1185</td><td style='background-color: green;color: white; font-weight: bold;'>Pass</td></tr>
<tr><td>6</td><td>157</td><td style='background-color: green;color: white; font-weight: bold;'>Pass</td></tr>
<tr><td>7</td><td>1398</td><td style='background-color: green;color: white; font-weight: bold;'>Pass</td></tr>
<tr><td>8</td><td>1838</td><td style='background-color: green;color: white; font-weight: bold;'>Pass</td></tr>
<tr><td>9</td><td>1233</td><td style='background-color: green;color: white; font-weight: bold;'>Pass</td></tr>
<tr><td>10</td><td>2319</td><td style='background-color: green;color: white; font-weight: bold;'>Pass</td></tr>
<tr><td>11</td><td>1719</td><td style='background-color: green;color: white; font-weight: bold;'>Pass</td></tr>
<tr><td>12</td><td>1637</td><td style='background-color: green;color: white; font-weight: bold;'>Pass</td></tr>
<tr><td>13</td><td>1728</td><td style='background-color: green;color: white; font-weight: bold;'>Pass</td></tr>
<tr><td>14</td><td>1167</td><td style='background-color: green;color: white; font-weight: bold;'>Pass</td></tr>
<tr><td>15</td><td>658</td><td style='background-color: green;color: white; font-weight: bold;'>Pass</td></tr>
<tr><td>16</td><td>1726</td><td style='background-color: green;color: white; font-weight: bold;'>Pass</td></tr>
<tr><td>17</td><td>163</td><td style='background-color: green;color: white; font-weight: bold;'>Pass</td></tr>
<tr><td>18</td><td>952</td><td style='background-color: green;color: white; font-weight: bold;'>Pass</td></tr>
<tr><td>19</td><td>961</td><td style='background-color: green;color: white; font-weight: bold;'>Pass</td></tr>
<tr><td>20</td><td>974</td><td style='background-color: green;color: white; font-weight: bold;'>Pass</td></tr>
<tr><td>21</td><td>1645</td><td style='background-color: green;color: white; font-weight: bold;'>Pass</td></tr>
<tr><td>22</td><td>1591</td><td style='background-color: green;color: white; font-weight: bold;'>Pass</td></tr>
<tr><td>23</td><td>1808</td><td style='background-color: green;color: white; font-weight: bold;'>Pass</td></tr>
<tr><td>24</td><td>1665</td><td style='background-color: green;color: white; font-weight: bold;'>Pass</td></tr>
<tr><td>25</td><td>1634</td><td style='background-color: green;color: white; font-weight: bold;'>Pass</td></tr>
<tr><td>26</td><td>1022</td><td style='background-color: green;color: white; font-weight: bold;'>Pass</td></tr>
<tr><td>27</td><td>1853</td><td style='background-color: green;color: white; font-weight: bold;'>Pass</td></tr>
<tr><td>28</td><td>1545</td><td style='background-color: green;color: white; font-weight: bold;'>Pass</td></tr>
<tr><td>29</td><td>591</td><td style='background-color: green;color: white; font-weight: bold;'>Pass</td></tr>
<tr><td>30</td><td>761</td><td style='background-color: green;color: white; font-weight: bold;'>Pass</td></tr>
<tr><td>31</td><td>134</td><td style='background-color: green;color: white; font-weight: bold;'>Pass</td></tr>
<tr><td>32</td><td>1812</td><td style='background-color: green;color: white; font-weight: bold;'>Pass</td></tr>
<tr><td>33</td><td>2085</td><td style='background-color: green;color: white; font-weight: bold;'>Pass</td></tr>
</table>]]>
    </system-out>
  </testcase> <!-- Verify_user_clicks_portfolio_stocks -->
  <testcase classname="a_Nadeem.MoRise" name="Verify_user_clicks_portfolio_mf" time="168.914">
    <system-out>
      <![CDATA[<h3>portfolio MF</h3>
<table border='1' style='border-collapse: collapse; width: 75%; text-align: center;'>
<tr><th>Iteration Count</th><th>Time Taken (ms)</th><th>Status</th></tr>
<tr><td>1</td><td>571</td><td style='background-color: green;color: white; font-weight: bold;'>Pass</td></tr>
<tr><td>2</td><td>959</td><td style='background-color: green;color: white; font-weight: bold;'>Pass</td></tr>
<tr><td>3</td><td>114</td><td style='background-color: green;color: white; font-weight: bold;'>Pass</td></tr>
<tr><td>4</td><td>947</td><td style='background-color: green;color: white; font-weight: bold;'>Pass</td></tr>
<tr><td>5</td><td>944</td><td style='background-color: green;color: white; font-weight: bold;'>Pass</td></tr>
<tr><td>6</td><td>940</td><td style='background-color: green;color: white; font-weight: bold;'>Pass</td></tr>
<tr><td>7</td><td>190</td><td style='background-color: green;color: white; font-weight: bold;'>Pass</td></tr>
<tr><td>8</td><td>172</td><td style='background-color: green;color: white; font-weight: bold;'>Pass</td></tr>
<tr><td>9</td><td>952</td><td style='background-color: green;color: white; font-weight: bold;'>Pass</td></tr>
<tr><td>10</td><td>958</td><td style='background-color: green;color: white; font-weight: bold;'>Pass</td></tr>
<tr><td>11</td><td>733</td><td style='background-color: green;color: white; font-weight: bold;'>Pass</td></tr>
<tr><td>12</td><td>926</td><td style='background-color: green;color: white; font-weight: bold;'>Pass</td></tr>
<tr><td>13</td><td>148</td><td style='background-color: green;color: white; font-weight: bold;'>Pass</td></tr>
<tr><td>14</td><td>145</td><td style='background-color: green;color: white; font-weight: bold;'>Pass</td></tr>
<tr><td>15</td><td>3994</td><td style='background-color: green;color: white; font-weight: bold;'>Pass</td></tr>
<tr><td>16</td><td>749</td><td style='background-color: green;color: white; font-weight: bold;'>Pass</td></tr>
<tr><td>17</td><td>3170</td><td style='background-color: green;color: white; font-weight: bold;'>Pass</td></tr>
<tr><td>18</td><td>3848</td><td style='background-color: green;color: white; font-weight: bold;'>Pass</td></tr>
<tr><td>19</td><td>4020</td><td style='background-color: green;color: white; font-weight: bold;'>Pass</td></tr>
<tr><td>20</td><td>935</td><td style='background-color: green;color: white; font-weight: bold;'>Pass</td></tr>
<tr><td>21</td><td>1977</td><td style='background-color: green;color: white; font-weight: bold;'>Pass</td></tr>
<tr><td>22</td><td>930</td><td style='background-color: green;color: white; font-weight: bold;'>Pass</td></tr>
<tr><td>23</td><td>138</td><td style='background-color: green;color: white; font-weight: bold;'>Pass</td></tr>
<tr><td>24</td><td>3899</td><td style='background-color: green;color: white; font-weight: bold;'>Pass</td></tr>
<tr><td>25</td><td>3964</td><td style='background-color: green;color: white; font-weight: bold;'>Pass</td></tr>
<tr><td>26</td><td>3177</td><td style='background-color: green;color: white; font-weight: bold;'>Pass</td></tr>
<tr><td>27</td><td>940</td><td style='background-color: green;color: white; font-weight: bold;'>Pass</td></tr>
<tr><td>28</td><td>945</td><td style='background-color: green;color: white; font-weight: bold;'>Pass</td></tr>
<tr><td>29</td><td>956</td><td style='background-color: green;color: white; font-weight: bold;'>Pass</td></tr>
<tr><td>30</td><td>951</td><td style='background-color: green;color: white; font-weight: bold;'>Pass</td></tr>
<tr><td>31</td><td>3896</td><td style='background-color: green;color: white; font-weight: bold;'>Pass</td></tr>
<tr><td>32</td><td>3974</td><td style='background-color: green;color: white; font-weight: bold;'>Pass</td></tr>
<tr><td>33</td><td>3792</td><td style='background-color: green;color: white; font-weight: bold;'>Pass</td></tr>
</table>]]>
    </system-out>
  </testcase> <!-- Verify_user_clicks_portfolio_mf -->
  <testcase classname="a_Nadeem.MoRise" name="Verify_user_clicks_portfolio_PMS" time="128.716">
    <system-out>
      <![CDATA[<h3>portfolio PMS</h3>
<table border='1' style='border-collapse: collapse; width: 75%; text-align: center;'>
<tr><th>Iteration Count</th><th>Time Taken (ms)</th><th>Status</th></tr>
<tr><td>1</td><td>136</td><td style='background-color: green;color: white; font-weight: bold;'>Pass</td></tr>
<tr><td>2</td><td>836</td><td style='background-color: green;color: white; font-weight: bold;'>Pass</td></tr>
<tr><td>3</td><td>649</td><td style='background-color: green;color: white; font-weight: bold;'>Pass</td></tr>
<tr><td>4</td><td>177</td><td style='background-color: green;color: white; font-weight: bold;'>Pass</td></tr>
<tr><td>5</td><td>668</td><td style='background-color: green;color: white; font-weight: bold;'>Pass</td></tr>
<tr><td>6</td><td>677</td><td style='background-color: green;color: white; font-weight: bold;'>Pass</td></tr>
<tr><td>7</td><td>148</td><td style='background-color: green;color: white; font-weight: bold;'>Pass</td></tr>
<tr><td>8</td><td>121</td><td style='background-color: green;color: white; font-weight: bold;'>Pass</td></tr>
<tr><td>9</td><td>165</td><td style='background-color: green;color: white; font-weight: bold;'>Pass</td></tr>
<tr><td>10</td><td>114</td><td style='background-color: green;color: white; font-weight: bold;'>Pass</td></tr>
<tr><td>11</td><td>1130</td><td style='background-color: green;color: white; font-weight: bold;'>Pass</td></tr>
<tr><td>12</td><td>649</td><td style='background-color: green;color: white; font-weight: bold;'>Pass</td></tr>
<tr><td>13</td><td>253</td><td style='background-color: green;color: white; font-weight: bold;'>Pass</td></tr>
<tr><td>14</td><td>654</td><td style='background-color: green;color: white; font-weight: bold;'>Pass</td></tr>
<tr><td>15</td><td>1041</td><td style='background-color: green;color: white; font-weight: bold;'>Pass</td></tr>
<tr><td>16</td><td>131</td><td style='background-color: green;color: white; font-weight: bold;'>Pass</td></tr>
<tr><td>17</td><td>647</td><td style='background-color: green;color: white; font-weight: bold;'>Pass</td></tr>
<tr><td>18</td><td>671</td><td style='background-color: green;color: white; font-weight: bold;'>Pass</td></tr>
<tr><td>19</td><td>650</td><td style='background-color: green;color: white; font-weight: bold;'>Pass</td></tr>
<tr><td>20</td><td>3738</td><td style='background-color: green;color: white; font-weight: bold;'>Pass</td></tr>
<tr><td>21</td><td>128</td><td style='background-color: green;color: white; font-weight: bold;'>Pass</td></tr>
<tr><td>22</td><td>798</td><td style='background-color: green;color: white; font-weight: bold;'>Pass</td></tr>
<tr><td>23</td><td>124</td><td style='background-color: green;color: white; font-weight: bold;'>Pass</td></tr>
<tr><td>24</td><td>3735</td><td style='background-color: green;color: white; font-weight: bold;'>Pass</td></tr>
<tr><td>25</td><td>662</td><td style='background-color: green;color: white; font-weight: bold;'>Pass</td></tr>
<tr><td>26</td><td>650</td><td style='background-color: green;color: white; font-weight: bold;'>Pass</td></tr>
<tr><td>27</td><td>661</td><td style='background-color: green;color: white; font-weight: bold;'>Pass</td></tr>
<tr><td>28</td><td>662</td><td style='background-color: green;color: white; font-weight: bold;'>Pass</td></tr>
<tr><td>29</td><td>811</td><td style='background-color: green;color: white; font-weight: bold;'>Pass</td></tr>
<tr><td>30</td><td>141</td><td style='background-color: green;color: white; font-weight: bold;'>Pass</td></tr>
<tr><td>31</td><td>659</td><td style='background-color: green;color: white; font-weight: bold;'>Pass</td></tr>
<tr><td>32</td><td>3983</td><td style='background-color: green;color: white; font-weight: bold;'>Pass</td></tr>
<tr><td>33</td><td>8700</td><td style='background-color: green;color: white; font-weight: bold;'>Pass</td></tr>
</table>]]>
    </system-out>
  </testcase> <!-- Verify_user_clicks_portfolio_PMS -->
  <testcase classname="a_Nadeem.MoRise" name="Verify_user_clicks_portfolio_basket" time="120.530">
    <system-out>
      <![CDATA[<h3>portfolio Basket</h3>
<table border='1' style='border-collapse: collapse; width: 75%; text-align: center;'>
<tr><th>Iteration Count</th><th>Time Taken (ms)</th><th>Status</th></tr>
<tr><td>1</td><td>180</td><td style='background-color: green;color: white; font-weight: bold;'>Pass</td></tr>
<tr><td>2</td><td>885</td><td style='background-color: green;color: white; font-weight: bold;'>Pass</td></tr>
<tr><td>3</td><td>1069</td><td style='background-color: green;color: white; font-weight: bold;'>Pass</td></tr>
<tr><td>4</td><td>867</td><td style='background-color: green;color: white; font-weight: bold;'>Pass</td></tr>
<tr><td>5</td><td>1064</td><td style='background-color: green;color: white; font-weight: bold;'>Pass</td></tr>
<tr><td>6</td><td>2255</td><td style='background-color: green;color: white; font-weight: bold;'>Pass</td></tr>
<tr><td>7</td><td>8026</td><td style='background-color: green;color: white; font-weight: bold;'>Pass</td></tr>
<tr><td>8</td><td>284</td><td style='background-color: green;color: white; font-weight: bold;'>Pass</td></tr>
<tr><td>9</td><td>1095</td><td style='background-color: green;color: white; font-weight: bold;'>Pass</td></tr>
<tr><td>10</td><td>2246</td><td style='background-color: green;color: white; font-weight: bold;'>Pass</td></tr>
<tr><td>11</td><td>1306</td><td style='background-color: green;color: white; font-weight: bold;'>Pass</td></tr>
<tr><td>12</td><td>1095</td><td style='background-color: green;color: white; font-weight: bold;'>Pass</td></tr>
<tr><td>13</td><td>1099</td><td style='background-color: green;color: white; font-weight: bold;'>Pass</td></tr>
<tr><td>14</td><td>266</td><td style='background-color: green;color: white; font-weight: bold;'>Pass</td></tr>
<tr><td>15</td><td>275</td><td style='background-color: green;color: white; font-weight: bold;'>Pass</td></tr>
<tr><td>16</td><td>1125</td><td style='background-color: green;color: white; font-weight: bold;'>Pass</td></tr>
<tr><td>17</td><td>288</td><td style='background-color: green;color: white; font-weight: bold;'>Pass</td></tr>
<tr><td>18</td><td>1098</td><td style='background-color: green;color: white; font-weight: bold;'>Pass</td></tr>
<tr><td>19</td><td>315</td><td style='background-color: green;color: white; font-weight: bold;'>Pass</td></tr>
<tr><td>20</td><td>323</td><td style='background-color: green;color: white; font-weight: bold;'>Pass</td></tr>
<tr><td>21</td><td>1445</td><td style='background-color: green;color: white; font-weight: bold;'>Pass</td></tr>
<tr><td>22</td><td>4015</td><td style='background-color: green;color: white; font-weight: bold;'>Pass</td></tr>
<tr><td>23</td><td>1124</td><td style='background-color: green;color: white; font-weight: bold;'>Pass</td></tr>
<tr><td>24</td><td>4027</td><td style='background-color: green;color: white; font-weight: bold;'>Pass</td></tr>
<tr><td>25</td><td>269</td><td style='background-color: green;color: white; font-weight: bold;'>Pass</td></tr>
<tr><td>26</td><td>4033</td><td style='background-color: green;color: white; font-weight: bold;'>Pass</td></tr>
<tr><td>27</td><td>1109</td><td style='background-color: green;color: white; font-weight: bold;'>Pass</td></tr>
<tr><td>28</td><td>2344</td><td style='background-color: green;color: white; font-weight: bold;'>Pass</td></tr>
<tr><td>29</td><td>1079</td><td style='background-color: green;color: white; font-weight: bold;'>Pass</td></tr>
<tr><td>30</td><td>3329</td><td style='background-color: green;color: white; font-weight: bold;'>Pass</td></tr>
<tr><td>31</td><td>283</td><td style='background-color: green;color: white; font-weight: bold;'>Pass</td></tr>
<tr><td>32</td><td>1098</td><td style='background-color: green;color: white; font-weight: bold;'>Pass</td></tr>
<tr><td>33</td><td>296</td><td style='background-color: green;color: white; font-weight: bold;'>Pass</td></tr>
</table>]]>
    </system-out>
  </testcase> <!-- Verify_user_clicks_portfolio_basket -->
  <testcase classname="a_Nadeem.MoRise" name="Verify_user_clicks_portfolio_Add_funds" time="149.878">
    <system-out>
      <![CDATA[<h3>Add Funds</h3>
<table border='1' style='border-collapse: collapse; width: 75%; text-align: center;'>
<tr><th>Iteration Count</th><th>Time Taken (ms)</th><th>Status</th></tr>
<tr><td>1</td><td>1162</td><td style='background-color: green;color: white; font-weight: bold;'>Pass</td></tr>
<tr><td>2</td><td>4752</td><td style='background-color: green;color: white; font-weight: bold;'>Pass</td></tr>
<tr><td>3</td><td>3259</td><td style='background-color: green;color: white; font-weight: bold;'>Pass</td></tr>
<tr><td>4</td><td>1004</td><td style='background-color: green;color: white; font-weight: bold;'>Pass</td></tr>
<tr><td>5</td><td>179</td><td style='background-color: green;color: white; font-weight: bold;'>Pass</td></tr>
<tr><td>6</td><td>987</td><td style='background-color: green;color: white; font-weight: bold;'>Pass</td></tr>
<tr><td>7</td><td>172</td><td style='background-color: green;color: white; font-weight: bold;'>Pass</td></tr>
<tr><td>8</td><td>922</td><td style='background-color: green;color: white; font-weight: bold;'>Pass</td></tr>
<tr><td>9</td><td>4071</td><td style='background-color: green;color: white; font-weight: bold;'>Pass</td></tr>
<tr><td>10</td><td>969</td><td style='background-color: green;color: white; font-weight: bold;'>Pass</td></tr>
<tr><td>11</td><td>2409</td><td style='background-color: green;color: white; font-weight: bold;'>Pass</td></tr>
<tr><td>12</td><td>1861</td><td style='background-color: green;color: white; font-weight: bold;'>Pass</td></tr>
<tr><td>13</td><td>3320</td><td style='background-color: green;color: white; font-weight: bold;'>Pass</td></tr>
<tr><td>14</td><td>3988</td><td style='background-color: green;color: white; font-weight: bold;'>Pass</td></tr>
<tr><td>15</td><td>194</td><td style='background-color: green;color: white; font-weight: bold;'>Pass</td></tr>
<tr><td>16</td><td>4007</td><td style='background-color: green;color: white; font-weight: bold;'>Pass</td></tr>
<tr><td>17</td><td>156</td><td style='background-color: green;color: white; font-weight: bold;'>Pass</td></tr>
<tr><td>18</td><td>8091</td><td style='background-color: green;color: white; font-weight: bold;'>Pass</td></tr>
<tr><td>19</td><td>4154</td><td style='background-color: green;color: white; font-weight: bold;'>Pass</td></tr>
<tr><td>20</td><td>970</td><td style='background-color: green;color: white; font-weight: bold;'>Pass</td></tr>
<tr><td>21</td><td>932</td><td style='background-color: green;color: white; font-weight: bold;'>Pass</td></tr>
<tr><td>22</td><td>948</td><td style='background-color: green;color: white; font-weight: bold;'>Pass</td></tr>
<tr><td>23</td><td>200</td><td style='background-color: green;color: white; font-weight: bold;'>Pass</td></tr>
<tr><td>24</td><td>920</td><td style='background-color: green;color: white; font-weight: bold;'>Pass</td></tr>
<tr><td>25</td><td>3269</td><td style='background-color: green;color: white; font-weight: bold;'>Pass</td></tr>
<tr><td>26</td><td>209</td><td style='background-color: green;color: white; font-weight: bold;'>Pass</td></tr>
<tr><td>27</td><td>0</td><td style='background-color: red;color: white; font-weight: bold;'>Fail</td></tr>
<tr><td>28</td><td>896</td><td style='background-color: green;color: white; font-weight: bold;'>Pass</td></tr>
<tr><td>29</td><td>1539</td><td style='background-color: green;color: white; font-weight: bold;'>Pass</td></tr>
<tr><td>30</td><td>981</td><td style='background-color: green;color: white; font-weight: bold;'>Pass</td></tr>
<tr><td>31</td><td>1503</td><td style='background-color: green;color: white; font-weight: bold;'>Pass</td></tr>
<tr><td>32</td><td>1039</td><td style='background-color: green;color: white; font-weight: bold;'>Pass</td></tr>
<tr><td>33</td><td>3982</td><td style='background-color: green;color: white; font-weight: bold;'>Pass</td></tr>
</table>]]>
    </system-out>
  </testcase> <!-- Verify_user_clicks_portfolio_Add_funds -->
  <testcase classname="a_Nadeem.MoRise" name="Verify_user_clicks_portfolio_withdraw_funds" time="132.707">
    <system-out>
      <![CDATA[<h3>withdraw Funds</h3>
<table border='1' style='border-collapse: collapse; width: 75%; text-align: center;'>
<tr><th>Iteration Count</th><th>Time Taken (ms)</th><th>Status</th></tr>
<tr><td>1</td><td>748</td><td style='background-color: green;color: white; font-weight: bold;'>Pass</td></tr>
<tr><td>2</td><td>742</td><td style='background-color: green;color: white; font-weight: bold;'>Pass</td></tr>
<tr><td>3</td><td>141</td><td style='background-color: green;color: white; font-weight: bold;'>Pass</td></tr>
<tr><td>4</td><td>149</td><td style='background-color: green;color: white; font-weight: bold;'>Pass</td></tr>
<tr><td>5</td><td>129</td><td style='background-color: green;color: white; font-weight: bold;'>Pass</td></tr>
<tr><td>6</td><td>724</td><td style='background-color: green;color: white; font-weight: bold;'>Pass</td></tr>
<tr><td>7</td><td>159</td><td style='background-color: green;color: white; font-weight: bold;'>Pass</td></tr>
<tr><td>8</td><td>146</td><td style='background-color: green;color: white; font-weight: bold;'>Pass</td></tr>
<tr><td>9</td><td>724</td><td style='background-color: green;color: white; font-weight: bold;'>Pass</td></tr>
<tr><td>10</td><td>3817</td><td style='background-color: green;color: white; font-weight: bold;'>Pass</td></tr>
<tr><td>11</td><td>151</td><td style='background-color: green;color: white; font-weight: bold;'>Pass</td></tr>
<tr><td>12</td><td>743</td><td style='background-color: green;color: white; font-weight: bold;'>Pass</td></tr>
<tr><td>13</td><td>750</td><td style='background-color: green;color: white; font-weight: bold;'>Pass</td></tr>
<tr><td>14</td><td>732</td><td style='background-color: green;color: white; font-weight: bold;'>Pass</td></tr>
<tr><td>15</td><td>143</td><td style='background-color: green;color: white; font-weight: bold;'>Pass</td></tr>
<tr><td>16</td><td>154</td><td style='background-color: green;color: white; font-weight: bold;'>Pass</td></tr>
<tr><td>17</td><td>696</td><td style='background-color: green;color: white; font-weight: bold;'>Pass</td></tr>
<tr><td>18</td><td>169</td><td style='background-color: green;color: white; font-weight: bold;'>Pass</td></tr>
<tr><td>19</td><td>157</td><td style='background-color: green;color: white; font-weight: bold;'>Pass</td></tr>
<tr><td>20</td><td>2260</td><td style='background-color: green;color: white; font-weight: bold;'>Pass</td></tr>
<tr><td>21</td><td>904</td><td style='background-color: green;color: white; font-weight: bold;'>Pass</td></tr>
<tr><td>22</td><td>729</td><td style='background-color: green;color: white; font-weight: bold;'>Pass</td></tr>
<tr><td>23</td><td>2251</td><td style='background-color: green;color: white; font-weight: bold;'>Pass</td></tr>
<tr><td>24</td><td>175</td><td style='background-color: green;color: white; font-weight: bold;'>Pass</td></tr>
<tr><td>25</td><td>2280</td><td style='background-color: green;color: white; font-weight: bold;'>Pass</td></tr>
<tr><td>26</td><td>717</td><td style='background-color: green;color: white; font-weight: bold;'>Pass</td></tr>
<tr><td>27</td><td>1802</td><td style='background-color: green;color: white; font-weight: bold;'>Pass</td></tr>
<tr><td>28</td><td>714</td><td style='background-color: green;color: white; font-weight: bold;'>Pass</td></tr>
<tr><td>29</td><td>872</td><td style='background-color: green;color: white; font-weight: bold;'>Pass</td></tr>
<tr><td>30</td><td>3248</td><td style='background-color: green;color: white; font-weight: bold;'>Pass</td></tr>
<tr><td>31</td><td>141</td><td style='background-color: green;color: white; font-weight: bold;'>Pass</td></tr>
<tr><td>32</td><td>718</td><td style='background-color: green;color: white; font-weight: bold;'>Pass</td></tr>
<tr><td>33</td><td>3237</td><td style='background-color: green;color: white; font-weight: bold;'>Pass</td></tr>
</table>]]>
    </system-out>
  </testcase> <!-- Verify_user_clicks_portfolio_withdraw_funds -->
  <testcase classname="a_Nadeem.MoRise" name="Verify_user_clicks_getquote_news">
    <skipped/>
  </testcase> <!-- Verify_user_clicks_getquote_news -->
  <testcase classname="a_Nadeem.MoRise" name="Verify_user_clicks_getquote_optionchain">
    <skipped/>
  </testcase> <!-- Verify_user_clicks_getquote_optionchain -->
  <testcase classname="a_Nadeem.MoRise" name="Verify_user_clicks_getquote_Fundamentals">
    <skipped/>
  </testcase> <!-- Verify_user_clicks_getquote_Fundamentals -->
  <testcase classname="a_Nadeem.MoRise" name="Verify_Global_search_result">
    <skipped/>
  </testcase> <!-- Verify_Global_search_result -->
  <testcase classname="a_Nadeem.MoRise" name="Verify_user_clicks_getquote_overview">
    <skipped/>
  </testcase> <!-- Verify_user_clicks_getquote_overview -->
  <testcase classname="a_Nadeem.MoRise" name="Verify_user_clicks_getquote_technical">
    <skipped/>
  </testcase> <!-- Verify_user_clicks_getquote_technical -->
  <testcase classname="a_Nadeem.MoRise" name="Verify_User_clicks_on_Option_watchlist">
    <skipped/>
  </testcase> <!-- Verify_User_clicks_on_Option_watchlist -->
  <testcase classname="a_Nadeem.MoRise" name="Verify_homepage_portfolio_snapshot">
    <skipped/>
  </testcase> <!-- Verify_homepage_portfolio_snapshot -->
  <testcase classname="a_Nadeem.MoRise" name="Verify_User_clicks_on_watchlist">
    <skipped/>
  </testcase> <!-- Verify_User_clicks_on_watchlist -->
  <testcase classname="a_Nadeem.MoRise" name="Verify_Stock_homepage_Portfolio_Snapshot">
    <skipped/>
  </testcase> <!-- Verify_Stock_homepage_Portfolio_Snapshot -->
  <testcase classname="a_Nadeem.MoRise" name="Verify_MF_homepage_Portfolio_Snapshot">
    <skipped/>
  </testcase> <!-- Verify_MF_homepage_Portfolio_Snapshot -->
  <system-out>
    <![CDATA[<h3>portfolio All</h3>
<table border='1' style='border-collapse: collapse; width: 75%; text-align: center;'>
<tr><th>Iteration Count</th><th>Time Taken (ms)</th><th>Status</th></tr>
<tr><td>1</td><td>3369</td><td style='background-color: green;color: white; font-weight: bold;'>Pass</td></tr>
<tr><td>2</td><td>1952</td><td style='background-color: green;color: white; font-weight: bold;'>Pass</td></tr>
<tr><td>3</td><td>1760</td><td style='background-color: green;color: white; font-weight: bold;'>Pass</td></tr>
<tr><td>4</td><td>1125</td><td style='background-color: green;color: white; font-weight: bold;'>Pass</td></tr>
<tr><td>5</td><td>213</td><td style='background-color: green;color: white; font-weight: bold;'>Pass</td></tr>
<tr><td>6</td><td>1829</td><td style='background-color: green;color: white; font-weight: bold;'>Pass</td></tr>
<tr><td>7</td><td>2053</td><td style='background-color: green;color: white; font-weight: bold;'>Pass</td></tr>
<tr><td>8</td><td>2025</td><td style='background-color: green;color: white; font-weight: bold;'>Pass</td></tr>
<tr><td>9</td><td>744</td><td style='background-color: green;color: white; font-weight: bold;'>Pass</td></tr>
<tr><td>10</td><td>727</td><td style='background-color: green;color: white; font-weight: bold;'>Pass</td></tr>
<tr><td>11</td><td>337</td><td style='background-color: green;color: white; font-weight: bold;'>Pass</td></tr>
<tr><td>12</td><td>1989</td><td style='background-color: green;color: white; font-weight: bold;'>Pass</td></tr>
<tr><td>13</td><td>2096</td><td style='background-color: green;color: white; font-weight: bold;'>Pass</td></tr>
<tr><td>14</td><td>1319</td><td style='background-color: green;color: white; font-weight: bold;'>Pass</td></tr>
<tr><td>15</td><td>1990</td><td style='background-color: green;color: white; font-weight: bold;'>Pass</td></tr>
<tr><td>16</td><td>197</td><td style='background-color: green;color: white; font-weight: bold;'>Pass</td></tr>
<tr><td>17</td><td>702</td><td style='background-color: green;color: white; font-weight: bold;'>Pass</td></tr>
<tr><td>18</td><td>161</td><td style='background-color: green;color: white; font-weight: bold;'>Pass</td></tr>
<tr><td>19</td><td>2062</td><td style='background-color: green;color: white; font-weight: bold;'>Pass</td></tr>
<tr><td>20</td><td>1864</td><td style='background-color: green;color: white; font-weight: bold;'>Pass</td></tr>
<tr><td>21</td><td>1816</td><td style='background-color: green;color: white; font-weight: bold;'>Pass</td></tr>
<tr><td>22</td><td>822</td><td style='background-color: green;color: white; font-weight: bold;'>Pass</td></tr>
<tr><td>23</td><td>1120</td><td style='background-color: green;color: white; font-weight: bold;'>Pass</td></tr>
<tr><td>24</td><td>1244</td><td style='background-color: green;color: white; font-weight: bold;'>Pass</td></tr>
<tr><td>25</td><td>565</td><td style='background-color: green;color: white; font-weight: bold;'>Pass</td></tr>
<tr><td>26</td><td>1295</td><td style='background-color: green;color: white; font-weight: bold;'>Pass</td></tr>
<tr><td>27</td><td>1371</td><td style='background-color: green;color: white; font-weight: bold;'>Pass</td></tr>
<tr><td>28</td><td>1675</td><td style='background-color: green;color: white; font-weight: bold;'>Pass</td></tr>
<tr><td>29</td><td>1340</td><td style='background-color: green;color: white; font-weight: bold;'>Pass</td></tr>
<tr><td>30</td><td>182</td><td style='background-color: green;color: white; font-weight: bold;'>Pass</td></tr>
<tr><td>31</td><td>900</td><td style='background-color: green;color: white; font-weight: bold;'>Pass</td></tr>
<tr><td>32</td><td>1617</td><td style='background-color: green;color: white; font-weight: bold;'>Pass</td></tr>
<tr><td>33</td><td>301</td><td style='background-color: green;color: white; font-weight: bold;'>Pass</td></tr>
</table>
<h3>portfolio stocks</h3>
<table border='1' style='border-collapse: collapse; width: 75%; text-align: center;'>
<tr><th>Iteration Count</th><th>Time Taken (ms)</th><th>Status</th></tr>
<tr><td>1</td><td>614</td><td style='background-color: green;color: white; font-weight: bold;'>Pass</td></tr>
<tr><td>2</td><td>2418</td><td style='background-color: green;color: white; font-weight: bold;'>Pass</td></tr>
<tr><td>3</td><td>167</td><td style='background-color: green;color: white; font-weight: bold;'>Pass</td></tr>
<tr><td>4</td><td>952</td><td style='background-color: green;color: white; font-weight: bold;'>Pass</td></tr>
<tr><td>5</td><td>1185</td><td style='background-color: green;color: white; font-weight: bold;'>Pass</td></tr>
<tr><td>6</td><td>157</td><td style='background-color: green;color: white; font-weight: bold;'>Pass</td></tr>
<tr><td>7</td><td>1398</td><td style='background-color: green;color: white; font-weight: bold;'>Pass</td></tr>
<tr><td>8</td><td>1838</td><td style='background-color: green;color: white; font-weight: bold;'>Pass</td></tr>
<tr><td>9</td><td>1233</td><td style='background-color: green;color: white; font-weight: bold;'>Pass</td></tr>
<tr><td>10</td><td>2319</td><td style='background-color: green;color: white; font-weight: bold;'>Pass</td></tr>
<tr><td>11</td><td>1719</td><td style='background-color: green;color: white; font-weight: bold;'>Pass</td></tr>
<tr><td>12</td><td>1637</td><td style='background-color: green;color: white; font-weight: bold;'>Pass</td></tr>
<tr><td>13</td><td>1728</td><td style='background-color: green;color: white; font-weight: bold;'>Pass</td></tr>
<tr><td>14</td><td>1167</td><td style='background-color: green;color: white; font-weight: bold;'>Pass</td></tr>
<tr><td>15</td><td>658</td><td style='background-color: green;color: white; font-weight: bold;'>Pass</td></tr>
<tr><td>16</td><td>1726</td><td style='background-color: green;color: white; font-weight: bold;'>Pass</td></tr>
<tr><td>17</td><td>163</td><td style='background-color: green;color: white; font-weight: bold;'>Pass</td></tr>
<tr><td>18</td><td>952</td><td style='background-color: green;color: white; font-weight: bold;'>Pass</td></tr>
<tr><td>19</td><td>961</td><td style='background-color: green;color: white; font-weight: bold;'>Pass</td></tr>
<tr><td>20</td><td>974</td><td style='background-color: green;color: white; font-weight: bold;'>Pass</td></tr>
<tr><td>21</td><td>1645</td><td style='background-color: green;color: white; font-weight: bold;'>Pass</td></tr>
<tr><td>22</td><td>1591</td><td style='background-color: green;color: white; font-weight: bold;'>Pass</td></tr>
<tr><td>23</td><td>1808</td><td style='background-color: green;color: white; font-weight: bold;'>Pass</td></tr>
<tr><td>24</td><td>1665</td><td style='background-color: green;color: white; font-weight: bold;'>Pass</td></tr>
<tr><td>25</td><td>1634</td><td style='background-color: green;color: white; font-weight: bold;'>Pass</td></tr>
<tr><td>26</td><td>1022</td><td style='background-color: green;color: white; font-weight: bold;'>Pass</td></tr>
<tr><td>27</td><td>1853</td><td style='background-color: green;color: white; font-weight: bold;'>Pass</td></tr>
<tr><td>28</td><td>1545</td><td style='background-color: green;color: white; font-weight: bold;'>Pass</td></tr>
<tr><td>29</td><td>591</td><td style='background-color: green;color: white; font-weight: bold;'>Pass</td></tr>
<tr><td>30</td><td>761</td><td style='background-color: green;color: white; font-weight: bold;'>Pass</td></tr>
<tr><td>31</td><td>134</td><td style='background-color: green;color: white; font-weight: bold;'>Pass</td></tr>
<tr><td>32</td><td>1812</td><td style='background-color: green;color: white; font-weight: bold;'>Pass</td></tr>
<tr><td>33</td><td>2085</td><td style='background-color: green;color: white; font-weight: bold;'>Pass</td></tr>
</table>
<h3>portfolio MF</h3>
<table border='1' style='border-collapse: collapse; width: 75%; text-align: center;'>
<tr><th>Iteration Count</th><th>Time Taken (ms)</th><th>Status</th></tr>
<tr><td>1</td><td>571</td><td style='background-color: green;color: white; font-weight: bold;'>Pass</td></tr>
<tr><td>2</td><td>959</td><td style='background-color: green;color: white; font-weight: bold;'>Pass</td></tr>
<tr><td>3</td><td>114</td><td style='background-color: green;color: white; font-weight: bold;'>Pass</td></tr>
<tr><td>4</td><td>947</td><td style='background-color: green;color: white; font-weight: bold;'>Pass</td></tr>
<tr><td>5</td><td>944</td><td style='background-color: green;color: white; font-weight: bold;'>Pass</td></tr>
<tr><td>6</td><td>940</td><td style='background-color: green;color: white; font-weight: bold;'>Pass</td></tr>
<tr><td>7</td><td>190</td><td style='background-color: green;color: white; font-weight: bold;'>Pass</td></tr>
<tr><td>8</td><td>172</td><td style='background-color: green;color: white; font-weight: bold;'>Pass</td></tr>
<tr><td>9</td><td>952</td><td style='background-color: green;color: white; font-weight: bold;'>Pass</td></tr>
<tr><td>10</td><td>958</td><td style='background-color: green;color: white; font-weight: bold;'>Pass</td></tr>
<tr><td>11</td><td>733</td><td style='background-color: green;color: white; font-weight: bold;'>Pass</td></tr>
<tr><td>12</td><td>926</td><td style='background-color: green;color: white; font-weight: bold;'>Pass</td></tr>
<tr><td>13</td><td>148</td><td style='background-color: green;color: white; font-weight: bold;'>Pass</td></tr>
<tr><td>14</td><td>145</td><td style='background-color: green;color: white; font-weight: bold;'>Pass</td></tr>
<tr><td>15</td><td>3994</td><td style='background-color: green;color: white; font-weight: bold;'>Pass</td></tr>
<tr><td>16</td><td>749</td><td style='background-color: green;color: white; font-weight: bold;'>Pass</td></tr>
<tr><td>17</td><td>3170</td><td style='background-color: green;color: white; font-weight: bold;'>Pass</td></tr>
<tr><td>18</td><td>3848</td><td style='background-color: green;color: white; font-weight: bold;'>Pass</td></tr>
<tr><td>19</td><td>4020</td><td style='background-color: green;color: white; font-weight: bold;'>Pass</td></tr>
<tr><td>20</td><td>935</td><td style='background-color: green;color: white; font-weight: bold;'>Pass</td></tr>
<tr><td>21</td><td>1977</td><td style='background-color: green;color: white; font-weight: bold;'>Pass</td></tr>
<tr><td>22</td><td>930</td><td style='background-color: green;color: white; font-weight: bold;'>Pass</td></tr>
<tr><td>23</td><td>138</td><td style='background-color: green;color: white; font-weight: bold;'>Pass</td></tr>
<tr><td>24</td><td>3899</td><td style='background-color: green;color: white; font-weight: bold;'>Pass</td></tr>
<tr><td>25</td><td>3964</td><td style='background-color: green;color: white; font-weight: bold;'>Pass</td></tr>
<tr><td>26</td><td>3177</td><td style='background-color: green;color: white; font-weight: bold;'>Pass</td></tr>
<tr><td>27</td><td>940</td><td style='background-color: green;color: white; font-weight: bold;'>Pass</td></tr>
<tr><td>28</td><td>945</td><td style='background-color: green;color: white; font-weight: bold;'>Pass</td></tr>
<tr><td>29</td><td>956</td><td style='background-color: green;color: white; font-weight: bold;'>Pass</td></tr>
<tr><td>30</td><td>951</td><td style='background-color: green;color: white; font-weight: bold;'>Pass</td></tr>
<tr><td>31</td><td>3896</td><td style='background-color: green;color: white; font-weight: bold;'>Pass</td></tr>
<tr><td>32</td><td>3974</td><td style='background-color: green;color: white; font-weight: bold;'>Pass</td></tr>
<tr><td>33</td><td>3792</td><td style='background-color: green;color: white; font-weight: bold;'>Pass</td></tr>
</table>
<h3>portfolio PMS</h3>
<table border='1' style='border-collapse: collapse; width: 75%; text-align: center;'>
<tr><th>Iteration Count</th><th>Time Taken (ms)</th><th>Status</th></tr>
<tr><td>1</td><td>136</td><td style='background-color: green;color: white; font-weight: bold;'>Pass</td></tr>
<tr><td>2</td><td>836</td><td style='background-color: green;color: white; font-weight: bold;'>Pass</td></tr>
<tr><td>3</td><td>649</td><td style='background-color: green;color: white; font-weight: bold;'>Pass</td></tr>
<tr><td>4</td><td>177</td><td style='background-color: green;color: white; font-weight: bold;'>Pass</td></tr>
<tr><td>5</td><td>668</td><td style='background-color: green;color: white; font-weight: bold;'>Pass</td></tr>
<tr><td>6</td><td>677</td><td style='background-color: green;color: white; font-weight: bold;'>Pass</td></tr>
<tr><td>7</td><td>148</td><td style='background-color: green;color: white; font-weight: bold;'>Pass</td></tr>
<tr><td>8</td><td>121</td><td style='background-color: green;color: white; font-weight: bold;'>Pass</td></tr>
<tr><td>9</td><td>165</td><td style='background-color: green;color: white; font-weight: bold;'>Pass</td></tr>
<tr><td>10</td><td>114</td><td style='background-color: green;color: white; font-weight: bold;'>Pass</td></tr>
<tr><td>11</td><td>1130</td><td style='background-color: green;color: white; font-weight: bold;'>Pass</td></tr>
<tr><td>12</td><td>649</td><td style='background-color: green;color: white; font-weight: bold;'>Pass</td></tr>
<tr><td>13</td><td>253</td><td style='background-color: green;color: white; font-weight: bold;'>Pass</td></tr>
<tr><td>14</td><td>654</td><td style='background-color: green;color: white; font-weight: bold;'>Pass</td></tr>
<tr><td>15</td><td>1041</td><td style='background-color: green;color: white; font-weight: bold;'>Pass</td></tr>
<tr><td>16</td><td>131</td><td style='background-color: green;color: white; font-weight: bold;'>Pass</td></tr>
<tr><td>17</td><td>647</td><td style='background-color: green;color: white; font-weight: bold;'>Pass</td></tr>
<tr><td>18</td><td>671</td><td style='background-color: green;color: white; font-weight: bold;'>Pass</td></tr>
<tr><td>19</td><td>650</td><td style='background-color: green;color: white; font-weight: bold;'>Pass</td></tr>
<tr><td>20</td><td>3738</td><td style='background-color: green;color: white; font-weight: bold;'>Pass</td></tr>
<tr><td>21</td><td>128</td><td style='background-color: green;color: white; font-weight: bold;'>Pass</td></tr>
<tr><td>22</td><td>798</td><td style='background-color: green;color: white; font-weight: bold;'>Pass</td></tr>
<tr><td>23</td><td>124</td><td style='background-color: green;color: white; font-weight: bold;'>Pass</td></tr>
<tr><td>24</td><td>3735</td><td style='background-color: green;color: white; font-weight: bold;'>Pass</td></tr>
<tr><td>25</td><td>662</td><td style='background-color: green;color: white; font-weight: bold;'>Pass</td></tr>
<tr><td>26</td><td>650</td><td style='background-color: green;color: white; font-weight: bold;'>Pass</td></tr>
<tr><td>27</td><td>661</td><td style='background-color: green;color: white; font-weight: bold;'>Pass</td></tr>
<tr><td>28</td><td>662</td><td style='background-color: green;color: white; font-weight: bold;'>Pass</td></tr>
<tr><td>29</td><td>811</td><td style='background-color: green;color: white; font-weight: bold;'>Pass</td></tr>
<tr><td>30</td><td>141</td><td style='background-color: green;color: white; font-weight: bold;'>Pass</td></tr>
<tr><td>31</td><td>659</td><td style='background-color: green;color: white; font-weight: bold;'>Pass</td></tr>
<tr><td>32</td><td>3983</td><td style='background-color: green;color: white; font-weight: bold;'>Pass</td></tr>
<tr><td>33</td><td>8700</td><td style='background-color: green;color: white; font-weight: bold;'>Pass</td></tr>
</table>
<h3>portfolio Basket</h3>
<table border='1' style='border-collapse: collapse; width: 75%; text-align: center;'>
<tr><th>Iteration Count</th><th>Time Taken (ms)</th><th>Status</th></tr>
<tr><td>1</td><td>180</td><td style='background-color: green;color: white; font-weight: bold;'>Pass</td></tr>
<tr><td>2</td><td>885</td><td style='background-color: green;color: white; font-weight: bold;'>Pass</td></tr>
<tr><td>3</td><td>1069</td><td style='background-color: green;color: white; font-weight: bold;'>Pass</td></tr>
<tr><td>4</td><td>867</td><td style='background-color: green;color: white; font-weight: bold;'>Pass</td></tr>
<tr><td>5</td><td>1064</td><td style='background-color: green;color: white; font-weight: bold;'>Pass</td></tr>
<tr><td>6</td><td>2255</td><td style='background-color: green;color: white; font-weight: bold;'>Pass</td></tr>
<tr><td>7</td><td>8026</td><td style='background-color: green;color: white; font-weight: bold;'>Pass</td></tr>
<tr><td>8</td><td>284</td><td style='background-color: green;color: white; font-weight: bold;'>Pass</td></tr>
<tr><td>9</td><td>1095</td><td style='background-color: green;color: white; font-weight: bold;'>Pass</td></tr>
<tr><td>10</td><td>2246</td><td style='background-color: green;color: white; font-weight: bold;'>Pass</td></tr>
<tr><td>11</td><td>1306</td><td style='background-color: green;color: white; font-weight: bold;'>Pass</td></tr>
<tr><td>12</td><td>1095</td><td style='background-color: green;color: white; font-weight: bold;'>Pass</td></tr>
<tr><td>13</td><td>1099</td><td style='background-color: green;color: white; font-weight: bold;'>Pass</td></tr>
<tr><td>14</td><td>266</td><td style='background-color: green;color: white; font-weight: bold;'>Pass</td></tr>
<tr><td>15</td><td>275</td><td style='background-color: green;color: white; font-weight: bold;'>Pass</td></tr>
<tr><td>16</td><td>1125</td><td style='background-color: green;color: white; font-weight: bold;'>Pass</td></tr>
<tr><td>17</td><td>288</td><td style='background-color: green;color: white; font-weight: bold;'>Pass</td></tr>
<tr><td>18</td><td>1098</td><td style='background-color: green;color: white; font-weight: bold;'>Pass</td></tr>
<tr><td>19</td><td>315</td><td style='background-color: green;color: white; font-weight: bold;'>Pass</td></tr>
<tr><td>20</td><td>323</td><td style='background-color: green;color: white; font-weight: bold;'>Pass</td></tr>
<tr><td>21</td><td>1445</td><td style='background-color: green;color: white; font-weight: bold;'>Pass</td></tr>
<tr><td>22</td><td>4015</td><td style='background-color: green;color: white; font-weight: bold;'>Pass</td></tr>
<tr><td>23</td><td>1124</td><td style='background-color: green;color: white; font-weight: bold;'>Pass</td></tr>
<tr><td>24</td><td>4027</td><td style='background-color: green;color: white; font-weight: bold;'>Pass</td></tr>
<tr><td>25</td><td>269</td><td style='background-color: green;color: white; font-weight: bold;'>Pass</td></tr>
<tr><td>26</td><td>4033</td><td style='background-color: green;color: white; font-weight: bold;'>Pass</td></tr>
<tr><td>27</td><td>1109</td><td style='background-color: green;color: white; font-weight: bold;'>Pass</td></tr>
<tr><td>28</td><td>2344</td><td style='background-color: green;color: white; font-weight: bold;'>Pass</td></tr>
<tr><td>29</td><td>1079</td><td style='background-color: green;color: white; font-weight: bold;'>Pass</td></tr>
<tr><td>30</td><td>3329</td><td style='background-color: green;color: white; font-weight: bold;'>Pass</td></tr>
<tr><td>31</td><td>283</td><td style='background-color: green;color: white; font-weight: bold;'>Pass</td></tr>
<tr><td>32</td><td>1098</td><td style='background-color: green;color: white; font-weight: bold;'>Pass</td></tr>
<tr><td>33</td><td>296</td><td style='background-color: green;color: white; font-weight: bold;'>Pass</td></tr>
</table>
<h3>Add Funds</h3>
<table border='1' style='border-collapse: collapse; width: 75%; text-align: center;'>
<tr><th>Iteration Count</th><th>Time Taken (ms)</th><th>Status</th></tr>
<tr><td>1</td><td>1162</td><td style='background-color: green;color: white; font-weight: bold;'>Pass</td></tr>
<tr><td>2</td><td>4752</td><td style='background-color: green;color: white; font-weight: bold;'>Pass</td></tr>
<tr><td>3</td><td>3259</td><td style='background-color: green;color: white; font-weight: bold;'>Pass</td></tr>
<tr><td>4</td><td>1004</td><td style='background-color: green;color: white; font-weight: bold;'>Pass</td></tr>
<tr><td>5</td><td>179</td><td style='background-color: green;color: white; font-weight: bold;'>Pass</td></tr>
<tr><td>6</td><td>987</td><td style='background-color: green;color: white; font-weight: bold;'>Pass</td></tr>
<tr><td>7</td><td>172</td><td style='background-color: green;color: white; font-weight: bold;'>Pass</td></tr>
<tr><td>8</td><td>922</td><td style='background-color: green;color: white; font-weight: bold;'>Pass</td></tr>
<tr><td>9</td><td>4071</td><td style='background-color: green;color: white; font-weight: bold;'>Pass</td></tr>
<tr><td>10</td><td>969</td><td style='background-color: green;color: white; font-weight: bold;'>Pass</td></tr>
<tr><td>11</td><td>2409</td><td style='background-color: green;color: white; font-weight: bold;'>Pass</td></tr>
<tr><td>12</td><td>1861</td><td style='background-color: green;color: white; font-weight: bold;'>Pass</td></tr>
<tr><td>13</td><td>3320</td><td style='background-color: green;color: white; font-weight: bold;'>Pass</td></tr>
<tr><td>14</td><td>3988</td><td style='background-color: green;color: white; font-weight: bold;'>Pass</td></tr>
<tr><td>15</td><td>194</td><td style='background-color: green;color: white; font-weight: bold;'>Pass</td></tr>
<tr><td>16</td><td>4007</td><td style='background-color: green;color: white; font-weight: bold;'>Pass</td></tr>
<tr><td>17</td><td>156</td><td style='background-color: green;color: white; font-weight: bold;'>Pass</td></tr>
<tr><td>18</td><td>8091</td><td style='background-color: green;color: white; font-weight: bold;'>Pass</td></tr>
<tr><td>19</td><td>4154</td><td style='background-color: green;color: white; font-weight: bold;'>Pass</td></tr>
<tr><td>20</td><td>970</td><td style='background-color: green;color: white; font-weight: bold;'>Pass</td></tr>
<tr><td>21</td><td>932</td><td style='background-color: green;color: white; font-weight: bold;'>Pass</td></tr>
<tr><td>22</td><td>948</td><td style='background-color: green;color: white; font-weight: bold;'>Pass</td></tr>
<tr><td>23</td><td>200</td><td style='background-color: green;color: white; font-weight: bold;'>Pass</td></tr>
<tr><td>24</td><td>920</td><td style='background-color: green;color: white; font-weight: bold;'>Pass</td></tr>
<tr><td>25</td><td>3269</td><td style='background-color: green;color: white; font-weight: bold;'>Pass</td></tr>
<tr><td>26</td><td>209</td><td style='background-color: green;color: white; font-weight: bold;'>Pass</td></tr>
<tr><td>27</td><td>0</td><td style='background-color: red;color: white; font-weight: bold;'>Fail</td></tr>
<tr><td>28</td><td>896</td><td style='background-color: green;color: white; font-weight: bold;'>Pass</td></tr>
<tr><td>29</td><td>1539</td><td style='background-color: green;color: white; font-weight: bold;'>Pass</td></tr>
<tr><td>30</td><td>981</td><td style='background-color: green;color: white; font-weight: bold;'>Pass</td></tr>
<tr><td>31</td><td>1503</td><td style='background-color: green;color: white; font-weight: bold;'>Pass</td></tr>
<tr><td>32</td><td>1039</td><td style='background-color: green;color: white; font-weight: bold;'>Pass</td></tr>
<tr><td>33</td><td>3982</td><td style='background-color: green;color: white; font-weight: bold;'>Pass</td></tr>
</table>
<h3>withdraw Funds</h3>
<table border='1' style='border-collapse: collapse; width: 75%; text-align: center;'>
<tr><th>Iteration Count</th><th>Time Taken (ms)</th><th>Status</th></tr>
<tr><td>1</td><td>748</td><td style='background-color: green;color: white; font-weight: bold;'>Pass</td></tr>
<tr><td>2</td><td>742</td><td style='background-color: green;color: white; font-weight: bold;'>Pass</td></tr>
<tr><td>3</td><td>141</td><td style='background-color: green;color: white; font-weight: bold;'>Pass</td></tr>
<tr><td>4</td><td>149</td><td style='background-color: green;color: white; font-weight: bold;'>Pass</td></tr>
<tr><td>5</td><td>129</td><td style='background-color: green;color: white; font-weight: bold;'>Pass</td></tr>
<tr><td>6</td><td>724</td><td style='background-color: green;color: white; font-weight: bold;'>Pass</td></tr>
<tr><td>7</td><td>159</td><td style='background-color: green;color: white; font-weight: bold;'>Pass</td></tr>
<tr><td>8</td><td>146</td><td style='background-color: green;color: white; font-weight: bold;'>Pass</td></tr>
<tr><td>9</td><td>724</td><td style='background-color: green;color: white; font-weight: bold;'>Pass</td></tr>
<tr><td>10</td><td>3817</td><td style='background-color: green;color: white; font-weight: bold;'>Pass</td></tr>
<tr><td>11</td><td>151</td><td style='background-color: green;color: white; font-weight: bold;'>Pass</td></tr>
<tr><td>12</td><td>743</td><td style='background-color: green;color: white; font-weight: bold;'>Pass</td></tr>
<tr><td>13</td><td>750</td><td style='background-color: green;color: white; font-weight: bold;'>Pass</td></tr>
<tr><td>14</td><td>732</td><td style='background-color: green;color: white; font-weight: bold;'>Pass</td></tr>
<tr><td>15</td><td>143</td><td style='background-color: green;color: white; font-weight: bold;'>Pass</td></tr>
<tr><td>16</td><td>154</td><td style='background-color: green;color: white; font-weight: bold;'>Pass</td></tr>
<tr><td>17</td><td>696</td><td style='background-color: green;color: white; font-weight: bold;'>Pass</td></tr>
<tr><td>18</td><td>169</td><td style='background-color: green;color: white; font-weight: bold;'>Pass</td></tr>
<tr><td>19</td><td>157</td><td style='background-color: green;color: white; font-weight: bold;'>Pass</td></tr>
<tr><td>20</td><td>2260</td><td style='background-color: green;color: white; font-weight: bold;'>Pass</td></tr>
<tr><td>21</td><td>904</td><td style='background-color: green;color: white; font-weight: bold;'>Pass</td></tr>
<tr><td>22</td><td>729</td><td style='background-color: green;color: white; font-weight: bold;'>Pass</td></tr>
<tr><td>23</td><td>2251</td><td style='background-color: green;color: white; font-weight: bold;'>Pass</td></tr>
<tr><td>24</td><td>175</td><td style='background-color: green;color: white; font-weight: bold;'>Pass</td></tr>
<tr><td>25</td><td>2280</td><td style='background-color: green;color: white; font-weight: bold;'>Pass</td></tr>
<tr><td>26</td><td>717</td><td style='background-color: green;color: white; font-weight: bold;'>Pass</td></tr>
<tr><td>27</td><td>1802</td><td style='background-color: green;color: white; font-weight: bold;'>Pass</td></tr>
<tr><td>28</td><td>714</td><td style='background-color: green;color: white; font-weight: bold;'>Pass</td></tr>
<tr><td>29</td><td>872</td><td style='background-color: green;color: white; font-weight: bold;'>Pass</td></tr>
<tr><td>30</td><td>3248</td><td style='background-color: green;color: white; font-weight: bold;'>Pass</td></tr>
<tr><td>31</td><td>141</td><td style='background-color: green;color: white; font-weight: bold;'>Pass</td></tr>
<tr><td>32</td><td>718</td><td style='background-color: green;color: white; font-weight: bold;'>Pass</td></tr>
<tr><td>33</td><td>3237</td><td style='background-color: green;color: white; font-weight: bold;'>Pass</td></tr>
</table>]]>
  </system-out>
</testsuite> <!-- a_Nadeem.MoRise -->
