<?xml version="1.0" encoding="UTF-8"?>
<!-- Generated by org.testng.reporters.JUnitReportReporter -->
<testsuite hostname="MOT-32333-L" failures="0" tests="3" name="a_Nadeem.Rise_Regression" time="3298.473" errors="1" timestamp="2025-02-21T11:34:03 IST" skipped="1">
  <testcase classname="a_Nadeem.Rise_Regression" name="Verify_user_login_and_clicks_on_RDD" time="28.523"/>
  <testcase classname="a_Nadeem.Rise_Regression" name="App_Regression" time="3269.950">
    <error message="An element could not be located on the page using the given search parameters.
For documentation on this error, please visit: https://www.selenium.dev/documentation/webdriver/troubleshooting/errors#no-such-element-exception
Build info: version: &#039;4.21.0&#039;, revision: &#039;79ed462ef4&#039;
System info: os.name: &#039;Windows 10&#039;, os.arch: &#039;amd64&#039;, os.version: &#039;10.0&#039;, java.version: &#039;17.0.10&#039;
Driver info: io.appium.java_client.android.AndroidDriver
Command: [9d665853-8a96-4e39-a060-4a5c2d7294d9, findElement {using=xpath, value=//android.widget.ImageView[@content-desc=&quot;Add Scrip&quot;]}]
Capabilities {appium:appActivity: mosl.supperfina.com.MainAct..., appium:appPackage: com.mosl.mobile.pilot, appium:autoGrantPermissions: true, appium:automationName: UiAutomator2, appium:databaseEnabled: false, appium:desired: {appActivity: mosl.supperfina.com.MainAct..., appPackage: com.mosl.mobile.pilot, autoGrantPermissions: true, automationName: UiAutomator2, deviceName: CPH2467, noReset: true, platformName: ANDROID, platformVersion: 13, udid: 97957054}, appium:deviceApiLevel: 33, appium:deviceManufacturer: OnePlus, appium:deviceModel: CPH2467, appium:deviceName: 97957054, appium:deviceScreenDensity: 408, appium:deviceScreenSize: 1080x2400, appium:deviceUDID: 97957054, appium:javascriptEnabled: true, appium:locationContextEnabled: false, appium:networkConnectionEnabled: true, appium:noReset: true, appium:pixelRatio: 2.55, appium:platformVersion: 13, appium:statBarHeight: 107, appium:takesScreenshot: true, appium:udid: 97957054, appium:viewportRect: {height: 2074, left: 0, top: 107, width: 1080}, appium:warnings: {}, appium:webStorageEnabled: false, platformName: ANDROID}
Session ID: 9d665853-8a96-4e39-a060-4a5c2d7294d9" type="org.openqa.selenium.NoSuchElementException">
      <![CDATA[org.openqa.selenium.NoSuchElementException: An element could not be located on the page using the given search parameters.
For documentation on this error, please visit: https://www.selenium.dev/documentation/webdriver/troubleshooting/errors#no-such-element-exception
Build info: version: '4.21.0', revision: '79ed462ef4'
System info: os.name: 'Windows 10', os.arch: 'amd64', os.version: '10.0', java.version: '17.0.10'
Driver info: io.appium.java_client.android.AndroidDriver
Command: [9d665853-8a96-4e39-a060-4a5c2d7294d9, findElement {using=xpath, value=//android.widget.ImageView[@content-desc="Add Scrip"]}]
Capabilities {appium:appActivity: mosl.supperfina.com.MainAct..., appium:appPackage: com.mosl.mobile.pilot, appium:autoGrantPermissions: true, appium:automationName: UiAutomator2, appium:databaseEnabled: false, appium:desired: {appActivity: mosl.supperfina.com.MainAct..., appPackage: com.mosl.mobile.pilot, autoGrantPermissions: true, automationName: UiAutomator2, deviceName: CPH2467, noReset: true, platformName: ANDROID, platformVersion: 13, udid: 97957054}, appium:deviceApiLevel: 33, appium:deviceManufacturer: OnePlus, appium:deviceModel: CPH2467, appium:deviceName: 97957054, appium:deviceScreenDensity: 408, appium:deviceScreenSize: 1080x2400, appium:deviceUDID: 97957054, appium:javascriptEnabled: true, appium:locationContextEnabled: false, appium:networkConnectionEnabled: true, appium:noReset: true, appium:pixelRatio: 2.55, appium:platformVersion: 13, appium:statBarHeight: 107, appium:takesScreenshot: true, appium:udid: 97957054, appium:viewportRect: {height: 2074, left: 0, top: 107, width: 1080}, appium:warnings: {}, appium:webStorageEnabled: false, platformName: ANDROID}
Session ID: 9d665853-8a96-4e39-a060-4a5c2d7294d9
at jdk.internal.reflect.GeneratedConstructorAccessor16.newInstance(Unknown Source)
at java.base/jdk.internal.reflect.DelegatingConstructorAccessorImpl.newInstance(DelegatingConstructorAccessorImpl.java:45)
at java.base/java.lang.reflect.Constructor.newInstanceWithCaller(Constructor.java:499)
at java.base/java.lang.reflect.Constructor.newInstance(Constructor.java:480)
at org.openqa.selenium.remote.ErrorCodec.decode(ErrorCodec.java:167)
at org.openqa.selenium.remote.codec.w3c.W3CHttpResponseCodec.decode(W3CHttpResponseCodec.java:138)
at org.openqa.selenium.remote.codec.w3c.W3CHttpResponseCodec.decode(W3CHttpResponseCodec.java:50)
at org.openqa.selenium.remote.HttpCommandExecutor.execute(HttpCommandExecutor.java:190)
at io.appium.java_client.remote.AppiumCommandExecutor.execute(AppiumCommandExecutor.java:237)
at org.openqa.selenium.remote.RemoteWebDriver.execute(RemoteWebDriver.java:518)
at org.openqa.selenium.remote.ElementLocation$ElementFinder$2.findElement(ElementLocation.java:165)
at org.openqa.selenium.remote.ElementLocation.findElement(ElementLocation.java:59)
at org.openqa.selenium.remote.RemoteWebDriver.findElement(RemoteWebDriver.java:355)
at org.openqa.selenium.remote.RemoteWebDriver.findElement(RemoteWebDriver.java:349)
at org.openqa.selenium.support.pagefactory.DefaultElementLocator.findElement(DefaultElementLocator.java:68)
at org.openqa.selenium.support.pagefactory.internal.LocatingElementHandler.invoke(LocatingElementHandler.java:38)
at jdk.proxy2/jdk.proxy2.$Proxy16.getDomAttribute(Unknown Source)
at a_Nadeem.Rise_Regression.Delete_script_in_watchlist(Rise_Regression.java:1595)
at a_Nadeem.Rise_Regression.App_Regression(Rise_Regression.java:165)
at java.base/jdk.internal.reflect.NativeMethodAccessorImpl.invoke0(Native Method)
at java.base/jdk.internal.reflect.NativeMethodAccessorImpl.invoke(NativeMethodAccessorImpl.java:77)
at java.base/jdk.internal.reflect.DelegatingMethodAccessorImpl.invoke(DelegatingMethodAccessorImpl.java:43)
at java.base/java.lang.reflect.Method.invoke(Method.java:568)
at org.testng.internal.invokers.MethodInvocationHelper.invokeMethod(MethodInvocationHelper.java:141)
at org.testng.internal.invokers.TestInvoker.invokeMethod(TestInvoker.java:686)
at org.testng.internal.invokers.TestInvoker.invokeTestMethod(TestInvoker.java:230)
at org.testng.internal.invokers.MethodRunner.runInSequence(MethodRunner.java:63)
at org.testng.internal.invokers.TestInvoker$MethodInvocationAgent.invoke(TestInvoker.java:992)
at org.testng.internal.invokers.TestInvoker.invokeTestMethods(TestInvoker.java:203)
at org.testng.internal.invokers.TestMethodWorker.invokeTestMethods(TestMethodWorker.java:154)
at org.testng.internal.invokers.TestMethodWorker.run(TestMethodWorker.java:134)
at java.base/java.util.ArrayList.forEach(ArrayList.java:1511)
at org.testng.TestRunner.privateRun(TestRunner.java:739)
at org.testng.TestRunner.run(TestRunner.java:614)
at org.testng.SuiteRunner.runTest(SuiteRunner.java:421)
at org.testng.SuiteRunner.runSequentially(SuiteRunner.java:413)
at org.testng.SuiteRunner.privateRun(SuiteRunner.java:373)
at org.testng.SuiteRunner.run(SuiteRunner.java:312)
at org.testng.SuiteRunnerWorker.runSuite(SuiteRunnerWorker.java:52)
at org.testng.SuiteRunnerWorker.run(SuiteRunnerWorker.java:95)
at org.testng.TestNG.runSuitesSequentially(TestNG.java:1274)
at org.testng.TestNG.runSuitesLocally(TestNG.java:1208)
at org.testng.TestNG.runSuites(TestNG.java:1112)
at org.testng.TestNG.run(TestNG.java:1079)
at org.testng.remote.AbstractRemoteTestNG.run(AbstractRemoteTestNG.java:115)
at org.testng.remote.RemoteTestNG.initAndRun(RemoteTestNG.java:293)
at org.testng.remote.RemoteTestNG.main(RemoteTestNG.java:91)
]]>
    </error>
    <system-out>
      <![CDATA[<h3>Execution Report</h3>
<table border='1' style='border-collapse: collapse; width: 75%; text-align: center;'>
<tr><th>Sr. No</th><th>Test Case</th><th>Status</th><th>Time Taken (ms)</th></tr>
<tr><td>1</td><td>Global Search Result</td><td style='background-color: red;color: white; font-weight: bold;'>Fail</td><td>4236</td></tr>
<tr><td>2</td><td>Get quote fut tab</td><td style='background-color: green;color: white; font-weight: bold;'>Pass</td><td>1689</td></tr>
<tr><td>3</td><td>Get quote opt tab</td><td style='background-color: green;color: white; font-weight: bold;'>Pass</td><td>1760</td></tr>
<tr><td>4</td><td>Get quote cash tab</td><td style='background-color: green;color: white; font-weight: bold;'>Pass</td><td>5986</td></tr>
<tr><td>5</td><td>Get quote Nse switch delivery buy order form</td><td style='background-color: green;color: white; font-weight: bold;'>Pass</td><td>2544</td></tr>
<tr><td>6</td><td>Get quote Nse switch delivery Sell order form</td><td style='background-color: green;color: white; font-weight: bold;'>Pass</td><td>3529</td></tr>
<tr><td>7</td><td>Get quote Bse switch delivery buy order form</td><td style='background-color: green;color: white; font-weight: bold;'>Pass</td><td>4393</td></tr>
<tr><td>8</td><td>Get quote Bse switch delivery sell order form</td><td style='background-color: green;color: white; font-weight: bold;'>Pass</td><td>4331</td></tr>
<tr><td>9</td><td>Get quote charts button</td><td style='background-color: green;color: white; font-weight: bold;'>Pass</td><td>3976</td></tr>
<tr><td>10</td><td>Get quote optionchain button</td><td style='background-color: green;color: white; font-weight: bold;'>Pass</td><td>4361</td></tr>
<tr><td>11</td><td>Get quote Fundamental Tab</td><td style='background-color: green;color: white; font-weight: bold;'>Pass</td><td>2816</td></tr>
<tr><td>12</td><td>Get quote Technical Tab</td><td style='background-color: green;color: white; font-weight: bold;'>Pass</td><td>1771</td></tr>
<tr><td>13</td><td>Get quote News Tab</td><td style='background-color: green;color: white; font-weight: bold;'>Pass</td><td>1131</td></tr>
<tr><td>14</td><td>Get quote Transactions Tab</td><td style='background-color: green;color: white; font-weight: bold;'>Pass</td><td>11938</td></tr>
<tr><td>15</td><td>Order Form quantity toggle</td><td style='background-color: green;color: white; font-weight: bold;'>Pass</td><td>5642</td></tr>
<tr><td>16</td><td>Order Form amount toggle</td><td style='background-color: green;color: white; font-weight: bold;'>Pass</td><td>5056</td></tr>
<tr><td>17</td><td>Homescreen portfolio hide mark</td><td style='background-color: green;color: white; font-weight: bold;'>Pass</td><td>95561</td></tr>
<tr><td>18</td><td>Homescreen portfolio overall value</td><td style='background-color: green;color: white; font-weight: bold;'>Pass</td><td>30885</td></tr>
<tr><td>19</td><td>Homescreen portfolio expand button</td><td style='background-color: green;color: white; font-weight: bold;'>Pass</td><td>71009</td></tr>
<tr><td>20</td><td>Homescreen portfolio collapse button</td><td style='background-color: green;color: white; font-weight: bold;'>Pass</td><td>66561</td></tr>
<tr><td>21</td><td>Homescreen Research idea I button</td><td style='background-color: green;color: white; font-weight: bold;'>Pass</td><td>31592</td></tr>
<tr><td>22</td><td>Homescreen IPO button</td><td style='background-color: green;color: white; font-weight: bold;'>Pass</td><td>26464</td></tr>
<tr><td>23</td><td>Homescreen Research Idea button</td><td style='background-color: green;color: white; font-weight: bold;'>Pass</td><td>54193</td></tr>
<tr><td>24</td><td>Homescreen IAP button</td><td style='background-color: green;color: white; font-weight: bold;'>Pass</td><td>31613</td></tr>
<tr><td>25</td><td>Homescreen Bonds button</td><td style='background-color: green;color: white; font-weight: bold;'>Pass</td><td>54971</td></tr>
<tr><td>26</td><td>Homescreen Option Store button</td><td style='background-color: green;color: white; font-weight: bold;'>Pass</td><td>32939</td></tr>
<tr><td>27</td><td>Homescreen Stock Basket button</td><td style='background-color: red;color: white; font-weight: bold;'>Fail</td><td>76347</td></tr>
<tr><td>28</td><td>Homescreen Insurance button</td><td style='background-color: green;color: white; font-weight: bold;'>Pass</td><td>32468</td></tr>
<tr><td>29</td><td>Homescreen Fixed Deposit button</td><td style='background-color: green;color: white; font-weight: bold;'>Pass</td><td>33092</td></tr>
<tr><td>30</td><td>Homescreen Smallcase button</td><td style='background-color: green;color: white; font-weight: bold;'>Pass</td><td>87081</td></tr>
<tr><td>31</td><td>Homescreen Teji Mandi button</td><td style='background-color: green;color: white; font-weight: bold;'>Pass</td><td>2431</td></tr>
<tr><td>32</td><td>Homescreen TGS button</td><td style='background-color: green;color: white; font-weight: bold;'>Pass</td><td>29229</td></tr>
<tr><td>33</td><td>Homescreen Intra options button</td><td style='background-color: green;color: white; font-weight: bold;'>Pass</td><td>13388</td></tr>
<tr><td>34</td><td>Homescreen MF High Returns button</td><td style='background-color: green;color: white; font-weight: bold;'>Pass</td><td>5157</td></tr>
<tr><td>35</td><td>Homescreen MF SIP with 500 button</td><td style='background-color: green;color: white; font-weight: bold;'>Pass</td><td>20831</td></tr>
<tr><td>36</td><td>Homescreen MF Tax Saver button</td><td style='background-color: green;color: white; font-weight: bold;'>Pass</td><td>30525</td></tr>
<tr><td>37</td><td>Homescreen MF MO Recommended button</td><td style='background-color: green;color: white; font-weight: bold;'>Pass</td><td>12815</td></tr>
<tr><td>38</td><td>Homescreen MF Highest rated Fund button</td><td style='background-color: green;color: white; font-weight: bold;'>Pass</td><td>11101</td></tr>
<tr><td>39</td><td>Homescreen MF International Fund button</td><td style='background-color: green;color: white; font-weight: bold;'>Pass</td><td>14530</td></tr>
<tr><td>40</td><td>Homescreen IPO I button</td><td style='background-color: red;color: white; font-weight: bold;'>Fail</td><td>61210</td></tr>
<tr><td>41</td><td>Homescreen IPO view All button</td><td style='background-color: red;color: white; font-weight: bold;'>Fail</td><td>50280</td></tr>
<tr><td>42</td><td>Homescreen IPO button</td><td style='background-color: green;color: white; font-weight: bold;'>Pass</td><td>48455</td></tr>
<tr><td>43</td><td>Homescreen NFO button</td><td style='background-color: green;color: white; font-weight: bold;'>Pass</td><td>23588</td></tr>
<tr><td>44</td><td>Homescreen Stock sip button</td><td style='background-color: green;color: white; font-weight: bold;'>Pass</td><td>4743</td></tr>
<tr><td>45</td><td>Homescreen MF sip button</td><td style='background-color: green;color: white; font-weight: bold;'>Pass</td><td>2038</td></tr>
<tr><td>46</td><td>Homescreen Reports button</td><td style='background-color: green;color: white; font-weight: bold;'>Pass</td><td>11813</td></tr>
<tr><td>47</td><td>Homescreen PNL Summary button</td><td style='background-color: green;color: white; font-weight: bold;'>Pass</td><td>19244</td></tr>
<tr><td>48</td><td>Homescreen Alerts button</td><td style='background-color: green;color: white; font-weight: bold;'>Pass</td><td>12178</td></tr>
<tr><td>49</td><td>Homescreen margin cal button</td><td style='background-color: green;color: white; font-weight: bold;'>Pass</td><td>10841</td></tr>
<tr><td>50</td><td>Homescreen MO API button</td><td style='background-color: green;color: white; font-weight: bold;'>Pass</td><td>11565</td></tr>
<tr><td>51</td><td>Mutual Fund View All Returns</td><td style='background-color: green;color: white; font-weight: bold;'>Pass</td><td>32017</td></tr>
<tr><td>52</td><td>Portfolio View Analysis button</td><td style='background-color: green;color: white; font-weight: bold;'>Pass</td><td>27181</td></tr>
<tr><td>53</td><td>Portfolio swipe Stocks Tab verification</td><td style='background-color: green;color: white; font-weight: bold;'>Pass</td><td>86377</td></tr>
<tr><td>54</td><td>Portfolio swipe MF Tab verification</td><td style='background-color: green;color: white; font-weight: bold;'>Pass</td><td>56388</td></tr>
<tr><td>55</td><td>Portfolio swipe PMS Tab verification</td><td style='background-color: green;color: white; font-weight: bold;'>Pass</td><td>48632</td></tr>
<tr><td>56</td><td>Portfolio swipe Basket Tab verification</td><td style='background-color: green;color: white; font-weight: bold;'>Pass</td><td>217898</td></tr>
<tr><td>57</td><td>Add Watchlist</td><td style='background-color: green;color: white; font-weight: bold;'>Pass</td><td>24157</td></tr>
<tr><td>58</td><td>Add Script in watchlist</td><td style='background-color: green;color: white; font-weight: bold;'>Pass</td><td>13279</td></tr>
<tr><td>59</td><td>MTF in script in watchlist</td><td style='background-color: green;color: white; font-weight: bold;'>Pass</td><td>1533</td></tr>]]>
    </system-out>
  </testcase> <!-- App_Regression -->
  <testcase classname="a_Nadeem.Rise_Regression" name="orderrouting">
    <skipped/>
  </testcase> <!-- orderrouting -->
  <system-out>
    <![CDATA[<h3>Execution Report</h3>
<table border='1' style='border-collapse: collapse; width: 75%; text-align: center;'>
<tr><th>Sr. No</th><th>Test Case</th><th>Status</th><th>Time Taken (ms)</th></tr>
<tr><td>1</td><td>Global Search Result</td><td style='background-color: red;color: white; font-weight: bold;'>Fail</td><td>4236</td></tr>
<tr><td>2</td><td>Get quote fut tab</td><td style='background-color: green;color: white; font-weight: bold;'>Pass</td><td>1689</td></tr>
<tr><td>3</td><td>Get quote opt tab</td><td style='background-color: green;color: white; font-weight: bold;'>Pass</td><td>1760</td></tr>
<tr><td>4</td><td>Get quote cash tab</td><td style='background-color: green;color: white; font-weight: bold;'>Pass</td><td>5986</td></tr>
<tr><td>5</td><td>Get quote Nse switch delivery buy order form</td><td style='background-color: green;color: white; font-weight: bold;'>Pass</td><td>2544</td></tr>
<tr><td>6</td><td>Get quote Nse switch delivery Sell order form</td><td style='background-color: green;color: white; font-weight: bold;'>Pass</td><td>3529</td></tr>
<tr><td>7</td><td>Get quote Bse switch delivery buy order form</td><td style='background-color: green;color: white; font-weight: bold;'>Pass</td><td>4393</td></tr>
<tr><td>8</td><td>Get quote Bse switch delivery sell order form</td><td style='background-color: green;color: white; font-weight: bold;'>Pass</td><td>4331</td></tr>
<tr><td>9</td><td>Get quote charts button</td><td style='background-color: green;color: white; font-weight: bold;'>Pass</td><td>3976</td></tr>
<tr><td>10</td><td>Get quote optionchain button</td><td style='background-color: green;color: white; font-weight: bold;'>Pass</td><td>4361</td></tr>
<tr><td>11</td><td>Get quote Fundamental Tab</td><td style='background-color: green;color: white; font-weight: bold;'>Pass</td><td>2816</td></tr>
<tr><td>12</td><td>Get quote Technical Tab</td><td style='background-color: green;color: white; font-weight: bold;'>Pass</td><td>1771</td></tr>
<tr><td>13</td><td>Get quote News Tab</td><td style='background-color: green;color: white; font-weight: bold;'>Pass</td><td>1131</td></tr>
<tr><td>14</td><td>Get quote Transactions Tab</td><td style='background-color: green;color: white; font-weight: bold;'>Pass</td><td>11938</td></tr>
<tr><td>15</td><td>Order Form quantity toggle</td><td style='background-color: green;color: white; font-weight: bold;'>Pass</td><td>5642</td></tr>
<tr><td>16</td><td>Order Form amount toggle</td><td style='background-color: green;color: white; font-weight: bold;'>Pass</td><td>5056</td></tr>
<tr><td>17</td><td>Homescreen portfolio hide mark</td><td style='background-color: green;color: white; font-weight: bold;'>Pass</td><td>95561</td></tr>
<tr><td>18</td><td>Homescreen portfolio overall value</td><td style='background-color: green;color: white; font-weight: bold;'>Pass</td><td>30885</td></tr>
<tr><td>19</td><td>Homescreen portfolio expand button</td><td style='background-color: green;color: white; font-weight: bold;'>Pass</td><td>71009</td></tr>
<tr><td>20</td><td>Homescreen portfolio collapse button</td><td style='background-color: green;color: white; font-weight: bold;'>Pass</td><td>66561</td></tr>
<tr><td>21</td><td>Homescreen Research idea I button</td><td style='background-color: green;color: white; font-weight: bold;'>Pass</td><td>31592</td></tr>
<tr><td>22</td><td>Homescreen IPO button</td><td style='background-color: green;color: white; font-weight: bold;'>Pass</td><td>26464</td></tr>
<tr><td>23</td><td>Homescreen Research Idea button</td><td style='background-color: green;color: white; font-weight: bold;'>Pass</td><td>54193</td></tr>
<tr><td>24</td><td>Homescreen IAP button</td><td style='background-color: green;color: white; font-weight: bold;'>Pass</td><td>31613</td></tr>
<tr><td>25</td><td>Homescreen Bonds button</td><td style='background-color: green;color: white; font-weight: bold;'>Pass</td><td>54971</td></tr>
<tr><td>26</td><td>Homescreen Option Store button</td><td style='background-color: green;color: white; font-weight: bold;'>Pass</td><td>32939</td></tr>
<tr><td>27</td><td>Homescreen Stock Basket button</td><td style='background-color: red;color: white; font-weight: bold;'>Fail</td><td>76347</td></tr>
<tr><td>28</td><td>Homescreen Insurance button</td><td style='background-color: green;color: white; font-weight: bold;'>Pass</td><td>32468</td></tr>
<tr><td>29</td><td>Homescreen Fixed Deposit button</td><td style='background-color: green;color: white; font-weight: bold;'>Pass</td><td>33092</td></tr>
<tr><td>30</td><td>Homescreen Smallcase button</td><td style='background-color: green;color: white; font-weight: bold;'>Pass</td><td>87081</td></tr>
<tr><td>31</td><td>Homescreen Teji Mandi button</td><td style='background-color: green;color: white; font-weight: bold;'>Pass</td><td>2431</td></tr>
<tr><td>32</td><td>Homescreen TGS button</td><td style='background-color: green;color: white; font-weight: bold;'>Pass</td><td>29229</td></tr>
<tr><td>33</td><td>Homescreen Intra options button</td><td style='background-color: green;color: white; font-weight: bold;'>Pass</td><td>13388</td></tr>
<tr><td>34</td><td>Homescreen MF High Returns button</td><td style='background-color: green;color: white; font-weight: bold;'>Pass</td><td>5157</td></tr>
<tr><td>35</td><td>Homescreen MF SIP with 500 button</td><td style='background-color: green;color: white; font-weight: bold;'>Pass</td><td>20831</td></tr>
<tr><td>36</td><td>Homescreen MF Tax Saver button</td><td style='background-color: green;color: white; font-weight: bold;'>Pass</td><td>30525</td></tr>
<tr><td>37</td><td>Homescreen MF MO Recommended button</td><td style='background-color: green;color: white; font-weight: bold;'>Pass</td><td>12815</td></tr>
<tr><td>38</td><td>Homescreen MF Highest rated Fund button</td><td style='background-color: green;color: white; font-weight: bold;'>Pass</td><td>11101</td></tr>
<tr><td>39</td><td>Homescreen MF International Fund button</td><td style='background-color: green;color: white; font-weight: bold;'>Pass</td><td>14530</td></tr>
<tr><td>40</td><td>Homescreen IPO I button</td><td style='background-color: red;color: white; font-weight: bold;'>Fail</td><td>61210</td></tr>
<tr><td>41</td><td>Homescreen IPO view All button</td><td style='background-color: red;color: white; font-weight: bold;'>Fail</td><td>50280</td></tr>
<tr><td>42</td><td>Homescreen IPO button</td><td style='background-color: green;color: white; font-weight: bold;'>Pass</td><td>48455</td></tr>
<tr><td>43</td><td>Homescreen NFO button</td><td style='background-color: green;color: white; font-weight: bold;'>Pass</td><td>23588</td></tr>
<tr><td>44</td><td>Homescreen Stock sip button</td><td style='background-color: green;color: white; font-weight: bold;'>Pass</td><td>4743</td></tr>
<tr><td>45</td><td>Homescreen MF sip button</td><td style='background-color: green;color: white; font-weight: bold;'>Pass</td><td>2038</td></tr>
<tr><td>46</td><td>Homescreen Reports button</td><td style='background-color: green;color: white; font-weight: bold;'>Pass</td><td>11813</td></tr>
<tr><td>47</td><td>Homescreen PNL Summary button</td><td style='background-color: green;color: white; font-weight: bold;'>Pass</td><td>19244</td></tr>
<tr><td>48</td><td>Homescreen Alerts button</td><td style='background-color: green;color: white; font-weight: bold;'>Pass</td><td>12178</td></tr>
<tr><td>49</td><td>Homescreen margin cal button</td><td style='background-color: green;color: white; font-weight: bold;'>Pass</td><td>10841</td></tr>
<tr><td>50</td><td>Homescreen MO API button</td><td style='background-color: green;color: white; font-weight: bold;'>Pass</td><td>11565</td></tr>
<tr><td>51</td><td>Mutual Fund View All Returns</td><td style='background-color: green;color: white; font-weight: bold;'>Pass</td><td>32017</td></tr>
<tr><td>52</td><td>Portfolio View Analysis button</td><td style='background-color: green;color: white; font-weight: bold;'>Pass</td><td>27181</td></tr>
<tr><td>53</td><td>Portfolio swipe Stocks Tab verification</td><td style='background-color: green;color: white; font-weight: bold;'>Pass</td><td>86377</td></tr>
<tr><td>54</td><td>Portfolio swipe MF Tab verification</td><td style='background-color: green;color: white; font-weight: bold;'>Pass</td><td>56388</td></tr>
<tr><td>55</td><td>Portfolio swipe PMS Tab verification</td><td style='background-color: green;color: white; font-weight: bold;'>Pass</td><td>48632</td></tr>
<tr><td>56</td><td>Portfolio swipe Basket Tab verification</td><td style='background-color: green;color: white; font-weight: bold;'>Pass</td><td>217898</td></tr>
<tr><td>57</td><td>Add Watchlist</td><td style='background-color: green;color: white; font-weight: bold;'>Pass</td><td>24157</td></tr>
<tr><td>58</td><td>Add Script in watchlist</td><td style='background-color: green;color: white; font-weight: bold;'>Pass</td><td>13279</td></tr>
<tr><td>59</td><td>MTF in script in watchlist</td><td style='background-color: green;color: white; font-weight: bold;'>Pass</td><td>1533</td></tr>]]>
  </system-out>
</testsuite> <!-- a_Nadeem.Rise_Regression -->
