<?xml version="1.0" encoding="UTF-8"?>
<!-- Generated by org.testng.reporters.JUnitReportReporter -->
<testsuite hostname="MOT-32333-L" failures="0" tests="2" name="practiseTestNg.NewTest2" time="77.335" errors="0" timestamp="2024-11-25T14:58:12 IST" skipped="0">
  <testcase classname="practiseTestNg.NewTest2" name="Login" time="14.700"/>
  <testcase classname="practiseTestNg.NewTest2" name="Portfolio_All" time="62.635">
    <system-out>
      <![CDATA[<table border='1' style='border-collapse: collapse; width: 75%; text-align: center;'><tr><th>Iteration Count</th><th>Time Taken (ms)</th><th>Status</th></tr><tr><td>0</td><td>10061</td><td>Pass</td></tr></table>
<table border='1' style='border-collapse: collapse; width: 75%; text-align: center;'><tr><th>Iteration Count</th><th>Time Taken (ms)</th><th>Status</th></tr><tr><td>1</td><td>10053</td><td>Pass</td></tr></table>
<table border='1' style='border-collapse: collapse; width: 75%; text-align: center;'><tr><th>Iteration Count</th><th>Time Taken (ms)</th><th>Status</th></tr><tr><td>2</td><td>10042</td><td>Pass</td></tr></table>]]>
    </system-out>
  </testcase> <!-- Portfolio_All -->
  <system-out>
    <![CDATA[<table border='1' style='border-collapse: collapse; width: 75%; text-align: center;'><tr><th>Iteration Count</th><th>Time Taken (ms)</th><th>Status</th></tr><tr><td>0</td><td>10061</td><td>Pass</td></tr></table>
<table border='1' style='border-collapse: collapse; width: 75%; text-align: center;'><tr><th>Iteration Count</th><th>Time Taken (ms)</th><th>Status</th></tr><tr><td>1</td><td>10053</td><td>Pass</td></tr></table>
<table border='1' style='border-collapse: collapse; width: 75%; text-align: center;'><tr><th>Iteration Count</th><th>Time Taken (ms)</th><th>Status</th></tr><tr><td>2</td><td>10042</td><td>Pass</td></tr></table>]]>
  </system-out>
</testsuite> <!-- practiseTestNg.NewTest2 -->
