<?xml version="1.0" encoding="UTF-8"?>
<!-- Generated by org.testng.reporters.JUnitReportReporter -->
<testsuite hostname="MOT-32333-L" failures="0" tests="2" name="a_Nadeem.BasicAppSanity" time="68.803" errors="0" timestamp="2024-12-20T12:14:19 IST" skipped="0">
  <testcase classname="a_Nadeem.BasicAppSanity" name="Verify_user_login_and_clicks_on_RDD" time="30.840"/>
  <testcase classname="a_Nadeem.BasicAppSanity" name="App_Regression" time="37.963">
    <system-out>
      <![CDATA[<h3>Execution Report</h3>
<table border='1' style='border-collapse: collapse; width: 75%; text-align: center;'>
<tr><th>Sr. No</th><th>Test Case</th><th>Status</th></tr>
<tr><td>1</td><td>Verify global search result</td><td>Pass</td></tr>
<tr><td>2</td><td>TestCase2</td><td>fail</td></tr>
</table>]]>
    </system-out>
  </testcase> <!-- App_Regression -->
  <system-out>
    <![CDATA[<h3>Execution Report</h3>
<table border='1' style='border-collapse: collapse; width: 75%; text-align: center;'>
<tr><th>Sr. No</th><th>Test Case</th><th>Status</th></tr>
<tr><td>1</td><td>Verify global search result</td><td>Pass</td></tr>
<tr><td>2</td><td>TestCase2</td><td>fail</td></tr>
</table>]]>
  </system-out>
</testsuite> <!-- a_Nadeem.BasicAppSanity -->
