<?xml version="1.0" encoding="UTF-8"?>
<!-- Generated by org.testng.reporters.JUnitReportReporter -->
<testsuite hostname="MOT-32333-L" failures="0" tests="2" name="a_Nadeem.Regression_UAT_suite" time="234.135" errors="0" timestamp="2025-01-06T15:57:23 IST" skipped="0">
  <testcase classname="a_Nadeem.Regression_UAT_suite" name="Verify_user_login_and_clicks_on_RDD" time="20.233"/>
  <testcase classname="a_Nadeem.Regression_UAT_suite" name="App_Regression" time="213.902">
    <system-out>
      <![CDATA[<h3>Execution Report</h3>
<table border='1' style='border-collapse: collapse; width: 75%; text-align: center;'>
<tr><th>Sr. No</th><th>Test Case</th><th>Status</th><th>Time Taken (ms)</th></tr>
<tr><td>1</td><td>Global Search Result</td><td>Fail</td><td>5809</td></tr>
<tr><td>2</td><td>Order Form quantity toggle</td><td>Pass</td><td>5104</td></tr>
<tr><td>3</td><td>Order Form amount toggle</td><td>Pass</td><td>11549</td></tr>
<tr><td>4</td><td>Mutual Fund View All Returns</td><td>Pass</td><td>20119</td></tr>
<tr><td>5</td><td>Portfolio View Analysis</td><td>Pass</td><td>19343</td></tr>
<tr><td>6</td><td>Portfolio swipe Stocks Tab verification</td><td>Pass</td><td>2109</td></tr>
<tr><td>7</td><td>Portfolio swipe MF Tab verification</td><td>Pass</td><td>4001</td></tr>
<tr><td>8</td><td>Portfolio swipe PMS Tab verification</td><td>Pass</td><td>2478</td></tr>
<tr><td>9</td><td>Portfolio swipe PMS Tab verification</td><td>Pass</td><td>7897</td></tr>
<tr><td>10</td><td>Portfolio swipe Basket Tab verification</td><td>Pass</td><td>3693</td></tr>
<tr><td>11</td><td>Add Watchlist</td><td>Pass</td><td>21348</td></tr>
<tr><td>12</td><td>Add Script in watchlist</td><td>Pass</td><td>7909</td></tr>
<tr><td>13</td><td>Delete script from watchlist</td><td>Pass</td><td>5052</td></tr>
</table>]]>
    </system-out>
  </testcase> <!-- App_Regression -->
  <system-out>
    <![CDATA[<h3>Execution Report</h3>
<table border='1' style='border-collapse: collapse; width: 75%; text-align: center;'>
<tr><th>Sr. No</th><th>Test Case</th><th>Status</th><th>Time Taken (ms)</th></tr>
<tr><td>1</td><td>Global Search Result</td><td>Fail</td><td>5809</td></tr>
<tr><td>2</td><td>Order Form quantity toggle</td><td>Pass</td><td>5104</td></tr>
<tr><td>3</td><td>Order Form amount toggle</td><td>Pass</td><td>11549</td></tr>
<tr><td>4</td><td>Mutual Fund View All Returns</td><td>Pass</td><td>20119</td></tr>
<tr><td>5</td><td>Portfolio View Analysis</td><td>Pass</td><td>19343</td></tr>
<tr><td>6</td><td>Portfolio swipe Stocks Tab verification</td><td>Pass</td><td>2109</td></tr>
<tr><td>7</td><td>Portfolio swipe MF Tab verification</td><td>Pass</td><td>4001</td></tr>
<tr><td>8</td><td>Portfolio swipe PMS Tab verification</td><td>Pass</td><td>2478</td></tr>
<tr><td>9</td><td>Portfolio swipe PMS Tab verification</td><td>Pass</td><td>7897</td></tr>
<tr><td>10</td><td>Portfolio swipe Basket Tab verification</td><td>Pass</td><td>3693</td></tr>
<tr><td>11</td><td>Add Watchlist</td><td>Pass</td><td>21348</td></tr>
<tr><td>12</td><td>Add Script in watchlist</td><td>Pass</td><td>7909</td></tr>
<tr><td>13</td><td>Delete script from watchlist</td><td>Pass</td><td>5052</td></tr>
</table>]]>
  </system-out>
</testsuite> <!-- a_Nadeem.Regression_UAT_suite -->
