<?xml version="1.0" encoding="UTF-8"?>
<!-- Generated by org.testng.reporters.JUnitReportReporter -->
<testsuite hostname="MOT-32333-L" failures="0" tests="5" name="taskParallelExecution.testdemo" time="20.678" errors="0" timestamp="2024-12-08T11:19:41 IST" skipped="0">
  <testcase classname="taskParallelExecution.testdemo" name="SearchMobileinSearchField" time="4.126"/>
  <testcase classname="taskParallelExecution.testdemo" name="ScrollTillSamsung" time="1.160"/>
  <testcase classname="taskParallelExecution.testdemo" name="tabSwitch" time="0.046"/>
  <testcase classname="taskParallelExecution.testdemo" name="clickOnAddtoCart" time="12.516"/>
  <testcase classname="taskParallelExecution.testdemo" name="clickOnCart" time="2.830"/>
</testsuite> <!-- taskParallelExecution.testdemo -->
