<?xml version="1.0" encoding="UTF-8"?>
<!-- Generated by org.testng.reporters.JUnitReportReporter -->
<testsuite hostname="MOT-32333-L" failures="0" tests="2" name="a_Nadeem.Rise_Regression" time="5042.236" errors="0" timestamp="2025-01-22T14:09:51 IST" skipped="0">
  <testcase classname="a_Nadeem.Rise_Regression" name="Verify_user_login_and_clicks_on_RDD" time="30.175"/>
  <testcase classname="a_Nadeem.Rise_Regression" name="App_Regression" time="5012.061">
    <system-out>
      <![CDATA[<h3>Execution Report</h3>
<table border='1' style='border-collapse: collapse; width: 75%; text-align: center;'>
<tr><th>Sr. No</th><th>Test Case</th><th>Status</th><th>Time Taken (ms)</th></tr>
<tr><td>1</td><td>Global Search Result</td><td style='background-color: green;color: white; font-weight: bold;'>Pass</td><td>3871</td></tr>
<tr><td>2</td><td>Get quote fut tab</td><td style='background-color: green;color: white; font-weight: bold;'>Pass</td><td>5735</td></tr>
<tr><td>3</td><td>Get quote opt tab</td><td style='background-color: green;color: white; font-weight: bold;'>Pass</td><td>1752</td></tr>
<tr><td>4</td><td>Get quote cash tab</td><td style='background-color: green;color: white; font-weight: bold;'>Pass</td><td>4604</td></tr>
<tr><td>5</td><td>Get quote Nse switch delivery buy order form</td><td style='background-color: green;color: white; font-weight: bold;'>Pass</td><td>5242</td></tr>
<tr><td>6</td><td>Get quote Nse switch delivery Sell order form</td><td style='background-color: green;color: white; font-weight: bold;'>Pass</td><td>4161</td></tr>
<tr><td>7</td><td>Get quote Bse switch delivery buy order form</td><td style='background-color: green;color: white; font-weight: bold;'>Pass</td><td>5838</td></tr>
<tr><td>8</td><td>Get quote Bse switch delivery order form</td><td style='background-color: green;color: white; font-weight: bold;'>Pass</td><td>5786</td></tr>
<tr><td>9</td><td>Get quote charts button</td><td style='background-color: green;color: white; font-weight: bold;'>Pass</td><td>9919</td></tr>
<tr><td>10</td><td>Get quote optionchain button</td><td style='background-color: green;color: white; font-weight: bold;'>Pass</td><td>4094</td></tr>
<tr><td>11</td><td>Get quote Fundamental Tab</td><td style='background-color: green;color: white; font-weight: bold;'>Pass</td><td>7932</td></tr>
<tr><td>12</td><td>Get quote Technical Tab</td><td style='background-color: green;color: white; font-weight: bold;'>Pass</td><td>3914</td></tr>
<tr><td>13</td><td>Get quote News Tab</td><td style='background-color: green;color: white; font-weight: bold;'>Pass</td><td>1889</td></tr>
<tr><td>14</td><td>Get quote Transactions Tab</td><td style='background-color: green;color: white; font-weight: bold;'>Pass</td><td>10080</td></tr>
<tr><td>15</td><td>Order Form quantity toggle</td><td style='background-color: green;color: white; font-weight: bold;'>Pass</td><td>6248</td></tr>
<tr><td>16</td><td>Order Form amount toggle</td><td style='background-color: green;color: white; font-weight: bold;'>Pass</td><td>7730</td></tr>
<tr><td>17</td><td>Homescreen portfolio hide mark</td><td style='background-color: green;color: white; font-weight: bold;'>Pass</td><td>89361</td></tr>
<tr><td>18</td><td>Homescreen portfolio expand button</td><td style='background-color: green;color: white; font-weight: bold;'>Pass</td><td>31028</td></tr>
<tr><td>19</td><td>Homescreen portfolio collapse button</td><td style='background-color: green;color: white; font-weight: bold;'>Pass</td><td>44532</td></tr>
<tr><td>20</td><td>Homescreen Research idea I button</td><td style='background-color: green;color: white; font-weight: bold;'>Pass</td><td>23741</td></tr>
<tr><td>21</td><td>Homescreen IPO CTA</td><td style='background-color: green;color: white; font-weight: bold;'>Pass</td><td>13501</td></tr>
<tr><td>22</td><td>Homescreen Research Idea CTA</td><td style='background-color: green;color: white; font-weight: bold;'>Pass</td><td>31584</td></tr>
<tr><td>23</td><td>Homescreen IAP CTA</td><td style='background-color: green;color: white; font-weight: bold;'>Pass</td><td>31544</td></tr>
<tr><td>24</td><td>Homescreen Bonds CTA</td><td style='background-color: green;color: white; font-weight: bold;'>Pass</td><td>45809</td></tr>
<tr><td>25</td><td>Homescreen Option Store CTA</td><td style='background-color: green;color: white; font-weight: bold;'>Pass</td><td>21138</td></tr>
<tr><td>26</td><td>Homescreen Stock Basket CTA</td><td style='background-color: green;color: white; font-weight: bold;'>Pass</td><td>27967</td></tr>
<tr><td>27</td><td>Homescreen Insurance CTA</td><td style='background-color: green;color: white; font-weight: bold;'>Pass</td><td>2319</td></tr>
<tr><td>28</td><td>Homescreen Fixed Deposit CTA</td><td style='background-color: red;color: white; font-weight: bold;'>Fail</td><td>54912</td></tr>
<tr><td>29</td><td>Homescreen Smallcase CTA</td><td style='background-color: green;color: white; font-weight: bold;'>Pass</td><td>93761</td></tr>
<tr><td>30</td><td>Homescreen Teji Mandi CTA</td><td style='background-color: green;color: white; font-weight: bold;'>Pass</td><td>94647</td></tr>
<tr><td>31</td><td>Homescreen TGS CTA</td><td style='background-color: green;color: white; font-weight: bold;'>Pass</td><td>37998</td></tr>
<tr><td>32</td><td>Homescreen Intra options CTA</td><td style='background-color: green;color: white; font-weight: bold;'>Pass</td><td>22206</td></tr>
<tr><td>33</td><td>Homescreen MF High Returns</td><td style='background-color: green;color: white; font-weight: bold;'>Pass</td><td>33285</td></tr>
<tr><td>34</td><td>Homescreen MF SIP with 500 CTA</td><td style='background-color: green;color: white; font-weight: bold;'>Pass</td><td>33102</td></tr>
<tr><td>35</td><td>Homescreen MF Tax Saver CTA</td><td style='background-color: green;color: white; font-weight: bold;'>Pass</td><td>33311</td></tr>
<tr><td>36</td><td>Homescreen MF MO Recommended CTA</td><td style='background-color: green;color: white; font-weight: bold;'>Pass</td><td>26071</td></tr>
<tr><td>37</td><td>Homescreen MF Highest rated Fund CTA</td><td style='background-color: green;color: white; font-weight: bold;'>Pass</td><td>30200</td></tr>
<tr><td>38</td><td>Homescreen MF International Fund CTA</td><td style='background-color: green;color: white; font-weight: bold;'>Pass</td><td>33078</td></tr>
<tr><td>39</td><td>Homescreen IPO I button CTA</td><td style='background-color: red;color: white; font-weight: bold;'>Fail</td><td>90767</td></tr>
<tr><td>40</td><td>Homescreen IPO view All CTA</td><td style='background-color: green;color: white; font-weight: bold;'>Pass</td><td>31491</td></tr>
<tr><td>41</td><td>Homescreen IPO CTA</td><td style='background-color: green;color: white; font-weight: bold;'>Pass</td><td>101588</td></tr>
<tr><td>42</td><td>Homescreen NFO CTA</td><td style='background-color: green;color: white; font-weight: bold;'>Pass</td><td>101313</td></tr>
<tr><td>43</td><td>Homescreen Stock sip CTA</td><td style='background-color: green;color: white; font-weight: bold;'>Pass</td><td>35605</td></tr>
<tr><td>44</td><td>Homescreen MF sip CTA</td><td style='background-color: green;color: white; font-weight: bold;'>Pass</td><td>36072</td></tr>
<tr><td>45</td><td>Homescreen Reports CTA</td><td style='background-color: green;color: white; font-weight: bold;'>Pass</td><td>35325</td></tr>
<tr><td>46</td><td>Homescreen PNL Summary CTA</td><td style='background-color: green;color: white; font-weight: bold;'>Pass</td><td>34624</td></tr>
<tr><td>47</td><td>Homescreen Alerts CTA</td><td style='background-color: red;color: white; font-weight: bold;'>Fail</td><td>79770</td></tr>
<tr><td>48</td><td>Homescreen margin cal CTA</td><td style='background-color: green;color: white; font-weight: bold;'>Pass</td><td>36390</td></tr>
<tr><td>49</td><td>Homescreen MO API CTA</td><td style='background-color: green;color: white; font-weight: bold;'>Pass</td><td>35385</td></tr>
<tr><td>50</td><td>Mutual Fund View All Returns</td><td style='background-color: green;color: white; font-weight: bold;'>Pass</td><td>26910</td></tr>
<tr><td>51</td><td>Portfolio View Analysis</td><td style='background-color: green;color: white; font-weight: bold;'>Pass</td><td>66548</td></tr>
<tr><td>52</td><td>Portfolio swipe Stocks Tab verification</td><td style='background-color: green;color: white; font-weight: bold;'>Pass</td><td>125294</td></tr>
<tr><td>53</td><td>Portfolio swipe MF Tab verification</td><td style='background-color: green;color: white; font-weight: bold;'>Pass</td><td>52583</td></tr>
<tr><td>54</td><td>Portfolio swipe PMS Tab verification</td><td style='background-color: green;color: white; font-weight: bold;'>Pass</td><td>49690</td></tr>
<tr><td>55</td><td>Portfolio swipe Basket Tab verification</td><td style='background-color: green;color: white; font-weight: bold;'>Pass</td><td>47913</td></tr>
<tr><td>56</td><td>Add Watchlist</td><td style='background-color: green;color: white; font-weight: bold;'>Pass</td><td>63951</td></tr>
<tr><td>57</td><td>Add Script in watchlist</td><td style='background-color: green;color: white; font-weight: bold;'>Pass</td><td>14550</td></tr>
<tr><td>58</td><td>Delete script from watchlist</td><td style='background-color: green;color: white; font-weight: bold;'>Pass</td><td>13214</td></tr>
<tr><td>59</td><td>Delete watchlist</td><td style='background-color: green;color: white; font-weight: bold;'>Pass</td><td>56244</td></tr>
</table>]]>
    </system-out>
  </testcase> <!-- App_Regression -->
  <system-out>
    <![CDATA[<h3>Execution Report</h3>
<table border='1' style='border-collapse: collapse; width: 75%; text-align: center;'>
<tr><th>Sr. No</th><th>Test Case</th><th>Status</th><th>Time Taken (ms)</th></tr>
<tr><td>1</td><td>Global Search Result</td><td style='background-color: green;color: white; font-weight: bold;'>Pass</td><td>3871</td></tr>
<tr><td>2</td><td>Get quote fut tab</td><td style='background-color: green;color: white; font-weight: bold;'>Pass</td><td>5735</td></tr>
<tr><td>3</td><td>Get quote opt tab</td><td style='background-color: green;color: white; font-weight: bold;'>Pass</td><td>1752</td></tr>
<tr><td>4</td><td>Get quote cash tab</td><td style='background-color: green;color: white; font-weight: bold;'>Pass</td><td>4604</td></tr>
<tr><td>5</td><td>Get quote Nse switch delivery buy order form</td><td style='background-color: green;color: white; font-weight: bold;'>Pass</td><td>5242</td></tr>
<tr><td>6</td><td>Get quote Nse switch delivery Sell order form</td><td style='background-color: green;color: white; font-weight: bold;'>Pass</td><td>4161</td></tr>
<tr><td>7</td><td>Get quote Bse switch delivery buy order form</td><td style='background-color: green;color: white; font-weight: bold;'>Pass</td><td>5838</td></tr>
<tr><td>8</td><td>Get quote Bse switch delivery order form</td><td style='background-color: green;color: white; font-weight: bold;'>Pass</td><td>5786</td></tr>
<tr><td>9</td><td>Get quote charts button</td><td style='background-color: green;color: white; font-weight: bold;'>Pass</td><td>9919</td></tr>
<tr><td>10</td><td>Get quote optionchain button</td><td style='background-color: green;color: white; font-weight: bold;'>Pass</td><td>4094</td></tr>
<tr><td>11</td><td>Get quote Fundamental Tab</td><td style='background-color: green;color: white; font-weight: bold;'>Pass</td><td>7932</td></tr>
<tr><td>12</td><td>Get quote Technical Tab</td><td style='background-color: green;color: white; font-weight: bold;'>Pass</td><td>3914</td></tr>
<tr><td>13</td><td>Get quote News Tab</td><td style='background-color: green;color: white; font-weight: bold;'>Pass</td><td>1889</td></tr>
<tr><td>14</td><td>Get quote Transactions Tab</td><td style='background-color: green;color: white; font-weight: bold;'>Pass</td><td>10080</td></tr>
<tr><td>15</td><td>Order Form quantity toggle</td><td style='background-color: green;color: white; font-weight: bold;'>Pass</td><td>6248</td></tr>
<tr><td>16</td><td>Order Form amount toggle</td><td style='background-color: green;color: white; font-weight: bold;'>Pass</td><td>7730</td></tr>
<tr><td>17</td><td>Homescreen portfolio hide mark</td><td style='background-color: green;color: white; font-weight: bold;'>Pass</td><td>89361</td></tr>
<tr><td>18</td><td>Homescreen portfolio expand button</td><td style='background-color: green;color: white; font-weight: bold;'>Pass</td><td>31028</td></tr>
<tr><td>19</td><td>Homescreen portfolio collapse button</td><td style='background-color: green;color: white; font-weight: bold;'>Pass</td><td>44532</td></tr>
<tr><td>20</td><td>Homescreen Research idea I button</td><td style='background-color: green;color: white; font-weight: bold;'>Pass</td><td>23741</td></tr>
<tr><td>21</td><td>Homescreen IPO CTA</td><td style='background-color: green;color: white; font-weight: bold;'>Pass</td><td>13501</td></tr>
<tr><td>22</td><td>Homescreen Research Idea CTA</td><td style='background-color: green;color: white; font-weight: bold;'>Pass</td><td>31584</td></tr>
<tr><td>23</td><td>Homescreen IAP CTA</td><td style='background-color: green;color: white; font-weight: bold;'>Pass</td><td>31544</td></tr>
<tr><td>24</td><td>Homescreen Bonds CTA</td><td style='background-color: green;color: white; font-weight: bold;'>Pass</td><td>45809</td></tr>
<tr><td>25</td><td>Homescreen Option Store CTA</td><td style='background-color: green;color: white; font-weight: bold;'>Pass</td><td>21138</td></tr>
<tr><td>26</td><td>Homescreen Stock Basket CTA</td><td style='background-color: green;color: white; font-weight: bold;'>Pass</td><td>27967</td></tr>
<tr><td>27</td><td>Homescreen Insurance CTA</td><td style='background-color: green;color: white; font-weight: bold;'>Pass</td><td>2319</td></tr>
<tr><td>28</td><td>Homescreen Fixed Deposit CTA</td><td style='background-color: red;color: white; font-weight: bold;'>Fail</td><td>54912</td></tr>
<tr><td>29</td><td>Homescreen Smallcase CTA</td><td style='background-color: green;color: white; font-weight: bold;'>Pass</td><td>93761</td></tr>
<tr><td>30</td><td>Homescreen Teji Mandi CTA</td><td style='background-color: green;color: white; font-weight: bold;'>Pass</td><td>94647</td></tr>
<tr><td>31</td><td>Homescreen TGS CTA</td><td style='background-color: green;color: white; font-weight: bold;'>Pass</td><td>37998</td></tr>
<tr><td>32</td><td>Homescreen Intra options CTA</td><td style='background-color: green;color: white; font-weight: bold;'>Pass</td><td>22206</td></tr>
<tr><td>33</td><td>Homescreen MF High Returns</td><td style='background-color: green;color: white; font-weight: bold;'>Pass</td><td>33285</td></tr>
<tr><td>34</td><td>Homescreen MF SIP with 500 CTA</td><td style='background-color: green;color: white; font-weight: bold;'>Pass</td><td>33102</td></tr>
<tr><td>35</td><td>Homescreen MF Tax Saver CTA</td><td style='background-color: green;color: white; font-weight: bold;'>Pass</td><td>33311</td></tr>
<tr><td>36</td><td>Homescreen MF MO Recommended CTA</td><td style='background-color: green;color: white; font-weight: bold;'>Pass</td><td>26071</td></tr>
<tr><td>37</td><td>Homescreen MF Highest rated Fund CTA</td><td style='background-color: green;color: white; font-weight: bold;'>Pass</td><td>30200</td></tr>
<tr><td>38</td><td>Homescreen MF International Fund CTA</td><td style='background-color: green;color: white; font-weight: bold;'>Pass</td><td>33078</td></tr>
<tr><td>39</td><td>Homescreen IPO I button CTA</td><td style='background-color: red;color: white; font-weight: bold;'>Fail</td><td>90767</td></tr>
<tr><td>40</td><td>Homescreen IPO view All CTA</td><td style='background-color: green;color: white; font-weight: bold;'>Pass</td><td>31491</td></tr>
<tr><td>41</td><td>Homescreen IPO CTA</td><td style='background-color: green;color: white; font-weight: bold;'>Pass</td><td>101588</td></tr>
<tr><td>42</td><td>Homescreen NFO CTA</td><td style='background-color: green;color: white; font-weight: bold;'>Pass</td><td>101313</td></tr>
<tr><td>43</td><td>Homescreen Stock sip CTA</td><td style='background-color: green;color: white; font-weight: bold;'>Pass</td><td>35605</td></tr>
<tr><td>44</td><td>Homescreen MF sip CTA</td><td style='background-color: green;color: white; font-weight: bold;'>Pass</td><td>36072</td></tr>
<tr><td>45</td><td>Homescreen Reports CTA</td><td style='background-color: green;color: white; font-weight: bold;'>Pass</td><td>35325</td></tr>
<tr><td>46</td><td>Homescreen PNL Summary CTA</td><td style='background-color: green;color: white; font-weight: bold;'>Pass</td><td>34624</td></tr>
<tr><td>47</td><td>Homescreen Alerts CTA</td><td style='background-color: red;color: white; font-weight: bold;'>Fail</td><td>79770</td></tr>
<tr><td>48</td><td>Homescreen margin cal CTA</td><td style='background-color: green;color: white; font-weight: bold;'>Pass</td><td>36390</td></tr>
<tr><td>49</td><td>Homescreen MO API CTA</td><td style='background-color: green;color: white; font-weight: bold;'>Pass</td><td>35385</td></tr>
<tr><td>50</td><td>Mutual Fund View All Returns</td><td style='background-color: green;color: white; font-weight: bold;'>Pass</td><td>26910</td></tr>
<tr><td>51</td><td>Portfolio View Analysis</td><td style='background-color: green;color: white; font-weight: bold;'>Pass</td><td>66548</td></tr>
<tr><td>52</td><td>Portfolio swipe Stocks Tab verification</td><td style='background-color: green;color: white; font-weight: bold;'>Pass</td><td>125294</td></tr>
<tr><td>53</td><td>Portfolio swipe MF Tab verification</td><td style='background-color: green;color: white; font-weight: bold;'>Pass</td><td>52583</td></tr>
<tr><td>54</td><td>Portfolio swipe PMS Tab verification</td><td style='background-color: green;color: white; font-weight: bold;'>Pass</td><td>49690</td></tr>
<tr><td>55</td><td>Portfolio swipe Basket Tab verification</td><td style='background-color: green;color: white; font-weight: bold;'>Pass</td><td>47913</td></tr>
<tr><td>56</td><td>Add Watchlist</td><td style='background-color: green;color: white; font-weight: bold;'>Pass</td><td>63951</td></tr>
<tr><td>57</td><td>Add Script in watchlist</td><td style='background-color: green;color: white; font-weight: bold;'>Pass</td><td>14550</td></tr>
<tr><td>58</td><td>Delete script from watchlist</td><td style='background-color: green;color: white; font-weight: bold;'>Pass</td><td>13214</td></tr>
<tr><td>59</td><td>Delete watchlist</td><td style='background-color: green;color: white; font-weight: bold;'>Pass</td><td>56244</td></tr>
</table>]]>
  </system-out>
</testsuite> <!-- a_Nadeem.Rise_Regression -->
