<?xml version="1.0" encoding="UTF-8"?>
<!-- Generated by org.testng.reporters.JUnitReportReporter -->
<testsuite hostname="MOT-32333-L" failures="0" tests="19" name="a_Nadeem.MoRise" time="250.862" errors="0" timestamp="2025-01-30T02:17:43 IST" skipped="11">
  <testcase classname="a_Nadeem.MoRise" name="Verify_user_login_and_clicks_on_RDD" time="25.226"/>
  <testcase classname="a_Nadeem.MoRise" name="Verify_user_clicks_portfolio_all" time="25.060">
    <system-out>
      <![CDATA[<h3>portfolio All</h3>
<table border='1' style='border-collapse: collapse; width: 75%; text-align: center;'>
<tr><th>Iteration Count</th><th>Time Taken (ms)</th><th>Status</th></tr>
<tr><td>1</td><td>1306</td><td style='background-color: green;color: white; font-weight: bold;'>Pass</td></tr>
<tr><td>2</td><td>253</td><td style='background-color: green;color: white; font-weight: bold;'>Pass</td></tr>
<tr><td>3</td><td>2495</td><td style='background-color: green;color: white; font-weight: bold;'>Pass</td></tr>
<tr><td>4</td><td>1251</td><td style='background-color: green;color: white; font-weight: bold;'>Pass</td></tr>
<tr><td>5</td><td>2614</td><td style='background-color: green;color: white; font-weight: bold;'>Pass</td></tr>
</table>]]>
    </system-out>
  </testcase> <!-- Verify_user_clicks_portfolio_all -->
  <testcase classname="a_Nadeem.MoRise" name="Verify_user_clicks_portfolio_stocks" time="26.033">
    <system-out>
      <![CDATA[<h3>portfolio stocks</h3>
<table border='1' style='border-collapse: collapse; width: 75%; text-align: center;'>
<tr><th>Iteration Count</th><th>Time Taken (ms)</th><th>Status</th></tr>
<tr><td>1</td><td>763</td><td style='background-color: green;color: white; font-weight: bold;'>Pass</td></tr>
<tr><td>2</td><td>224</td><td style='background-color: green;color: white; font-weight: bold;'>Pass</td></tr>
<tr><td>3</td><td>1601</td><td style='background-color: green;color: white; font-weight: bold;'>Pass</td></tr>
<tr><td>4</td><td>204</td><td style='background-color: green;color: white; font-weight: bold;'>Pass</td></tr>
<tr><td>5</td><td>219</td><td style='background-color: green;color: white; font-weight: bold;'>Pass</td></tr>
</table>]]>
    </system-out>
  </testcase> <!-- Verify_user_clicks_portfolio_stocks -->
  <testcase classname="a_Nadeem.MoRise" name="Verify_user_clicks_portfolio_mf" time="45.276">
    <system-out>
      <![CDATA[<h3>portfolio MF</h3>
<table border='1' style='border-collapse: collapse; width: 75%; text-align: center;'>
<tr><th>Iteration Count</th><th>Time Taken (ms)</th><th>Status</th></tr>
<tr><td>1</td><td>756</td><td style='background-color: green;color: white; font-weight: bold;'>Pass</td></tr>
<tr><td>2</td><td>218</td><td style='background-color: green;color: white; font-weight: bold;'>Pass</td></tr>
<tr><td>3</td><td>197</td><td style='background-color: green;color: white; font-weight: bold;'>Pass</td></tr>
<tr><td>4</td><td>4014</td><td style='background-color: green;color: white; font-weight: bold;'>Pass</td></tr>
<tr><td>5</td><td>789</td><td style='background-color: green;color: white; font-weight: bold;'>Pass</td></tr>
</table>]]>
    </system-out>
  </testcase> <!-- Verify_user_clicks_portfolio_mf -->
  <testcase classname="a_Nadeem.MoRise" name="Verify_user_clicks_portfolio_PMS" time="34.916">
    <system-out>
      <![CDATA[<h3>portfolio PMS</h3>
<table border='1' style='border-collapse: collapse; width: 75%; text-align: center;'>
<tr><th>Iteration Count</th><th>Time Taken (ms)</th><th>Status</th></tr>
<tr><td>1</td><td>3310</td><td style='background-color: green;color: white; font-weight: bold;'>Pass</td></tr>
<tr><td>2</td><td>6710</td><td style='background-color: green;color: white; font-weight: bold;'>Pass</td></tr>
<tr><td>3</td><td>1498</td><td style='background-color: green;color: white; font-weight: bold;'>Pass</td></tr>
<tr><td>4</td><td>2042</td><td style='background-color: green;color: white; font-weight: bold;'>Pass</td></tr>
<tr><td>5</td><td>321</td><td style='background-color: green;color: white; font-weight: bold;'>Pass</td></tr>
</table>]]>
    </system-out>
  </testcase> <!-- Verify_user_clicks_portfolio_PMS -->
  <testcase classname="a_Nadeem.MoRise" name="Verify_user_clicks_portfolio_basket" time="33.395">
    <system-out>
      <![CDATA[<h3>portfolio Basket</h3>
<table border='1' style='border-collapse: collapse; width: 75%; text-align: center;'>
<tr><th>Iteration Count</th><th>Time Taken (ms)</th><th>Status</th></tr>
<tr><td>1</td><td>4850</td><td style='background-color: green;color: white; font-weight: bold;'>Pass</td></tr>
<tr><td>2</td><td>463</td><td style='background-color: green;color: white; font-weight: bold;'>Pass</td></tr>
<tr><td>3</td><td>403</td><td style='background-color: green;color: white; font-weight: bold;'>Pass</td></tr>
<tr><td>4</td><td>1073</td><td style='background-color: green;color: white; font-weight: bold;'>Pass</td></tr>
<tr><td>5</td><td>452</td><td style='background-color: green;color: white; font-weight: bold;'>Pass</td></tr>
</table>]]>
    </system-out>
  </testcase> <!-- Verify_user_clicks_portfolio_basket -->
  <testcase classname="a_Nadeem.MoRise" name="Verify_user_clicks_portfolio_Add_funds" time="26.758">
    <system-out>
      <![CDATA[<h3>Add Funds</h3>
<table border='1' style='border-collapse: collapse; width: 75%; text-align: center;'>
<tr><th>Iteration Count</th><th>Time Taken (ms)</th><th>Status</th></tr>
<tr><td>1</td><td>235</td><td style='background-color: green;color: white; font-weight: bold;'>Pass</td></tr>
<tr><td>2</td><td>953</td><td style='background-color: green;color: white; font-weight: bold;'>Pass</td></tr>
<tr><td>3</td><td>3955</td><td style='background-color: green;color: white; font-weight: bold;'>Pass</td></tr>
<tr><td>4</td><td>257</td><td style='background-color: green;color: white; font-weight: bold;'>Pass</td></tr>
<tr><td>5</td><td>1164</td><td style='background-color: green;color: white; font-weight: bold;'>Pass</td></tr>
</table>]]>
    </system-out>
  </testcase> <!-- Verify_user_clicks_portfolio_Add_funds -->
  <testcase classname="a_Nadeem.MoRise" name="Verify_user_clicks_portfolio_withdraw_funds" time="34.198">
    <system-out>
      <![CDATA[<h3>withdraw Funds</h3>
<table border='1' style='border-collapse: collapse; width: 75%; text-align: center;'>
<tr><th>Iteration Count</th><th>Time Taken (ms)</th><th>Status</th></tr>
<tr><td>1</td><td>392</td><td style='background-color: green;color: white; font-weight: bold;'>Pass</td></tr>
<tr><td>2</td><td>6024</td><td style='background-color: green;color: white; font-weight: bold;'>Pass</td></tr>
<tr><td>3</td><td>3965</td><td style='background-color: green;color: white; font-weight: bold;'>Pass</td></tr>
<tr><td>4</td><td>4038</td><td style='background-color: green;color: white; font-weight: bold;'>Pass</td></tr>
<tr><td>5</td><td>791</td><td style='background-color: green;color: white; font-weight: bold;'>Pass</td></tr>
</table>]]>
    </system-out>
  </testcase> <!-- Verify_user_clicks_portfolio_withdraw_funds -->
  <testcase classname="a_Nadeem.MoRise" name="Verify_user_clicks_getquote_news">
    <skipped/>
  </testcase> <!-- Verify_user_clicks_getquote_news -->
  <testcase classname="a_Nadeem.MoRise" name="Verify_user_clicks_getquote_optionchain">
    <skipped/>
  </testcase> <!-- Verify_user_clicks_getquote_optionchain -->
  <testcase classname="a_Nadeem.MoRise" name="Verify_user_clicks_getquote_Fundamentals">
    <skipped/>
  </testcase> <!-- Verify_user_clicks_getquote_Fundamentals -->
  <testcase classname="a_Nadeem.MoRise" name="Verify_Global_search_result">
    <skipped/>
  </testcase> <!-- Verify_Global_search_result -->
  <testcase classname="a_Nadeem.MoRise" name="Verify_user_clicks_getquote_overview">
    <skipped/>
  </testcase> <!-- Verify_user_clicks_getquote_overview -->
  <testcase classname="a_Nadeem.MoRise" name="Verify_user_clicks_getquote_technical">
    <skipped/>
  </testcase> <!-- Verify_user_clicks_getquote_technical -->
  <testcase classname="a_Nadeem.MoRise" name="Verify_User_clicks_on_Option_watchlist">
    <skipped/>
  </testcase> <!-- Verify_User_clicks_on_Option_watchlist -->
  <testcase classname="a_Nadeem.MoRise" name="Verify_homepage_portfolio_snapshot">
    <skipped/>
  </testcase> <!-- Verify_homepage_portfolio_snapshot -->
  <testcase classname="a_Nadeem.MoRise" name="Verify_User_clicks_on_watchlist">
    <skipped/>
  </testcase> <!-- Verify_User_clicks_on_watchlist -->
  <testcase classname="a_Nadeem.MoRise" name="Verify_Stock_homepage_Portfolio_Snapshot">
    <skipped/>
  </testcase> <!-- Verify_Stock_homepage_Portfolio_Snapshot -->
  <testcase classname="a_Nadeem.MoRise" name="Verify_MF_homepage_Portfolio_Snapshot">
    <skipped/>
  </testcase> <!-- Verify_MF_homepage_Portfolio_Snapshot -->
  <system-out>
    <![CDATA[<h3>portfolio All</h3>
<table border='1' style='border-collapse: collapse; width: 75%; text-align: center;'>
<tr><th>Iteration Count</th><th>Time Taken (ms)</th><th>Status</th></tr>
<tr><td>1</td><td>1306</td><td style='background-color: green;color: white; font-weight: bold;'>Pass</td></tr>
<tr><td>2</td><td>253</td><td style='background-color: green;color: white; font-weight: bold;'>Pass</td></tr>
<tr><td>3</td><td>2495</td><td style='background-color: green;color: white; font-weight: bold;'>Pass</td></tr>
<tr><td>4</td><td>1251</td><td style='background-color: green;color: white; font-weight: bold;'>Pass</td></tr>
<tr><td>5</td><td>2614</td><td style='background-color: green;color: white; font-weight: bold;'>Pass</td></tr>
</table>
<h3>portfolio stocks</h3>
<table border='1' style='border-collapse: collapse; width: 75%; text-align: center;'>
<tr><th>Iteration Count</th><th>Time Taken (ms)</th><th>Status</th></tr>
<tr><td>1</td><td>763</td><td style='background-color: green;color: white; font-weight: bold;'>Pass</td></tr>
<tr><td>2</td><td>224</td><td style='background-color: green;color: white; font-weight: bold;'>Pass</td></tr>
<tr><td>3</td><td>1601</td><td style='background-color: green;color: white; font-weight: bold;'>Pass</td></tr>
<tr><td>4</td><td>204</td><td style='background-color: green;color: white; font-weight: bold;'>Pass</td></tr>
<tr><td>5</td><td>219</td><td style='background-color: green;color: white; font-weight: bold;'>Pass</td></tr>
</table>
<h3>portfolio MF</h3>
<table border='1' style='border-collapse: collapse; width: 75%; text-align: center;'>
<tr><th>Iteration Count</th><th>Time Taken (ms)</th><th>Status</th></tr>
<tr><td>1</td><td>756</td><td style='background-color: green;color: white; font-weight: bold;'>Pass</td></tr>
<tr><td>2</td><td>218</td><td style='background-color: green;color: white; font-weight: bold;'>Pass</td></tr>
<tr><td>3</td><td>197</td><td style='background-color: green;color: white; font-weight: bold;'>Pass</td></tr>
<tr><td>4</td><td>4014</td><td style='background-color: green;color: white; font-weight: bold;'>Pass</td></tr>
<tr><td>5</td><td>789</td><td style='background-color: green;color: white; font-weight: bold;'>Pass</td></tr>
</table>
<h3>portfolio PMS</h3>
<table border='1' style='border-collapse: collapse; width: 75%; text-align: center;'>
<tr><th>Iteration Count</th><th>Time Taken (ms)</th><th>Status</th></tr>
<tr><td>1</td><td>3310</td><td style='background-color: green;color: white; font-weight: bold;'>Pass</td></tr>
<tr><td>2</td><td>6710</td><td style='background-color: green;color: white; font-weight: bold;'>Pass</td></tr>
<tr><td>3</td><td>1498</td><td style='background-color: green;color: white; font-weight: bold;'>Pass</td></tr>
<tr><td>4</td><td>2042</td><td style='background-color: green;color: white; font-weight: bold;'>Pass</td></tr>
<tr><td>5</td><td>321</td><td style='background-color: green;color: white; font-weight: bold;'>Pass</td></tr>
</table>
<h3>portfolio Basket</h3>
<table border='1' style='border-collapse: collapse; width: 75%; text-align: center;'>
<tr><th>Iteration Count</th><th>Time Taken (ms)</th><th>Status</th></tr>
<tr><td>1</td><td>4850</td><td style='background-color: green;color: white; font-weight: bold;'>Pass</td></tr>
<tr><td>2</td><td>463</td><td style='background-color: green;color: white; font-weight: bold;'>Pass</td></tr>
<tr><td>3</td><td>403</td><td style='background-color: green;color: white; font-weight: bold;'>Pass</td></tr>
<tr><td>4</td><td>1073</td><td style='background-color: green;color: white; font-weight: bold;'>Pass</td></tr>
<tr><td>5</td><td>452</td><td style='background-color: green;color: white; font-weight: bold;'>Pass</td></tr>
</table>
<h3>Add Funds</h3>
<table border='1' style='border-collapse: collapse; width: 75%; text-align: center;'>
<tr><th>Iteration Count</th><th>Time Taken (ms)</th><th>Status</th></tr>
<tr><td>1</td><td>235</td><td style='background-color: green;color: white; font-weight: bold;'>Pass</td></tr>
<tr><td>2</td><td>953</td><td style='background-color: green;color: white; font-weight: bold;'>Pass</td></tr>
<tr><td>3</td><td>3955</td><td style='background-color: green;color: white; font-weight: bold;'>Pass</td></tr>
<tr><td>4</td><td>257</td><td style='background-color: green;color: white; font-weight: bold;'>Pass</td></tr>
<tr><td>5</td><td>1164</td><td style='background-color: green;color: white; font-weight: bold;'>Pass</td></tr>
</table>
<h3>withdraw Funds</h3>
<table border='1' style='border-collapse: collapse; width: 75%; text-align: center;'>
<tr><th>Iteration Count</th><th>Time Taken (ms)</th><th>Status</th></tr>
<tr><td>1</td><td>392</td><td style='background-color: green;color: white; font-weight: bold;'>Pass</td></tr>
<tr><td>2</td><td>6024</td><td style='background-color: green;color: white; font-weight: bold;'>Pass</td></tr>
<tr><td>3</td><td>3965</td><td style='background-color: green;color: white; font-weight: bold;'>Pass</td></tr>
<tr><td>4</td><td>4038</td><td style='background-color: green;color: white; font-weight: bold;'>Pass</td></tr>
<tr><td>5</td><td>791</td><td style='background-color: green;color: white; font-weight: bold;'>Pass</td></tr>
</table>]]>
  </system-out>
</testsuite> <!-- a_Nadeem.MoRise -->
