<?xml version="1.0" encoding="UTF-8"?>
<!-- Generated by org.testng.reporters.JUnitReportReporter -->
<testsuite hostname="MOT-32333-L" failures="0" tests="1" name="investmotilaloswal.applaunch" time="52.780" errors="0" timestamp="2024-11-27T21:06:18 IST" skipped="0">
  <testcase classname="investmotilaloswal.applaunch" name="GlobalSearch" time="52.780">
    <system-out>
      <![CDATA[<h3>Global_Search_Results</h3>
<table border='1' style='border-collapse: collapse; width: 75%; text-align: center;'>
<tr><th>Iteration Count</th><th>Time Taken (ms)</th><th>Status</th><th>Test_Case</th></tr>
<tr><td>1</td><td>1733</td><td>Pass</td><td>Test Case Global Search is passed.</td></tr>
<tr><td>2</td><td>1670</td><td>Pass</td><td>Test Case Global Search is passed.</td></tr>
<tr><td>3</td><td>1686</td><td>Pass</td><td>Test Case Global Search is passed.</td></tr>
<tr><td>4</td><td>1647</td><td>Pass</td><td>Test Case Global Search is passed.</td></tr>
<tr><td>5</td><td>1600</td><td>Pass</td><td>Test Case Global Search is passed.</td></tr>
<tr><td>6</td><td>1682</td><td>Pass</td><td>Test Case Global Search is passed.</td></tr>
<tr><td>7</td><td>2382</td><td>Pass</td><td>Test Case Global Search is passed.</td></tr>
<tr><td>8</td><td>1633</td><td>Pass</td><td>Test Case Global Search is passed.</td></tr>
<tr><td>9</td><td>1751</td><td>Pass</td><td>Test Case Global Search is passed.</td></tr>
<tr><td>10</td><td>1746</td><td>Pass</td><td>Test Case Global Search is passed.</td></tr>
</table>]]>
    </system-out>
  </testcase> <!-- GlobalSearch -->
  <system-out>
    <![CDATA[<h3>Global_Search_Results</h3>
<table border='1' style='border-collapse: collapse; width: 75%; text-align: center;'>
<tr><th>Iteration Count</th><th>Time Taken (ms)</th><th>Status</th><th>Test_Case</th></tr>
<tr><td>1</td><td>1733</td><td>Pass</td><td>Test Case Global Search is passed.</td></tr>
<tr><td>2</td><td>1670</td><td>Pass</td><td>Test Case Global Search is passed.</td></tr>
<tr><td>3</td><td>1686</td><td>Pass</td><td>Test Case Global Search is passed.</td></tr>
<tr><td>4</td><td>1647</td><td>Pass</td><td>Test Case Global Search is passed.</td></tr>
<tr><td>5</td><td>1600</td><td>Pass</td><td>Test Case Global Search is passed.</td></tr>
<tr><td>6</td><td>1682</td><td>Pass</td><td>Test Case Global Search is passed.</td></tr>
<tr><td>7</td><td>2382</td><td>Pass</td><td>Test Case Global Search is passed.</td></tr>
<tr><td>8</td><td>1633</td><td>Pass</td><td>Test Case Global Search is passed.</td></tr>
<tr><td>9</td><td>1751</td><td>Pass</td><td>Test Case Global Search is passed.</td></tr>
<tr><td>10</td><td>1746</td><td>Pass</td><td>Test Case Global Search is passed.</td></tr>
</table>]]>
  </system-out>
</testsuite> <!-- investmotilaloswal.applaunch -->
