<?xml version="1.0" encoding="UTF-8"?>
<!-- Generated by org.testng.reporters.JUnitReportReporter -->
<testsuite hostname="MOT-32333-L" failures="0" tests="2" name="a_Nadeem.Rise_Regression" time="1191.518" errors="0" timestamp="2025-01-17T00:00:17 IST" skipped="0">
  <testcase classname="a_Nadeem.Rise_Regression" name="Verify_user_login_and_clicks_on_RDD" time="25.320"/>
  <testcase classname="a_Nadeem.Rise_Regression" name="App_Regression" time="1166.198">
    <system-out>
      <![CDATA[<h3>Execution Report</h3>
<table border='1' style='border-collapse: collapse; width: 75%; text-align: center;'>
<tr><th>Sr. No</th><th>Test Case</th><th>Status</th><th>Time Taken (ms)</th></tr>
<tr><td>1</td><td>Global Search Result</td><td>Pass</td><td>5270</td></tr>
<tr><td>2</td><td>Get quote fut tab</td><td>Pass</td><td>4411</td></tr>
<tr><td>3</td><td>Get quote opt tab</td><td>Pass</td><td>6603</td></tr>
<tr><td>4</td><td>Get quote cash tab</td><td>Pass</td><td>3963</td></tr>
<tr><td>5</td><td>Get quote Nse switch delivery buy order form</td><td>Pass</td><td>8064</td></tr>
<tr><td>6</td><td>Get quote Nse switch delivery Sell order form</td><td>Pass</td><td>11969</td></tr>
<tr><td>7</td><td>Get quote Bse switch delivery buy order form</td><td>Pass</td><td>9593</td></tr>
<tr><td>8</td><td>Get quote Bse switch delivery order form</td><td>Pass</td><td>9224</td></tr>
<tr><td>9</td><td>Get quote charts button</td><td>Pass</td><td>5458</td></tr>
<tr><td>10</td><td>Get quote optionchain button</td><td>Pass</td><td>1913</td></tr>
<tr><td>11</td><td>Get quote Fundamental Tab</td><td>Pass</td><td>4041</td></tr>
<tr><td>12</td><td>Get quote Technical Tab</td><td>Pass</td><td>3632</td></tr>
<tr><td>13</td><td>Get quote News Tab</td><td>Pass</td><td>2084</td></tr>
<tr><td>14</td><td>Get quote Transactions Tab</td><td>Pass</td><td>10081</td></tr>
<tr><td>15</td><td>Order Form quantity toggle</td><td>Pass</td><td>8803</td></tr>
<tr><td>16</td><td>Order Form amount toggle</td><td>Pass</td><td>16707</td></tr>
<tr><td>17</td><td>Homescreen portfolio hide mark</td><td>Pass</td><td>2259</td></tr>
<tr><td>18</td><td>Homescreen portfolio expand button</td><td>Pass</td><td>3896</td></tr>
<tr><td>19</td><td>Homescreen portfolio collapse button</td><td>Pass</td><td>3994</td></tr>
<tr><td>20</td><td>Homescreen Research idea I button</td><td>Pass</td><td>6087</td></tr>
<tr><td>21</td><td>Homescreen IPO CTA</td><td>Pass</td><td>1348</td></tr>
<tr><td>22</td><td>Homescreen Research Idea CTA</td><td>Pass</td><td>2092</td></tr>
<tr><td>23</td><td>Homescreen IAP CTA</td><td>Pass</td><td>8602</td></tr>
<tr><td>24</td><td>Homescreen Bonds CTA</td><td>Pass</td><td>12417</td></tr>
<tr><td>25</td><td>Homescreen Option Store CTA</td><td>Pass</td><td>3601</td></tr>
<tr><td>26</td><td>Homescreen Stock Basket CTA</td><td>Pass</td><td>2901</td></tr>
<tr><td>27</td><td>Homescreen Insurance CTA</td><td>Pass</td><td>2084</td></tr>
<tr><td>28</td><td>Homescreen Fixed Deposit CTA</td><td>Pass</td><td>5989</td></tr>
<tr><td>29</td><td>Homescreen Smallcase CTA</td><td>Pass</td><td>2499</td></tr>
<tr><td>30</td><td>Homescreen Teji Mandi CTA</td><td>Pass</td><td>3440</td></tr>
<tr><td>31</td><td>Homescreen TGS CTA</td><td>Pass</td><td>2343</td></tr>
<tr><td>32</td><td>Homescreen Intra options CTA</td><td>Pass</td><td>6762</td></tr>
<tr><td>33</td><td>Homescreen MF High Returns</td><td>Pass</td><td>2084</td></tr>
<tr><td>34</td><td>Homescreen MF SIP with 500 CTA</td><td>Pass</td><td>7248</td></tr>
<tr><td>35</td><td>Homescreen MF Tax Saver CTA</td><td>Pass</td><td>1938</td></tr>
<tr><td>36</td><td>Homescreen MF MO Recommended CTA</td><td>Pass</td><td>1850</td></tr>
<tr><td>37</td><td>Homescreen MF Highest rated Fund CTA</td><td>Pass</td><td>3278</td></tr>
<tr><td>38</td><td>Homescreen MF International Fund CTA</td><td>Pass</td><td>4659</td></tr>
<tr><td>39</td><td>Homescreen IPO I button CTA</td><td>Pass</td><td>1084</td></tr>
<tr><td>40</td><td>Homescreen IPO view All CTA</td><td>Pass</td><td>1131</td></tr>
<tr><td>41</td><td>Homescreen IPO CTA</td><td>Pass</td><td>448</td></tr>
<tr><td>42</td><td>Homescreen NFO CTA</td><td>Pass</td><td>2568</td></tr>
<tr><td>43</td><td>Homescreen Stock sip CTA</td><td>Pass</td><td>4130</td></tr>
<tr><td>44</td><td>Homescreen MF sip CTA</td><td>Pass</td><td>5622</td></tr>
<tr><td>45</td><td>Homescreen Reports CTA</td><td>Pass</td><td>7393</td></tr>
<tr><td>46</td><td>Homescreen PNL Summary CTA</td><td>Pass</td><td>2785</td></tr>
<tr><td>47</td><td>Homescreen Alerts CTA</td><td>Pass</td><td>1910</td></tr>
<tr><td>48</td><td>Homescreen margin cal CTA</td><td>Pass</td><td>1704</td></tr>
<tr><td>49</td><td>Homescreen MO API CTA</td><td>Pass</td><td>2741</td></tr>
<tr><td>50</td><td>Mutual Fund View All Returns</td><td>Pass</td><td>15022</td></tr>
<tr><td>51</td><td>Portfolio View Analysis</td><td>Pass</td><td>24256</td></tr>
<tr><td>52</td><td>Portfolio swipe Stocks Tab verification</td><td>Pass</td><td>44549</td></tr>
<tr><td>53</td><td>Portfolio swipe MF Tab verification</td><td>Pass</td><td>44505</td></tr>
<tr><td>54</td><td>Portfolio swipe PMS Tab verification</td><td>Pass</td><td>47819</td></tr>
<tr><td>55</td><td>Portfolio swipe Basket Tab verification</td><td>Pass</td><td>45874</td></tr>
<tr><td>56</td><td>Add Watchlist</td><td>Pass</td><td>95922</td></tr>
<tr><td>57</td><td>Add Script in watchlist</td><td>Fail</td><td>20020</td></tr>
<tr><td>58</td><td>Delete script from watchlist</td><td>Pass</td><td>7108</td></tr>
<tr><td>59</td><td>Delete watchlist</td><td>Pass</td><td>48422</td></tr>
</table>]]>
    </system-out>
  </testcase> <!-- App_Regression -->
  <system-out>
    <![CDATA[<h3>Execution Report</h3>
<table border='1' style='border-collapse: collapse; width: 75%; text-align: center;'>
<tr><th>Sr. No</th><th>Test Case</th><th>Status</th><th>Time Taken (ms)</th></tr>
<tr><td>1</td><td>Global Search Result</td><td>Pass</td><td>5270</td></tr>
<tr><td>2</td><td>Get quote fut tab</td><td>Pass</td><td>4411</td></tr>
<tr><td>3</td><td>Get quote opt tab</td><td>Pass</td><td>6603</td></tr>
<tr><td>4</td><td>Get quote cash tab</td><td>Pass</td><td>3963</td></tr>
<tr><td>5</td><td>Get quote Nse switch delivery buy order form</td><td>Pass</td><td>8064</td></tr>
<tr><td>6</td><td>Get quote Nse switch delivery Sell order form</td><td>Pass</td><td>11969</td></tr>
<tr><td>7</td><td>Get quote Bse switch delivery buy order form</td><td>Pass</td><td>9593</td></tr>
<tr><td>8</td><td>Get quote Bse switch delivery order form</td><td>Pass</td><td>9224</td></tr>
<tr><td>9</td><td>Get quote charts button</td><td>Pass</td><td>5458</td></tr>
<tr><td>10</td><td>Get quote optionchain button</td><td>Pass</td><td>1913</td></tr>
<tr><td>11</td><td>Get quote Fundamental Tab</td><td>Pass</td><td>4041</td></tr>
<tr><td>12</td><td>Get quote Technical Tab</td><td>Pass</td><td>3632</td></tr>
<tr><td>13</td><td>Get quote News Tab</td><td>Pass</td><td>2084</td></tr>
<tr><td>14</td><td>Get quote Transactions Tab</td><td>Pass</td><td>10081</td></tr>
<tr><td>15</td><td>Order Form quantity toggle</td><td>Pass</td><td>8803</td></tr>
<tr><td>16</td><td>Order Form amount toggle</td><td>Pass</td><td>16707</td></tr>
<tr><td>17</td><td>Homescreen portfolio hide mark</td><td>Pass</td><td>2259</td></tr>
<tr><td>18</td><td>Homescreen portfolio expand button</td><td>Pass</td><td>3896</td></tr>
<tr><td>19</td><td>Homescreen portfolio collapse button</td><td>Pass</td><td>3994</td></tr>
<tr><td>20</td><td>Homescreen Research idea I button</td><td>Pass</td><td>6087</td></tr>
<tr><td>21</td><td>Homescreen IPO CTA</td><td>Pass</td><td>1348</td></tr>
<tr><td>22</td><td>Homescreen Research Idea CTA</td><td>Pass</td><td>2092</td></tr>
<tr><td>23</td><td>Homescreen IAP CTA</td><td>Pass</td><td>8602</td></tr>
<tr><td>24</td><td>Homescreen Bonds CTA</td><td>Pass</td><td>12417</td></tr>
<tr><td>25</td><td>Homescreen Option Store CTA</td><td>Pass</td><td>3601</td></tr>
<tr><td>26</td><td>Homescreen Stock Basket CTA</td><td>Pass</td><td>2901</td></tr>
<tr><td>27</td><td>Homescreen Insurance CTA</td><td>Pass</td><td>2084</td></tr>
<tr><td>28</td><td>Homescreen Fixed Deposit CTA</td><td>Pass</td><td>5989</td></tr>
<tr><td>29</td><td>Homescreen Smallcase CTA</td><td>Pass</td><td>2499</td></tr>
<tr><td>30</td><td>Homescreen Teji Mandi CTA</td><td>Pass</td><td>3440</td></tr>
<tr><td>31</td><td>Homescreen TGS CTA</td><td>Pass</td><td>2343</td></tr>
<tr><td>32</td><td>Homescreen Intra options CTA</td><td>Pass</td><td>6762</td></tr>
<tr><td>33</td><td>Homescreen MF High Returns</td><td>Pass</td><td>2084</td></tr>
<tr><td>34</td><td>Homescreen MF SIP with 500 CTA</td><td>Pass</td><td>7248</td></tr>
<tr><td>35</td><td>Homescreen MF Tax Saver CTA</td><td>Pass</td><td>1938</td></tr>
<tr><td>36</td><td>Homescreen MF MO Recommended CTA</td><td>Pass</td><td>1850</td></tr>
<tr><td>37</td><td>Homescreen MF Highest rated Fund CTA</td><td>Pass</td><td>3278</td></tr>
<tr><td>38</td><td>Homescreen MF International Fund CTA</td><td>Pass</td><td>4659</td></tr>
<tr><td>39</td><td>Homescreen IPO I button CTA</td><td>Pass</td><td>1084</td></tr>
<tr><td>40</td><td>Homescreen IPO view All CTA</td><td>Pass</td><td>1131</td></tr>
<tr><td>41</td><td>Homescreen IPO CTA</td><td>Pass</td><td>448</td></tr>
<tr><td>42</td><td>Homescreen NFO CTA</td><td>Pass</td><td>2568</td></tr>
<tr><td>43</td><td>Homescreen Stock sip CTA</td><td>Pass</td><td>4130</td></tr>
<tr><td>44</td><td>Homescreen MF sip CTA</td><td>Pass</td><td>5622</td></tr>
<tr><td>45</td><td>Homescreen Reports CTA</td><td>Pass</td><td>7393</td></tr>
<tr><td>46</td><td>Homescreen PNL Summary CTA</td><td>Pass</td><td>2785</td></tr>
<tr><td>47</td><td>Homescreen Alerts CTA</td><td>Pass</td><td>1910</td></tr>
<tr><td>48</td><td>Homescreen margin cal CTA</td><td>Pass</td><td>1704</td></tr>
<tr><td>49</td><td>Homescreen MO API CTA</td><td>Pass</td><td>2741</td></tr>
<tr><td>50</td><td>Mutual Fund View All Returns</td><td>Pass</td><td>15022</td></tr>
<tr><td>51</td><td>Portfolio View Analysis</td><td>Pass</td><td>24256</td></tr>
<tr><td>52</td><td>Portfolio swipe Stocks Tab verification</td><td>Pass</td><td>44549</td></tr>
<tr><td>53</td><td>Portfolio swipe MF Tab verification</td><td>Pass</td><td>44505</td></tr>
<tr><td>54</td><td>Portfolio swipe PMS Tab verification</td><td>Pass</td><td>47819</td></tr>
<tr><td>55</td><td>Portfolio swipe Basket Tab verification</td><td>Pass</td><td>45874</td></tr>
<tr><td>56</td><td>Add Watchlist</td><td>Pass</td><td>95922</td></tr>
<tr><td>57</td><td>Add Script in watchlist</td><td>Fail</td><td>20020</td></tr>
<tr><td>58</td><td>Delete script from watchlist</td><td>Pass</td><td>7108</td></tr>
<tr><td>59</td><td>Delete watchlist</td><td>Pass</td><td>48422</td></tr>
</table>]]>
  </system-out>
</testsuite> <!-- a_Nadeem.Rise_Regression -->
