<?xml version="1.0" encoding="UTF-8"?>
<!-- Generated by org.testng.reporters.JUnitReportReporter -->
<<<<<<< HEAD
<testsuite hostname="MOT-32333-L" failures="0" tests="3" name="a_Nadeem.Rise_Regression" time="844.083" errors="1" timestamp="2025-02-20T15:31:52 IST" skipped="1">
  <testcase classname="a_Nadeem.Rise_Regression" name="Verify_user_login_and_clicks_on_RDD" time="29.792"/>
  <testcase classname="a_Nadeem.Rise_Regression" name="App_Regression" time="814.291">
=======
<<<<<<< HEAD
<testsuite hostname="MOT-32183-L" failures="0" tests="3" name="a_Nadeem.Rise_Regression" time="7.923" errors="1" timestamp="2025-02-13T13:32:23 IST" skipped="1">
  <testcase classname="a_Nadeem.Rise_Regression" name="Verify_user_login_and_clicks_on_RDD" time="7.413"/>
  <system-out/>
  <testcase classname="a_Nadeem.Rise_Regression" name="App_Regression" time="0.510">
    <error message="An element could not be located on the page using the given search parameters.
For documentation on this error, please visit: https://www.selenium.dev/documentation/webdriver/troubleshooting/errors#no-such-element-exception
Build info: version: &#039;4.28.1&#039;, revision: &#039;73f5ad48a2&#039;
System info: os.name: &#039;Windows 10&#039;, os.arch: &#039;amd64&#039;, os.version: &#039;10.0&#039;, java.version: &#039;11.0.24&#039;
Driver info: io.appium.java_client.android.AndroidDriver
Command: [addea21f5f79dead0735057fb34e71360c142bc8, findElement {value=//android.widget.ImageView[@content-desc=&quot;Search&quot;], using=xpath}]
Capabilities {appium:appActivity: mosl.supperfina.com.MainAct..., appium:appPackage: com.mosl.mobile.pilot, appium:autoGrantPermissions: true, appium:automationName: uiautomator2, appium:bundleID: com.mosl.mobile.pilot, appium:bundleId: com.mosl.mobile.pilot, appium:chromedriverExecutable: /usr/local/.browserstack/de..., appium:chromedriverPort: 18087, appium:chromedriverPorts: [[18177, 18187]], appium:databaseEnabled: false, appium:desired: {appActivity: mosl.supperfina.com.MainAct..., appPackage: com.mosl.mobile.pilot, autoGrantPermissions: true, automationName: uiautomator2, bundleID: com.mosl.mobile.pilot, bundleId: com.mosl.mobile.pilot, chromedriverExecutable: /usr/local/.browserstack/de..., chromedriverPort: 18087, chromedriverPorts: [[18177, 18187]], deviceName: google pixel 8 pro, disableSuppressAccessibilityService: true, goog:chromeOptions: {}, nativeWebScreenshot: true, newCommandTimeout: 0, platformName: Android, platformVersion: 14.0, skipServerInstallation: true, suppressKillServer: true, systemPort: 8207, udid: 37251FDJG00H7U}, appium:deviceApiLevel: 34, appium:deviceManufacturer: Google, appium:deviceModel: Pixel 8 Pro, appium:deviceName: 37251FDJG00H7U, appium:deviceScreenDensity: 360, appium:deviceScreenSize: 1008x2244, appium:deviceUDID: 37251FDJG00H7U, appium:disableSuppressAccessibilityService: true, appium:javascriptEnabled: true, appium:locationContextEnabled: false, appium:nativeWebScreenshot: true, appium:networkConnectionEnabled: true, appium:newCommandTimeout: 0, appium:pixelRatio: 2.25, appium:platformVersion: 14, appium:skipServerInstallation: true, appium:statBarHeight: 151, appium:suppressKillServer: true, appium:systemPort: 8207, appium:takesScreenshot: true, appium:udid: 37251FDJG00H7U, appium:viewportRect: {height: 1926, left: 0, top: 151, width: 1008}, appium:warnings: {}, appium:webStorageEnabled: false, goog:chromeOptions: {}, platformName: ANDROID}
Session ID: addea21f5f79dead0735057fb34e71360c142bc8" type="org.openqa.selenium.NoSuchElementException">
      <![CDATA[org.openqa.selenium.NoSuchElementException: An element could not be located on the page using the given search parameters.
For documentation on this error, please visit: https://www.selenium.dev/documentation/webdriver/troubleshooting/errors#no-such-element-exception
Build info: version: '4.28.1', revision: '73f5ad48a2'
System info: os.name: 'Windows 10', os.arch: 'amd64', os.version: '10.0', java.version: '11.0.24'
Driver info: io.appium.java_client.android.AndroidDriver
Command: [addea21f5f79dead0735057fb34e71360c142bc8, findElement {value=//android.widget.ImageView[@content-desc="Search"], using=xpath}]
Capabilities {appium:appActivity: mosl.supperfina.com.MainAct..., appium:appPackage: com.mosl.mobile.pilot, appium:autoGrantPermissions: true, appium:automationName: uiautomator2, appium:bundleID: com.mosl.mobile.pilot, appium:bundleId: com.mosl.mobile.pilot, appium:chromedriverExecutable: /usr/local/.browserstack/de..., appium:chromedriverPort: 18087, appium:chromedriverPorts: [[18177, 18187]], appium:databaseEnabled: false, appium:desired: {appActivity: mosl.supperfina.com.MainAct..., appPackage: com.mosl.mobile.pilot, autoGrantPermissions: true, automationName: uiautomator2, bundleID: com.mosl.mobile.pilot, bundleId: com.mosl.mobile.pilot, chromedriverExecutable: /usr/local/.browserstack/de..., chromedriverPort: 18087, chromedriverPorts: [[18177, 18187]], deviceName: google pixel 8 pro, disableSuppressAccessibilityService: true, goog:chromeOptions: {}, nativeWebScreenshot: true, newCommandTimeout: 0, platformName: Android, platformVersion: 14.0, skipServerInstallation: true, suppressKillServer: true, systemPort: 8207, udid: 37251FDJG00H7U}, appium:deviceApiLevel: 34, appium:deviceManufacturer: Google, appium:deviceModel: Pixel 8 Pro, appium:deviceName: 37251FDJG00H7U, appium:deviceScreenDensity: 360, appium:deviceScreenSize: 1008x2244, appium:deviceUDID: 37251FDJG00H7U, appium:disableSuppressAccessibilityService: true, appium:javascriptEnabled: true, appium:locationContextEnabled: false, appium:nativeWebScreenshot: true, appium:networkConnectionEnabled: true, appium:newCommandTimeout: 0, appium:pixelRatio: 2.25, appium:platformVersion: 14, appium:skipServerInstallation: true, appium:statBarHeight: 151, appium:suppressKillServer: true, appium:systemPort: 8207, appium:takesScreenshot: true, appium:udid: 37251FDJG00H7U, appium:viewportRect: {height: 1926, left: 0, top: 151, width: 1008}, appium:warnings: {}, appium:webStorageEnabled: false, goog:chromeOptions: {}, platformName: ANDROID}
Session ID: addea21f5f79dead0735057fb34e71360c142bc8
at java.base/jdk.internal.reflect.NativeConstructorAccessorImpl.newInstance0(Native Method)
at java.base/jdk.internal.reflect.NativeConstructorAccessorImpl.newInstance(NativeConstructorAccessorImpl.java:62)
at java.base/jdk.internal.reflect.DelegatingConstructorAccessorImpl.newInstance(DelegatingConstructorAccessorImpl.java:45)
at java.base/java.lang.reflect.Constructor.newInstance(Constructor.java:490)
at org.openqa.selenium.remote.ErrorCodec.decode(ErrorCodec.java:167)
at org.openqa.selenium.remote.codec.w3c.W3CHttpResponseCodec.decode(W3CHttpResponseCodec.java:138)
at org.openqa.selenium.remote.codec.w3c.W3CHttpResponseCodec.decode(W3CHttpResponseCodec.java:50)
at org.openqa.selenium.remote.HttpCommandExecutor.execute(HttpCommandExecutor.java:215)
at io.appium.java_client.remote.AppiumCommandExecutor.execute(AppiumCommandExecutor.java:237)
at org.openqa.selenium.remote.RemoteWebDriver.execute(RemoteWebDriver.java:545)
at org.openqa.selenium.remote.ElementLocation$ElementFinder$2.findElement(ElementLocation.java:165)
at org.openqa.selenium.remote.ElementLocation.findElement(ElementLocation.java:59)
at org.openqa.selenium.remote.RemoteWebDriver.findElement(RemoteWebDriver.java:368)
at org.openqa.selenium.remote.RemoteWebDriver.findElement(RemoteWebDriver.java:362)
at org.openqa.selenium.support.pagefactory.DefaultElementLocator.findElement(DefaultElementLocator.java:68)
at org.openqa.selenium.support.pagefactory.internal.LocatingElementHandler.invoke(LocatingElementHandler.java:38)
at com.sun.proxy.$Proxy16.click(Unknown Source)
at a_Nadeem.Rise_Regression.Global_search_Result(Rise_Regression.java:184)
at a_Nadeem.Rise_Regression.App_Regression(Rise_Regression.java:96)
at java.base/jdk.internal.reflect.NativeMethodAccessorImpl.invoke0(Native Method)
at java.base/jdk.internal.reflect.NativeMethodAccessorImpl.invoke(NativeMethodAccessorImpl.java:62)
at java.base/jdk.internal.reflect.DelegatingMethodAccessorImpl.invoke(DelegatingMethodAccessorImpl.java:43)
at java.base/java.lang.reflect.Method.invoke(Method.java:566)
at org.testng.internal.MethodInvocationHelper.invokeMethod(MethodInvocationHelper.java:133)
at org.testng.internal.TestInvoker.invokeMethod(TestInvoker.java:598)
at org.testng.internal.TestInvoker.invokeTestMethod(TestInvoker.java:173)
at org.testng.internal.MethodRunner.runInSequence(MethodRunner.java:46)
at org.testng.internal.TestInvoker$MethodInvocationAgent.invoke(TestInvoker.java:824)
at org.testng.internal.TestInvoker.invokeTestMethods(TestInvoker.java:146)
at org.testng.internal.TestMethodWorker.invokeTestMethods(TestMethodWorker.java:146)
at org.testng.internal.TestMethodWorker.run(TestMethodWorker.java:128)
at java.base/java.util.ArrayList.forEach(ArrayList.java:1541)
at org.testng.TestRunner.privateRun(TestRunner.java:794)
at org.testng.TestRunner.run(TestRunner.java:596)
at org.testng.SuiteRunner.runTest(SuiteRunner.java:377)
at org.testng.SuiteRunner.runSequentially(SuiteRunner.java:371)
at org.testng.SuiteRunner.privateRun(SuiteRunner.java:332)
at org.testng.SuiteRunner.run(SuiteRunner.java:276)
at org.testng.SuiteRunnerWorker.runSuite(SuiteRunnerWorker.java:53)
at org.testng.SuiteRunnerWorker.run(SuiteRunnerWorker.java:96)
at org.testng.TestNG.runSuitesSequentially(TestNG.java:1212)
at org.testng.TestNG.runSuitesLocally(TestNG.java:1134)
at org.testng.TestNG.runSuites(TestNG.java:1063)
at org.testng.TestNG.run(TestNG.java:1031)
=======
<testsuite hostname="MOT-32333-L" failures="0" tests="3" name="a_Nadeem.Rise_Regression" time="1219.642" errors="1" timestamp="2025-02-11T16:00:11 IST" skipped="1">
  <testcase classname="a_Nadeem.Rise_Regression" name="Verify_user_login_and_clicks_on_RDD" time="25.259"/>
  <testcase classname="a_Nadeem.Rise_Regression" name="App_Regression" time="1194.383">
>>>>>>> a57cc4d305ebbe5f2743824330035ab92e33bf59
    <error message="An element could not be located on the page using the given search parameters.
For documentation on this error, please visit: https://www.selenium.dev/documentation/webdriver/troubleshooting/errors#no-such-element-exception
Build info: version: &#039;4.21.0&#039;, revision: &#039;79ed462ef4&#039;
System info: os.name: &#039;Windows 10&#039;, os.arch: &#039;amd64&#039;, os.version: &#039;10.0&#039;, java.version: &#039;17.0.10&#039;
Driver info: io.appium.java_client.android.AndroidDriver
Command: [6d0d0eae-4a06-4dfb-a511-7e3ed1d6280e, findElement {using=xpath, value=//android.view.View[contains(@content-desc,&#039;Home&#039;)]}]
Capabilities {appium:appActivity: mosl.supperfina.com.MainAct..., appium:appPackage: com.mosl.mobile.pilot, appium:autoGrantPermissions: true, appium:automationName: UiAutomator2, appium:databaseEnabled: false, appium:desired: {appActivity: mosl.supperfina.com.MainAct..., appPackage: com.mosl.mobile.pilot, autoGrantPermissions: true, automationName: UiAutomator2, deviceName: CPH2467, noReset: true, platformName: ANDROID, platformVersion: 13, udid: 97957054}, appium:deviceApiLevel: 33, appium:deviceManufacturer: OnePlus, appium:deviceModel: CPH2467, appium:deviceName: 97957054, appium:deviceScreenDensity: 408, appium:deviceScreenSize: 1080x2400, appium:deviceUDID: 97957054, appium:javascriptEnabled: true, appium:locationContextEnabled: false, appium:networkConnectionEnabled: true, appium:noReset: true, appium:pixelRatio: 2.55, appium:platformVersion: 13, appium:statBarHeight: 107, appium:takesScreenshot: true, appium:udid: 97957054, appium:viewportRect: {height: 2074, left: 0, top: 107, width: 1080}, appium:warnings: {}, appium:webStorageEnabled: false, platformName: ANDROID}
Session ID: 6d0d0eae-4a06-4dfb-a511-7e3ed1d6280e" type="org.openqa.selenium.NoSuchElementException">
      <![CDATA[org.openqa.selenium.NoSuchElementException: An element could not be located on the page using the given search parameters.
For documentation on this error, please visit: https://www.selenium.dev/documentation/webdriver/troubleshooting/errors#no-such-element-exception
Build info: version: '4.21.0', revision: '79ed462ef4'
System info: os.name: 'Windows 10', os.arch: 'amd64', os.version: '10.0', java.version: '17.0.10'
Driver info: io.appium.java_client.android.AndroidDriver
Command: [6d0d0eae-4a06-4dfb-a511-7e3ed1d6280e, findElement {using=xpath, value=//android.view.View[contains(@content-desc,'Home')]}]
Capabilities {appium:appActivity: mosl.supperfina.com.MainAct..., appium:appPackage: com.mosl.mobile.pilot, appium:autoGrantPermissions: true, appium:automationName: UiAutomator2, appium:databaseEnabled: false, appium:desired: {appActivity: mosl.supperfina.com.MainAct..., appPackage: com.mosl.mobile.pilot, autoGrantPermissions: true, automationName: UiAutomator2, deviceName: CPH2467, noReset: true, platformName: ANDROID, platformVersion: 13, udid: 97957054}, appium:deviceApiLevel: 33, appium:deviceManufacturer: OnePlus, appium:deviceModel: CPH2467, appium:deviceName: 97957054, appium:deviceScreenDensity: 408, appium:deviceScreenSize: 1080x2400, appium:deviceUDID: 97957054, appium:javascriptEnabled: true, appium:locationContextEnabled: false, appium:networkConnectionEnabled: true, appium:noReset: true, appium:pixelRatio: 2.55, appium:platformVersion: 13, appium:statBarHeight: 107, appium:takesScreenshot: true, appium:udid: 97957054, appium:viewportRect: {height: 2074, left: 0, top: 107, width: 1080}, appium:warnings: {}, appium:webStorageEnabled: false, platformName: ANDROID}
Session ID: 6d0d0eae-4a06-4dfb-a511-7e3ed1d6280e
at java.base/jdk.internal.reflect.NativeConstructorAccessorImpl.newInstance0(Native Method)
at java.base/jdk.internal.reflect.NativeConstructorAccessorImpl.newInstance(NativeConstructorAccessorImpl.java:77)
at java.base/jdk.internal.reflect.DelegatingConstructorAccessorImpl.newInstance(DelegatingConstructorAccessorImpl.java:45)
at java.base/java.lang.reflect.Constructor.newInstanceWithCaller(Constructor.java:499)
at java.base/java.lang.reflect.Constructor.newInstance(Constructor.java:480)
at org.openqa.selenium.remote.ErrorCodec.decode(ErrorCodec.java:167)
at org.openqa.selenium.remote.codec.w3c.W3CHttpResponseCodec.decode(W3CHttpResponseCodec.java:138)
at org.openqa.selenium.remote.codec.w3c.W3CHttpResponseCodec.decode(W3CHttpResponseCodec.java:50)
at org.openqa.selenium.remote.HttpCommandExecutor.execute(HttpCommandExecutor.java:190)
at io.appium.java_client.remote.AppiumCommandExecutor.execute(AppiumCommandExecutor.java:237)
at org.openqa.selenium.remote.RemoteWebDriver.execute(RemoteWebDriver.java:518)
at org.openqa.selenium.remote.ElementLocation$ElementFinder$2.findElement(ElementLocation.java:165)
at org.openqa.selenium.remote.ElementLocation.findElement(ElementLocation.java:59)
at org.openqa.selenium.remote.RemoteWebDriver.findElement(RemoteWebDriver.java:355)
at org.openqa.selenium.remote.RemoteWebDriver.findElement(RemoteWebDriver.java:349)
at org.openqa.selenium.support.pagefactory.DefaultElementLocator.findElement(DefaultElementLocator.java:68)
at org.openqa.selenium.support.pagefactory.internal.LocatingElementHandler.invoke(LocatingElementHandler.java:38)
at jdk.proxy2/jdk.proxy2.$Proxy16.click(Unknown Source)
at a_Nadeem.Rise_Regression.Insurance_CTA(Rise_Regression.java:832)
at a_Nadeem.Rise_Regression.App_Regression(Rise_Regression.java:122)
at java.base/jdk.internal.reflect.NativeMethodAccessorImpl.invoke0(Native Method)
at java.base/jdk.internal.reflect.NativeMethodAccessorImpl.invoke(NativeMethodAccessorImpl.java:77)
at java.base/jdk.internal.reflect.DelegatingMethodAccessorImpl.invoke(DelegatingMethodAccessorImpl.java:43)
at java.base/java.lang.reflect.Method.invoke(Method.java:568)
at org.testng.internal.invokers.MethodInvocationHelper.invokeMethod(MethodInvocationHelper.java:141)
at org.testng.internal.invokers.TestInvoker.invokeMethod(TestInvoker.java:686)
at org.testng.internal.invokers.TestInvoker.invokeTestMethod(TestInvoker.java:230)
at org.testng.internal.invokers.MethodRunner.runInSequence(MethodRunner.java:63)
at org.testng.internal.invokers.TestInvoker$MethodInvocationAgent.invoke(TestInvoker.java:992)
at org.testng.internal.invokers.TestInvoker.invokeTestMethods(TestInvoker.java:203)
at org.testng.internal.invokers.TestMethodWorker.invokeTestMethods(TestMethodWorker.java:154)
at org.testng.internal.invokers.TestMethodWorker.run(TestMethodWorker.java:134)
at java.base/java.util.ArrayList.forEach(ArrayList.java:1511)
at org.testng.TestRunner.privateRun(TestRunner.java:739)
at org.testng.TestRunner.run(TestRunner.java:614)
at org.testng.SuiteRunner.runTest(SuiteRunner.java:421)
at org.testng.SuiteRunner.runSequentially(SuiteRunner.java:413)
at org.testng.SuiteRunner.privateRun(SuiteRunner.java:373)
at org.testng.SuiteRunner.run(SuiteRunner.java:312)
at org.testng.SuiteRunnerWorker.runSuite(SuiteRunnerWorker.java:52)
at org.testng.SuiteRunnerWorker.run(SuiteRunnerWorker.java:95)
at org.testng.TestNG.runSuitesSequentially(TestNG.java:1274)
at org.testng.TestNG.runSuitesLocally(TestNG.java:1208)
at org.testng.TestNG.runSuites(TestNG.java:1112)
at org.testng.TestNG.run(TestNG.java:1079)
>>>>>>> 19e10434cbb4abc1684fb163f3c00c8b16657062
at org.testng.remote.AbstractRemoteTestNG.run(AbstractRemoteTestNG.java:115)
at org.testng.remote.RemoteTestNG.initAndRun(RemoteTestNG.java:293)
at org.testng.remote.RemoteTestNG.main(RemoteTestNG.java:91)
]]>
    </error>
<<<<<<< HEAD
  </testcase> <!-- App_Regression -->
  <system-out>
    <![CDATA[<h3>Execution Report</h3>
<table border='1' style='border-collapse: collapse; width: 75%; text-align: center;'>
<tr><th>Sr. No</th><th>Test Case</th><th>Status</th><th>Time Taken (ms)</th></tr>]]>
  </system-out>
  <testcase classname="a_Nadeem.Rise_Regression" name="orderrouting">
    <skipped/>
  </testcase> <!-- orderrouting -->
  <system-out/>
=======
    <system-out>
      <![CDATA[<h3>Execution Report</h3>
<table border='1' style='border-collapse: collapse; width: 75%; text-align: center;'>
<tr><th>Sr. No</th><th>Test Case</th><th>Status</th><th>Time Taken (ms)</th></tr>
<tr><td>1</td><td>Global Search Result</td><td style='background-color: green;color: white; font-weight: bold;'>Pass</td><td>3320</td></tr>
<tr><td>2</td><td>Get quote fut tab</td><td style='background-color: green;color: white; font-weight: bold;'>Pass</td><td>1885</td></tr>
<tr><td>3</td><td>Get quote opt tab</td><td style='background-color: green;color: white; font-weight: bold;'>Pass</td><td>1903</td></tr>
<tr><td>4</td><td>Get quote cash tab</td><td style='background-color: green;color: white; font-weight: bold;'>Pass</td><td>2349</td></tr>
<tr><td>5</td><td>Get quote Nse switch delivery buy order form</td><td style='background-color: green;color: white; font-weight: bold;'>Pass</td><td>2025</td></tr>
<tr><td>6</td><td>Get quote Nse switch delivery Sell order form</td><td style='background-color: green;color: white; font-weight: bold;'>Pass</td><td>5006</td></tr>
<tr><td>7</td><td>Get quote Bse switch delivery buy order form</td><td style='background-color: green;color: white; font-weight: bold;'>Pass</td><td>8160</td></tr>
<tr><td>8</td><td>Get quote Bse switch delivery sell order form</td><td style='background-color: green;color: white; font-weight: bold;'>Pass</td><td>6845</td></tr>
<tr><td>9</td><td>Get quote charts button</td><td style='background-color: green;color: white; font-weight: bold;'>Pass</td><td>4795</td></tr>
<tr><td>10</td><td>Get quote optionchain button</td><td style='background-color: green;color: white; font-weight: bold;'>Pass</td><td>4720</td></tr>
<tr><td>11</td><td>Get quote Fundamental Tab</td><td style='background-color: green;color: white; font-weight: bold;'>Pass</td><td>2411</td></tr>
<tr><td>12</td><td>Get quote Technical Tab</td><td style='background-color: green;color: white; font-weight: bold;'>Pass</td><td>2457</td></tr>
<tr><td>13</td><td>Get quote News Tab</td><td style='background-color: green;color: white; font-weight: bold;'>Pass</td><td>1159</td></tr>
<tr><td>14</td><td>Get quote Transactions Tab</td><td style='background-color: green;color: white; font-weight: bold;'>Pass</td><td>17462</td></tr>
<tr><td>15</td><td>Order Form quantity toggle</td><td style='background-color: green;color: white; font-weight: bold;'>Pass</td><td>7903</td></tr>
<tr><td>16</td><td>Order Form amount toggle</td><td style='background-color: green;color: white; font-weight: bold;'>Pass</td><td>14910</td></tr>
<tr><td>17</td><td>Homescreen portfolio hide mark</td><td style='background-color: green;color: white; font-weight: bold;'>Pass</td><td>96152</td></tr>
<tr><td>18</td><td>Homescreen portfolio overall value</td><td style='background-color: red;color: white; font-weight: bold;'>Fail</td><td>42493</td></tr>
<tr><td>19</td><td>Homescreen portfolio expand button</td><td style='background-color: green;color: white; font-weight: bold;'>Pass</td><td>72922</td></tr>
<tr><td>20</td><td>Homescreen portfolio collapse button</td><td style='background-color: green;color: white; font-weight: bold;'>Pass</td><td>71185</td></tr>
<tr><td>21</td><td>Homescreen Research idea I button</td><td style='background-color: green;color: white; font-weight: bold;'>Pass</td><td>42044</td></tr>
<tr><td>22</td><td>Homescreen IPO button</td><td style='background-color: green;color: white; font-weight: bold;'>Pass</td><td>3578</td></tr>
<tr><td>23</td><td>Homescreen Research Idea button</td><td style='background-color: green;color: white; font-weight: bold;'>Pass</td><td>9206</td></tr>
<tr><td>24</td><td>Homescreen IAP button</td><td style='background-color: green;color: white; font-weight: bold;'>Pass</td><td>9896</td></tr>
<tr><td>25</td><td>Homescreen Bonds button</td><td style='background-color: red;color: white; font-weight: bold;'>Fail</td><td>14329</td></tr>
<tr><td>26</td><td>Homescreen Option Store button</td><td style='background-color: green;color: white; font-weight: bold;'>Pass</td><td>3867</td></tr>
<tr><td>27</td><td>Homescreen Stock Basket button</td><td style='background-color: red;color: white; font-weight: bold;'>Fail</td><td>42956</td></tr>]]>
    </system-out>
  </testcase> <!-- App_Regression -->
  <testcase classname="a_Nadeem.Rise_Regression" name="orderrouting">
    <skipped/>
  </testcase> <!-- orderrouting -->
  <system-out>
    <![CDATA[<h3>Execution Report</h3>
<table border='1' style='border-collapse: collapse; width: 75%; text-align: center;'>
<tr><th>Sr. No</th><th>Test Case</th><th>Status</th><th>Time Taken (ms)</th></tr>
<tr><td>1</td><td>Global Search Result</td><td style='background-color: green;color: white; font-weight: bold;'>Pass</td><td>3320</td></tr>
<tr><td>2</td><td>Get quote fut tab</td><td style='background-color: green;color: white; font-weight: bold;'>Pass</td><td>1885</td></tr>
<tr><td>3</td><td>Get quote opt tab</td><td style='background-color: green;color: white; font-weight: bold;'>Pass</td><td>1903</td></tr>
<tr><td>4</td><td>Get quote cash tab</td><td style='background-color: green;color: white; font-weight: bold;'>Pass</td><td>2349</td></tr>
<tr><td>5</td><td>Get quote Nse switch delivery buy order form</td><td style='background-color: green;color: white; font-weight: bold;'>Pass</td><td>2025</td></tr>
<tr><td>6</td><td>Get quote Nse switch delivery Sell order form</td><td style='background-color: green;color: white; font-weight: bold;'>Pass</td><td>5006</td></tr>
<tr><td>7</td><td>Get quote Bse switch delivery buy order form</td><td style='background-color: green;color: white; font-weight: bold;'>Pass</td><td>8160</td></tr>
<tr><td>8</td><td>Get quote Bse switch delivery sell order form</td><td style='background-color: green;color: white; font-weight: bold;'>Pass</td><td>6845</td></tr>
<tr><td>9</td><td>Get quote charts button</td><td style='background-color: green;color: white; font-weight: bold;'>Pass</td><td>4795</td></tr>
<tr><td>10</td><td>Get quote optionchain button</td><td style='background-color: green;color: white; font-weight: bold;'>Pass</td><td>4720</td></tr>
<tr><td>11</td><td>Get quote Fundamental Tab</td><td style='background-color: green;color: white; font-weight: bold;'>Pass</td><td>2411</td></tr>
<tr><td>12</td><td>Get quote Technical Tab</td><td style='background-color: green;color: white; font-weight: bold;'>Pass</td><td>2457</td></tr>
<tr><td>13</td><td>Get quote News Tab</td><td style='background-color: green;color: white; font-weight: bold;'>Pass</td><td>1159</td></tr>
<tr><td>14</td><td>Get quote Transactions Tab</td><td style='background-color: green;color: white; font-weight: bold;'>Pass</td><td>17462</td></tr>
<tr><td>15</td><td>Order Form quantity toggle</td><td style='background-color: green;color: white; font-weight: bold;'>Pass</td><td>7903</td></tr>
<tr><td>16</td><td>Order Form amount toggle</td><td style='background-color: green;color: white; font-weight: bold;'>Pass</td><td>14910</td></tr>
<tr><td>17</td><td>Homescreen portfolio hide mark</td><td style='background-color: green;color: white; font-weight: bold;'>Pass</td><td>96152</td></tr>
<tr><td>18</td><td>Homescreen portfolio overall value</td><td style='background-color: red;color: white; font-weight: bold;'>Fail</td><td>42493</td></tr>
<tr><td>19</td><td>Homescreen portfolio expand button</td><td style='background-color: green;color: white; font-weight: bold;'>Pass</td><td>72922</td></tr>
<tr><td>20</td><td>Homescreen portfolio collapse button</td><td style='background-color: green;color: white; font-weight: bold;'>Pass</td><td>71185</td></tr>
<tr><td>21</td><td>Homescreen Research idea I button</td><td style='background-color: green;color: white; font-weight: bold;'>Pass</td><td>42044</td></tr>
<tr><td>22</td><td>Homescreen IPO button</td><td style='background-color: green;color: white; font-weight: bold;'>Pass</td><td>3578</td></tr>
<tr><td>23</td><td>Homescreen Research Idea button</td><td style='background-color: green;color: white; font-weight: bold;'>Pass</td><td>9206</td></tr>
<tr><td>24</td><td>Homescreen IAP button</td><td style='background-color: green;color: white; font-weight: bold;'>Pass</td><td>9896</td></tr>
<tr><td>25</td><td>Homescreen Bonds button</td><td style='background-color: red;color: white; font-weight: bold;'>Fail</td><td>14329</td></tr>
<tr><td>26</td><td>Homescreen Option Store button</td><td style='background-color: green;color: white; font-weight: bold;'>Pass</td><td>3867</td></tr>
<tr><td>27</td><td>Homescreen Stock Basket button</td><td style='background-color: red;color: white; font-weight: bold;'>Fail</td><td>42956</td></tr>]]>
  </system-out>
>>>>>>> 19e10434cbb4abc1684fb163f3c00c8b16657062
</testsuite> <!-- a_Nadeem.Rise_Regression -->
