<?xml version="1.0" encoding="UTF-8"?>
<!-- Generated by org.testng.reporters.JUnitReportReporter -->
<testsuite hostname="MOT-32333-L" failures="0" tests="11" name="a_Nadeem.MoRise" time="1141.367" errors="0" timestamp="2025-01-22T16:13:54 IST" skipped="0">
  <testcase classname="a_Nadeem.MoRise" name="Verify_user_login_and_clicks_on_RDD" time="25.660"/>
  <testcase classname="a_Nadeem.MoRise" name="Verify_Global_search_result" time="208.324">
    <system-out>
      <![CDATA[<h3>Global_Search_Results</h3>
<table border='1' style='border-collapse: collapse; width: 75%; text-align: center;'>
<tr><th>Iteration Count</th><th>Time Taken (ms)</th><th>Status</th></tr>
<tr><td>1</td><td>2559</td><td style='background-color: green;color: white; font-weight: bold;'>Pass</td></tr>
<tr><td>2</td><td>1972</td><td style='background-color: green;color: white; font-weight: bold;'>Pass</td></tr>
<tr><td>3</td><td>1354</td><td style='background-color: red;color: white; font-weight: bold;'>Fail</td></tr>
<tr><td>4</td><td>2502</td><td style='background-color: green;color: white; font-weight: bold;'>Pass</td></tr>
<tr><td>5</td><td>2099</td><td style='background-color: green;color: white; font-weight: bold;'>Pass</td></tr>
<tr><td>6</td><td>2508</td><td style='background-color: green;color: white; font-weight: bold;'>Pass</td></tr>
<tr><td>7</td><td>1881</td><td style='background-color: green;color: white; font-weight: bold;'>Pass</td></tr>
<tr><td>8</td><td>2052</td><td style='background-color: green;color: white; font-weight: bold;'>Pass</td></tr>
<tr><td>9</td><td>2362</td><td style='background-color: green;color: white; font-weight: bold;'>Pass</td></tr>
<tr><td>10</td><td>1893</td><td style='background-color: green;color: white; font-weight: bold;'>Pass</td></tr>
<tr><td>11</td><td>1839</td><td style='background-color: green;color: white; font-weight: bold;'>Pass</td></tr>
<tr><td>12</td><td>1918</td><td style='background-color: green;color: white; font-weight: bold;'>Pass</td></tr>
<tr><td>13</td><td>1861</td><td style='background-color: green;color: white; font-weight: bold;'>Pass</td></tr>
<tr><td>14</td><td>1933</td><td style='background-color: green;color: white; font-weight: bold;'>Pass</td></tr>
<tr><td>15</td><td>1253</td><td style='background-color: red;color: white; font-weight: bold;'>Fail</td></tr>
<tr><td>16</td><td>4059</td><td style='background-color: green;color: white; font-weight: bold;'>Pass</td></tr>
<tr><td>17</td><td>4081</td><td style='background-color: green;color: white; font-weight: bold;'>Pass</td></tr>
<tr><td>18</td><td>2155</td><td style='background-color: green;color: white; font-weight: bold;'>Pass</td></tr>
<tr><td>19</td><td>2093</td><td style='background-color: green;color: white; font-weight: bold;'>Pass</td></tr>
<tr><td>20</td><td>1267</td><td style='background-color: red;color: white; font-weight: bold;'>Fail</td></tr>
</table>]]>
    </system-out>
  </testcase> <!-- Verify_Global_search_result -->
  <testcase classname="a_Nadeem.MoRise" name="Verify_homepage_portfolio_snapshot" time="129.353">
    <system-out>
      <![CDATA[<h3>Homepage_portfolio_snap</h3>
<table border='1' style='border-collapse: collapse; width: 75%; text-align: center;'>
<tr><th>Iteration Count</th><th>Time Taken (ms)</th><th>Status</th></tr>
<tr><td>1</td><td>3781</td><td style='background-color: green;color: white; font-weight: bold;'>Pass</td></tr>
<tr><td>2</td><td>1798</td><td style='background-color: green;color: white; font-weight: bold;'>Pass</td></tr>
<tr><td>3</td><td>382</td><td style='background-color: green;color: white; font-weight: bold;'>Pass</td></tr>
<tr><td>4</td><td>3632</td><td style='background-color: green;color: white; font-weight: bold;'>Pass</td></tr>
<tr><td>5</td><td>1897</td><td style='background-color: green;color: white; font-weight: bold;'>Pass</td></tr>
<tr><td>6</td><td>1968</td><td style='background-color: green;color: white; font-weight: bold;'>Pass</td></tr>
<tr><td>7</td><td>2182</td><td style='background-color: green;color: white; font-weight: bold;'>Pass</td></tr>
<tr><td>8</td><td>445</td><td style='background-color: green;color: white; font-weight: bold;'>Pass</td></tr>
<tr><td>9</td><td>2803</td><td style='background-color: green;color: white; font-weight: bold;'>Pass</td></tr>
<tr><td>10</td><td>3677</td><td style='background-color: green;color: white; font-weight: bold;'>Pass</td></tr>
<tr><td>11</td><td>1839</td><td style='background-color: green;color: white; font-weight: bold;'>Pass</td></tr>
<tr><td>12</td><td>6985</td><td style='background-color: green;color: white; font-weight: bold;'>Pass</td></tr>
<tr><td>13</td><td>443</td><td style='background-color: green;color: white; font-weight: bold;'>Pass</td></tr>
<tr><td>14</td><td>1761</td><td style='background-color: green;color: white; font-weight: bold;'>Pass</td></tr>
<tr><td>15</td><td>409</td><td style='background-color: green;color: white; font-weight: bold;'>Pass</td></tr>
<tr><td>16</td><td>2382</td><td style='background-color: green;color: white; font-weight: bold;'>Pass</td></tr>
<tr><td>17</td><td>1932</td><td style='background-color: green;color: white; font-weight: bold;'>Pass</td></tr>
<tr><td>18</td><td>2513</td><td style='background-color: green;color: white; font-weight: bold;'>Pass</td></tr>
<tr><td>19</td><td>3231</td><td style='background-color: green;color: white; font-weight: bold;'>Pass</td></tr>
<tr><td>20</td><td>363</td><td style='background-color: green;color: white; font-weight: bold;'>Pass</td></tr>
</table>]]>
    </system-out>
  </testcase> <!-- Verify_homepage_portfolio_snapshot -->
  <testcase classname="a_Nadeem.MoRise" name="Verify_Stock_homepage_Portfolio_Snapshot" time="3.540">
    <system-out>
      <![CDATA[<h3>Stocks_homepage_portfolio_snap</h3>
<table border='1' style='border-collapse: collapse; width: 75%; text-align: center;'>
<tr><th>Iteration Count</th><th>Time Taken (ms)</th><th>Status</th></tr>
</table>]]>
    </system-out>
  </testcase> <!-- Verify_Stock_homepage_Portfolio_Snapshot -->
  <testcase classname="a_Nadeem.MoRise" name="Verify_MF_homepage_Portfolio_Snapshot" time="154.183">
    <system-out>
      <![CDATA[<h3>mf_homepage_portfolio_snap</h3>
<table border='1' style='border-collapse: collapse; width: 75%; text-align: center;'>
<tr><th>Iteration Count</th><th>Time Taken (ms)</th><th>Status</th></tr>
<tr><td>1</td><td>1599</td><td style='background-color: green;color: white; font-weight: bold;'>Pass</td></tr>
<tr><td>2</td><td>203</td><td style='background-color: green;color: white; font-weight: bold;'>Pass</td></tr>
<tr><td>3</td><td>2961</td><td style='background-color: green;color: white; font-weight: bold;'>Pass</td></tr>
<tr><td>4</td><td>261</td><td style='background-color: green;color: white; font-weight: bold;'>Pass</td></tr>
<tr><td>5</td><td>4132</td><td style='background-color: green;color: white; font-weight: bold;'>Pass</td></tr>
<tr><td>6</td><td>933</td><td style='background-color: green;color: white; font-weight: bold;'>Pass</td></tr>
<tr><td>7</td><td>3958</td><td style='background-color: green;color: white; font-weight: bold;'>Pass</td></tr>
<tr><td>8</td><td>7275</td><td style='background-color: green;color: white; font-weight: bold;'>Pass</td></tr>
<tr><td>9</td><td>4025</td><td style='background-color: green;color: white; font-weight: bold;'>Pass</td></tr>
<tr><td>10</td><td>3047</td><td style='background-color: green;color: white; font-weight: bold;'>Pass</td></tr>
<tr><td>11</td><td>213</td><td style='background-color: green;color: white; font-weight: bold;'>Pass</td></tr>
<tr><td>12</td><td>201</td><td style='background-color: green;color: white; font-weight: bold;'>Pass</td></tr>
<tr><td>13</td><td>7046</td><td style='background-color: green;color: white; font-weight: bold;'>Pass</td></tr>
<tr><td>14</td><td>4168</td><td style='background-color: green;color: white; font-weight: bold;'>Pass</td></tr>
<tr><td>15</td><td>4111</td><td style='background-color: green;color: white; font-weight: bold;'>Pass</td></tr>
<tr><td>16</td><td>3625</td><td style='background-color: green;color: white; font-weight: bold;'>Pass</td></tr>
<tr><td>17</td><td>2255</td><td style='background-color: green;color: white; font-weight: bold;'>Pass</td></tr>
<tr><td>18</td><td>4073</td><td style='background-color: green;color: white; font-weight: bold;'>Pass</td></tr>
<tr><td>19</td><td>916</td><td style='background-color: green;color: white; font-weight: bold;'>Pass</td></tr>
<tr><td>20</td><td>2893</td><td style='background-color: green;color: white; font-weight: bold;'>Pass</td></tr>
</table>]]>
    </system-out>
  </testcase> <!-- Verify_MF_homepage_Portfolio_Snapshot -->
  <testcase classname="a_Nadeem.MoRise" name="Verify_User_clicks_on_watchlist" time="180.637">
    <system-out>
      <![CDATA[<h3>Watchlist</h3>
<table border='1' style='border-collapse: collapse; width: 75%; text-align: center;'>
<tr><th>Iteration Count</th><th>Time Taken (ms)</th><th>Status</th></tr>
<tr><td>1</td><td>1606</td><td style='background-color: green;color: white; font-weight: bold;'>Pass</td></tr>
<tr><td>2</td><td>1440</td><td style='background-color: green;color: white; font-weight: bold;'>Pass</td></tr>
<tr><td>3</td><td>1222</td><td style='background-color: green;color: white; font-weight: bold;'>Pass</td></tr>
<tr><td>4</td><td>2753</td><td style='background-color: green;color: white; font-weight: bold;'>Pass</td></tr>
<tr><td>5</td><td>3786</td><td style='background-color: green;color: white; font-weight: bold;'>Pass</td></tr>
<tr><td>6</td><td>21076</td><td style='background-color: red;color: white; font-weight: bold;'>Fail</td></tr>
<tr><td>7</td><td>2630</td><td style='background-color: green;color: white; font-weight: bold;'>Pass</td></tr>
<tr><td>8</td><td>2121</td><td style='background-color: green;color: white; font-weight: bold;'>Pass</td></tr>
<tr><td>9</td><td>1201</td><td style='background-color: green;color: white; font-weight: bold;'>Pass</td></tr>
<tr><td>10</td><td>1232</td><td style='background-color: green;color: white; font-weight: bold;'>Pass</td></tr>
<tr><td>11</td><td>1172</td><td style='background-color: green;color: white; font-weight: bold;'>Pass</td></tr>
<tr><td>12</td><td>1098</td><td style='background-color: green;color: white; font-weight: bold;'>Pass</td></tr>
<tr><td>13</td><td>2954</td><td style='background-color: green;color: white; font-weight: bold;'>Pass</td></tr>
<tr><td>14</td><td>20070</td><td style='background-color: red;color: white; font-weight: bold;'>Fail</td></tr>
<tr><td>15</td><td>1364</td><td style='background-color: green;color: white; font-weight: bold;'>Pass</td></tr>
<tr><td>16</td><td>20708</td><td style='background-color: red;color: white; font-weight: bold;'>Fail</td></tr>
<tr><td>17</td><td>3954</td><td style='background-color: green;color: white; font-weight: bold;'>Pass</td></tr>
<tr><td>18</td><td>1312</td><td style='background-color: green;color: white; font-weight: bold;'>Pass</td></tr>
<tr><td>19</td><td>20108</td><td style='background-color: red;color: white; font-weight: bold;'>Fail</td></tr>
<tr><td>20</td><td>1123</td><td style='background-color: green;color: white; font-weight: bold;'>Pass</td></tr>
</table>]]>
    </system-out>
  </testcase> <!-- Verify_User_clicks_on_watchlist -->
  <testcase classname="a_Nadeem.MoRise" name="Verify_User_clicks_on_Option_watchlist" time="86.677">
    <system-out>
      <![CDATA[<h3>Option_Watchlist</h3>
<table border='1' style='border-collapse: collapse; width: 75%; text-align: center;'>
<tr><th>Iteration Count</th><th>Time Taken (ms)</th><th>Status</th></tr>
<tr><td>1</td><td>2806</td><td style='background-color: green;color: white; font-weight: bold;'>Pass</td></tr>
<tr><td>2</td><td>816</td><td style='background-color: green;color: white; font-weight: bold;'>Pass</td></tr>
<tr><td>3</td><td>804</td><td style='background-color: green;color: white; font-weight: bold;'>Pass</td></tr>
<tr><td>4</td><td>2270</td><td style='background-color: green;color: white; font-weight: bold;'>Pass</td></tr>
<tr><td>5</td><td>3798</td><td style='background-color: green;color: white; font-weight: bold;'>Pass</td></tr>
<tr><td>6</td><td>1911</td><td style='background-color: green;color: white; font-weight: bold;'>Pass</td></tr>
<tr><td>7</td><td>1370</td><td style='background-color: green;color: white; font-weight: bold;'>Pass</td></tr>
<tr><td>8</td><td>729</td><td style='background-color: green;color: white; font-weight: bold;'>Pass</td></tr>
<tr><td>9</td><td>900</td><td style='background-color: green;color: white; font-weight: bold;'>Pass</td></tr>
<tr><td>10</td><td>842</td><td style='background-color: green;color: white; font-weight: bold;'>Pass</td></tr>
<tr><td>11</td><td>810</td><td style='background-color: green;color: white; font-weight: bold;'>Pass</td></tr>
<tr><td>12</td><td>3876</td><td style='background-color: green;color: white; font-weight: bold;'>Pass</td></tr>
<tr><td>13</td><td>798</td><td style='background-color: green;color: white; font-weight: bold;'>Pass</td></tr>
<tr><td>14</td><td>2986</td><td style='background-color: green;color: white; font-weight: bold;'>Pass</td></tr>
<tr><td>15</td><td>3778</td><td style='background-color: green;color: white; font-weight: bold;'>Pass</td></tr>
<tr><td>16</td><td>788</td><td style='background-color: green;color: white; font-weight: bold;'>Pass</td></tr>
<tr><td>17</td><td>915</td><td style='background-color: green;color: white; font-weight: bold;'>Pass</td></tr>
<tr><td>18</td><td>1566</td><td style='background-color: green;color: white; font-weight: bold;'>Pass</td></tr>
<tr><td>19</td><td>1678</td><td style='background-color: green;color: white; font-weight: bold;'>Pass</td></tr>
<tr><td>20</td><td>1922</td><td style='background-color: green;color: white; font-weight: bold;'>Pass</td></tr>
</table>]]>
    </system-out>
  </testcase> <!-- Verify_User_clicks_on_Option_watchlist -->
  <testcase classname="a_Nadeem.MoRise" name="Verify_user_clicks_getquote_overview" time="83.301">
    <system-out>
      <![CDATA[<h3>Get Quote overview</h3>
<table border='1' style='border-collapse: collapse; width: 75%; text-align: center;'>
<tr><th>Iteration Count</th><th>Time Taken (ms)</th><th>Status</th></tr>
<tr><td>1</td><td>82</td><td style='background-color: green;color: white; font-weight: bold;'>Pass</td></tr>
<tr><td>2</td><td>994</td><td style='background-color: green;color: white; font-weight: bold;'>Pass</td></tr>
<tr><td>3</td><td>192</td><td style='background-color: green;color: white; font-weight: bold;'>Pass</td></tr>
<tr><td>4</td><td>121</td><td style='background-color: green;color: white; font-weight: bold;'>Pass</td></tr>
<tr><td>5</td><td>109</td><td style='background-color: green;color: white; font-weight: bold;'>Pass</td></tr>
<tr><td>6</td><td>1913</td><td style='background-color: green;color: white; font-weight: bold;'>Pass</td></tr>
<tr><td>7</td><td>200</td><td style='background-color: green;color: white; font-weight: bold;'>Pass</td></tr>
<tr><td>8</td><td>209</td><td style='background-color: green;color: white; font-weight: bold;'>Pass</td></tr>
<tr><td>9</td><td>1234</td><td style='background-color: green;color: white; font-weight: bold;'>Pass</td></tr>
<tr><td>10</td><td>4864</td><td style='background-color: green;color: white; font-weight: bold;'>Pass</td></tr>
<tr><td>11</td><td>2520</td><td style='background-color: green;color: white; font-weight: bold;'>Pass</td></tr>
<tr><td>12</td><td>186</td><td style='background-color: green;color: white; font-weight: bold;'>Pass</td></tr>
<tr><td>13</td><td>280</td><td style='background-color: green;color: white; font-weight: bold;'>Pass</td></tr>
<tr><td>14</td><td>225</td><td style='background-color: green;color: white; font-weight: bold;'>Pass</td></tr>
<tr><td>15</td><td>986</td><td style='background-color: green;color: white; font-weight: bold;'>Pass</td></tr>
<tr><td>16</td><td>930</td><td style='background-color: green;color: white; font-weight: bold;'>Pass</td></tr>
<tr><td>17</td><td>129</td><td style='background-color: green;color: white; font-weight: bold;'>Pass</td></tr>
<tr><td>18</td><td>1940</td><td style='background-color: green;color: white; font-weight: bold;'>Pass</td></tr>
<tr><td>19</td><td>943</td><td style='background-color: green;color: white; font-weight: bold;'>Pass</td></tr>
<tr><td>20</td><td>918</td><td style='background-color: green;color: white; font-weight: bold;'>Pass</td></tr>
</table>]]>
    </system-out>
  </testcase> <!-- Verify_user_clicks_getquote_overview -->
  <testcase classname="a_Nadeem.MoRise" name="Verify_user_clicks_getquote_Fundamentals" time="119.303">
    <system-out>
      <![CDATA[<h3>Get Quote Fundamentals</h3>
<table border='1' style='border-collapse: collapse; width: 75%; text-align: center;'>
<tr><th>Iteration Count</th><th>Time Taken (ms)</th><th>Status</th></tr>
<tr><td>1</td><td>1130</td><td style='background-color: green;color: white; font-weight: bold;'>Pass</td></tr>
<tr><td>2</td><td>1860</td><td style='background-color: green;color: white; font-weight: bold;'>Pass</td></tr>
<tr><td>3</td><td>963</td><td style='background-color: green;color: white; font-weight: bold;'>Pass</td></tr>
<tr><td>4</td><td>533</td><td style='background-color: green;color: white; font-weight: bold;'>Pass</td></tr>
<tr><td>5</td><td>2265</td><td style='background-color: green;color: white; font-weight: bold;'>Pass</td></tr>
<tr><td>6</td><td>2149</td><td style='background-color: green;color: white; font-weight: bold;'>Pass</td></tr>
<tr><td>7</td><td>994</td><td style='background-color: green;color: white; font-weight: bold;'>Pass</td></tr>
<tr><td>8</td><td>992</td><td style='background-color: green;color: white; font-weight: bold;'>Pass</td></tr>
<tr><td>9</td><td>2923</td><td style='background-color: green;color: white; font-weight: bold;'>Pass</td></tr>
<tr><td>10</td><td>2356</td><td style='background-color: green;color: white; font-weight: bold;'>Pass</td></tr>
<tr><td>11</td><td>2054</td><td style='background-color: green;color: white; font-weight: bold;'>Pass</td></tr>
<tr><td>12</td><td>2350</td><td style='background-color: green;color: white; font-weight: bold;'>Pass</td></tr>
<tr><td>13</td><td>1525</td><td style='background-color: green;color: white; font-weight: bold;'>Pass</td></tr>
<tr><td>14</td><td>2151</td><td style='background-color: green;color: white; font-weight: bold;'>Pass</td></tr>
<tr><td>15</td><td>2245</td><td style='background-color: green;color: white; font-weight: bold;'>Pass</td></tr>
<tr><td>16</td><td>4104</td><td style='background-color: green;color: white; font-weight: bold;'>Pass</td></tr>
<tr><td>17</td><td>3140</td><td style='background-color: green;color: white; font-weight: bold;'>Pass</td></tr>
<tr><td>18</td><td>400</td><td style='background-color: green;color: white; font-weight: bold;'>Pass</td></tr>
<tr><td>19</td><td>704</td><td style='background-color: green;color: white; font-weight: bold;'>Pass</td></tr>
<tr><td>20</td><td>1256</td><td style='background-color: green;color: white; font-weight: bold;'>Pass</td></tr>
</table>]]>
    </system-out>
  </testcase> <!-- Verify_user_clicks_getquote_Fundamentals -->
  <testcase classname="a_Nadeem.MoRise" name="Verify_user_clicks_getquote_fundamental" time="62.870">
    <system-out>
      <![CDATA[<h3>Get Quote Technical</h3>
<table border='1' style='border-collapse: collapse; width: 75%; text-align: center;'>
<tr><th>Iteration Count</th><th>Time Taken (ms)</th><th>Status</th></tr>
</table>
</table>
</table>
</table>
</table>
</table>
</table>
</table>
</table>
</table>
</table>
</table>
</table>
</table>
</table>
</table>
</table>
</table>
</table>
</table>]]>
    </system-out>
  </testcase> <!-- Verify_user_clicks_getquote_fundamental -->
  <testcase classname="a_Nadeem.MoRise" name="Verify_user_clicks_getquote_technical" time="87.519">
    <system-out>
      <![CDATA[<h3>Get Quote News</h3>
<table border='1' style='border-collapse: collapse; width: 75%; text-align: center;'>
<tr><th>Iteration Count</th><th>Time Taken (ms)</th><th>Status</th></tr>
<tr><td>1</td><td>786</td><td style='background-color: green;color: white; font-weight: bold;'>Pass</td></tr>
<tr><td>2</td><td>3166</td><td style='background-color: green;color: white; font-weight: bold;'>Pass</td></tr>
<tr><td>3</td><td>358</td><td style='background-color: green;color: white; font-weight: bold;'>Pass</td></tr>
<tr><td>4</td><td>344</td><td style='background-color: green;color: white; font-weight: bold;'>Pass</td></tr>
<tr><td>5</td><td>796</td><td style='background-color: green;color: white; font-weight: bold;'>Pass</td></tr>
<tr><td>6</td><td>859</td><td style='background-color: green;color: white; font-weight: bold;'>Pass</td></tr>
<tr><td>7</td><td>255</td><td style='background-color: green;color: white; font-weight: bold;'>Pass</td></tr>
<tr><td>8</td><td>1085</td><td style='background-color: green;color: white; font-weight: bold;'>Pass</td></tr>
<tr><td>9</td><td>1120</td><td style='background-color: green;color: white; font-weight: bold;'>Pass</td></tr>
<tr><td>10</td><td>1084</td><td style='background-color: green;color: white; font-weight: bold;'>Pass</td></tr>
<tr><td>11</td><td>3054</td><td style='background-color: green;color: white; font-weight: bold;'>Pass</td></tr>
<tr><td>12</td><td>361</td><td style='background-color: green;color: white; font-weight: bold;'>Pass</td></tr>
<tr><td>13</td><td>985</td><td style='background-color: green;color: white; font-weight: bold;'>Pass</td></tr>
<tr><td>14</td><td>1348</td><td style='background-color: green;color: white; font-weight: bold;'>Pass</td></tr>
<tr><td>15</td><td>1228</td><td style='background-color: green;color: white; font-weight: bold;'>Pass</td></tr>
<tr><td>16</td><td>300</td><td style='background-color: green;color: white; font-weight: bold;'>Pass</td></tr>
<tr><td>17</td><td>1213</td><td style='background-color: green;color: white; font-weight: bold;'>Pass</td></tr>
<tr><td>18</td><td>876</td><td style='background-color: green;color: white; font-weight: bold;'>Pass</td></tr>
<tr><td>19</td><td>2148</td><td style='background-color: green;color: white; font-weight: bold;'>Pass</td></tr>
<tr><td>20</td><td>2237</td><td style='background-color: green;color: white; font-weight: bold;'>Pass</td></tr>
</table>]]>
    </system-out>
  </testcase> <!-- Verify_user_clicks_getquote_technical -->
  <system-out>
    <![CDATA[<h3>Global_Search_Results</h3>
<table border='1' style='border-collapse: collapse; width: 75%; text-align: center;'>
<tr><th>Iteration Count</th><th>Time Taken (ms)</th><th>Status</th></tr>
<tr><td>1</td><td>2559</td><td style='background-color: green;color: white; font-weight: bold;'>Pass</td></tr>
<tr><td>2</td><td>1972</td><td style='background-color: green;color: white; font-weight: bold;'>Pass</td></tr>
<tr><td>3</td><td>1354</td><td style='background-color: red;color: white; font-weight: bold;'>Fail</td></tr>
<tr><td>4</td><td>2502</td><td style='background-color: green;color: white; font-weight: bold;'>Pass</td></tr>
<tr><td>5</td><td>2099</td><td style='background-color: green;color: white; font-weight: bold;'>Pass</td></tr>
<tr><td>6</td><td>2508</td><td style='background-color: green;color: white; font-weight: bold;'>Pass</td></tr>
<tr><td>7</td><td>1881</td><td style='background-color: green;color: white; font-weight: bold;'>Pass</td></tr>
<tr><td>8</td><td>2052</td><td style='background-color: green;color: white; font-weight: bold;'>Pass</td></tr>
<tr><td>9</td><td>2362</td><td style='background-color: green;color: white; font-weight: bold;'>Pass</td></tr>
<tr><td>10</td><td>1893</td><td style='background-color: green;color: white; font-weight: bold;'>Pass</td></tr>
<tr><td>11</td><td>1839</td><td style='background-color: green;color: white; font-weight: bold;'>Pass</td></tr>
<tr><td>12</td><td>1918</td><td style='background-color: green;color: white; font-weight: bold;'>Pass</td></tr>
<tr><td>13</td><td>1861</td><td style='background-color: green;color: white; font-weight: bold;'>Pass</td></tr>
<tr><td>14</td><td>1933</td><td style='background-color: green;color: white; font-weight: bold;'>Pass</td></tr>
<tr><td>15</td><td>1253</td><td style='background-color: red;color: white; font-weight: bold;'>Fail</td></tr>
<tr><td>16</td><td>4059</td><td style='background-color: green;color: white; font-weight: bold;'>Pass</td></tr>
<tr><td>17</td><td>4081</td><td style='background-color: green;color: white; font-weight: bold;'>Pass</td></tr>
<tr><td>18</td><td>2155</td><td style='background-color: green;color: white; font-weight: bold;'>Pass</td></tr>
<tr><td>19</td><td>2093</td><td style='background-color: green;color: white; font-weight: bold;'>Pass</td></tr>
<tr><td>20</td><td>1267</td><td style='background-color: red;color: white; font-weight: bold;'>Fail</td></tr>
</table>
<h3>Homepage_portfolio_snap</h3>
<table border='1' style='border-collapse: collapse; width: 75%; text-align: center;'>
<tr><th>Iteration Count</th><th>Time Taken (ms)</th><th>Status</th></tr>
<tr><td>1</td><td>3781</td><td style='background-color: green;color: white; font-weight: bold;'>Pass</td></tr>
<tr><td>2</td><td>1798</td><td style='background-color: green;color: white; font-weight: bold;'>Pass</td></tr>
<tr><td>3</td><td>382</td><td style='background-color: green;color: white; font-weight: bold;'>Pass</td></tr>
<tr><td>4</td><td>3632</td><td style='background-color: green;color: white; font-weight: bold;'>Pass</td></tr>
<tr><td>5</td><td>1897</td><td style='background-color: green;color: white; font-weight: bold;'>Pass</td></tr>
<tr><td>6</td><td>1968</td><td style='background-color: green;color: white; font-weight: bold;'>Pass</td></tr>
<tr><td>7</td><td>2182</td><td style='background-color: green;color: white; font-weight: bold;'>Pass</td></tr>
<tr><td>8</td><td>445</td><td style='background-color: green;color: white; font-weight: bold;'>Pass</td></tr>
<tr><td>9</td><td>2803</td><td style='background-color: green;color: white; font-weight: bold;'>Pass</td></tr>
<tr><td>10</td><td>3677</td><td style='background-color: green;color: white; font-weight: bold;'>Pass</td></tr>
<tr><td>11</td><td>1839</td><td style='background-color: green;color: white; font-weight: bold;'>Pass</td></tr>
<tr><td>12</td><td>6985</td><td style='background-color: green;color: white; font-weight: bold;'>Pass</td></tr>
<tr><td>13</td><td>443</td><td style='background-color: green;color: white; font-weight: bold;'>Pass</td></tr>
<tr><td>14</td><td>1761</td><td style='background-color: green;color: white; font-weight: bold;'>Pass</td></tr>
<tr><td>15</td><td>409</td><td style='background-color: green;color: white; font-weight: bold;'>Pass</td></tr>
<tr><td>16</td><td>2382</td><td style='background-color: green;color: white; font-weight: bold;'>Pass</td></tr>
<tr><td>17</td><td>1932</td><td style='background-color: green;color: white; font-weight: bold;'>Pass</td></tr>
<tr><td>18</td><td>2513</td><td style='background-color: green;color: white; font-weight: bold;'>Pass</td></tr>
<tr><td>19</td><td>3231</td><td style='background-color: green;color: white; font-weight: bold;'>Pass</td></tr>
<tr><td>20</td><td>363</td><td style='background-color: green;color: white; font-weight: bold;'>Pass</td></tr>
</table>
<h3>Stocks_homepage_portfolio_snap</h3>
<table border='1' style='border-collapse: collapse; width: 75%; text-align: center;'>
<tr><th>Iteration Count</th><th>Time Taken (ms)</th><th>Status</th></tr>
</table>
<h3>mf_homepage_portfolio_snap</h3>
<table border='1' style='border-collapse: collapse; width: 75%; text-align: center;'>
<tr><th>Iteration Count</th><th>Time Taken (ms)</th><th>Status</th></tr>
<tr><td>1</td><td>1599</td><td style='background-color: green;color: white; font-weight: bold;'>Pass</td></tr>
<tr><td>2</td><td>203</td><td style='background-color: green;color: white; font-weight: bold;'>Pass</td></tr>
<tr><td>3</td><td>2961</td><td style='background-color: green;color: white; font-weight: bold;'>Pass</td></tr>
<tr><td>4</td><td>261</td><td style='background-color: green;color: white; font-weight: bold;'>Pass</td></tr>
<tr><td>5</td><td>4132</td><td style='background-color: green;color: white; font-weight: bold;'>Pass</td></tr>
<tr><td>6</td><td>933</td><td style='background-color: green;color: white; font-weight: bold;'>Pass</td></tr>
<tr><td>7</td><td>3958</td><td style='background-color: green;color: white; font-weight: bold;'>Pass</td></tr>
<tr><td>8</td><td>7275</td><td style='background-color: green;color: white; font-weight: bold;'>Pass</td></tr>
<tr><td>9</td><td>4025</td><td style='background-color: green;color: white; font-weight: bold;'>Pass</td></tr>
<tr><td>10</td><td>3047</td><td style='background-color: green;color: white; font-weight: bold;'>Pass</td></tr>
<tr><td>11</td><td>213</td><td style='background-color: green;color: white; font-weight: bold;'>Pass</td></tr>
<tr><td>12</td><td>201</td><td style='background-color: green;color: white; font-weight: bold;'>Pass</td></tr>
<tr><td>13</td><td>7046</td><td style='background-color: green;color: white; font-weight: bold;'>Pass</td></tr>
<tr><td>14</td><td>4168</td><td style='background-color: green;color: white; font-weight: bold;'>Pass</td></tr>
<tr><td>15</td><td>4111</td><td style='background-color: green;color: white; font-weight: bold;'>Pass</td></tr>
<tr><td>16</td><td>3625</td><td style='background-color: green;color: white; font-weight: bold;'>Pass</td></tr>
<tr><td>17</td><td>2255</td><td style='background-color: green;color: white; font-weight: bold;'>Pass</td></tr>
<tr><td>18</td><td>4073</td><td style='background-color: green;color: white; font-weight: bold;'>Pass</td></tr>
<tr><td>19</td><td>916</td><td style='background-color: green;color: white; font-weight: bold;'>Pass</td></tr>
<tr><td>20</td><td>2893</td><td style='background-color: green;color: white; font-weight: bold;'>Pass</td></tr>
</table>
<h3>Watchlist</h3>
<table border='1' style='border-collapse: collapse; width: 75%; text-align: center;'>
<tr><th>Iteration Count</th><th>Time Taken (ms)</th><th>Status</th></tr>
<tr><td>1</td><td>1606</td><td style='background-color: green;color: white; font-weight: bold;'>Pass</td></tr>
<tr><td>2</td><td>1440</td><td style='background-color: green;color: white; font-weight: bold;'>Pass</td></tr>
<tr><td>3</td><td>1222</td><td style='background-color: green;color: white; font-weight: bold;'>Pass</td></tr>
<tr><td>4</td><td>2753</td><td style='background-color: green;color: white; font-weight: bold;'>Pass</td></tr>
<tr><td>5</td><td>3786</td><td style='background-color: green;color: white; font-weight: bold;'>Pass</td></tr>
<tr><td>6</td><td>21076</td><td style='background-color: red;color: white; font-weight: bold;'>Fail</td></tr>
<tr><td>7</td><td>2630</td><td style='background-color: green;color: white; font-weight: bold;'>Pass</td></tr>
<tr><td>8</td><td>2121</td><td style='background-color: green;color: white; font-weight: bold;'>Pass</td></tr>
<tr><td>9</td><td>1201</td><td style='background-color: green;color: white; font-weight: bold;'>Pass</td></tr>
<tr><td>10</td><td>1232</td><td style='background-color: green;color: white; font-weight: bold;'>Pass</td></tr>
<tr><td>11</td><td>1172</td><td style='background-color: green;color: white; font-weight: bold;'>Pass</td></tr>
<tr><td>12</td><td>1098</td><td style='background-color: green;color: white; font-weight: bold;'>Pass</td></tr>
<tr><td>13</td><td>2954</td><td style='background-color: green;color: white; font-weight: bold;'>Pass</td></tr>
<tr><td>14</td><td>20070</td><td style='background-color: red;color: white; font-weight: bold;'>Fail</td></tr>
<tr><td>15</td><td>1364</td><td style='background-color: green;color: white; font-weight: bold;'>Pass</td></tr>
<tr><td>16</td><td>20708</td><td style='background-color: red;color: white; font-weight: bold;'>Fail</td></tr>
<tr><td>17</td><td>3954</td><td style='background-color: green;color: white; font-weight: bold;'>Pass</td></tr>
<tr><td>18</td><td>1312</td><td style='background-color: green;color: white; font-weight: bold;'>Pass</td></tr>
<tr><td>19</td><td>20108</td><td style='background-color: red;color: white; font-weight: bold;'>Fail</td></tr>
<tr><td>20</td><td>1123</td><td style='background-color: green;color: white; font-weight: bold;'>Pass</td></tr>
</table>
<h3>Option_Watchlist</h3>
<table border='1' style='border-collapse: collapse; width: 75%; text-align: center;'>
<tr><th>Iteration Count</th><th>Time Taken (ms)</th><th>Status</th></tr>
<tr><td>1</td><td>2806</td><td style='background-color: green;color: white; font-weight: bold;'>Pass</td></tr>
<tr><td>2</td><td>816</td><td style='background-color: green;color: white; font-weight: bold;'>Pass</td></tr>
<tr><td>3</td><td>804</td><td style='background-color: green;color: white; font-weight: bold;'>Pass</td></tr>
<tr><td>4</td><td>2270</td><td style='background-color: green;color: white; font-weight: bold;'>Pass</td></tr>
<tr><td>5</td><td>3798</td><td style='background-color: green;color: white; font-weight: bold;'>Pass</td></tr>
<tr><td>6</td><td>1911</td><td style='background-color: green;color: white; font-weight: bold;'>Pass</td></tr>
<tr><td>7</td><td>1370</td><td style='background-color: green;color: white; font-weight: bold;'>Pass</td></tr>
<tr><td>8</td><td>729</td><td style='background-color: green;color: white; font-weight: bold;'>Pass</td></tr>
<tr><td>9</td><td>900</td><td style='background-color: green;color: white; font-weight: bold;'>Pass</td></tr>
<tr><td>10</td><td>842</td><td style='background-color: green;color: white; font-weight: bold;'>Pass</td></tr>
<tr><td>11</td><td>810</td><td style='background-color: green;color: white; font-weight: bold;'>Pass</td></tr>
<tr><td>12</td><td>3876</td><td style='background-color: green;color: white; font-weight: bold;'>Pass</td></tr>
<tr><td>13</td><td>798</td><td style='background-color: green;color: white; font-weight: bold;'>Pass</td></tr>
<tr><td>14</td><td>2986</td><td style='background-color: green;color: white; font-weight: bold;'>Pass</td></tr>
<tr><td>15</td><td>3778</td><td style='background-color: green;color: white; font-weight: bold;'>Pass</td></tr>
<tr><td>16</td><td>788</td><td style='background-color: green;color: white; font-weight: bold;'>Pass</td></tr>
<tr><td>17</td><td>915</td><td style='background-color: green;color: white; font-weight: bold;'>Pass</td></tr>
<tr><td>18</td><td>1566</td><td style='background-color: green;color: white; font-weight: bold;'>Pass</td></tr>
<tr><td>19</td><td>1678</td><td style='background-color: green;color: white; font-weight: bold;'>Pass</td></tr>
<tr><td>20</td><td>1922</td><td style='background-color: green;color: white; font-weight: bold;'>Pass</td></tr>
</table>
<h3>Get Quote overview</h3>
<table border='1' style='border-collapse: collapse; width: 75%; text-align: center;'>
<tr><th>Iteration Count</th><th>Time Taken (ms)</th><th>Status</th></tr>
<tr><td>1</td><td>82</td><td style='background-color: green;color: white; font-weight: bold;'>Pass</td></tr>
<tr><td>2</td><td>994</td><td style='background-color: green;color: white; font-weight: bold;'>Pass</td></tr>
<tr><td>3</td><td>192</td><td style='background-color: green;color: white; font-weight: bold;'>Pass</td></tr>
<tr><td>4</td><td>121</td><td style='background-color: green;color: white; font-weight: bold;'>Pass</td></tr>
<tr><td>5</td><td>109</td><td style='background-color: green;color: white; font-weight: bold;'>Pass</td></tr>
<tr><td>6</td><td>1913</td><td style='background-color: green;color: white; font-weight: bold;'>Pass</td></tr>
<tr><td>7</td><td>200</td><td style='background-color: green;color: white; font-weight: bold;'>Pass</td></tr>
<tr><td>8</td><td>209</td><td style='background-color: green;color: white; font-weight: bold;'>Pass</td></tr>
<tr><td>9</td><td>1234</td><td style='background-color: green;color: white; font-weight: bold;'>Pass</td></tr>
<tr><td>10</td><td>4864</td><td style='background-color: green;color: white; font-weight: bold;'>Pass</td></tr>
<tr><td>11</td><td>2520</td><td style='background-color: green;color: white; font-weight: bold;'>Pass</td></tr>
<tr><td>12</td><td>186</td><td style='background-color: green;color: white; font-weight: bold;'>Pass</td></tr>
<tr><td>13</td><td>280</td><td style='background-color: green;color: white; font-weight: bold;'>Pass</td></tr>
<tr><td>14</td><td>225</td><td style='background-color: green;color: white; font-weight: bold;'>Pass</td></tr>
<tr><td>15</td><td>986</td><td style='background-color: green;color: white; font-weight: bold;'>Pass</td></tr>
<tr><td>16</td><td>930</td><td style='background-color: green;color: white; font-weight: bold;'>Pass</td></tr>
<tr><td>17</td><td>129</td><td style='background-color: green;color: white; font-weight: bold;'>Pass</td></tr>
<tr><td>18</td><td>1940</td><td style='background-color: green;color: white; font-weight: bold;'>Pass</td></tr>
<tr><td>19</td><td>943</td><td style='background-color: green;color: white; font-weight: bold;'>Pass</td></tr>
<tr><td>20</td><td>918</td><td style='background-color: green;color: white; font-weight: bold;'>Pass</td></tr>
</table>
<h3>Get Quote Fundamentals</h3>
<table border='1' style='border-collapse: collapse; width: 75%; text-align: center;'>
<tr><th>Iteration Count</th><th>Time Taken (ms)</th><th>Status</th></tr>
<tr><td>1</td><td>1130</td><td style='background-color: green;color: white; font-weight: bold;'>Pass</td></tr>
<tr><td>2</td><td>1860</td><td style='background-color: green;color: white; font-weight: bold;'>Pass</td></tr>
<tr><td>3</td><td>963</td><td style='background-color: green;color: white; font-weight: bold;'>Pass</td></tr>
<tr><td>4</td><td>533</td><td style='background-color: green;color: white; font-weight: bold;'>Pass</td></tr>
<tr><td>5</td><td>2265</td><td style='background-color: green;color: white; font-weight: bold;'>Pass</td></tr>
<tr><td>6</td><td>2149</td><td style='background-color: green;color: white; font-weight: bold;'>Pass</td></tr>
<tr><td>7</td><td>994</td><td style='background-color: green;color: white; font-weight: bold;'>Pass</td></tr>
<tr><td>8</td><td>992</td><td style='background-color: green;color: white; font-weight: bold;'>Pass</td></tr>
<tr><td>9</td><td>2923</td><td style='background-color: green;color: white; font-weight: bold;'>Pass</td></tr>
<tr><td>10</td><td>2356</td><td style='background-color: green;color: white; font-weight: bold;'>Pass</td></tr>
<tr><td>11</td><td>2054</td><td style='background-color: green;color: white; font-weight: bold;'>Pass</td></tr>
<tr><td>12</td><td>2350</td><td style='background-color: green;color: white; font-weight: bold;'>Pass</td></tr>
<tr><td>13</td><td>1525</td><td style='background-color: green;color: white; font-weight: bold;'>Pass</td></tr>
<tr><td>14</td><td>2151</td><td style='background-color: green;color: white; font-weight: bold;'>Pass</td></tr>
<tr><td>15</td><td>2245</td><td style='background-color: green;color: white; font-weight: bold;'>Pass</td></tr>
<tr><td>16</td><td>4104</td><td style='background-color: green;color: white; font-weight: bold;'>Pass</td></tr>
<tr><td>17</td><td>3140</td><td style='background-color: green;color: white; font-weight: bold;'>Pass</td></tr>
<tr><td>18</td><td>400</td><td style='background-color: green;color: white; font-weight: bold;'>Pass</td></tr>
<tr><td>19</td><td>704</td><td style='background-color: green;color: white; font-weight: bold;'>Pass</td></tr>
<tr><td>20</td><td>1256</td><td style='background-color: green;color: white; font-weight: bold;'>Pass</td></tr>
</table>
<h3>Get Quote Technical</h3>
<table border='1' style='border-collapse: collapse; width: 75%; text-align: center;'>
<tr><th>Iteration Count</th><th>Time Taken (ms)</th><th>Status</th></tr>
</table>
</table>
</table>
</table>
</table>
</table>
</table>
</table>
</table>
</table>
</table>
</table>
</table>
</table>
</table>
</table>
</table>
</table>
</table>
</table>
<h3>Get Quote News</h3>
<table border='1' style='border-collapse: collapse; width: 75%; text-align: center;'>
<tr><th>Iteration Count</th><th>Time Taken (ms)</th><th>Status</th></tr>
<tr><td>1</td><td>786</td><td style='background-color: green;color: white; font-weight: bold;'>Pass</td></tr>
<tr><td>2</td><td>3166</td><td style='background-color: green;color: white; font-weight: bold;'>Pass</td></tr>
<tr><td>3</td><td>358</td><td style='background-color: green;color: white; font-weight: bold;'>Pass</td></tr>
<tr><td>4</td><td>344</td><td style='background-color: green;color: white; font-weight: bold;'>Pass</td></tr>
<tr><td>5</td><td>796</td><td style='background-color: green;color: white; font-weight: bold;'>Pass</td></tr>
<tr><td>6</td><td>859</td><td style='background-color: green;color: white; font-weight: bold;'>Pass</td></tr>
<tr><td>7</td><td>255</td><td style='background-color: green;color: white; font-weight: bold;'>Pass</td></tr>
<tr><td>8</td><td>1085</td><td style='background-color: green;color: white; font-weight: bold;'>Pass</td></tr>
<tr><td>9</td><td>1120</td><td style='background-color: green;color: white; font-weight: bold;'>Pass</td></tr>
<tr><td>10</td><td>1084</td><td style='background-color: green;color: white; font-weight: bold;'>Pass</td></tr>
<tr><td>11</td><td>3054</td><td style='background-color: green;color: white; font-weight: bold;'>Pass</td></tr>
<tr><td>12</td><td>361</td><td style='background-color: green;color: white; font-weight: bold;'>Pass</td></tr>
<tr><td>13</td><td>985</td><td style='background-color: green;color: white; font-weight: bold;'>Pass</td></tr>
<tr><td>14</td><td>1348</td><td style='background-color: green;color: white; font-weight: bold;'>Pass</td></tr>
<tr><td>15</td><td>1228</td><td style='background-color: green;color: white; font-weight: bold;'>Pass</td></tr>
<tr><td>16</td><td>300</td><td style='background-color: green;color: white; font-weight: bold;'>Pass</td></tr>
<tr><td>17</td><td>1213</td><td style='background-color: green;color: white; font-weight: bold;'>Pass</td></tr>
<tr><td>18</td><td>876</td><td style='background-color: green;color: white; font-weight: bold;'>Pass</td></tr>
<tr><td>19</td><td>2148</td><td style='background-color: green;color: white; font-weight: bold;'>Pass</td></tr>
<tr><td>20</td><td>2237</td><td style='background-color: green;color: white; font-weight: bold;'>Pass</td></tr>
</table>]]>
  </system-out>
</testsuite> <!-- a_Nadeem.MoRise -->
