<?xml version="1.0" encoding="UTF-8"?>
<!-- Generated by org.testng.reporters.JUnitReportReporter -->
<testsuite hostname="MOT-32333-L" failures="0" tests="2" name="a_Nadeem.BuyOrder" time="152.441" errors="0" timestamp="2024-12-13T12:48:39 IST" skipped="0">
  <testcase classname="a_Nadeem.BuyOrder" name="Verify_user_login_and_RDD_" time="52.423"/>
  <testcase classname="a_Nadeem.BuyOrder" name="VerifyUserPlaceBuyOrder" time="100.018">
    <system-out>
      <![CDATA[<h3>Buy Orders</h3>
<table border='1' style='border-collapse: collapse; width: 75%; text-align: center;'>
<tr><th>Iteration Count</th><th>Time Taken (ms)</th><th>Status</th></tr>
<tr><td>1</td><td>19310</td><td>Pass</td></tr>
<tr><td>2</td><td>21536</td><td>Pass</td></tr>
<tr><td>3</td><td>32258</td><td>Pass</td></tr>
</table>]]>
    </system-out>
  </testcase> <!-- VerifyUserPlaceBuyOrder -->
  <system-out>
    <![CDATA[<h3>Buy Orders</h3>
<table border='1' style='border-collapse: collapse; width: 75%; text-align: center;'>
<tr><th>Iteration Count</th><th>Time Taken (ms)</th><th>Status</th></tr>
<tr><td>1</td><td>19310</td><td>Pass</td></tr>
<tr><td>2</td><td>21536</td><td>Pass</td></tr>
<tr><td>3</td><td>32258</td><td>Pass</td></tr>
</table>]]>
  </system-out>
</testsuite> <!-- a_Nadeem.BuyOrder -->
