<?xml version="1.0" encoding="UTF-8"?>
<!-- Generated by org.testng.reporters.JUnitReportReporter -->
<testsuite hostname="MOT-32333-L" failures="0" tests="2" name="a_Nadeem.Rise_Regression" time="276.447" errors="0" timestamp="2025-01-07T16:10:41 IST" skipped="0">
  <testcase classname="a_Nadeem.Rise_Regression" name="Verify_user_login_and_clicks_on_RDD" time="20.748"/>
  <testcase classname="a_Nadeem.Rise_Regression" name="App_Regression" time="255.699">
    <system-out>
      <![CDATA[<h3>Execution Report</h3>
<table border='1' style='border-collapse: collapse; width: 75%; text-align: center;'>
<tr><th>Sr. No</th><th>Test Case</th><th>Status</th><th>Time Taken (ms)</th></tr>
<tr><td>1</td><td>Global Search Result</td><td>Pass</td><td>7605</td></tr>
<tr><td>2</td><td>Get quote fut tab</td><td>Pass</td><td>6045</td></tr>
<tr><td>3</td><td>Get quote opt tab</td><td>Pass</td><td>2926</td></tr>
<tr><td>4</td><td>Get quote cash tab</td><td>Pass</td><td>5728</td></tr>
<tr><td>5</td><td>Order Form quantity toggle</td><td>Pass</td><td>5237</td></tr>
<tr><td>6</td><td>Order Form amount toggle</td><td>Pass</td><td>6439</td></tr>
<tr><td>7</td><td>Mutual Fund View All Returns</td><td>Pass</td><td>34084</td></tr>
<tr><td>8</td><td>Portfolio View Analysis</td><td>Pass</td><td>20770</td></tr>
<tr><td>9</td><td>Portfolio swipe Stocks Tab verification</td><td>Pass</td><td>2013</td></tr>
<tr><td>10</td><td>Portfolio swipe MF Tab verification</td><td>Pass</td><td>6210</td></tr>
<tr><td>11</td><td>Portfolio swipe PMS Tab verification</td><td>Pass</td><td>2194</td></tr>
<tr><td>12</td><td>Portfolio swipe Basket Tab verification</td><td>Pass</td><td>8193</td></tr>
<tr><td>13</td><td>Add Watchlist</td><td>Pass</td><td>16641</td></tr>
<tr><td>14</td><td>Add Script in watchlist</td><td>Pass</td><td>8817</td></tr>
<tr><td>15</td><td>Delete script from watchlist</td><td>Pass</td><td>10773</td></tr>
</table>]]>
    </system-out>
  </testcase> <!-- App_Regression -->
  <system-out>
    <![CDATA[<h3>Execution Report</h3>
<table border='1' style='border-collapse: collapse; width: 75%; text-align: center;'>
<tr><th>Sr. No</th><th>Test Case</th><th>Status</th><th>Time Taken (ms)</th></tr>
<tr><td>1</td><td>Global Search Result</td><td>Pass</td><td>7605</td></tr>
<tr><td>2</td><td>Get quote fut tab</td><td>Pass</td><td>6045</td></tr>
<tr><td>3</td><td>Get quote opt tab</td><td>Pass</td><td>2926</td></tr>
<tr><td>4</td><td>Get quote cash tab</td><td>Pass</td><td>5728</td></tr>
<tr><td>5</td><td>Order Form quantity toggle</td><td>Pass</td><td>5237</td></tr>
<tr><td>6</td><td>Order Form amount toggle</td><td>Pass</td><td>6439</td></tr>
<tr><td>7</td><td>Mutual Fund View All Returns</td><td>Pass</td><td>34084</td></tr>
<tr><td>8</td><td>Portfolio View Analysis</td><td>Pass</td><td>20770</td></tr>
<tr><td>9</td><td>Portfolio swipe Stocks Tab verification</td><td>Pass</td><td>2013</td></tr>
<tr><td>10</td><td>Portfolio swipe MF Tab verification</td><td>Pass</td><td>6210</td></tr>
<tr><td>11</td><td>Portfolio swipe PMS Tab verification</td><td>Pass</td><td>2194</td></tr>
<tr><td>12</td><td>Portfolio swipe Basket Tab verification</td><td>Pass</td><td>8193</td></tr>
<tr><td>13</td><td>Add Watchlist</td><td>Pass</td><td>16641</td></tr>
<tr><td>14</td><td>Add Script in watchlist</td><td>Pass</td><td>8817</td></tr>
<tr><td>15</td><td>Delete script from watchlist</td><td>Pass</td><td>10773</td></tr>
</table>]]>
  </system-out>
</testsuite> <!-- a_Nadeem.Rise_Regression -->
