<?xml version="1.0" encoding="UTF-8"?>
<!-- Generated by org.testng.reporters.JUnitReportReporter -->
<testsuite hostname="MOT-32333-L" failures="0" tests="2" name="a_Nadeem.Rise_Regression" time="347.330" errors="0" timestamp="2025-01-08T17:38:08 IST" skipped="0">
  <testcase classname="a_Nadeem.Rise_Regression" name="Verify_user_login_and_clicks_on_RDD" time="30.150"/>
  <testcase classname="a_Nadeem.Rise_Regression" name="App_Regression" time="317.180">
    <system-out>
      <![CDATA[<h3>Execution Report</h3>
<table border='1' style='border-collapse: collapse; width: 75%; text-align: center;'>
<tr><th>Sr. No</th><th>Test Case</th><th>Status</th><th>Time Taken (ms)</th></tr>
<tr><td>1</td><td>Global Search Result</td><td>Pass</td><td>2338</td></tr>
<tr><td>2</td><td>Get quote fut tab</td><td>Pass</td><td>2543</td></tr>
<tr><td>3</td><td>Get quote opt tab</td><td>Pass</td><td>2021</td></tr>
<tr><td>4</td><td>Get quote cash tab</td><td>Pass</td><td>4127</td></tr>
<tr><td>5</td><td>Get quote Nse switch delivery buy order form</td><td>Pass</td><td>7741</td></tr>
<tr><td>6</td><td>Get quote Nse switch delivery Sell order form</td><td>Pass</td><td>7925</td></tr>
<tr><td>7</td><td>Get quote Bse switch delivery buy order form</td><td>Pass</td><td>4556</td></tr>
<tr><td>8</td><td>Get quote Bse switch delivery order form</td><td>Pass</td><td>3351</td></tr>
<tr><td>9</td><td>Get quote charts button</td><td>Pass</td><td>2961</td></tr>
<tr><td>10</td><td>Get quote optionchain button</td><td>Pass</td><td>9108</td></tr>
<tr><td>11</td><td>Get quote Fundamental Tab</td><td>Pass</td><td>6088</td></tr>
<tr><td>12</td><td>Get quote Technical Tab</td><td>Pass</td><td>5703</td></tr>
<tr><td>13</td><td>Get quote News Tab</td><td>Pass</td><td>1942</td></tr>
<tr><td>14</td><td>Get quote Transactions Tab</td><td>Fail</td><td>8571</td></tr>
<tr><td>15</td><td>Order Form quantity toggle</td><td>Pass</td><td>5393</td></tr>
<tr><td>16</td><td>Order Form amount toggle</td><td>Pass</td><td>10702</td></tr>
<tr><td>17</td><td>Mutual Fund View All Returns</td><td>Pass</td><td>22256</td></tr>
<tr><td>18</td><td>Portfolio View Analysis</td><td>Pass</td><td>6941</td></tr>
<tr><td>19</td><td>Portfolio swipe Stocks Tab verification</td><td>Pass</td><td>1857</td></tr>
<tr><td>20</td><td>Portfolio swipe MF Tab verification</td><td>Pass</td><td>1807</td></tr>
<tr><td>21</td><td>Portfolio swipe PMS Tab verification</td><td>Pass</td><td>5482</td></tr>
<tr><td>22</td><td>Portfolio swipe Basket Tab verification</td><td>Pass</td><td>1879</td></tr>
<tr><td>23</td><td>Add Watchlist</td><td>Pass</td><td>21994</td></tr>
<tr><td>24</td><td>Add Script in watchlist</td><td>Pass</td><td>15328</td></tr>
<tr><td>25</td><td>Delete script from watchlist</td><td>Pass</td><td>5180</td></tr>
</table>]]>
    </system-out>
  </testcase> <!-- App_Regression -->
  <system-out>
    <![CDATA[<h3>Execution Report</h3>
<table border='1' style='border-collapse: collapse; width: 75%; text-align: center;'>
<tr><th>Sr. No</th><th>Test Case</th><th>Status</th><th>Time Taken (ms)</th></tr>
<tr><td>1</td><td>Global Search Result</td><td>Pass</td><td>2338</td></tr>
<tr><td>2</td><td>Get quote fut tab</td><td>Pass</td><td>2543</td></tr>
<tr><td>3</td><td>Get quote opt tab</td><td>Pass</td><td>2021</td></tr>
<tr><td>4</td><td>Get quote cash tab</td><td>Pass</td><td>4127</td></tr>
<tr><td>5</td><td>Get quote Nse switch delivery buy order form</td><td>Pass</td><td>7741</td></tr>
<tr><td>6</td><td>Get quote Nse switch delivery Sell order form</td><td>Pass</td><td>7925</td></tr>
<tr><td>7</td><td>Get quote Bse switch delivery buy order form</td><td>Pass</td><td>4556</td></tr>
<tr><td>8</td><td>Get quote Bse switch delivery order form</td><td>Pass</td><td>3351</td></tr>
<tr><td>9</td><td>Get quote charts button</td><td>Pass</td><td>2961</td></tr>
<tr><td>10</td><td>Get quote optionchain button</td><td>Pass</td><td>9108</td></tr>
<tr><td>11</td><td>Get quote Fundamental Tab</td><td>Pass</td><td>6088</td></tr>
<tr><td>12</td><td>Get quote Technical Tab</td><td>Pass</td><td>5703</td></tr>
<tr><td>13</td><td>Get quote News Tab</td><td>Pass</td><td>1942</td></tr>
<tr><td>14</td><td>Get quote Transactions Tab</td><td>Fail</td><td>8571</td></tr>
<tr><td>15</td><td>Order Form quantity toggle</td><td>Pass</td><td>5393</td></tr>
<tr><td>16</td><td>Order Form amount toggle</td><td>Pass</td><td>10702</td></tr>
<tr><td>17</td><td>Mutual Fund View All Returns</td><td>Pass</td><td>22256</td></tr>
<tr><td>18</td><td>Portfolio View Analysis</td><td>Pass</td><td>6941</td></tr>
<tr><td>19</td><td>Portfolio swipe Stocks Tab verification</td><td>Pass</td><td>1857</td></tr>
<tr><td>20</td><td>Portfolio swipe MF Tab verification</td><td>Pass</td><td>1807</td></tr>
<tr><td>21</td><td>Portfolio swipe PMS Tab verification</td><td>Pass</td><td>5482</td></tr>
<tr><td>22</td><td>Portfolio swipe Basket Tab verification</td><td>Pass</td><td>1879</td></tr>
<tr><td>23</td><td>Add Watchlist</td><td>Pass</td><td>21994</td></tr>
<tr><td>24</td><td>Add Script in watchlist</td><td>Pass</td><td>15328</td></tr>
<tr><td>25</td><td>Delete script from watchlist</td><td>Pass</td><td>5180</td></tr>
</table>]]>
  </system-out>
</testsuite> <!-- a_Nadeem.Rise_Regression -->
