<?xml version="1.0" encoding="UTF-8"?>
<!-- Generated by org.testng.reporters.JUnitReportReporter -->
<testsuite hostname="MOT-32333-L" failures="0" tests="2" name="a_Nadeem.sampleReport" time="478.546" errors="0" timestamp="2025-01-02T13:54:18 IST" skipped="0">
  <testcase classname="a_Nadeem.sampleReport" name="Verify_user_login_and_clicks_on_RDD" time="21.801"/>
  <testcase classname="a_Nadeem.sampleReport" name="App_Regression" time="456.745"/>
</testsuite> <!-- a_Nadeem.sampleReport -->
