<?xml version="1.0" encoding="UTF-8"?>
<!-- Generated by org.testng.reporters.JUnitReportReporter -->
<testsuite hostname="MOT-32333-L" failures="0" tests="3" name="a_Nadeem.Rise_Regression" time="65.390" errors="0" timestamp="2025-02-05T13:38:38 IST" skipped="1">
  <testcase classname="a_Nadeem.Rise_Regression" name="Verify_user_login_and_clicks_on_RDD" time="27.311"/>
  <testcase classname="a_Nadeem.Rise_Regression" name="App_Regression" time="38.079">
    <system-out>
      <![CDATA[<h3>Execution Report</h3>
<table border='1' style='border-collapse: collapse; width: 75%; text-align: center;'>
<tr><th>Sr. No</th><th>Test Case</th><th>Status</th><th>Time Taken (ms)</th></tr>
<tr><td>1</td><td>Global Search Result</td><td style='background-color: green;color: white; font-weight: bold;'>Pass</td><td>3660</td></tr>
</table>]]>
    </system-out>
  </testcase> <!-- App_Regression -->
  <testcase classname="a_Nadeem.Rise_Regression" name="orderrouting">
    <skipped/>
  </testcase> <!-- orderrouting -->
  <system-out>
    <![CDATA[<h3>Execution Report</h3>
<table border='1' style='border-collapse: collapse; width: 75%; text-align: center;'>
<tr><th>Sr. No</th><th>Test Case</th><th>Status</th><th>Time Taken (ms)</th></tr>
<tr><td>1</td><td>Global Search Result</td><td style='background-color: green;color: white; font-weight: bold;'>Pass</td><td>3660</td></tr>
</table>]]>
  </system-out>
</testsuite> <!-- a_Nadeem.Rise_Regression -->
