<?xml version="1.0" encoding="UTF-8"?>
<!-- Generated by org.testng.reporters.JUnitReportReporter -->
<testsuite hostname="MOT-32333-L" failures="0" tests="2" name="a_Nadeem.ReportSample" time="408.153" errors="0" timestamp="2025-01-02T15:20:00 IST" skipped="0">
  <testcase classname="a_Nadeem.ReportSample" name="Verify_user_login_and_clicks_on_RDD" time="23.428"/>
  <testcase classname="a_Nadeem.ReportSample" name="App_Regression" time="384.725">
    <system-out>
      <![CDATA[<h3>Execution Report</h3>
<div style='display: flex; justify-content: space-around; margin-bottom: 20px;'>
<canvas id='statusChart' width='400' height='400'></canvas>
<canvas id='timeChart' width='400' height='400'></canvas>
</div>
<table id='testTable' border='1' style='border-collapse: collapse; width: 75%; text-align: center;'>
<tr><th>Sr. No</th><th>Test Case</th><th>Status</th><th>Time Taken (ms)</th></tr>
<tr><td>1</td><td>Order Form quantity toggle</td><td>Pass</td><td>2718</td></tr>
<tr><td>2</td><td>Order Form amount toggle</td><td>Pass</td><td>5220</td></tr>
<tr><td>3</td><td>Mutual Fund View All Returns</td><td>Pass</td><td>42439</td></tr>
<tr><td>4</td><td>Portfolio View Analysis</td><td>Pass</td><td>100075</td></tr>
<tr><td>5</td><td>Portfolio swipe Tab verification</td><td>Pass</td><td>14211</td></tr>
<tr><td>6</td><td>Add Watchlist</td><td>Pass</td><td>32312</td></tr>
</table>
<script src='https://cdn.jsdelivr.net/npm/chart.js'></script>
<script>
document.addEventListener('DOMContentLoaded', function () {
  const table = document.getElementById('testTable');
  const rows = table.querySelectorAll('tr');
  const statusData = {}; const timeData = [];
  rows.forEach((row, index) => {
    if (index === 0) return;
    const cells = row.querySelectorAll('td');
    const status = cells[2].innerText.trim();
    const time = parseInt(cells[3].innerText.trim(), 10);
    statusData[status] = (statusData[status] || 0) + 1;
    timeData.push(time);
  });
  const statusCtx = document.getElementById('statusChart').getContext('2d');
  new Chart(statusCtx, {
    type: 'pie',
    data: {
      labels: Object.keys(statusData),
      datasets: [{
        data: Object.values(statusData),
        backgroundColor: ['#4caf50', '#f44336', '#ffeb3b', '#2196f3'],
      }]
    },
    options: { responsive: true }
  });
  const timeCtx = document.getElementById('timeChart').getContext('2d');
  new Chart(timeCtx, {
    type: 'bar',
    data: {
      labels: timeData.map((_, index) => `Test ${index + 1}`),
      datasets: [{
        label: 'Time Taken (ms)',
        data: timeData,
        backgroundColor: '#2196f3',
      }]
    },
    options: { responsive: true, scales: { y: { beginAtZero: true } } }
  });
});
</script>]]>
    </system-out>
  </testcase> <!-- App_Regression -->
  <system-out>
    <![CDATA[<h3>Execution Report</h3>
<div style='display: flex; justify-content: space-around; margin-bottom: 20px;'>
<canvas id='statusChart' width='400' height='400'></canvas>
<canvas id='timeChart' width='400' height='400'></canvas>
</div>
<table id='testTable' border='1' style='border-collapse: collapse; width: 75%; text-align: center;'>
<tr><th>Sr. No</th><th>Test Case</th><th>Status</th><th>Time Taken (ms)</th></tr>
<tr><td>1</td><td>Order Form quantity toggle</td><td>Pass</td><td>2718</td></tr>
<tr><td>2</td><td>Order Form amount toggle</td><td>Pass</td><td>5220</td></tr>
<tr><td>3</td><td>Mutual Fund View All Returns</td><td>Pass</td><td>42439</td></tr>
<tr><td>4</td><td>Portfolio View Analysis</td><td>Pass</td><td>100075</td></tr>
<tr><td>5</td><td>Portfolio swipe Tab verification</td><td>Pass</td><td>14211</td></tr>
<tr><td>6</td><td>Add Watchlist</td><td>Pass</td><td>32312</td></tr>
</table>
<script src='https://cdn.jsdelivr.net/npm/chart.js'></script>
<script>
document.addEventListener('DOMContentLoaded', function () {
  const table = document.getElementById('testTable');
  const rows = table.querySelectorAll('tr');
  const statusData = {}; const timeData = [];
  rows.forEach((row, index) => {
    if (index === 0) return;
    const cells = row.querySelectorAll('td');
    const status = cells[2].innerText.trim();
    const time = parseInt(cells[3].innerText.trim(), 10);
    statusData[status] = (statusData[status] || 0) + 1;
    timeData.push(time);
  });
  const statusCtx = document.getElementById('statusChart').getContext('2d');
  new Chart(statusCtx, {
    type: 'pie',
    data: {
      labels: Object.keys(statusData),
      datasets: [{
        data: Object.values(statusData),
        backgroundColor: ['#4caf50', '#f44336', '#ffeb3b', '#2196f3'],
      }]
    },
    options: { responsive: true }
  });
  const timeCtx = document.getElementById('timeChart').getContext('2d');
  new Chart(timeCtx, {
    type: 'bar',
    data: {
      labels: timeData.map((_, index) => `Test ${index + 1}`),
      datasets: [{
        label: 'Time Taken (ms)',
        data: timeData,
        backgroundColor: '#2196f3',
      }]
    },
    options: { responsive: true, scales: { y: { beginAtZero: true } } }
  });
});
</script>]]>
  </system-out>
</testsuite> <!-- a_Nadeem.ReportSample -->
